
================================================================================ 
 Num patients 80 
================================================================================

================================================================================ 
Instance 0 
================================================================================
Solving with MIP
Set parameter WLSAccessID
Set parameter WLSSecret
Set parameter LicenseID to value 938386
Academic license - for non-commercial use only - registered to mitchell.clark1@uq.net.au
Set parameter MIPGap to value 0
Set parameter TimeLimit to value 900
Solving with Network
Constructing nodes...
Done constructing nodes.
Number of Nodes:  5190
Constructing arcs...
Done constructing arcs.
Number of Arcs:  230055
Set parameter MIPGap to value 0
Set parameter TimeLimit to value 900
Gurobi Optimizer version 10.0.1 build v10.0.1rc0 (win64)

CPU model: AMD Ryzen 5 5625U with Radeon Graphics, instruction set [SSE2|AVX|AVX2]
Thread count: 6 physical cores, 12 logical processors, using up to 12 threads

Academic license - for non-commercial use only - registered to mitchell.clark1@uq.net.au
Optimize a model with 6565 rows, 231363 columns and 687558 nonzeros
Model fingerprint: 0x25d5b168
Variable types: 0 continuous, 231363 integer (231348 binary)
Coefficient statistics:
  Matrix range     [1e+00, 5e+00]
  Objective range  [3e+02, 3e+04]
  Bounds range     [1e+00, 1e+00]
  RHS range        [1e+00, 5e+00]
Presolve removed 2817 rows and 4591 columns (presolve time = 5s) ...
Presolve removed 2896 rows and 4670 columns
Presolve time: 6.60s
Presolved: 3669 rows, 226693 columns, 675134 nonzeros
Variable types: 0 continuous, 226693 integer (226693 binary)
Found heuristic solution: objective -204710.0000
Found heuristic solution: objective -222174.0000
Found heuristic solution: objective -246822.0000
Deterministic concurrent LP optimizer: primal simplex, dual simplex, and barrier
Showing barrier log only...

Root barrier log...

Ordering time: 0.02s

Barrier statistics:
 AA' NZ     : 3.482e+05
 Factor NZ  : 6.320e+05 (roughly 100 MB of memory)
 Factor Ops : 1.191e+08 (less than 1 second per iteration)
 Threads    : 4

                  Objective                Residual
Iter       Primal          Dual         Primal    Dual     Compl     Time
   0   1.34381991e+07 -3.00827711e+07  9.40e+03 6.00e+02  5.10e+02    17s
   1  -3.49204068e+05 -4.84969443e+06  3.88e+02 3.75e-12  2.62e+01    17s
   2  -8.74902242e+05 -2.16869719e+06  2.84e+01 3.64e-12  4.04e+00    17s
   3  -9.16229637e+05 -1.39557689e+06  5.89e+00 4.55e-12  1.32e+00    17s
   4  -9.30419498e+05 -1.09851627e+06  1.67e+00 5.46e-12  4.34e-01    17s
   5  -9.36248664e+05 -1.01332544e+06  8.12e-01 3.64e-12  1.89e-01    17s
   6  -9.39913706e+05 -9.92530364e+05  6.04e-01 3.64e-12  1.27e-01    17s
   7  -9.46802516e+05 -9.81249855e+05  2.75e-01 3.64e-12  7.99e-02    17s
   8  -9.48614339e+05 -9.76640956e+05  2.23e-01 3.64e-12  6.45e-02    18s
   9  -9.51717210e+05 -9.71207221e+05  1.42e-01 2.27e-12  4.43e-02    18s
  10  -9.54004813e+05 -9.65675744e+05  9.20e-02 3.64e-12  2.62e-02    18s
  11  -9.55022276e+05 -9.64583456e+05  7.08e-02 3.64e-12  2.14e-02    18s
  12  -9.57129756e+05 -9.62828268e+05  3.30e-02 3.64e-12  1.27e-02    18s
  13  -9.57721233e+05 -9.62137242e+05  2.50e-02 3.64e-12  9.81e-03    18s
  14  -9.58470582e+05 -9.61608725e+05  1.57e-02 3.64e-12  6.96e-03    18s
  15  -9.59152128e+05 -9.61157278e+05  8.88e-03 3.64e-12  4.45e-03    18s
  16  -9.59540644e+05 -9.60784281e+05  5.05e-03 3.64e-12  2.76e-03    18s
  17  -9.59800146e+05 -9.60535997e+05  2.55e-03 3.64e-12  1.63e-03    18s
  18  -9.59901718e+05 -9.60349826e+05  1.67e-03 3.64e-12  9.92e-04    18s
  19  -9.59965693e+05 -9.60302732e+05  1.10e-03 3.64e-12  7.46e-04    19s
  20  -9.60024823e+05 -9.60253093e+05  6.15e-04 3.64e-12  5.05e-04    19s
  21  -9.60075845e+05 -9.60171385e+05  2.33e-04 3.64e-12  2.11e-04    19s
  22  -9.60087561e+05 -9.60156085e+05  1.48e-04 3.64e-12  1.51e-04    19s
  23  -9.60101255e+05 -9.60132098e+05  4.77e-05 1.82e-12  6.81e-05    19s
  24  -9.60109060e+05 -9.60124266e+05  3.45e-06 1.82e-12  3.35e-05    19s
  25  -9.60109618e+05 -9.60113419e+05  6.19e-07 7.28e-12  8.39e-06    19s
  26  -9.60109810e+05 -9.60109862e+05  8.62e-08 7.28e-12  1.13e-07    19s
  27  -9.60109855e+05 -9.60109855e+05  4.14e-10 7.28e-12  5.59e-11    19s

Barrier solved model in 27 iterations and 19.24 seconds (15.37 work units)
Optimal objective -9.60109855e+05


Root crossover log...

    3150 DPushes remaining with DInf 0.0000000e+00                19s
       0 DPushes remaining with DInf 0.0000000e+00                19s

    1499 PPushes remaining with PInf 0.0000000e+00                19s
       0 PPushes remaining with PInf 0.0000000e+00                19s

  Push phase complete: Pinf 0.0000000e+00, Dinf 9.0267349e-11     19s


Root simplex log...

Iteration    Objective       Primal Inf.    Dual Inf.      Time
    4652   -9.6010986e+05   0.000000e+00   0.000000e+00     19s
Concurrent spin time: 0.00s

Solved with barrier
    4652   -9.6010986e+05   0.000000e+00   0.000000e+00     19s

Root relaxation: objective -9.601099e+05, 4652 iterations, 3.38 seconds (1.71 work units)

    Nodes    |    Current Node    |     Objective Bounds      |     Work
 Expl Unexpl |  Obj  Depth IntInf | Incumbent    BestBd   Gap | It/Node Time

     0     0 -960109.86    0  148 -246822.00 -960109.86   289%     -   20s
H    0     0                    -950418.0000 -960109.86  1.02%     -   26s
H    0     0                    -951902.0000 -960109.86  0.86%     -   42s
H    0     0                    -953209.0000 -960084.40  0.72%     -   48s
     0     0 -960084.40    0  203 -953209.00 -960084.40  0.72%     -   50s
H    0     0                    -958896.0000 -960084.40  0.12%     -   90s
     0     0 -960084.10    0  230 -958896.00 -960084.10  0.12%     -   95s
     0     0 -960063.51    0  213 -958896.00 -960063.51  0.12%     -   98s
     0     0 -960063.51    0  214 -958896.00 -960063.51  0.12%     -   98s
     0     0 -960063.51    0  220 -958896.00 -960063.51  0.12%     -   99s
     0     0 -960063.15    0  224 -958896.00 -960063.15  0.12%     -  100s
     0     0 -960063.15    0  168 -958896.00 -960063.15  0.12%     -  101s
     0     0 -960063.15    0  212 -958896.00 -960063.15  0.12%     -  101s
     0     0 -960063.15    0  214 -958896.00 -960063.15  0.12%     -  102s
     0     0 -960063.15    0  211 -958896.00 -960063.15  0.12%     -  102s
     0     0 -960063.15    0  173 -958896.00 -960063.15  0.12%     -  103s
     0     0 -960063.15    0  181 -958896.00 -960063.15  0.12%     -  103s
     0     0 -960063.15    0  154 -958896.00 -960063.15  0.12%     -  104s
     0     0 -960063.15    0  196 -958896.00 -960063.15  0.12%     -  105s
     0     0 -960063.15    0  167 -958896.00 -960063.15  0.12%     -  106s
     0     0 -960063.15    0  165 -958896.00 -960063.15  0.12%     -  107s
     0     0 -960053.00    0  159 -958896.00 -960053.00  0.12%     -  121s
     0     0 -960053.00    0  197 -958896.00 -960053.00  0.12%     -  125s
     0     0 -960053.00    0  207 -958896.00 -960053.00  0.12%     -  142s
     0     0 -960053.00    0  211 -958896.00 -960053.00  0.12%     -  146s
     0     0 -960053.00    0  217 -958896.00 -960053.00  0.12%     -  147s
     0     0 -960053.00    0  226 -958896.00 -960053.00  0.12%     -  150s
     0     0 -960053.00    0  225 -958896.00 -960053.00  0.12%     -  150s
     0     0 -960053.00    0  232 -958896.00 -960053.00  0.12%     -  151s
     0     0 -960053.00    0  233 -958896.00 -960053.00  0.12%     -  151s
     0     0 -960053.00    0  191 -958896.00 -960053.00  0.12%     -  152s
     0     0 -960053.00    0  199 -958896.00 -960053.00  0.12%     -  152s
     0     0 -960053.00    0  183 -958896.00 -960053.00  0.12%     -  153s
     0     0 -960053.00    0  191 -958896.00 -960053.00  0.12%     -  154s
     0     0 -960053.00    0  174 -958896.00 -960053.00  0.12%     -  154s
     0     0 -960053.00    0  173 -958896.00 -960053.00  0.12%     -  155s
     0     0 -960053.00    0  169 -958896.00 -960053.00  0.12%     -  156s
     0     0 -960053.00    0  169 -958896.00 -960053.00  0.12%     -  157s
     0     2 -960051.00    0  169 -958896.00 -960051.00  0.12%     -  165s
     7    14 -960051.00    3  178 -958896.00 -960051.00  0.12%   136  172s
    13    20 -960051.00    4  174 -958896.00 -960051.00  0.12%   124  178s
    19    26 -960051.00    5  182 -958896.00 -960051.00  0.12%   159  182s
    25    32 -960051.00    6  181 -958896.00 -960051.00  0.12%   147  185s
    31    38 -960051.00    7  187 -958896.00 -960051.00  0.12%   147  234s
H   35    38                    -959091.0000 -960051.00  0.10%   143  235s
    37    45 -960051.00    8  177 -959091.00 -960051.00  0.10%   155  240s
    51    60 -960051.00   11  183 -959091.00 -960051.00  0.10%   163  247s
    59    78 -960051.00   13  185 -959091.00 -960051.00  0.10%   159  256s
    77   106 -960048.50   17  211 -959091.00 -960051.00  0.10%   156  270s
   105   118 -960046.21   21  210 -959091.00 -960051.00  0.10%   145  303s
   117   154 -960046.21   23  213 -959091.00 -960051.00  0.10%   141  323s
   153   253 -960040.97   26  217 -959091.00 -960051.00  0.10%   136  355s
   256   474 -960024.45   38  186 -959091.00 -960051.00  0.10%   103  399s
   481   787 -960017.01   50  194 -959091.00 -960051.00  0.10%  74.8  438s
   800  1250 -959957.40   58  208 -959091.00 -960051.00  0.10%  61.1  474s
  1263  1594 -959473.94   75  191 -959091.00 -960051.00  0.10%  48.2  497s
  1630  1946 -959466.20   99  203 -959091.00 -960051.00  0.10%  42.1  519s
  2079  2157 -959458.72  129  197 -959091.00 -960051.00  0.10%  36.1  538s
  2318  2438 -959443.82  146  208 -959091.00 -960051.00  0.10%  36.0  559s
  2667  2508 -959427.85  183  204 -959091.00 -960051.00  0.10%  34.1  585s
  2768  2758 -959425.84  203  204 -959091.00 -960051.00  0.10%  34.2  607s
  3036  2960 -959422.34  252  219 -959091.00 -960051.00  0.10%  34.4  630s
  3316  3238 -959421.16  298  209 -959091.00 -960051.00  0.10%  34.9  654s
  3637  3077 -959266.77   23  165 -959091.00 -960051.00  0.10%  35.1  762s
  3639  3078 -959180.49  252  136 -959091.00 -960051.00  0.10%  35.0  781s
  3640  3079 -959995.17   19  190 -959091.00 -960051.00  0.10%  35.0  796s
  3642  3080 -959302.49   50  214 -959091.00 -960051.00  0.10%  35.0  802s
  3644  3082 -959853.93    8  202 -959091.00 -960051.00  0.10%  35.0  814s
  3645  3082 -959339.38   44  227 -959091.00 -960051.00  0.10%  35.0  815s
  3647  3084 -959159.20  427  163 -959091.00 -960051.00  0.10%  35.0  826s
  3648  3084 -959446.13   94  167 -959091.00 -960051.00  0.10%  35.0  830s
  3649  3085 -959276.75  166  159 -959091.00 -960051.00  0.10%  34.9  844s
  3650  3086 -959204.22  189  169 -959091.00 -960051.00  0.10%  34.9  848s
  3651  3086 -959286.87   56  170 -959091.00 -960051.00  0.10%  34.9  857s
  3652  3087 -959958.57   20  169 -959091.00 -960051.00  0.10%  34.9  861s
  3653  3088 -959187.31  238  169 -959091.00 -960034.00  0.10%  34.9  882s
  3654  3091 -960034.00   16  169 -959091.00 -960034.00  0.10%  60.7  888s
  3656  3095 -960034.00   17  168 -959091.00 -960034.00  0.10%  60.9  891s
  3660  3099 -960034.00   18  167 -959091.00 -960034.00  0.10%  61.1  895s
  3672  3102 -959999.64   20  229 -959091.00 -960034.00  0.10%  61.8  900s

Cutting planes:
  Cover: 1
  Clique: 11
  MIR: 1
  Flow cover: 2
  Zero half: 7
  RLT: 17

Explored 3673 nodes (259002 simplex iterations) in 900.06 seconds (669.34 work units)
Thread count was 12 (of 12 available processors)

Solution count 8: -959091 -958896 -953209 ... -204710

Time limit reached
Best objective -9.590910000000e+05, best bound -9.600340000000e+05, gap 0.0983%
Solving with iLBBD1
Set parameter MIPGap to value 0
Set parameter TimeLimit to value 900
Solving with cLBBD1
Set parameter MIPGap to value 0
Set parameter TimeLimit to value 900
-883157.0 -879006.0
Gap 0.4722379596953832 %
-896898.0 -892747.0
Gap 0.4649693586200794 %
-931694.0 -927543.0
Gap 0.4475264219556398 %
-819863.0 -927543.0
Gap 13.335777235055458 %
-822087.0 -927543.0
Gap 12.958036536020554 %
-816580.0 -927543.0
Gap 13.727607878068092 %
-767268.0 -927543.0
Gap 21.37815220203971 %
-935251.0 -935153.0
Gap 0.010479568583964335 %
-943469.0 -939262.0
Gap 0.4479048444417 %
-944669.0 -940462.0
Gap 0.44733333191559044 %
-944669.0 -940462.0
Gap 0.44733333191559044 %
-944669.0 -940462.0
Gap 0.44733333191559044 %
-944669.0 -940462.0
Gap 0.44733333191559044 %
-944769.0 -940462.0
Gap 0.4604353770877008 %
-944769.0 -940462.0
Gap 0.4604353770877008 %
-944769.0 -940462.0
Gap 0.4604353770877008 %
-945836.0 -941783.0
Gap 0.43035391379967575 %
-947572.0 -941783.0
Gap 0.6163021445483503 %
-953429.0 -941783.0
Gap 1.2381682424623877 %
-952159.0 -944003.0
Gap 0.8639803051473354 %
-954440.0 -944003.0
Gap 1.1079276752626512 %
-948306.0 -944003.0
Gap 0.4559615140083923 %
-948306.0 -944003.0
Gap 0.4559615140083923 %
-948423.0 -944003.0
Gap 0.4703904134008056 %
-948241.0 -944003.0
Gap 0.4515524111918512 %
-948682.0 -944003.0
Gap 0.49754259258077754 %
-948958.0 -944905.0
Gap 0.4289320090379456 %
-949138.0 -945085.0
Gap 0.42885031505102716 %
-948828.0 -945085.0
Gap 0.3961789844142785 %
-948828.0 -945085.0
Gap 0.3961789844142785 %
-948728.0 -945085.0
Gap 0.38563527138963133 %
-948928.0 -945085.0
Gap 0.4067204656700622 %
-951580.0 -945085.0
Gap 0.6888023746978867 %
Solving with iLBBD2p
Set parameter MIPGap to value 0
Set parameter TimeLimit to value 900
Solving with cLBBD2p
Set parameter MIPGap to value 0
Set parameter TimeLimit to value 900
-889829.0 -885776.0
Gap 0.45756489225266883 %
Solving with cLBBD4p
Set parameter MIPGap to value 0
Set parameter TimeLimit to value 900
-939321.0 -935170.0
Gap 0.44387651443053133 %
-952931.0 -948780.0
Gap 0.4375092223697801 %

================================================================================ 
Instance 1 
================================================================================
Solving with MIP
Set parameter MIPGap to value 0
Set parameter TimeLimit to value 900
