
================================================================================ 
 Num patients 10 
================================================================================

================================================================================ 
Instance 0 
================================================================================
Solving with MIP
Set parameter WLSAccessID
Set parameter WLSSecret
Set parameter LicenseID to value 938386
Academic license - for non-commercial use only - registered to mitchell.clark1@uq.net.au
Set parameter MIPGap to value 0
Set parameter TimeLimit to value 900
Solving with Network
Constructing nodes...
Done constructing nodes.
Number of Nodes:  3090
Constructing arcs...
Done constructing arcs.
Number of Arcs:  13050
Set parameter MIPGap to value 0
Set parameter TimeLimit to value 900
Gurobi Optimizer version 10.0.1 build v10.0.1rc0 (win64)

CPU model: AMD Ryzen 5 5625U with Radeon Graphics, instruction set [SSE2|AVX|AVX2]
Thread count: 6 physical cores, 12 logical processors, using up to 12 threads

Academic license - for non-commercial use only - registered to mitchell.clark1@uq.net.au
Optimize a model with 3275 rows, 13240 columns and 36475 nonzeros
Model fingerprint: 0xd1c651ae
Variable types: 0 continuous, 13240 integer (13225 binary)
Coefficient statistics:
  Matrix range     [1e+00, 5e+00]
  Objective range  [8e+02, 2e+04]
  Bounds range     [1e+00, 1e+00]
  RHS range        [1e+00, 5e+00]
Found heuristic solution: objective -15105.00000
Presolve removed 2800 rows and 8811 columns
Presolve time: 0.20s
Presolved: 475 rows, 4429 columns, 12652 nonzeros
Variable types: 0 continuous, 4429 integer (4429 binary)

Root relaxation: objective -1.463193e+05, 2178 iterations, 0.05 seconds (0.05 work units)

    Nodes    |    Current Node    |     Objective Bounds      |     Work
 Expl Unexpl |  Obj  Depth IntInf | Incumbent    BestBd   Gap | It/Node Time

     0     0 -146319.30    0    8 -15105.000 -146319.30   869%     -    0s
H    0     0                    -130522.0000 -146319.30  12.1%     -    0s
H    0     0                    -132837.0000 -146319.30  10.1%     -    0s
     0     0 -146190.67    0   65 -132837.00 -146190.67  10.1%     -    0s
H    0     0                    -133222.0000 -146190.67  9.73%     -    0s
H    0     0                    -135537.0000 -146190.67  7.86%     -    0s
H    0     0                    -136092.0000 -146190.67  7.42%     -    0s
H    0     0                    -136692.0000 -146190.67  6.95%     -    0s
H    0     0                    -136908.0000 -146190.67  6.78%     -    0s
     0     0 -146190.67    0   57 -136908.00 -146190.67  6.78%     -    0s
     0     0 -145691.43    0   56 -136908.00 -145691.43  6.42%     -    0s
     0     0 -145567.45    0   60 -136908.00 -145567.45  6.33%     -    0s
     0     0 -145523.31    0   76 -136908.00 -145523.31  6.29%     -    0s
H    0     0                    -137327.0000 -145523.31  5.97%     -    0s
     0     0 -145523.31    0   80 -137327.00 -145523.31  5.97%     -    0s
     0     0 -145456.67    0   63 -137327.00 -145456.67  5.92%     -    0s
H    0     0                    -137823.0000 -145456.67  5.54%     -    0s
     0     0 -145432.91    0   73 -137823.00 -145432.91  5.52%     -    0s
     0     0 -145429.00    0   67 -137823.00 -145429.00  5.52%     -    0s
     0     0 -145429.00    0   65 -137823.00 -145429.00  5.52%     -    0s
     0     0 -145429.00    0   65 -137823.00 -145429.00  5.52%     -    0s
     0     0 -145429.00    0   58 -137823.00 -145429.00  5.52%     -    0s
     0     0 -145429.00    0   70 -137823.00 -145429.00  5.52%     -    0s
     0     0 -145429.00    0   39 -137823.00 -145429.00  5.52%     -    0s
H    0     0                    -138033.0000 -145429.00  5.36%     -    0s
     0     0 -145429.00    0   59 -138033.00 -145429.00  5.36%     -    0s
     0     0 -145429.00    0   41 -138033.00 -145429.00  5.36%     -    0s
     0     0 -145429.00    0   52 -138033.00 -145429.00  5.36%     -    0s
     0     0 -145429.00    0   39 -138033.00 -145429.00  5.36%     -    0s
     0     0 -145429.00    0   39 -138033.00 -145429.00  5.36%     -    0s
     0     2 -145429.00    0   39 -138033.00 -145429.00  5.36%     -    1s
H   34    38                    -138507.0000 -145265.67  4.88%  58.4    1s
*  311   248              10    -139642.0000 -145265.67  4.03%  22.9    1s
H  382   291                    -139661.0000 -145265.67  4.01%  23.1    2s
H  938   418                    -140280.0000 -143351.73  2.19%  17.2    3s

Cutting planes:
  Gomory: 3
  Lift-and-project: 1
  Cover: 6
  Clique: 32
  MIR: 4
  StrongCG: 1
  Inf proof: 8
  Zero half: 7

Explored 2003 nodes (54798 simplex iterations) in 3.96 seconds (3.70 work units)
Thread count was 12 (of 12 available processors)

Solution count 10: -140280 -139661 -139642 ... -136092
No other solutions better than -140280

Optimal solution found (tolerance 0.00e+00)
Best objective -1.402800000000e+05, best bound -1.402800000000e+05, gap 0.0000%
Solving with iLBBD1
Set parameter MIPGap to value 0
Set parameter TimeLimit to value 900
-145791.0 -141015.0
Gap 3.386873736836507 %
-143330.0 -141015.0
Gap 1.6416693259582313 %
-142877.0 -141015.0
Gap 1.3204269049391908 %
-142777.0 -141015.0
Gap 1.2495124632131334 %
-142577.0 -141015.0
Gap 1.1076835797610183 %
-142577.0 -141015.0
Gap 1.1076835797610183 %
Solving with cLBBD1
Set parameter MIPGap to value 0
Set parameter TimeLimit to value 900
-145791.0 -141015.0
Gap 3.386873736836507 %
-143330.0 -141015.0
Gap 1.6652879185699385 %
-142777.0 -141015.0
Gap 1.2768023420120145 %
-142877.0 -141015.0
Gap 1.3482885714078827 %
-142577.0 -141015.0
Gap 1.1335186246834204 %
-142577.0 -141015.0
Gap 1.1335186246834204 %
Solving with iLBBD2p
Set parameter MIPGap to value 0
Set parameter TimeLimit to value 900
-145791.0 -141015.0
Gap 3.386873736836507 %
-143330.0 -141015.0
Gap 1.6416693259582313 %
-142877.0 -141015.0
Gap 1.3204269049391908 %
-142777.0 -141015.0
Gap 1.2495124632131334 %
-142577.0 -141015.0
Gap 1.1076835797610183 %
-142577.0 -141015.0
Gap 1.1076835797610183 %
Solving with cLBBD2p
Set parameter MIPGap to value 0
Set parameter TimeLimit to value 900
-145791.0 -141015.0
Gap 3.386873736836507 %
-143330.0 -141015.0
Gap 1.6652879185699385 %
-142777.0 -141015.0
Gap 1.2768023420120145 %
-142877.0 -141015.0
Gap 1.3482885714078827 %
-142577.0 -141015.0
Gap 1.1335186246834204 %
-142577.0 -141015.0
Gap 1.1335186246834204 %
Solving with cLBBD4p
Set parameter MIPGap to value 0
Set parameter TimeLimit to value 900
-145791.0 -141015.0
Gap 3.386873736836507 %
-143330.0 -141015.0
Gap 1.6652879185699385 %
-142777.0 -141015.0
Gap 1.2768023420120145 %
-142877.0 -141015.0
Gap 1.3482885714078827 %
-142577.0 -141015.0
Gap 1.1335186246834204 %
-142577.0 -141015.0
Gap 1.1335186246834204 %

================================================================================ 
Instance 1 
================================================================================
Solving with MIP
Set parameter MIPGap to value 0
Set parameter TimeLimit to value 900
Solving with Network
Constructing nodes...
Done constructing nodes.
Number of Nodes:  3630
Constructing arcs...
Done constructing arcs.
Number of Arcs:  17730
Set parameter MIPGap to value 0
Set parameter TimeLimit to value 900
Gurobi Optimizer version 10.0.1 build v10.0.1rc0 (win64)

CPU model: AMD Ryzen 5 5625U with Radeon Graphics, instruction set [SSE2|AVX|AVX2]
Thread count: 6 physical cores, 12 logical processors, using up to 12 threads

Academic license - for non-commercial use only - registered to mitchell.clark1@uq.net.au
Optimize a model with 3815 rows, 17920 columns and 49975 nonzeros
Model fingerprint: 0xbb0674c0
Variable types: 0 continuous, 17920 integer (17905 binary)
Coefficient statistics:
  Matrix range     [1e+00, 5e+00]
  Objective range  [3e+02, 2e+04]
  Bounds range     [1e+00, 1e+00]
  RHS range        [1e+00, 5e+00]
Found heuristic solution: objective -9940.000000
Presolve removed 2931 rows and 10989 columns
Presolve time: 0.25s
Presolved: 884 rows, 6931 columns, 19749 nonzeros
Variable types: 0 continuous, 6931 integer (6931 binary)

Root relaxation: objective -9.067820e+04, 4060 iterations, 0.11 seconds (0.13 work units)

    Nodes    |    Current Node    |     Objective Bounds      |     Work
 Expl Unexpl |  Obj  Depth IntInf | Incumbent    BestBd   Gap | It/Node Time

     0     0 -90678.200    0   41 -9940.0000 -90678.200   812%     -    0s
H    0     0                    -76281.00000 -90678.200  18.9%     -    0s
H    0     0                    -78036.00000 -90678.200  16.2%     -    0s
H    0     0                    -81881.00000 -90678.200  10.7%     -    0s
H    0     0                    -84942.00000 -90678.200  6.75%     -    0s
     0     0 -90676.642    0   62 -84942.000 -90676.642  6.75%     -    0s
H    0     0                    -85944.00000 -90676.642  5.51%     -    0s
     0     0 -90158.945    0   53 -85944.000 -90158.945  4.90%     -    0s
     0     0 -90158.945    0   66 -85944.000 -90158.945  4.90%     -    0s
     0     0 -90134.118    0   65 -85944.000 -90134.118  4.88%     -    0s
     0     0 -90134.118    0   30 -85944.000 -90134.118  4.88%     -    1s
H    0     0                    -86754.00000 -90134.118  3.90%     -    1s
     0     0 -90134.118    0   39 -86754.000 -90134.118  3.90%     -    1s
     0     0 -90134.118    0   46 -86754.000 -90134.118  3.90%     -    1s
     0     0 -89773.559    0   46 -86754.000 -89773.559  3.48%     -    2s
     0     0 -89662.311    0   44 -86754.000 -89662.311  3.35%     -    2s
     0     0 -89662.311    0   53 -86754.000 -89662.311  3.35%     -    2s
     0     0 -89637.258    0   37 -86754.000 -89637.258  3.32%     -    2s
     0     0 -89637.258    0   54 -86754.000 -89637.258  3.32%     -    2s
     0     0 -89637.258    0   62 -86754.000 -89637.258  3.32%     -    2s
     0     0 -89637.258    0   63 -86754.000 -89637.258  3.32%     -    2s
     0     0 -89637.258    0   60 -86754.000 -89637.258  3.32%     -    2s
     0     0 -89637.258    0   63 -86754.000 -89637.258  3.32%     -    2s
     0     0 -89637.258    0   47 -86754.000 -89637.258  3.32%     -    2s
     0     0 -89637.258    0   58 -86754.000 -89637.258  3.32%     -    2s
     0     0 -89637.258    0   60 -86754.000 -89637.258  3.32%     -    2s
     0     0 -89637.258    0   65 -86754.000 -89637.258  3.32%     -    2s
     0     0 -89637.258    0   51 -86754.000 -89637.258  3.32%     -    2s
     0     0 -89637.258    0   59 -86754.000 -89637.258  3.32%     -    2s
     0     0 -89637.258    0   61 -86754.000 -89637.258  3.32%     -    2s
     0     0 -89637.258    0   63 -86754.000 -89637.258  3.32%     -    2s
     0     0 -89636.764    0   60 -86754.000 -89636.764  3.32%     -    2s
     0     0 -89636.764    0   69 -86754.000 -89636.764  3.32%     -    2s
     0     0 -89635.305    0   72 -86754.000 -89635.305  3.32%     -    2s
     0     0 -89635.027    0   69 -86754.000 -89635.027  3.32%     -    2s
     0     0 -89635.027    0   73 -86754.000 -89635.027  3.32%     -    2s
     0     0 -89635.027    0   69 -86754.000 -89635.027  3.32%     -    2s
     0     2 -89635.027    0   65 -86754.000 -89635.027  3.32%     -    3s
   263   138 -88525.441   17  104 -86754.000 -89569.852  3.25%  28.6    5s
