
================================================================================ 
 Num patients 80 
================================================================================

================================================================================ 
Instance 0 
================================================================================
Solving with MIP
Set parameter WLSAccessID
Set parameter WLSSecret
Set parameter LicenseID to value 938386
Academic license - for non-commercial use only - registered to mitchell.clark1@uq.net.au
Set parameter MIPGap to value 0
Set parameter TimeLimit to value 900
Solving with Network
Constructing nodes...
Done constructing nodes.
Number of Nodes:  5190
Constructing arcs...
Done constructing arcs.
Number of Arcs:  230055
Set parameter MIPGap to value 0
Set parameter TimeLimit to value 900
Gurobi Optimizer version 10.0.1 build v10.0.1rc0 (win64)

CPU model: AMD Ryzen 5 5625U with Radeon Graphics, instruction set [SSE2|AVX|AVX2]
Thread count: 6 physical cores, 12 logical processors, using up to 12 threads

Academic license - for non-commercial use only - registered to mitchell.clark1@uq.net.au
Optimize a model with 6565 rows, 231363 columns and 687558 nonzeros
Model fingerprint: 0x25d5b168
Variable types: 0 continuous, 231363 integer (231348 binary)
Coefficient statistics:
  Matrix range     [1e+00, 5e+00]
  Objective range  [3e+02, 3e+04]
  Bounds range     [1e+00, 1e+00]
  RHS range        [1e+00, 5e+00]
Presolve removed 2817 rows and 4591 columns (presolve time = 5s) ...
Presolve removed 2896 rows and 4670 columns
Presolve time: 6.60s
Presolved: 3669 rows, 226693 columns, 675134 nonzeros
Variable types: 0 continuous, 226693 integer (226693 binary)
Found heuristic solution: objective -204710.0000
Found heuristic solution: objective -222174.0000
Found heuristic solution: objective -246822.0000
Deterministic concurrent LP optimizer: primal simplex, dual simplex, and barrier
Showing barrier log only...

Root barrier log...

Ordering time: 0.02s

Barrier statistics:
 AA' NZ     : 3.482e+05
 Factor NZ  : 6.320e+05 (roughly 100 MB of memory)
 Factor Ops : 1.191e+08 (less than 1 second per iteration)
 Threads    : 4

                  Objective                Residual
Iter       Primal          Dual         Primal    Dual     Compl     Time
   0   1.34381991e+07 -3.00827711e+07  9.40e+03 6.00e+02  5.10e+02    17s
   1  -3.49204068e+05 -4.84969443e+06  3.88e+02 3.75e-12  2.62e+01    17s
   2  -8.74902242e+05 -2.16869719e+06  2.84e+01 3.64e-12  4.04e+00    17s
   3  -9.16229637e+05 -1.39557689e+06  5.89e+00 4.55e-12  1.32e+00    17s
   4  -9.30419498e+05 -1.09851627e+06  1.67e+00 5.46e-12  4.34e-01    17s
   5  -9.36248664e+05 -1.01332544e+06  8.12e-01 3.64e-12  1.89e-01    17s
   6  -9.39913706e+05 -9.92530364e+05  6.04e-01 3.64e-12  1.27e-01    17s
   7  -9.46802516e+05 -9.81249855e+05  2.75e-01 3.64e-12  7.99e-02    17s
   8  -9.48614339e+05 -9.76640956e+05  2.23e-01 3.64e-12  6.45e-02    18s
   9  -9.51717210e+05 -9.71207221e+05  1.42e-01 2.27e-12  4.43e-02    18s
  10  -9.54004813e+05 -9.65675744e+05  9.20e-02 3.64e-12  2.62e-02    18s
  11  -9.55022276e+05 -9.64583456e+05  7.08e-02 3.64e-12  2.14e-02    18s
  12  -9.57129756e+05 -9.62828268e+05  3.30e-02 3.64e-12  1.27e-02    18s
  13  -9.57721233e+05 -9.62137242e+05  2.50e-02 3.64e-12  9.81e-03    18s
  14  -9.58470582e+05 -9.61608725e+05  1.57e-02 3.64e-12  6.96e-03    18s
  15  -9.59152128e+05 -9.61157278e+05  8.88e-03 3.64e-12  4.45e-03    18s
  16  -9.59540644e+05 -9.60784281e+05  5.05e-03 3.64e-12  2.76e-03    18s
  17  -9.59800146e+05 -9.60535997e+05  2.55e-03 3.64e-12  1.63e-03    18s
  18  -9.59901718e+05 -9.60349826e+05  1.67e-03 3.64e-12  9.92e-04    18s
  19  -9.59965693e+05 -9.60302732e+05  1.10e-03 3.64e-12  7.46e-04    19s
  20  -9.60024823e+05 -9.60253093e+05  6.15e-04 3.64e-12  5.05e-04    19s
  21  -9.60075845e+05 -9.60171385e+05  2.33e-04 3.64e-12  2.11e-04    19s
  22  -9.60087561e+05 -9.60156085e+05  1.48e-04 3.64e-12  1.51e-04    19s
  23  -9.60101255e+05 -9.60132098e+05  4.77e-05 1.82e-12  6.81e-05    19s
  24  -9.60109060e+05 -9.60124266e+05  3.45e-06 1.82e-12  3.35e-05    19s
  25  -9.60109618e+05 -9.60113419e+05  6.19e-07 7.28e-12  8.39e-06    19s
  26  -9.60109810e+05 -9.60109862e+05  8.62e-08 7.28e-12  1.13e-07    19s
  27  -9.60109855e+05 -9.60109855e+05  4.14e-10 7.28e-12  5.59e-11    19s

Barrier solved model in 27 iterations and 19.24 seconds (15.37 work units)
Optimal objective -9.60109855e+05


Root crossover log...

    3150 DPushes remaining with DInf 0.0000000e+00                19s
       0 DPushes remaining with DInf 0.0000000e+00                19s

    1499 PPushes remaining with PInf 0.0000000e+00                19s
       0 PPushes remaining with PInf 0.0000000e+00                19s

  Push phase complete: Pinf 0.0000000e+00, Dinf 9.0267349e-11     19s


Root simplex log...

Iteration    Objective       Primal Inf.    Dual Inf.      Time
    4652   -9.6010986e+05   0.000000e+00   0.000000e+00     19s
Concurrent spin time: 0.00s

Solved with barrier
    4652   -9.6010986e+05   0.000000e+00   0.000000e+00     19s

Root relaxation: objective -9.601099e+05, 4652 iterations, 3.38 seconds (1.71 work units)

    Nodes    |    Current Node    |     Objective Bounds      |     Work
 Expl Unexpl |  Obj  Depth IntInf | Incumbent    BestBd   Gap | It/Node Time

     0     0 -960109.86    0  148 -246822.00 -960109.86   289%     -   20s
H    0     0                    -950418.0000 -960109.86  1.02%     -   26s
H    0     0                    -951902.0000 -960109.86  0.86%     -   42s
H    0     0                    -953209.0000 -960084.40  0.72%     -   48s
     0     0 -960084.40    0  203 -953209.00 -960084.40  0.72%     -   50s
H    0     0                    -958896.0000 -960084.40  0.12%     -   90s
     0     0 -960084.10    0  230 -958896.00 -960084.10  0.12%     -   95s
     0     0 -960063.51    0  213 -958896.00 -960063.51  0.12%     -   98s
     0     0 -960063.51    0  214 -958896.00 -960063.51  0.12%     -   98s
     0     0 -960063.51    0  220 -958896.00 -960063.51  0.12%     -   99s
     0     0 -960063.15    0  224 -958896.00 -960063.15  0.12%     -  100s
     0     0 -960063.15    0  168 -958896.00 -960063.15  0.12%     -  101s
     0     0 -960063.15    0  212 -958896.00 -960063.15  0.12%     -  101s
     0     0 -960063.15    0  214 -958896.00 -960063.15  0.12%     -  102s
     0     0 -960063.15    0  211 -958896.00 -960063.15  0.12%     -  102s
     0     0 -960063.15    0  173 -958896.00 -960063.15  0.12%     -  103s
     0     0 -960063.15    0  181 -958896.00 -960063.15  0.12%     -  103s
     0     0 -960063.15    0  154 -958896.00 -960063.15  0.12%     -  104s
     0     0 -960063.15    0  196 -958896.00 -960063.15  0.12%     -  105s
     0     0 -960063.15    0  167 -958896.00 -960063.15  0.12%     -  106s
     0     0 -960063.15    0  165 -958896.00 -960063.15  0.12%     -  107s
     0     0 -960053.00    0  159 -958896.00 -960053.00  0.12%     -  121s
     0     0 -960053.00    0  197 -958896.00 -960053.00  0.12%     -  125s
     0     0 -960053.00    0  207 -958896.00 -960053.00  0.12%     -  142s
     0     0 -960053.00    0  211 -958896.00 -960053.00  0.12%     -  146s
     0     0 -960053.00    0  217 -958896.00 -960053.00  0.12%     -  147s
     0     0 -960053.00    0  226 -958896.00 -960053.00  0.12%     -  150s
     0     0 -960053.00    0  225 -958896.00 -960053.00  0.12%     -  150s
     0     0 -960053.00    0  232 -958896.00 -960053.00  0.12%     -  151s
     0     0 -960053.00    0  233 -958896.00 -960053.00  0.12%     -  151s
     0     0 -960053.00    0  191 -958896.00 -960053.00  0.12%     -  152s
     0     0 -960053.00    0  199 -958896.00 -960053.00  0.12%     -  152s
     0     0 -960053.00    0  183 -958896.00 -960053.00  0.12%     -  153s
     0     0 -960053.00    0  191 -958896.00 -960053.00  0.12%     -  154s
     0     0 -960053.00    0  174 -958896.00 -960053.00  0.12%     -  154s
     0     0 -960053.00    0  173 -958896.00 -960053.00  0.12%     -  155s
     0     0 -960053.00    0  169 -958896.00 -960053.00  0.12%     -  156s
     0     0 -960053.00    0  169 -958896.00 -960053.00  0.12%     -  157s
     0     2 -960051.00    0  169 -958896.00 -960051.00  0.12%     -  165s
     7    14 -960051.00    3  178 -958896.00 -960051.00  0.12%   136  172s
    13    20 -960051.00    4  174 -958896.00 -960051.00  0.12%   124  178s
    19    26 -960051.00    5  182 -958896.00 -960051.00  0.12%   159  182s
    25    32 -960051.00    6  181 -958896.00 -960051.00  0.12%   147  185s
    31    38 -960051.00    7  187 -958896.00 -960051.00  0.12%   147  234s
H   35    38                    -959091.0000 -960051.00  0.10%   143  235s
    37    45 -960051.00    8  177 -959091.00 -960051.00  0.10%   155  240s
    51    60 -960051.00   11  183 -959091.00 -960051.00  0.10%   163  247s
    59    78 -960051.00   13  185 -959091.00 -960051.00  0.10%   159  256s
    77   106 -960048.50   17  211 -959091.00 -960051.00  0.10%   156  270s
   105   118 -960046.21   21  210 -959091.00 -960051.00  0.10%   145  303s
   117   154 -960046.21   23  213 -959091.00 -960051.00  0.10%   141  323s
   153   253 -960040.97   26  217 -959091.00 -960051.00  0.10%   136  355s
   256   474 -960024.45   38  186 -959091.00 -960051.00  0.10%   103  399s
   481   787 -960017.01   50  194 -959091.00 -960051.00  0.10%  74.8  438s
   800  1250 -959957.40   58  208 -959091.00 -960051.00  0.10%  61.1  474s
  1263  1594 -959473.94   75  191 -959091.00 -960051.00  0.10%  48.2  497s
  1630  1946 -959466.20   99  203 -959091.00 -960051.00  0.10%  42.1  519s
  2079  2157 -959458.72  129  197 -959091.00 -960051.00  0.10%  36.1  538s
  2318  2438 -959443.82  146  208 -959091.00 -960051.00  0.10%  36.0  559s
  2667  2508 -959427.85  183  204 -959091.00 -960051.00  0.10%  34.1  585s
  2768  2758 -959425.84  203  204 -959091.00 -960051.00  0.10%  34.2  607s
  3036  2960 -959422.34  252  219 -959091.00 -960051.00  0.10%  34.4  630s
  3316  3238 -959421.16  298  209 -959091.00 -960051.00  0.10%  34.9  654s
  3637  3077 -959266.77   23  165 -959091.00 -960051.00  0.10%  35.1  762s
  3639  3078 -959180.49  252  136 -959091.00 -960051.00  0.10%  35.0  781s
  3640  3079 -959995.17   19  190 -959091.00 -960051.00  0.10%  35.0  796s
  3642  3080 -959302.49   50  214 -959091.00 -960051.00  0.10%  35.0  802s
  3644  3082 -959853.93    8  202 -959091.00 -960051.00  0.10%  35.0  814s
  3645  3082 -959339.38   44  227 -959091.00 -960051.00  0.10%  35.0  815s
  3647  3084 -959159.20  427  163 -959091.00 -960051.00  0.10%  35.0  826s
  3648  3084 -959446.13   94  167 -959091.00 -960051.00  0.10%  35.0  830s
  3649  3085 -959276.75  166  159 -959091.00 -960051.00  0.10%  34.9  844s
  3650  3086 -959204.22  189  169 -959091.00 -960051.00  0.10%  34.9  848s
  3651  3086 -959286.87   56  170 -959091.00 -960051.00  0.10%  34.9  857s
  3652  3087 -959958.57   20  169 -959091.00 -960051.00  0.10%  34.9  861s
  3653  3088 -959187.31  238  169 -959091.00 -960034.00  0.10%  34.9  882s
  3654  3091 -960034.00   16  169 -959091.00 -960034.00  0.10%  60.7  888s
  3656  3095 -960034.00   17  168 -959091.00 -960034.00  0.10%  60.9  891s
  3660  3099 -960034.00   18  167 -959091.00 -960034.00  0.10%  61.1  895s
  3672  3102 -959999.64   20  229 -959091.00 -960034.00  0.10%  61.8  900s

Cutting planes:
  Cover: 1
  Clique: 11
  MIR: 1
  Flow cover: 2
  Zero half: 7
  RLT: 17

Explored 3673 nodes (259002 simplex iterations) in 900.06 seconds (669.34 work units)
Thread count was 12 (of 12 available processors)

Solution count 8: -959091 -958896 -953209 ... -204710

Time limit reached
Best objective -9.590910000000e+05, best bound -9.600340000000e+05, gap 0.0983%
Solving with iLBBD1
Set parameter MIPGap to value 0
Set parameter TimeLimit to value 900
Solving with cLBBD1
Set parameter MIPGap to value 0
Set parameter TimeLimit to value 900
-883157.0 -879006.0
Gap 0.4722379596953832 %
-896898.0 -892747.0
Gap 0.4649693586200794 %
-931694.0 -927543.0
Gap 0.4475264219556398 %
-819863.0 -927543.0
Gap 13.335777235055458 %
-822087.0 -927543.0
Gap 12.958036536020554 %
-816580.0 -927543.0
Gap 13.727607878068092 %
-767268.0 -927543.0
Gap 21.37815220203971 %
-935251.0 -935153.0
Gap 0.010479568583964335 %
-943469.0 -939262.0
Gap 0.4479048444417 %
-944669.0 -940462.0
Gap 0.44733333191559044 %
-944669.0 -940462.0
Gap 0.44733333191559044 %
-944669.0 -940462.0
Gap 0.44733333191559044 %
-944669.0 -940462.0
Gap 0.44733333191559044 %
-944769.0 -940462.0
Gap 0.4604353770877008 %
-944769.0 -940462.0
Gap 0.4604353770877008 %
-944769.0 -940462.0
Gap 0.4604353770877008 %
-945836.0 -941783.0
Gap 0.43035391379967575 %
-947572.0 -941783.0
Gap 0.6163021445483503 %
-953429.0 -941783.0
Gap 1.2381682424623877 %
-952159.0 -944003.0
Gap 0.8639803051473354 %
-954440.0 -944003.0
Gap 1.1079276752626512 %
-948306.0 -944003.0
Gap 0.4559615140083923 %
-948306.0 -944003.0
Gap 0.4559615140083923 %
-948423.0 -944003.0
Gap 0.4703904134008056 %
-948241.0 -944003.0
Gap 0.4515524111918512 %
-948682.0 -944003.0
Gap 0.49754259258077754 %
-948958.0 -944905.0
Gap 0.4289320090379456 %
-949138.0 -945085.0
Gap 0.42885031505102716 %
-948828.0 -945085.0
Gap 0.3961789844142785 %
-948828.0 -945085.0
Gap 0.3961789844142785 %
-948728.0 -945085.0
Gap 0.38563527138963133 %
-948928.0 -945085.0
Gap 0.4067204656700622 %
-951580.0 -945085.0
Gap 0.6888023746978867 %
Solving with iLBBD2p
Set parameter MIPGap to value 0
Set parameter TimeLimit to value 900
Solving with cLBBD2p
Set parameter MIPGap to value 0
Set parameter TimeLimit to value 900
-889829.0 -885776.0
Gap 0.45756489225266883 %
Solving with cLBBD4p
Set parameter MIPGap to value 0
Set parameter TimeLimit to value 900
-939321.0 -935170.0
Gap 0.44387651443053133 %
-952931.0 -948780.0
Gap 0.4375092223697801 %

================================================================================ 
Instance 1 
================================================================================
Solving with MIP
Set parameter MIPGap to value 0
Set parameter TimeLimit to value 900
Solving with Network
Constructing nodes...
Done constructing nodes.
Number of Nodes:  5220
Constructing arcs...
Done constructing arcs.
Number of Arcs:  228585
Set parameter MIPGap to value 0
Set parameter TimeLimit to value 900
Gurobi Optimizer version 10.0.1 build v10.0.1rc0 (win64)

CPU model: AMD Ryzen 5 5625U with Radeon Graphics, instruction set [SSE2|AVX|AVX2]
Thread count: 6 physical cores, 12 logical processors, using up to 12 threads

Academic license - for non-commercial use only - registered to mitchell.clark1@uq.net.au
Optimize a model with 6595 rows, 229893 columns and 683118 nonzeros
Model fingerprint: 0xafce0f53
Variable types: 0 continuous, 229893 integer (229878 binary)
Coefficient statistics:
  Matrix range     [1e+00, 5e+00]
  Objective range  [3e+02, 3e+04]
  Bounds range     [1e+00, 1e+00]
  RHS range        [1e+00, 5e+00]
Presolve removed 2608 rows and 3710 columns (presolve time = 5s) ...
Presolve removed 2687 rows and 3789 columns
Presolve time: 6.22s
Presolved: 3908 rows, 226104 columns, 673128 nonzeros
Variable types: 0 continuous, 226104 integer (226104 binary)
Deterministic concurrent LP optimizer: primal simplex, dual simplex, and barrier
Showing barrier log only...

Root barrier log...

Ordering time: 0.02s

Barrier statistics:
 AA' NZ     : 3.855e+05
 Factor NZ  : 7.162e+05 (roughly 100 MB of memory)
 Factor Ops : 1.453e+08 (less than 1 second per iteration)
 Threads    : 3

                  Objective                Residual
Iter       Primal          Dual         Primal    Dual     Compl     Time
   0   6.34475414e+06 -3.12513355e+07  6.29e+03 6.50e+02  5.05e+02    11s
   1  -4.83017299e+05 -5.94743162e+06  2.83e+02 3.64e-12  3.01e+01    11s
   2  -7.67658142e+05 -2.73455819e+06  2.27e+01 7.28e-12  5.78e+00    11s
   3  -7.94790410e+05 -1.39757835e+06  3.18e+00 3.64e-12  1.55e+00    11s
   4  -8.02429958e+05 -1.00666717e+06  1.31e+00 3.63e-02  5.22e-01    11s
   5  -8.07023038e+05 -9.20799791e+05  7.88e-01 3.62e-02  2.80e-01    11s
   6  -8.12249298e+05 -8.78564387e+05  4.07e-01 3.23e-02  1.56e-01    11s
   7  -8.14954379e+05 -8.63267997e+05  3.04e-01 1.52e-02  1.12e-01    11s
   8  -8.19069051e+05 -8.59031567e+05  2.07e-01 2.50e-02  9.16e-02    11s
   9  -8.21348504e+05 -8.53547132e+05  1.58e-01 1.68e-02  7.33e-02    11s
  10  -8.23858436e+05 -8.44415130e+05  1.06e-01 7.87e-03  4.64e-02    11s
  11  -8.25362416e+05 -8.42718401e+05  8.28e-02 4.12e-03  3.90e-02    12s
  12  -8.27892060e+05 -8.38460991e+05  4.45e-02 1.82e-12  2.36e-02    12s
  13  -8.29240418e+05 -8.37393743e+05  3.01e-02 1.82e-12  1.82e-02    12s
  14  -8.30199117e+05 -8.37134616e+05  2.17e-02 3.64e-12  1.54e-02    12s
  15  -8.31323043e+05 -8.36250428e+05  1.32e-02 3.64e-12  1.10e-02    12s
  16  -8.32169204e+05 -8.34986556e+05  7.85e-03 3.64e-12  6.26e-03    12s
  17  -8.33038808e+05 -8.34366335e+05  2.69e-03 3.64e-12  2.95e-03    12s
  18  -8.33452507e+05 -8.34087536e+05  5.77e-04 3.64e-12  1.41e-03    12s
  19  -8.33544419e+05 -8.33895015e+05  2.21e-04 3.64e-12  7.76e-04    12s
  20  -8.33573756e+05 -8.33805560e+05  1.09e-04 3.64e-12  5.13e-04    13s
  21  -8.33587841e+05 -8.33715661e+05  6.23e-05 3.64e-12  2.83e-04    13s
  22  -8.33596168e+05 -8.33672269e+05  3.82e-05 3.64e-12  1.68e-04    13s
  23  -8.33604371e+05 -8.33663244e+05  1.45e-05 3.64e-12  1.30e-04    13s
  24  -8.33607471e+05 -8.33621043e+05  4.67e-06 3.64e-12  3.00e-05    13s
  25  -8.33609300e+05 -8.33609883e+05  3.89e-07 5.46e-12  1.29e-06    13s
  26  -8.33609578e+05 -8.33609578e+05  6.92e-10 3.64e-12  1.64e-09    13s

Barrier solved model in 26 iterations and 13.03 seconds (10.65 work units)
Optimal objective -8.33609578e+05


Root crossover log...

    3411 DPushes remaining with DInf 0.0000000e+00                13s
       0 DPushes remaining with DInf 0.0000000e+00                13s

     805 PPushes remaining with PInf 0.0000000e+00                13s
       0 PPushes remaining with PInf 0.0000000e+00                13s

  Push phase complete: Pinf 0.0000000e+00, Dinf 4.8657967e-11     13s


Root simplex log...

Iteration    Objective       Primal Inf.    Dual Inf.      Time
    4219   -8.3360958e+05   0.000000e+00   0.000000e+00     13s
Concurrent spin time: 0.01s

Solved with barrier
    4219   -8.3360958e+05   0.000000e+00   0.000000e+00     13s

Root relaxation: objective -8.336096e+05, 4219 iterations, 3.54 seconds (1.81 work units)

    Nodes    |    Current Node    |     Objective Bounds      |     Work
 Expl Unexpl |  Obj  Depth IntInf | Incumbent    BestBd   Gap | It/Node Time

     0     0 -833609.58    0  119          - -833609.58      -     -   14s
H    0     0                    -151843.0000 -833609.58   449%     -   19s
H    0     0                    -170248.0000 -833609.58   390%     -   20s
     0     0 -833609.58    0  119 -170248.00 -833609.58   390%     -   21s
     0     0 -833609.58    0  111 -170248.00 -833609.58   390%     -   47s
H    0     0                    -826993.0001 -833609.58  0.80%     -   53s
H    0     0                    -827985.0000 -833609.58  0.68%     -   57s
H    0     0                    -828042.0000 -833609.58  0.67%     -   59s
     0     0 -833561.22    0  218 -828042.00 -833561.22  0.67%     -   67s
H    0     0                    -830156.0000 -833561.22  0.41%     -   81s
H    0     0                    -830654.0000 -833561.22  0.35%     -   82s
     0     0 -833561.22    0  218 -830654.00 -833561.22  0.35%     -   82s
     0     0 -833561.22    0  240 -830654.00 -833561.22  0.35%     -   85s
     0     0 -833561.22    0  231 -830654.00 -833561.22  0.35%     -  107s
     0     0 -833561.22    0  199 -830654.00 -833561.22  0.35%     -  110s
     0     0 -833561.22    0  205 -830654.00 -833561.22  0.35%     -  110s
     0     0 -833561.22    0  200 -830654.00 -833561.22  0.35%     -  111s
     0     0 -833561.22    0  202 -830654.00 -833561.22  0.35%     -  111s
     0     0 -833561.22    0  195 -830654.00 -833561.22  0.35%     -  112s
     0     0 -833561.22    0  198 -830654.00 -833561.22  0.35%     -  114s
     0     0 -833561.22    0  198 -830654.00 -833561.22  0.35%     -  114s
     0     0 -833561.22    0  190 -830654.00 -833561.22  0.35%     -  115s
     0     2 -833561.22    0  181 -830654.00 -833561.22  0.35%     -  123s
     3     8 -833561.22    2  199 -830654.00 -833561.22  0.35%   153  127s
    13    20 -833561.22    4  204 -830654.00 -833561.22  0.35%   113  132s
    19    26 -833561.22    5  202 -830654.00 -833561.22  0.35%  88.9  135s
    31    38 -833539.53    6  226 -830654.00 -833561.22  0.35%   110  159s
H   32    38                    -830704.0000 -833561.22  0.34%   106  160s
H   35    38                    -831891.0000 -833561.22  0.20%  97.7  160s
    37    44 -833558.07    7  212 -831891.00 -833561.22  0.20%   102  228s
H   38    44                    -832574.0000 -833561.22  0.12%  98.9  228s
    43    53 -833558.07    8  211 -832574.00 -833561.22  0.12%  98.9  232s
    52    75 -833557.16    9  213 -832574.00 -833561.22  0.12%  92.8  241s
    74   107 -833545.04   11  197 -832574.00 -833561.22  0.12%   101  261s
H  106   113                    -832624.0000 -833561.22  0.11%   129  294s
   112   217 -833551.64   16  215 -832624.00 -833561.22  0.11%   126  345s
   216   421 -833517.18   28  193 -832624.00 -833561.22  0.11%   132  451s
   420  1134 -833242.93   60  205 -832624.00 -833561.22  0.11%   164  591s
  1133  1785 -833181.38  169  179 -832624.00 -833561.22  0.11%  96.4  668s
  1784  2418 -833162.66  242  186 -832624.00 -833561.22  0.11%  73.0  731s
  2417  2810 -833155.21  357  169 -832624.00 -833561.22  0.11%  61.0  779s
  2809  3413 -833145.17  395  154 -832624.00 -833561.22  0.11%  56.2  836s
  3412  4061 -833131.99  473  172 -832624.00 -833561.22  0.11%  50.5  889s
  4060  4159 -833119.38  580  168 -832624.00 -833561.22  0.11%  45.7  900s

Cutting planes:
  Cover: 3
  Clique: 7
  MIR: 2
  Zero half: 5
  RLT: 15

Explored 4158 nodes (202747 simplex iterations) in 900.20 seconds (593.95 work units)
Thread count was 12 (of 12 available processors)

Solution count 10: -832624 -832574 -831891 ... -170248

Time limit reached
Best objective -8.326240000000e+05, best bound -8.335610000000e+05, gap 0.1125%
Solving with iLBBD1
Set parameter MIPGap to value 0
Set parameter TimeLimit to value 900
Solving with cLBBD1
Set parameter MIPGap to value 0
Set parameter TimeLimit to value 900
-824214.0 -815173.0
Gap 1.1090897269659323 %
-827251.0 -817955.0
Gap 1.1364928388481028 %
-822442.0 -817955.0
Gap 0.5486248919440053 %
-823402.0 -817955.0
Gap 0.6687316688090144 %
-824268.0 -824161.0
Gap 0.012982900185764675 %
-828457.0 -824161.0
Gap 0.5214680734328039 %
-829343.0 -824488.0
Gap 0.5888502925451917 %
-829338.0 -824488.0
Gap 0.588247422930491 %
Solving with iLBBD2p
Set parameter MIPGap to value 0
Set parameter TimeLimit to value 900
Solving with cLBBD2p
Set parameter MIPGap to value 0
Set parameter TimeLimit to value 900
-830078.0 -825223.0
Gap 0.5883258222322936 %
-830078.0 -825223.0
Gap 0.5883258222322936 %
-830468.0 -825613.0
Gap 0.5880479110672918 %
Solving with cLBBD4p
Set parameter MIPGap to value 0
Set parameter TimeLimit to value 900
-804952.0 -795932.0
Gap 1.1332626405270803 %
-821876.0 -812806.0
Gap 1.1158874319333272 %
-821536.0 -817095.0
Gap 0.5435108524712549 %
-825498.0 -820643.0
Gap 0.5916092624929477 %

================================================================================ 
Instance 2 
================================================================================
Solving with MIP
Set parameter MIPGap to value 0
Set parameter TimeLimit to value 900
Solving with Network
Constructing nodes...
Done constructing nodes.
Number of Nodes:  5310
Constructing arcs...
Done constructing arcs.
Number of Arcs:  244095
Set parameter MIPGap to value 0
Set parameter TimeLimit to value 900
Gurobi Optimizer version 10.0.1 build v10.0.1rc0 (win64)

CPU model: AMD Ryzen 5 5625U with Radeon Graphics, instruction set [SSE2|AVX|AVX2]
Thread count: 6 physical cores, 12 logical processors, using up to 12 threads

Academic license - for non-commercial use only - registered to mitchell.clark1@uq.net.au
Optimize a model with 6685 rows, 245399 columns and 729554 nonzeros
Model fingerprint: 0xf920fc1b
Variable types: 0 continuous, 245399 integer (245384 binary)
Coefficient statistics:
  Matrix range     [1e+00, 5e+00]
  Objective range  [3e+02, 3e+04]
  Bounds range     [1e+00, 1e+00]
  RHS range        [1e+00, 5e+00]
Presolve removed 2398 rows and 2900 columns (presolve time = 5s) ...
Presolve removed 2553 rows and 3055 columns
Presolve time: 6.47s
Presolved: 4132 rows, 242344 columns, 721632 nonzeros
Variable types: 0 continuous, 242344 integer (242344 binary)
Deterministic concurrent LP optimizer: primal simplex, dual simplex, and barrier
Showing barrier log only...

Root barrier log...

Ordering time: 0.02s

Barrier statistics:
 AA' NZ     : 4.300e+05
 Factor NZ  : 7.944e+05 (roughly 100 MB of memory)
 Factor Ops : 1.718e+08 (less than 1 second per iteration)
 Threads    : 3

                  Objective                Residual
Iter       Primal          Dual         Primal    Dual     Compl     Time
   0   6.27007586e+06 -3.25575600e+07  3.16e+03 2.50e+02  4.86e+02    11s
   1  -3.83214165e+05 -4.64536093e+06  1.68e+02 3.64e-12  2.93e+01    11s
   2  -7.36103353e+05 -1.96968000e+06  1.10e+01 7.28e-12  3.87e+00    11s
   3  -7.62764633e+05 -1.13900195e+06  2.63e+00 3.64e-12  1.09e+00    11s
   4  -7.76728918e+05 -8.97839272e+05  5.58e-01 1.82e-12  2.95e-01    11s
   5  -7.79229305e+05 -8.89169370e+05  4.47e-01 3.64e-12  2.61e-01    11s
   6  -7.84147717e+05 -8.52582905e+05  2.88e-01 1.61e-01  1.56e-01    11s
   7  -7.87807828e+05 -8.27718835e+05  2.03e-01 3.64e-12  8.85e-02    11s
   8  -7.90291063e+05 -8.26460357e+05  1.57e-01 8.23e-02  7.92e-02    11s
   9  -7.94584544e+05 -8.18539578e+05  9.78e-02 4.63e-02  5.16e-02    11s
  10  -7.95467196e+05 -8.14122196e+05  8.77e-02 2.77e-02  4.00e-02    11s
  11  -7.96510250e+05 -8.12219663e+05  7.50e-02 2.17e-02  3.35e-02    11s
  12  -7.98582666e+05 -8.08826093e+05  4.97e-02 1.17e-02  2.17e-02    12s
  13  -8.00747223e+05 -8.07572169e+05  2.71e-02 8.25e-03  1.43e-02    12s
  14  -8.02144972e+05 -8.06913148e+05  1.47e-02 6.40e-03  9.96e-03    12s
  15  -8.02958716e+05 -8.06450079e+05  9.27e-03 4.94e-03  7.28e-03    12s
  16  -8.03435369e+05 -8.06324625e+05  6.67e-03 3.41e-03  6.01e-03    12s
  17  -8.04015081e+05 -8.05905188e+05  3.92e-03 1.29e-03  3.93e-03    12s
  18  -8.04463934e+05 -8.05700322e+05  1.98e-03 3.93e-04  2.57e-03    12s
  19  -8.04695291e+05 -8.05609588e+05  1.21e-03 7.15e-05  1.90e-03    12s
  20  -8.04822525e+05 -8.05405795e+05  8.09e-04 2.72e-06  1.21e-03    13s
  21  -8.04869195e+05 -8.05331872e+05  6.81e-04 1.82e-12  9.59e-04    13s
  22  -8.04958633e+05 -8.05243430e+05  4.33e-04 3.64e-12  5.91e-04    13s
  23  -8.04967426e+05 -8.05224511e+05  4.08e-04 3.64e-12  5.33e-04    13s
  24  -8.05015239e+05 -8.05214991e+05  2.78e-04 3.64e-12  4.14e-04    13s
  25  -8.05060361e+05 -8.05162940e+05  1.56e-04 1.82e-12  2.13e-04    13s
  26  -8.05095082e+05 -8.05143101e+05  6.57e-05 1.82e-12  9.95e-05    13s
  27  -8.05116954e+05 -8.05132357e+05  1.04e-05 1.82e-12  3.19e-05    13s
  28  -8.05120501e+05 -8.05123216e+05  2.82e-06 3.64e-12  5.62e-06    13s
  29  -8.05121202e+05 -8.05122127e+05  1.55e-06 3.64e-12  1.92e-06    13s
  30  -8.05121571e+05 -8.05122091e+05  8.66e-07 3.64e-12  1.08e-06    13s
  31  -8.05122050e+05 -8.05122070e+05  3.21e-08 3.64e-12  4.09e-08    14s
  32  -8.05122068e+05 -8.05122069e+05  3.61e-09 1.82e-12  9.03e-10    14s

Barrier solved model in 32 iterations and 13.65 seconds (10.73 work units)
Optimal objective -8.05122068e+05


Root crossover log...

    3698 DPushes remaining with DInf 0.0000000e+00                14s
       0 DPushes remaining with DInf 0.0000000e+00                14s

     665 PPushes remaining with PInf 0.0000000e+00                14s
       0 PPushes remaining with PInf 0.0000000e+00                14s

  Push phase complete: Pinf 0.0000000e+00, Dinf 1.0186341e-10     14s


Root simplex log...

Iteration    Objective       Primal Inf.    Dual Inf.      Time
    4366   -8.0512207e+05   0.000000e+00   0.000000e+00     14s
Concurrent spin time: 0.00s

Solved with barrier
    4366   -8.0512207e+05   0.000000e+00   0.000000e+00     14s

Root relaxation: objective -8.051221e+05, 4366 iterations, 4.22 seconds (2.34 work units)

    Nodes    |    Current Node    |     Objective Bounds      |     Work
 Expl Unexpl |  Obj  Depth IntInf | Incumbent    BestBd   Gap | It/Node Time

     0     0 -805122.07    0  167          - -805122.07      -     -   15s
H    0     0                    -375975.0000 -805122.07   114%     -   18s
H    0     0                    -797230.0000 -805122.07  0.99%     -   27s
H    0     0                    -797343.0000 -805122.07  0.98%     -   31s
H    0     0                    -797517.0000 -805110.79  0.95%     -   39s
     0     0 -805110.79    0  213 -797517.00 -805110.79  0.95%     -   40s
H    0     0                    -798447.0000 -805110.79  0.83%     -   68s
H    0     0                    -799134.0000 -805110.79  0.75%     -   71s
H    0     0                    -799184.0000 -805110.79  0.74%     -   72s
     0     0 -805107.56    0  210 -799184.00 -805107.56  0.74%     -   80s
     0     0 -805106.85    0  204 -799184.00 -805106.85  0.74%     -   85s
     0     0 -805106.85    0  215 -799184.00 -805106.85  0.74%     -   85s
     0     0 -805106.85    0  218 -799184.00 -805106.85  0.74%     -   86s
     0     0 -805106.85    0  157 -799184.00 -805106.85  0.74%     -   87s
     0     2 -805106.00    0  157 -799184.00 -805106.00  0.74%     -  154s
     1     4 -805106.00    1  165 -799184.00 -805106.00  0.74%   581  157s
     3     8 -805106.00    2  172 -799184.00 -805106.00  0.74%   320  160s
    13    20 -805106.00    4  178 -799184.00 -805106.00  0.74%   181  170s
    19    26 -805106.00    5  182 -799184.00 -805106.00  0.74%   165  175s
    31    38 -805106.00    6  183 -799184.00 -805106.00  0.74%   167  183s
    37    44 -805105.08    7  197 -799184.00 -805106.00  0.74%   197  188s
    43    55 -805106.00    7  184 -799184.00 -805106.00  0.74%   180  200s
H   54    61                    -803237.0000 -805106.00  0.23%   203  320s
H   56    61                    -803513.0000 -805106.00  0.20%   204  320s
    60    87 -805106.00   10  196 -803513.00 -805106.00  0.20%   201  343s
    86   155 -804265.12   14  188 -803513.00 -805106.00  0.20%   222  408s
   154   265 -805001.63   18  190 -803513.00 -805106.00  0.20%   252  543s
   264   371 -804998.52   42  214 -803513.00 -805106.00  0.20%   315  729s
   370   501 -804679.44   63  184 -803513.00 -805106.00  0.20%   454  899s
   564   504 -803873.50   91  175 -803513.00 -805106.00  0.20%   424  900s

Cutting planes:
  Cover: 4
  Clique: 8
  Zero half: 7
  RLT: 15

Explored 567 nodes (248586 simplex iterations) in 900.20 seconds (779.31 work units)
Thread count was 12 (of 12 available processors)

Solution count 9: -803513 -803237 -799184 ... -375975

Time limit reached
Best objective -8.035130000000e+05, best bound -8.051060000000e+05, gap 0.1983%
Solving with iLBBD1
Set parameter MIPGap to value 0
Set parameter TimeLimit to value 900
Solving with cLBBD1
Set parameter MIPGap to value 0
Set parameter TimeLimit to value 900
-797846.0 -793662.0
Gap 0.5271765562670255 %
-801143.0 -795900.0
Gap 0.6587510993843447 %
-801143.0 -795900.0
Gap 0.6587510993843447 %
-801143.0 -795900.0
Gap 0.6587510993843447 %
-793887.0 -795900.0
Gap 0.25678247603108434 %
-800453.0 -796269.0
Gap 0.5254505700962866 %
-800680.0 -796269.0
Gap 0.5542717628003353 %
-802567.0 -796269.0
Gap 0.7983520836634448 %
-801721.0 -796478.0
Gap 0.6582730470898129 %
-801671.0 -796478.0
Gap 0.6520363422682276 %
-800434.0 -796478.0
Gap 0.49687943137700663 %
-800365.0 -796478.0
Gap 0.48825524431604067 %
-796416.0 -796478.0
Gap 0.00784169886611564 %
-800434.0 -796478.0
Gap 0.49687943137700663 %
-798464.0 -796478.0
Gap 0.2502107137052729 %
-796296.0 -796478.0
Gap 0.023100932033757824 %
-796359.0 -796478.0
Gap 0.01502346943670827 %
-797695.0 -796478.0
Gap 0.1544218317195385 %
-801639.0 -796478.0
Gap 0.6506637753879903 %
-800793.0 -796528.0
Gap 0.5354488480003214 %
-800862.0 -796678.0
Gap 0.5251808133273418 %
-800912.0 -796678.0
Gap 0.532130823244339 %
-800912.0 -796728.0
Gap 0.5251478547258286 %
-800451.0 -796728.0
Gap 0.4710374590546608 %
-800401.0 -796728.0
Gap 0.46474081178439974 %
-801789.0 -796728.0
Gap 0.6379358156654146 %
-801093.0 -796828.0
Gap 0.5352472553675323 %
-800912.0 -796828.0
Gap 0.5125965197658423 %
Solving with iLBBD2p
Set parameter MIPGap to value 0
Set parameter TimeLimit to value 900
Solving with cLBBD2p
Set parameter MIPGap to value 0
Set parameter TimeLimit to value 900
-789312.0 -785128.0
Gap 0.5329067362264497 %
-801143.0 -795900.0
Gap 0.6587510993843447 %
-800893.0 -796628.0
Gap 0.5353816335855631 %
-800284.0 -796628.0
Gap 0.4592387890968471 %
-797952.0 -796628.0
Gap 0.16679936706947118 %
-800353.0 -796628.0
Gap 0.4678654908694008 %
-800912.0 -796728.0
Gap 0.5251478547258286 %
-796609.0 -796728.0
Gap 0.015098457166057653 %
-797247.0 -796728.0
Gap 0.06593163689580134 %
-797362.0 -796728.0
Gap 0.07993161686279751 %
-797049.0 -796728.0
Gap 0.04100198112376084 %
-797597.0 -796728.0
Gap 0.10962035280345538 %
-800912.0 -796728.0
Gap 0.5251478547258286 %
-798334.0 -796728.0
Gap 0.2022494266871015 %
-798546.0 -796728.0
Gap 0.23057079588777366 %
-798451.0 -796728.0
Gap 0.21854859884091868 %
-798696.0 -796728.0
Gap 0.2495473150839179 %
Solving with cLBBD4p
Set parameter MIPGap to value 0
Set parameter TimeLimit to value 900
-794986.0 -790161.0
Gap 0.6106350477940572 %
-801908.0 -793459.0
Gap 1.0648313271385164 %
-801212.0 -795969.0
Gap 0.6586939943641021 %
-800943.0 -795969.0
Gap 0.6251099660676134 %
-802517.0 -795969.0
Gap 0.825715723276785 %
-801043.0 -795969.0
Gap 0.6410329296872532 %
-802844.0 -795969.0
Gap 0.866176652161095 %
-802322.0 -795969.0
Gap 0.8008188445166031 %

================================================================================ 
Instance 3 
================================================================================
Solving with MIP
Set parameter MIPGap to value 0
Set parameter TimeLimit to value 900
Solving with Network
Constructing nodes...
Done constructing nodes.
Number of Nodes:  5160
Constructing arcs...
Done constructing arcs.
Number of Arcs:  234150
Set parameter MIPGap to value 0
Set parameter TimeLimit to value 900
Gurobi Optimizer version 10.0.1 build v10.0.1rc0 (win64)

CPU model: AMD Ryzen 5 5625U with Radeon Graphics, instruction set [SSE2|AVX|AVX2]
Thread count: 6 physical cores, 12 logical processors, using up to 12 threads

Academic license - for non-commercial use only - registered to mitchell.clark1@uq.net.au
Optimize a model with 6535 rows, 235456 columns and 699871 nonzeros
Model fingerprint: 0x96e0614d
Variable types: 0 continuous, 235456 integer (235441 binary)
Coefficient statistics:
  Matrix range     [1e+00, 5e+00]
  Objective range  [3e+02, 3e+04]
  Bounds range     [1e+00, 1e+00]
  RHS range        [1e+00, 5e+00]
Presolve removed 2553 rows and 2653 columns (presolve time = 5s) ...
Presolve removed 2630 rows and 2805 columns
Presolve time: 6.60s
Presolved: 3905 rows, 232651 columns, 692776 nonzeros
Variable types: 0 continuous, 232651 integer (232651 binary)
Found heuristic solution: objective -264208.0000
Deterministic concurrent LP optimizer: primal simplex, dual simplex, and barrier
Showing barrier log only...

Root barrier log...

Ordering time: 0.02s

Barrier statistics:
 AA' NZ     : 3.912e+05
 Factor NZ  : 7.032e+05 (roughly 100 MB of memory)
 Factor Ops : 1.402e+08 (less than 1 second per iteration)
 Threads    : 4

                  Objective                Residual
Iter       Primal          Dual         Primal    Dual     Compl     Time
   0   1.21990432e+07 -3.23489417e+07  1.83e+03 0.00e+00  5.10e+02     9s
   1   1.08906351e+05 -5.65002930e+06  1.33e+02 7.28e-12  4.10e+01     9s
   2  -7.70487379e+05 -2.41679280e+06  1.04e+01 3.64e-12  5.76e+00     9s
   3  -8.41624495e+05 -1.33108093e+06  1.80e+00 3.64e-12  1.44e+00     9s
   4  -8.61807858e+05 -1.07847645e+06  3.29e-01 3.64e-12  5.23e-01     9s
   5  -8.65989995e+05 -9.72216141e+05  2.04e-01 3.64e-12  2.48e-01    10s
   6  -8.68168780e+05 -9.54098793e+05  1.68e-01 3.64e-12  1.98e-01    10s
   7  -8.72758427e+05 -9.22302275e+05  1.05e-01 3.64e-12  1.12e-01    10s
   8  -8.74814394e+05 -9.21256417e+05  8.96e-02 3.64e-12  1.04e-01    10s
   9  -8.82439561e+05 -9.10348303e+05  4.31e-02 3.64e-12  6.15e-02    10s
  10  -8.85038732e+05 -9.06071768e+05  3.00e-02 1.93e-12  4.61e-02    10s
  11  -8.86112544e+05 -9.05589157e+05  2.53e-02 2.27e-12  4.26e-02    10s
  12  -8.87073679e+05 -9.03947006e+05  2.12e-02 2.05e-12  3.68e-02    10s
  13  -8.89145579e+05 -9.01839630e+05  1.34e-02 3.64e-12  2.76e-02    10s
  14  -8.89627327e+05 -8.99275265e+05  1.20e-02 1.83e-12  2.10e-02    10s
  15  -8.90882565e+05 -8.98748170e+05  8.09e-03 3.64e-12  1.70e-02    10s
  16  -8.91247623e+05 -8.97842182e+05  7.12e-03 2.27e-12  1.43e-02    11s
  17  -8.91308732e+05 -8.97449407e+05  6.98e-03 3.64e-12  1.33e-02    11s
  18  -8.93079934e+05 -8.96925486e+05  2.55e-03 3.64e-12  8.30e-03    11s
  19  -8.93622850e+05 -8.96356203e+05  1.59e-03 3.64e-12  5.90e-03    11s
  20  -8.94047304e+05 -8.95646613e+05  9.30e-04 3.64e-12  3.45e-03    11s
  21  -8.94412145e+05 -8.95360953e+05  3.92e-04 3.64e-12  2.04e-03    11s
  22  -8.94572188e+05 -8.95210074e+05  1.96e-04 3.64e-12  1.37e-03    11s
  23  -8.94675672e+05 -8.95111009e+05  7.72e-05 3.64e-12  9.37e-04    11s
  24  -8.94721967e+05 -8.94862699e+05  3.22e-05 3.64e-12  3.03e-04    11s
  25  -8.94751392e+05 -8.94778766e+05  7.45e-06 3.64e-12  5.89e-05    12s
  26  -8.94759153e+05 -8.94762885e+05  1.56e-06 3.64e-12  8.04e-06    12s
  27  -8.94761312e+05 -8.94761320e+05  2.16e-09 3.64e-12  1.62e-08    12s
  28  -8.94761318e+05 -8.94761318e+05  1.46e-12 3.64e-12  5.34e-14    12s

Barrier solved model in 28 iterations and 11.82 seconds (9.18 work units)
Optimal objective -8.94761318e+05


Root crossover log...

    3305 DPushes remaining with DInf 0.0000000e+00                12s
       0 DPushes remaining with DInf 0.0000000e+00                12s

    2324 PPushes remaining with PInf 0.0000000e+00                12s
       0 PPushes remaining with PInf 0.0000000e+00                12s

  Push phase complete: Pinf 0.0000000e+00, Dinf 1.0197709e-10     12s


Root simplex log...

Iteration    Objective       Primal Inf.    Dual Inf.      Time
    5632   -8.9476132e+05   0.000000e+00   0.000000e+00     12s
Concurrent spin time: 0.00s

Solved with barrier
    5632   -8.9476132e+05   0.000000e+00   0.000000e+00     12s

Root relaxation: objective -8.947613e+05, 5632 iterations, 3.97 seconds (2.06 work units)

    Nodes    |    Current Node    |     Objective Bounds      |     Work
 Expl Unexpl |  Obj  Depth IntInf | Incumbent    BestBd   Gap | It/Node Time

     0     0 -894761.32    0  140 -264208.00 -894761.32   239%     -   13s
H    0     0                    -887520.0000 -894761.32  0.82%     -   20s
H    0     0                    -888355.0000 -894761.32  0.72%     -   22s
     0     0 -894755.94    0  181 -888355.00 -894755.94  0.72%     -   23s
H    0     0                    -891734.0000 -894755.94  0.34%     -   40s
     0     0 -894751.68    0  193 -891734.00 -894751.68  0.34%     -   49s
     0     0 -894751.68    0  198 -891734.00 -894751.68  0.34%     -   53s
     0     0 -894750.17    0  192 -891734.00 -894750.17  0.34%     -   57s
     0     0 -894750.17    0  195 -891734.00 -894750.17  0.34%     -   57s
     0     0 -894750.17    0  202 -891734.00 -894750.17  0.34%     -   58s
     0     0 -894750.17    0  147 -891734.00 -894750.17  0.34%     -   60s
H    0     2                    -891834.0000 -894738.00  0.33%     -  103s
     0     2 -894738.00    0  140 -891834.00 -894738.00  0.33%     -  103s
     1     4 -894738.00    1  145 -891834.00 -894738.00  0.33%   932  107s
     3     8 -894710.89    2  192 -891834.00 -894735.99  0.33%   798  115s
     7    14 -894703.94    3  196 -891834.00 -894709.57  0.32%   742  122s
    13    20 -894703.94    4  188 -891834.00 -894707.02  0.32%   509  127s
    19    26 -894703.94    5  186 -891834.00 -894707.02  0.32%   384  132s
    25    32 -894701.93    6  159 -891834.00 -894707.02  0.32%   338  138s
    31    38 -894701.93    7  157 -891834.00 -894707.02  0.32%   319  145s
    43    51 -894701.93    9  160 -891834.00 -894707.02  0.32%   293  152s
    50    57 -894701.93   10  162 -891834.00 -894707.02  0.32%   260  156s
    56    63 -894701.93   11  162 -891834.00 -894707.02  0.32%   243  163s
    62    76 -894701.93   12  162 -891834.00 -894707.02  0.32%   249  175s
    75   101 -894696.48   13  169 -891834.00 -894707.02  0.32%   243  196s
   100   133 -894696.48   17  163 -891834.00 -894707.02  0.32%   225  216s
   134   139 -894690.78   21  178 -891834.00 -894707.02  0.32%   194  313s
H  136   139                    -891884.0000 -894707.02  0.32%   191  313s
H  138   139                    -892123.0000 -894707.02  0.29%   190  313s
   140   177 -894133.21   21  177 -892123.00 -894707.02  0.29%   202  346s
   178   219 -892938.06   23  210 -892123.00 -894707.02  0.29%   210  387s
   220   279 -893601.93   25  186 -892123.00 -894707.02  0.29%   200  437s
   280   341 -893601.93   38  184 -892123.00 -894707.02  0.29%   215  489s
   346   408 -893593.72   44  197 -892123.00 -894707.02  0.29%   218  533s
H  384   408                    -892173.0000 -894707.02  0.28%   202  533s
   415   490 -893592.83   62  202 -892173.00 -894707.02  0.28%   206  587s
   510   570 -893590.29   76  198 -892173.00 -894707.02  0.28%   200  636s
   598   691 -893587.04  101  204 -892173.00 -894707.02  0.28%   196  690s
   723   796 -893578.73  125  218 -892173.00 -894707.02  0.28%   180  738s
   832   893 -893578.33  146  217 -892173.00 -894707.02  0.28%   171  792s
   929  1040 -893574.71  160  215 -892173.00 -894707.02  0.28%   162  843s
  1076  1158 -893569.75  193  202 -892173.00 -894707.02  0.28%   151  895s
  1194  1170 -893562.58  205  216 -892173.00 -894707.02  0.28%   149  900s

Cutting planes:
  Cover: 1
  Clique: 6
  Zero half: 13
  RLT: 16

Explored 1206 nodes (192673 simplex iterations) in 900.15 seconds (729.15 work units)
Thread count was 12 (of 12 available processors)

Solution count 8: -892173 -892123 -891884 ... -264208

Time limit reached
Best objective -8.921730000000e+05, best bound -8.947070000000e+05, gap 0.2840%
Solving with iLBBD1
Set parameter MIPGap to value 0
Set parameter TimeLimit to value 900
Solving with cLBBD1
Set parameter MIPGap to value 0
Set parameter TimeLimit to value 900
-872789.0 -868600.0
Gap 0.4822703200552613 %
-883823.0 -879634.0
Gap 0.476220791829329 %
-829966.0 -879634.0
Gap 6.018058537578334 %
-888414.0 -883681.0
Gap 0.5356005164759682 %
-881962.0 -883681.0
Gap 0.19583650898352992 %
-882026.0 -883681.0
Gap 0.1894227698759424 %
-879555.0 -883681.0
Gap 0.4760706975370322 %
-870967.0 -883681.0
Gap 1.4668115711289396 %
-867028.0 -883681.0
Gap 1.9113346402288138 %
-885286.0 -883681.0
Gap 0.1831065132298734 %
-887915.0 -883681.0
Gap 0.4793079128823341 %
-889435.0 -885305.0
Gap 0.4665058934491503 %
-889460.0 -885330.0
Gap 0.4664927202286153 %
-888232.0 -885330.0
Gap 0.3317287962771387 %
-888620.0 -885330.0
Gap 0.37586511811761264 %
-885077.0 -885330.0
Gap 0.028738765755204784 %
-885730.0 -885330.0
Gap 0.045616952171766076 %
-885206.0 -885330.0
Gap 0.014140932640123527 %
-885386.0 -885330.0
Gap 0.006354566663943281 %
-885156.0 -885330.0
Gap 0.01976322744862413 %
-889027.0 -885330.0
Gap 0.419995751192563 %
-885077.0 -885330.0
Gap 0.028738765755204784 %
-885077.0 -885330.0
Gap 0.029171898583260403 %
-885077.0 -885330.0
Gap 0.028590736601341166 %
-885077.0 -885505.0
Gap 0.0483340015019678 %
-889316.0 -885505.0
Gap 0.4325780905042809 %
-885091.0 -885505.0
Gap 0.04699413481414047 %
-885091.0 -885505.0
Gap 0.047247976554047576 %
-889027.0 -885505.0
Gap 0.4022779761374461 %
-887496.0 -885505.0
Gap 0.22540294597461585 %
-888756.0 -885505.0
Gap 0.3692484527569832 %
-888806.0 -885505.0
Gap 0.3749061598865173 %
-888193.0 -885505.0
Gap 0.30419800030555605 %
-889158.0 -885505.0
Gap 0.41295500791318107 %
-888144.0 -885505.0
Gap 0.29854460917128134 %
-888658.0 -885505.0
Gap 0.3566338649474041 %
Solving with iLBBD2p
Set parameter MIPGap to value 0
Set parameter TimeLimit to value 900
Solving with cLBBD2p
Set parameter MIPGap to value 0
Set parameter TimeLimit to value 900
-755051.0 -750318.0
Gap 0.6307992078025584 %
-742686.0 -750318.0
Gap 1.0333678150336603 %
-757146.0 -753016.0
Gap 0.5484611216760334 %
-868189.0 -873116.0
Gap 0.5643007343812277 %
-887701.0 -882968.0
Gap 0.5360330159190367 %
-887701.0 -882968.0
Gap 0.5360330159190367 %
-891581.0 -882968.0
Gap 0.9757363053659266 %
-891581.0 -882968.0
Gap 0.9757363053659266 %
-891840.0042579697 -887651.0001416904
Gap 0.4719201708341049 %
-888925.0 -887651.0001416904
Gap 0.1440578242188629 %
-889273.0 -887651.0001416904
Gap 0.18333586050984002 %
Solving with cLBBD4p
Set parameter MIPGap to value 0
Set parameter TimeLimit to value 900
-880312.0 -876123.0
Gap 0.4781292124507632 %
-879779.0 -880148.0
Gap 0.04192476719824393 %
-876694.0 -880148.0
Gap 0.3938143554111848 %
-880847.0 -880148.0
Gap 0.07972926269252222 %
-875933.0 -880148.0
Gap 0.4810336917595448 %
-880847.0 -880148.0
Gap 0.07972926269252222 %
-876033.0 -880148.0
Gap 0.469567678224612 %
-880847.0 -880148.0
Gap 0.07972926269252222 %
-880540.0 -880148.0
Gap 0.04497383027886069 %
-882938.0 -880148.0
Gap 0.3176301828365855 %
-881256.0 -880148.0
Gap 0.12633014353521452 %
-887774.0 -880148.0
Gap 0.8718198467627429 %
-888913.0 -880594.0
Gap 0.9447032344076839 %
-881552.0 -880594.0
Gap 0.10977262857319646 %
-891940.0 -887751.0
Gap 0.4718665481649697 %
-885730.0 -887751.0
Gap 0.22935363356983654 %
-889070.0 -887751.0
Gap 0.14905959106365715 %
-887908.0 -887751.0
Gap 0.017764642251787213 %
-885755.0 -887751.0
Gap 0.22655506899941205 %
-885612.0 -887751.0
Gap 0.24267576407695285 %
-887965.0 -887751.0
Gap 0.024224394871220172 %
-887137.0 -887751.0
Gap 0.0695351225981221 %
-885884.0000242449 -887751.0
Gap 0.21285158141812585 %
-887165.0 -887751.0
Gap 0.06639421622534152 %
-889578.0 -887751.0
Gap 0.20633622753679493 %
-889728.0 -887751.0
Gap 0.22323898653790997 %
-889728.0 -887751.0
Gap 0.22323898653790997 %
-890898.0 -887751.0
Gap 0.3548842538296375 %
-890028.0 -887751.0
Gap 0.25702733271776207 %
-890578.0 -887751.0
Gap 0.31891323574535674 %
-890078.0 -887751.0
Gap 0.2626564990270309 %
-890278.0 -887751.0
Gap 0.2865020895265176 %
-890678.0 -887751.0
Gap 0.3301569683762188 %
-889728.0 -887751.0
Gap 0.22323898653790997 %
-889728.0 -887751.0
Gap 0.22323898653790997 %
-889728.0 -887751.0
Gap 0.22323898653790997 %
-889728.0 -887751.0
Gap 0.22323898653790997 %
-889728.0 -887751.0
Gap 0.22323898653790997 %
-889728.0 -887751.0
Gap 0.22323898653790997 %
-889728.0 -887751.0
Gap 0.22323898653790997 %
-889828.0 -887751.0
Gap 0.234504311853476 %
-889828.0 -887751.0
Gap 0.234504311853476 %
-889828.0 -887751.0
Gap 0.234504311853476 %
-889928.0 -887751.0
Gap 0.2469183411442856 %
-889928.0 -887751.0
Gap 0.2469183411442856 %
-889928.0 -887751.0
Gap 0.2469183411442856 %

================================================================================ 
Instance 4 
================================================================================
Solving with MIP
Set parameter MIPGap to value 0
Set parameter TimeLimit to value 900
Solving with Network
Constructing nodes...
Done constructing nodes.
Number of Nodes:  4620
Constructing arcs...
Done constructing arcs.
Number of Arcs:  189525
Set parameter MIPGap to value 0
Set parameter TimeLimit to value 900
Gurobi Optimizer version 10.0.1 build v10.0.1rc0 (win64)

CPU model: AMD Ryzen 5 5625U with Radeon Graphics, instruction set [SSE2|AVX|AVX2]
Thread count: 6 physical cores, 12 logical processors, using up to 12 threads

Academic license - for non-commercial use only - registered to mitchell.clark1@uq.net.au
Optimize a model with 5995 rows, 190833 columns and 566538 nonzeros
Model fingerprint: 0x54c2d925
Variable types: 0 continuous, 190833 integer (190818 binary)
Coefficient statistics:
  Matrix range     [1e+00, 5e+00]
  Objective range  [3e+02, 3e+04]
  Bounds range     [1e+00, 1e+00]
  RHS range        [1e+00, 5e+00]
Presolve removed 2255 rows and 4948 columns
Presolve time: 4.73s
Presolved: 3740 rows, 185885 columns, 552639 nonzeros
Variable types: 0 continuous, 185885 integer (185885 binary)
Deterministic concurrent LP optimizer: primal simplex, dual simplex, and barrier
Showing barrier log only...

Root barrier log...

Ordering time: 0.01s

Barrier statistics:
 AA' NZ     : 3.525e+05
 Factor NZ  : 6.549e+05 (roughly 80 MB of memory)
 Factor Ops : 1.255e+08 (less than 1 second per iteration)
 Threads    : 3

                  Objective                Residual
Iter       Primal          Dual         Primal    Dual     Compl     Time
   0   5.47175578e+06 -2.88584822e+07  1.31e+03 4.50e+02  5.09e+02     7s
   1  -1.32335227e+05 -5.85702822e+06  1.31e+02 3.64e-12  5.48e+01     7s
   2  -6.42074177e+05 -2.88716622e+06  2.55e+01 3.64e-12  1.36e+01     7s
   3  -7.44283362e+05 -1.41229420e+06  5.51e+00 2.73e-12  3.41e+00     7s
   4  -7.73945304e+05 -1.06872749e+06  1.33e+00 3.64e-12  1.15e+00     7s
   5  -7.86112935e+05 -9.22818165e+05  2.33e-01 3.64e-12  4.13e-01     7s
   6  -7.89651607e+05 -8.67273607e+05  1.35e-01 3.64e-12  2.25e-01     7s
   7  -7.92748048e+05 -8.42446873e+05  9.83e-02 3.64e-12  1.41e-01     7s
   8  -7.93566594e+05 -8.41577963e+05  9.01e-02 3.64e-12  1.36e-01     8s
   9  -7.96765481e+05 -8.30026435e+05  6.49e-02 3.64e-12  9.31e-02     8s
  10  -8.00740937e+05 -8.24615479e+05  3.71e-02 3.64e-12  6.59e-02     8s
  11  -8.02654801e+05 -8.19175570e+05  2.69e-02 1.93e-12  4.54e-02     8s
  12  -8.04878467e+05 -8.15412995e+05  1.70e-02 3.64e-12  2.88e-02     8s
  13  -8.05433437e+05 -8.14883809e+05  1.50e-02 3.64e-12  2.58e-02     8s
  14  -8.06865680e+05 -8.14097295e+05  1.09e-02 3.64e-12  1.97e-02     8s
  15  -8.07010884e+05 -8.13648376e+05  1.05e-02 3.64e-12  1.81e-02     8s
  16  -8.08109435e+05 -8.12861451e+05  7.23e-03 3.64e-12  1.29e-02     8s
  17  -8.08610923e+05 -8.12704532e+05  5.91e-03 3.64e-12  1.11e-02     8s
  18  -8.09294559e+05 -8.11958087e+05  4.33e-03 3.64e-12  7.26e-03     8s
  19  -8.09945391e+05 -8.11652786e+05  2.38e-03 3.64e-12  4.64e-03     8s
  20  -8.10423221e+05 -8.11497827e+05  1.20e-03 3.64e-12  2.91e-03     8s
  21  -8.10612033e+05 -8.11391868e+05  8.15e-04 3.64e-12  2.11e-03     9s
  22  -8.10752546e+05 -8.11312753e+05  5.49e-04 3.64e-12  1.52e-03     9s
  23  -8.10901630e+05 -8.11271447e+05  2.96e-04 3.64e-12  1.00e-03     9s
  24  -8.10955794e+05 -8.11216665e+05  2.08e-04 3.64e-12  7.05e-04     9s
  25  -8.11021573e+05 -8.11205880e+05  1.08e-04 3.64e-12  4.98e-04     9s
  26  -8.11064237e+05 -8.11145847e+05  4.20e-05 3.64e-12  2.20e-04     9s
  27  -8.11084785e+05 -8.11123988e+05  1.46e-05 3.64e-12  1.06e-04     9s
  28  -8.11087683e+05 -8.11113172e+05  1.10e-05 3.64e-12  6.88e-05     9s
  29  -8.11089093e+05 -8.11107805e+05  9.13e-06 1.82e-12  5.05e-05     9s
  30  -8.11095165e+05 -8.11097276e+05  1.15e-06 3.64e-12  5.70e-06     9s
  31  -8.11096315e+05 -8.11096321e+05  1.73e-09 3.64e-12  1.40e-08     9s
  32  -8.11096318e+05 -8.11096318e+05  1.30e-12 3.64e-12  1.66e-14     9s

Barrier solved model in 32 iterations and 9.28 seconds (7.37 work units)
Optimal objective -8.11096318e+05


Root crossover log...

    2957 DPushes remaining with DInf 0.0000000e+00                 9s
       0 DPushes remaining with DInf 0.0000000e+00                 9s

    4232 PPushes remaining with PInf 0.0000000e+00                 9s
       0 PPushes remaining with PInf 0.0000000e+00                 9s

  Push phase complete: Pinf 0.0000000e+00, Dinf 9.7884367e-11      9s


Root simplex log...

Iteration    Objective       Primal Inf.    Dual Inf.      Time
    7192   -8.1109632e+05   0.000000e+00   0.000000e+00      9s
Concurrent spin time: 0.00s

Solved with barrier

Root relaxation: objective -8.110963e+05, 7192 iterations, 3.11 seconds (1.78 work units)

    Nodes    |    Current Node    |     Objective Bounds      |     Work
 Expl Unexpl |  Obj  Depth IntInf | Incumbent    BestBd   Gap | It/Node Time

     0     0 -811096.32    0  202          - -811096.32      -     -   10s
H    0     0                    -352928.0000 -811096.32   130%     -   12s
H    0     0                    -803681.0000 -811096.32  0.92%     -   22s
     0     0 -811083.54    0  237 -803681.00 -811083.54  0.92%     -   26s
H    0     0                    -808185.0000 -811083.54  0.36%     -   48s
H    0     0                    -808211.0000 -811083.54  0.36%     -   51s
     0     0 -811083.54    0  272 -808211.00 -811083.54  0.36%     -   53s
H    0     0                    -808235.0000 -811083.54  0.35%     -   69s
     0     0 -811083.54    0  272 -808235.00 -811083.54  0.35%     -   70s
     0     0 -811083.54    0  195 -808235.00 -811083.54  0.35%     -   75s
     0     0 -811083.54    0  203 -808235.00 -811083.54  0.35%     -   75s
     0     0 -811083.54    0  177 -808235.00 -811083.54  0.35%     -   77s
     0     0 -811083.54    0  180 -808235.00 -811083.54  0.35%     -   78s
     0     0 -811083.54    0  183 -808235.00 -811083.54  0.35%     -   79s
     0     0 -811083.54    0  185 -808235.00 -811083.54  0.35%     -   79s
     0     0 -811083.54    0  184 -808235.00 -811083.54  0.35%     -   80s
     0     0 -811083.54    0  186 -808235.00 -811083.54  0.35%     -   81s
     0     0 -811083.54    0  185 -808235.00 -811083.54  0.35%     -   82s
     0     0 -811083.54    0  183 -808235.00 -811083.54  0.35%     -   83s
     0     2 -811059.00    0  177 -808235.00 -811059.00  0.35%     -   98s
     1     4 -811059.00    1  177 -808235.00 -811059.00  0.35%  1213  103s
     3     8 -811059.00    2  177 -808235.00 -811059.00  0.35%   797  111s
     7    14 -811059.00    3  209 -808235.00 -811059.00  0.35%   730  115s
    13    20 -811059.00    4  256 -808235.00 -811059.00  0.35%   481  128s
    19    26 -811059.00    4  259 -808235.00 -811059.00  0.35%   564  138s
    25    32 -811059.00    5  260 -808235.00 -811059.00  0.35%   546  144s
    31    39 -811059.00    6  263 -808235.00 -811059.00  0.35%   486  149s
H   38    45                    -808285.0000 -811059.00  0.34%   399  227s
H   41    45                    -808385.0000 -811059.00  0.33%   370  227s
    44    51 -811059.00    8  264 -808385.00 -811059.00  0.33%   360  237s
    50    59 -811059.00    9  276 -808385.00 -811059.00  0.33%   358  244s
    58    79 -811059.00    9  265 -808385.00 -811059.00  0.33%   311  261s
    78    85 -811059.00   11  270 -808385.00 -811059.00  0.33%   256  285s
    84   117 -811059.00   12  268 -808385.00 -811059.00  0.33%   245  313s
   116   149 -811058.07   16  274 -808385.00 -811059.00  0.33%   226  399s
   148   262 -811058.06   24  278 -808385.00 -811059.00  0.33%   205  485s
   261   378 -811046.14   40  260 -808385.00 -811059.00  0.33%   165  609s
   379   597 -811041.38   57  263 -808385.00 -811059.00  0.33%   192  797s
   602   768 -809520.55   72  208 -808385.00 -811059.00  0.33%   232  900s

Cutting planes:
  Cover: 2
  Clique: 21
  MIR: 1
  Zero half: 9
  RLT: 21

Explored 793 nodes (201019 simplex iterations) in 900.16 seconds (709.83 work units)
Thread count was 12 (of 12 available processors)

Solution count 8: -808385 -808285 -808235 ... -352928

Time limit reached
Best objective -8.083850000000e+05, best bound -8.110590000000e+05, gap 0.3308%
Solving with iLBBD1
Set parameter MIPGap to value 0
Set parameter TimeLimit to value 900
Solving with cLBBD1
Set parameter MIPGap to value 0
Set parameter TimeLimit to value 900
-540419.0 -534539.0
Gap 1.1000132824733089 %
-541423.0 -536983.0
Gap 0.8268418180836264 %
-805618.0 -795604.0
Gap 1.2586663717125606 %
-801758.0 -796603.0
Gap 0.6471228453822042 %
-805340.0 -799909.0
Gap 0.6789522308162553 %
-793842.0 -799909.0
Gap 0.7690776772256921 %
-799310.0 -799909.0
Gap 0.07543339571175628 %
-805191.0 -799909.0
Gap 0.6647972129364855 %
-800199.0 -799909.0
Gap 0.036944887146109384 %
-804591.0 -799909.0
Gap 0.5858651584163371 %
-804591.0 -799909.0
Gap 0.5858651584163371 %
-804591.0 -799909.0
Gap 0.5858651584163371 %
-804743.0 -799909.0
Gap 0.604619573714433 %
-805093.0 -799909.0
Gap 0.6481126095659121 %
-804988.0 -799909.0
Gap 0.6380933835030435 %
-806218.0 -800787.0
Gap 0.6782078130638984 %
-805191.0 -800787.0
Gap 0.5506651995598679 %
-805025.0 -800787.0
Gap 0.5324950117857555 %
-805983.0 -800787.0
Gap 0.6533219333098627 %
-804742.0 -800787.0
Gap 0.4946779902690398 %
-805961.0 -801395.0
Gap 0.5697564871255748 %
-804706.0 -801395.0
Gap 0.41381137650086297 %
-805141.0 -801395.0
Gap 0.47150456022696663 %
-804991.0 -801395.0
Gap 0.4527097118570666 %
-805191.0 -801395.0
Gap 0.4777679326593902 %
-805463.0 -801395.0
Gap 0.5141505141505142 %
-805028.0 -801395.0
Gap 0.4543538807674366 %
-805141.0 -801395.0
Gap 0.47150456022696663 %
-805241.0 -801395.0
Gap 0.4840305168278004 %
-804791.0 -801395.0
Gap 0.4247341346917488 %
-805241.0 -801395.0
Gap 0.48086420524874657 %
-804929.0 -801395.0
Gap 0.44154964684774284 %
-806176.0 -801395.0
Gap 0.600398088672054 %
-805818.0 -801395.0
Gap 0.5526076760367172 %
-805926.0 -801486.0
Gap 0.5539709988695998 %
-805133.0 -801486.0
Gap 0.45604487671657695 %
-805133.0 -801486.0
Gap 0.45604487671657695 %
-805228.0 -801486.0
Gap 0.4677523387616938 %
-806203.0 -801486.0
Gap 0.5889102102323305 %
-805408.0 -801486.0
Gap 0.4934916230992331 %
-806328.0 -801486.0
Gap 0.6045721235065183 %
Solving with iLBBD2p
Set parameter MIPGap to value 0
Set parameter TimeLimit to value 900
Solving with cLBBD2p
Set parameter MIPGap to value 0
Set parameter TimeLimit to value 900
-806268.0 -795605.0
Gap 1.3402379321396924 %
-804592.0 -799161.0
Gap 0.6795877176188527 %
-805092.0 -799661.0
Gap 0.6791627952344806 %
-798325.0 -799661.0
Gap 0.16750040746730857 %
-800086.0 -799661.0
Gap 0.05348232880935752 %
-800086.0 -799661.0
Gap 0.05348232880935752 %
-807646.0 -799661.0
Gap 1.0074184350634605 %
-803330.0 -799661.0
Gap 0.45967363046950854 %
-803054.0 -799661.0
Gap 0.42790986273589904 %
-800763.0 -799661.0
Gap 0.13928122294474884 %
-803180.0 -799661.0
Gap 0.4409636289589925 %
-802352.0 -799661.0
Gap 0.3375903251706142 %
-801972.0 -799661.0
Gap 0.2899634503015695 %
-808482.0 -803507.0
Gap 0.6191607540444576 %
-804227.0 -803507.0
Gap 0.09008422875388489 %
-803007.0 -803507.0
Gap 0.06265412915772801 %
-804250.0 -803507.0
Gap 0.09291367531735084 %
-804696.0 -803507.0
Gap 0.15029572485137915 %
-803654.0 -803507.0
Gap 0.018535611069920865 %
-804342.0 -803507.0
Gap 0.10445765211723776 %
-803815.0 -803507.0
Gap 0.03902513193155397 %
-803515.0 -803507.0
Gap 0.001014760966712035 %
-807290.0 -803507.0
Gap 0.47421941203311385 %
-803480.0 -803507.0
Gap 0.003382081232580716 %
-804416.0 -803507.0
Gap 0.11373005814120794 %
-803480.0 -803507.0
Gap 0.003382081232580716 %
-804129.0 -803507.0
Gap 0.07928414826900525 %
-803630.0 -803507.0
Gap 0.01540436456996149 %
-806097.0 -803507.0
Gap 0.32329657655138666 %
-808082.0 -803507.0
Gap 0.5696625729821805 %
-803892.0 -803507.0
Gap 0.048190237534061736 %
-803892.0 -803507.0
Gap 0.048190237534061736 %
-807990.0 -803507.0
Gap 0.56147549196425 %
-806171.0 -803507.0
Gap 0.3323332564043388 %
-806821.0 -803507.0
Gap 0.4183070555550647 %
-806119.0 -803507.0
Gap 0.32586740989054996 %
-808105.0 -803507.0
Gap 0.5728352980163802 %
-806171.0 -803507.0
Gap 0.3323332564043388 %
-805148.0 -803507.0
Gap 0.2062620193818424 %
-805971.0 -803507.0
Gap 0.3074600233340196 %
-806388.0 -803507.0
Gap 0.3613721857560907 %
-806095.0 -803507.0
Gap 0.3228828900763416 %
-805921.0 -803507.0
Gap 0.3012397751308721 %
-805654.0 -803507.0
Gap 0.26801050571223134 %
Solving with cLBBD4p
Set parameter MIPGap to value 0
Set parameter TimeLimit to value 900
-697452.0 -693012.0
Gap 0.640681546639885 %
-796543.0 -781963.0
Gap 1.8645383477223347 %
-801779.0 -791908.0
Gap 1.2464831773387817 %
-801779.0 -797196.0
Gap 0.5748899894128922 %
-796202.0 -797196.0
Gap 0.1255654550989807 %
-801813.0 -797196.0
Gap 0.5795460536390773 %
-800543.0 -797196.0
Gap 0.4209469860849792 %
-801333.0 -797196.0
Gap 0.5266608530709153 %
-800734.0 -797196.0
Gap 0.44470756518208754 %
-800784.0 -797196.0
Gap 0.4534946769987955 %
-800684.0 -797196.0
Gap 0.44091119962482095 %
-801800.0 -797196.0
Gap 0.5817442978571239 %
-800684.0 -797196.0
Gap 0.44091119962482095 %
-801085.0 -797196.0
Gap 0.49483659831330573 %
-804282.0 -799699.0
Gap 0.5730906253477871 %
-804606.0 -799699.0
Gap 0.6168780964904451 %
-805973.0 -799699.0
Gap 0.7873758822525426 %
-804208.0 -799699.0
Gap 0.5671277225966878 %
-804248.0 -799699.0
Gap 0.5721300114828468 %
-806423.0 -799699.0
Gap 0.8433737962105876 %
-804410.0 -799844.0
Gap 0.5708613179570016 %
-806353.0 -801787.0
Gap 0.5694779286768181 %
-804810.0 -801787.0
Gap 0.3777597832661038 %
-804773.0 -801787.0
Gap 0.3753029069007471 %
-804598.0 -801787.0
Gap 0.3533853207433789 %
-804610.0 -801787.0
Gap 0.35285559294238816 %

Time Output 
================================================================================
   instance  seed  num_patients         MIP     Network       iLBBD1      cLBBD1      iLBBD2p     cLBBD2p     cLBBD4p
0         0    42            80  900.069266  900.105599   920.841381  901.018549   949.759938  900.152319  900.167128
1         1   831            80  900.084165  900.246634  1491.767385  900.493704  1251.183445  901.669027  901.097375
2         2   306            80  900.093483  900.246199  1307.066104  900.037347  1297.656757  900.081336  901.133256
3         3   542            80  900.088750  900.201944   903.723640  900.139623   903.938128  900.088399  903.650919
4         4     1            80  900.167469  900.200223   900.285928  901.299396   900.273110  900.055926  900.098382

Objective Output 
================================================================================
   instance  seed  num_patients       MIP   Network    iLBBD1    cLBBD1   iLBBD2p   cLBBD2p   cLBBD4p
0         0    42            80 -957258.0 -959091.0 -959591.0 -948632.0 -959591.0 -957158.0 -955093.0
1         1   831            80 -830774.0 -832624.0 -833293.0 -829544.0 -833293.0 -830028.0 -827186.0
2         2   306            80 -801771.0 -803513.0 -803663.0 -800453.0 -803663.0 -798478.0 -801133.0
3         3   542            80 -892084.0 -892173.0 -892573.0 -889573.0 -892573.0 -889273.0 -890231.0
4         4     1            80 -806619.0 -808385.0 -809624.0 -805178.0 -809624.0 -805027.0 -804203.0

Gap Output 
================================================================================
   instance  seed  num_patients       MIP   Network    iLBBD1    cLBBD1   iLBBD2p   cLBBD2p   cLBBD4p
0         0    42            80  0.002371  0.000983  0.000000  0.012166  0.000000  0.002948  0.005397
1         1   831            80  0.003397  0.001125  0.000000  0.004568  0.000019  0.003980  0.007607
2         2   306            80  0.002452  0.001983  0.000045  0.004187  0.000011  0.006921  0.003248
3         3   542            80  0.000501  0.002840  0.000014  0.003439  0.000024  0.003772  0.002691
4         4     1            80  0.004427  0.003308  0.000049  0.005641  0.000050  0.005971  0.007148

Average Gap Output 
================================================================================
   num_patients      MIP   Network    iLBBD1  cLBBD1   iLBBD2p   cLBBD2p   cLBBD4p
0            80  0.00263  0.002048  0.000021   0.006  0.000021  0.004718  0.005218

Average Time Output 
================================================================================
   num_patients   MIP Network iLBBD1 cLBBD1 iLBBD2p cLBBD2p cLBBD4p
0            80  None    None   None   None    None    None    None
