
================================================================================ 
 Num patients 20 
================================================================================

================================================================================ 
Instance 0 
================================================================================
Solving with Network
Constructing nodes...
Done constructing nodes.
Number of Nodes:  4410
Constructing arcs...
Done constructing arcs.
Number of Arcs:  46710
Set parameter WLSAccessID
Set parameter WLSSecret
Set parameter LicenseID to value 938386
Academic license - for non-commercial use only - registered to mitchell.clark1@uq.net.au
Set parameter MIPGap to value 0
Set parameter TimeLimit to value 900
Gurobi Optimizer version 10.0.1 build v10.0.1rc0 (win64)

CPU model: AMD Ryzen 5 5625U with Radeon Graphics, instruction set [SSE2|AVX|AVX2]
Thread count: 6 physical cores, 12 logical processors, using up to 12 threads

Academic license - for non-commercial use only - registered to mitchell.clark1@uq.net.au
Optimize a model with 4765 rows, 47059 columns and 136444 nonzeros
Model fingerprint: 0xb5cb9e91
Variable types: 0 continuous, 47059 integer (47044 binary)
Coefficient statistics:
  Matrix range     [1e+00, 5e+00]
  Objective range  [6e+02, 3e+04]
  Bounds range     [1e+00, 1e+00]
  RHS range        [1e+00, 5e+00]
Presolve removed 2105 rows and 6110 columns
Presolve time: 1.84s
Presolved: 2660 rows, 40949 columns, 119869 nonzeros
Variable types: 0 continuous, 40949 integer (40949 binary)
Found heuristic solution: objective -60534.00000
Found heuristic solution: objective -90044.00000
Found heuristic solution: objective -136614.0000
Deterministic concurrent LP optimizer: primal and dual simplex
Showing first log only...

Concurrent spin time: 0.09s

Solved with primal simplex
Extra simplex iterations after uncrush: 13

Root relaxation: objective -3.145772e+05, 10675 iterations, 0.80 seconds (0.36 work units)

    Nodes    |    Current Node    |     Objective Bounds      |     Work
 Expl Unexpl |  Obj  Depth IntInf | Incumbent    BestBd   Gap | It/Node Time

     0     0 -314577.18    0   54 -136614.00 -314577.18   130%     -    3s
H    0     0                    -310317.0000 -314577.18  1.37%     -    3s
H    0     0                    -311521.0000 -314577.18  0.98%     -    4s
     0     0 -314517.33    0   94 -311521.00 -314517.33  0.96%     -    5s
H    0     0                    -312369.0000 -314517.33  0.69%     -    8s
H    0     0                    -312419.0000 -314517.33  0.67%     -    8s
     0     0 -314517.33    0   96 -312419.00 -314517.33  0.67%     -    8s
     0     0 -314504.03    0   78 -312419.00 -314504.03  0.67%     -    9s
     0     0 -314503.28    0  113 -312419.00 -314503.28  0.67%     -    9s
     0     0 -314503.28    0  104 -312419.00 -314503.28  0.67%     -    9s
     0     0 -314503.28    0  111 -312419.00 -314503.28  0.67%     -    9s
     0     0 -314503.28    0  114 -312419.00 -314503.28  0.67%     -   10s
     0     0 -314503.28    0  105 -312419.00 -314503.28  0.67%     -   10s
     0     0 -314503.28    0  108 -312419.00 -314503.28  0.67%     -   10s
     0     0 -314503.28    0  101 -312419.00 -314503.28  0.67%     -   10s
     0     0 -314503.28    0  110 -312419.00 -314503.28  0.67%     -   10s
     0     0 -314503.28    0  102 -312419.00 -314503.28  0.67%     -   10s
     0     0 -314503.28    0  105 -312419.00 -314503.28  0.67%     -   11s
     0     0 -314503.28    0   96 -312419.00 -314503.28  0.67%     -   11s
     0     0 -314503.28    0   92 -312419.00 -314503.28  0.67%     -   11s
     0     0 -314259.79    0   42 -312419.00 -314259.79  0.59%     -   14s
     0     0 -314259.79    0   74 -312419.00 -314259.79  0.59%     -   15s
     0     0 -314259.79    0   95 -312419.00 -314259.79  0.59%     -   17s
     0     0 -314259.79    0   96 -312419.00 -314259.79  0.59%     -   17s
     0     0 -314259.79    0  118 -312419.00 -314259.79  0.59%     -   17s
     0     0 -314259.79    0  124 -312419.00 -314259.79  0.59%     -   18s
     0     0 -314259.79    0  128 -312419.00 -314259.79  0.59%     -   18s
     0     0 -314259.79    0  129 -312419.00 -314259.79  0.59%     -   18s
     0     0 -314259.79    0   80 -312419.00 -314259.79  0.59%     -   18s
     0     0 -314259.79    0  112 -312419.00 -314259.79  0.59%     -   18s
     0     0 -314259.79    0   80 -312419.00 -314259.79  0.59%     -   18s
     0     0 -314259.79    0   97 -312419.00 -314259.79  0.59%     -   19s
     0     0 -314259.79    0   86 -312419.00 -314259.79  0.59%     -   19s
     0     0 -314259.79    0   85 -312419.00 -314259.79  0.59%     -   19s
     0     0 -314259.79    0   77 -312419.00 -314259.79  0.59%     -   19s
     0     0 -314259.79    0  102 -312419.00 -314259.79  0.59%     -   19s
     0     0 -314259.79    0   83 -312419.00 -314259.79  0.59%     -   19s
     0     0 -314259.79    0   82 -312419.00 -314259.79  0.59%     -   20s
     0     2 -314259.79    0   81 -312419.00 -314259.79  0.59%     -   22s
    25    32 -314259.79    6   73 -312419.00 -314259.79  0.59%  79.6   25s
    77    82 -314259.79   12   76 -312419.00 -314259.79  0.59%  62.3   33s
   106   118 -314259.79   15   74 -312419.00 -314259.79  0.59%  54.8   35s
   344   345 -312820.72   32  103 -312419.00 -314259.79  0.59%  28.6   40s
   845   819 -312875.07   34  111 -312419.00 -314259.79  0.59%  15.9   45s
  1776  1615 -312808.88  183   98 -312419.00 -314259.79  0.59%   9.9   50s
  2802  2465 -312808.88  392   90 -312419.00 -314259.79  0.59%   7.4   55s
  3732  3053 -312698.38  616   97 -312419.00 -314259.79  0.59%   6.8   60s
  3944  3054 -313115.00  232   92 -312419.00 -314259.79  0.59%   6.8   80s
  3947  3056 -312733.00  244  124 -312419.00 -314259.79  0.59%   6.8   87s
  3949  3057 -312988.17  412  130 -312419.00 -314259.79  0.59%   6.8   90s
  3955  3061 -312689.62  387   90 -312419.00 -314259.79  0.59%   6.8   95s
  3963  3074 -314198.19   18   84 -312419.00 -314198.19  0.57%   9.8  100s
  4029  3118 -314195.86   23   82 -312419.00 -314198.19  0.57%  10.4  105s
  4127  3180 -314198.19   28  126 -312419.00 -314198.19  0.57%  11.1  110s
  4220  3236 -312684.00   31  134 -312419.00 -314198.19  0.57%  11.5  115s
  4478  3343 -312597.00   37   70 -312419.00 -314198.19  0.57%  11.9  122s
  4513  3358     cutoff   38      -312419.00 -314198.19  0.57%  12.0  127s
  4548  3367 -313452.11   41  117 -312419.00 -314198.19  0.57%  12.1  130s
  4698  3421 -312558.47   50  154 -312419.00 -314198.19  0.57%  12.3  137s
  4758  3451 -313138.83   33  156 -312419.00 -314198.19  0.57%  12.6  144s
  4799  3480 -312952.13   38   93 -312419.00 -314198.19  0.57%  12.8  147s
  4850  3507 -312609.07   47  129 -312419.00 -314198.19  0.57%  12.9  150s
  5044  3598 -313771.21   32  130 -312419.00 -314198.19  0.57%  13.2  156s
  5210  3697     cutoff  240      -312419.00 -314198.19  0.57%  13.5  161s
  5707  3752 -312977.00   51  116 -312419.00 -314198.19  0.57%  13.3  167s
  6064  3892 -312903.50   86  102 -312419.00 -314198.19  0.57%  13.0  171s
  6338  3825     cutoff   27      -312419.00 -314198.19  0.57%  13.2  175s
  6746  3856 -312650.40   32  168 -312419.00 -313893.81  0.47%  13.7  180s
  6943  3860 -313071.16   26   65 -312419.00 -313622.70  0.39%  14.5  185s
  7055  4125 -312742.00   38  175 -312419.00 -313452.11  0.33%  14.7  191s
  7691  4190 -313255.52   46  158 -312419.00 -313332.80  0.29%  14.2  197s
  8571  5295 -312733.00  159   82 -312419.00 -313332.80  0.29%  13.3  202s
 10274  5604 -312727.44  494   68 -312419.00 -313308.54  0.28%  11.9  206s
 11434  6599 -312675.08   75   68 -312419.00 -313271.46  0.27%  11.9  212s
 12518  6239 -313065.00  490   92 -312419.00 -313271.46  0.27%  11.5  236s
 12521  6241 -312949.00  263   82 -312419.00 -313271.46  0.27%  11.5  242s
 12524  6243 -312750.11  141   87 -312419.00 -313271.46  0.27%  11.5  246s
 12531  6248 -313115.00   81  155 -312419.00 -313271.46  0.27%  11.5  250s
 12540  6254 -313070.47  112  188 -312419.00 -313271.46  0.27%  11.4  261s
 12544  6258 -313065.00  107  146 -312419.00 -313271.46  0.27%  12.4  267s
 12550  6262 -313115.00  258  295 -312419.00 -313271.46  0.27%  12.4  270s
 12557  6267 -312794.14  121  274 -312419.00 -313271.46  0.27%  12.4  282s
 12560  6273 -313271.46   36  360 -312419.00 -313271.46  0.27%  13.2  285s
 12620  6277     cutoff   42      -312419.00 -313271.46  0.27%  13.8  290s
 12689  6282 -312987.52   49  117 -312419.00 -313271.46  0.27%  14.3  295s
 12837  6306 -312873.83   62   62 -312419.00 -313271.46  0.27%  14.9  300s
 13040  6296 -312834.56  107   54 -312419.00 -313271.46  0.27%  15.1  305s
 13657  6348 -312759.34  197   45 -312419.00 -313271.46  0.27%  15.1  310s
 14015  6411 -312556.12  226   76 -312419.00 -313271.46  0.27%  15.0  315s
 14409  6680     cutoff  255      -312419.00 -313271.46  0.27%  14.7  320s
 16261  7745 -313004.65  231   77 -312419.00 -313271.46  0.27%  13.8  326s
 16865  7771 -312974.00  359   56 -312419.00 -313271.46  0.27%  13.4  330s
 18666  8633 -312873.29  633   88 -312419.00 -313271.46  0.27%  12.5  335s
 20346  9499 -312852.45  726   77 -312419.00 -313271.46  0.27%  11.8  340s
 21258 10784 -313078.28   57  115 -312419.00 -313271.46  0.27%  11.5  345s
 24009 11848 -312942.64  207   99 -312419.00 -313270.03  0.27%  11.0  351s
 24894 13474 -313049.92   92   83 -312419.00 -313265.60  0.27%  10.8  355s
 26867 15271 -312945.80  442   80 -312419.00 -313264.20  0.27%  10.2  365s
 31594 16368 -313115.00  652   58 -312419.00 -313263.40  0.27%   9.2  370s
 34503 19067 infeasible 1162      -312419.00 -313256.00  0.27%   8.8  376s
 36329 20307 -312895.80  199   55 -312419.00 -313256.00  0.27%   8.7  380s
 38007 22418 -312933.00  318   52 -312419.00 -313254.20  0.27%   8.5  386s
 40232 23237 -312833.00  374   92 -312419.00 -313254.20  0.27%   8.3  531s
 40235 23239 -313115.00  602  136 -312419.00 -313254.20  0.27%   8.3  536s
 40241 23243 -313081.16   78  380 -312419.00 -313254.20  0.27%   8.3  540s
 40242 23244 -313065.00  629  384 -312419.00 -313254.20  0.27%   8.3  545s
 40244 23245 -313115.00  300  285 -312419.00 -313254.20  0.27%   8.3  550s
 40246 23246 -313065.00  195  371 -312419.00 -313254.20  0.27%   8.3  555s
 40248 23248 -313115.00  156  326 -312419.00 -313254.20  0.27%   8.3  568s
 40249 23251 -313254.20   49  349 -312419.00 -313254.20  0.27%   8.5  572s
 40279 23254 -312538.70   53  142 -312419.00 -313254.20  0.27%   8.7  575s
 40355 23233     cutoff   61      -312419.00 -313254.20  0.27%   8.9  580s
 40477 23257 -312886.81   72   58 -312419.00 -313254.20  0.27%   9.0  586s
 40494 23257 -312885.25   74   66 -312419.00 -313254.20  0.27%   9.1  590s
 40867 23229 -312744.90  114   65 -312419.00 -313254.20  0.27%   9.2  595s
 41382 23261 -312589.62  193   98 -312419.00 -313254.20  0.27%   9.3  600s
 42461 23681 -313156.00  147   36 -312419.00 -313254.20  0.27%   9.2  605s
 44595 25269 -313075.43  460   58 -312419.00 -313254.20  0.27%   9.1  610s
 46663 26251 -312845.80  619   71 -312419.00 -313254.20  0.27%   8.9  615s
 49741 27520     cutoff   85      -312419.00 -313244.20  0.26%   8.8  620s
 51842 28488 -312869.77  421   52 -312419.00 -313242.25  0.26%   8.8  626s
 52934 30143     cutoff  107      -312419.00 -313234.20  0.26%   8.8  635s
 58088 30338 -312971.00  533   50 -312419.00 -313234.20  0.26%   8.6  640s
 60821 31487 -312924.00  325   49 -312419.00 -313234.20  0.26%   8.5  645s
 64218 31921 -313065.00  243   47 -312419.00 -313234.20  0.26%   8.5  650s
 65845 33715 -312903.75  348   63 -312419.00 -313234.20  0.26%   8.5  660s
 69666 34247     cutoff   78      -312419.00 -313234.20  0.26%   8.4  665s
 72904 34514 -312924.00  190   59 -312419.00 -313234.20  0.26%   8.4  670s
 75748 36856 -312924.00  177   58 -312419.00 -313234.20  0.26%   8.2  676s
 79046 38785 -313065.00  293   62 -312419.00 -313234.20  0.26%   8.1  686s
 81901 39384 -313020.47  146   43 -312419.00 -313234.20  0.26%   8.0  690s
 84738 40017     cutoff  154      -312419.00 -313234.20  0.26%   8.1  696s
 86931 41783 -312965.00  177   59 -312419.00 -313234.20  0.26%   8.1  702s
 88313 42273 -313056.66  211   43 -312419.00 -313234.20  0.26%   8.1  705s
 91746 43532 -313141.91  180   46 -312419.00 -313218.82  0.26%   8.0  715s
 92268 45054 -312988.09  329   57 -312419.00 -313218.82  0.26%   8.1  720s
 96183 45986 -312877.00  527   48 -312419.00 -313218.82  0.26%   8.0  726s
 98280 46555 -313015.00  221   53 -312419.00 -313218.82  0.26%   7.9  731s
 99207 47592 infeasible  114      -312419.00 -313218.82  0.26%   7.9  735s
 102152 48138 -313206.00  211   49 -312419.00 -313218.82  0.26%   8.0  740s
 104387 49197 -313065.00  326   50 -312419.00 -313218.82  0.26%   8.1  751s
 106508 50673 -313065.00  391   52 -312419.00 -313218.82  0.26%   8.1  756s
 108635 51150 -312971.00  516   49 -312419.00 -313218.82  0.26%   8.1  760s
 112401 52614 -312954.65  182   46 -312419.00 -313218.82  0.26%   8.1  766s
 114000 54915 -313195.15  142   64 -312419.00 -313218.82  0.26%   8.1  770s
 117901 57903 -312895.80  473   57 -312419.00 -313218.82  0.26%   8.0  780s
 121025 60366 -313213.27  181   59 -312419.00 -313218.82  0.26%   8.0  786s
 123501 62478     cutoff  138      -312419.00 -313218.82  0.26%   8.0  791s
 125275 64244 -313089.17  255   60 -312419.00 -313218.82  0.26%   8.0  795s
 129726 67630 -312988.09  429   67 -312419.00 -313215.03  0.25%   7.9  801s
 130665 69255 -312773.13  600   64 -312419.00 -313214.29  0.25%   7.9  809s
 132807 69374 -312790.92  414   52 -312419.00 -313212.13  0.25%   7.8  810s
 135203 72250 -312725.75  409   58 -312419.00 -313209.44  0.25%   7.8  815s
 138468 74820 -313021.00  558   70 -312419.00 -313209.44  0.25%   7.7  820s
 141538 77877 -313015.00  146   69 -312419.00 -313209.00  0.25%   7.7  826s
 143736 79334     cutoff  140      -312419.00 -313209.00  0.25%   7.6  834s
 144423 80719 -313206.00  140   53 -312419.00 -313209.00  0.25%   7.6  837s
 147141 82123 -313015.00  191   69 -312419.00 -313206.00  0.25%   7.6  841s
 149974 83106 -313185.86  197   41 -312419.00 -313206.00  0.25%   7.7  845s
 152464 84837 -312988.09  744   58 -312419.00 -313206.00  0.25%   7.7  850s
 154517 87130 -313201.45  321   57 -312419.00 -313206.00  0.25%   7.8  856s
 156387 87455 infeasible  154      -312419.00 -313206.00  0.25%   7.7  863s
 157214 89820     cutoff  202      -312419.00 -313206.00  0.25%   7.8  868s
 160104 90432 -312944.14  690   44 -312419.00 -313206.00  0.25%   7.7  870s
 162337 92715 -312465.17  131   73 -312419.00 -313206.00  0.25%   7.7  875s
 165299 94326 -312924.00  587   62 -312419.00 -313206.00  0.25%   7.7  880s
 167432 96512 -312895.80  349   69 -312419.00 -313206.00  0.25%   7.7  886s
 169023 97255 -312642.00  599   74 -312419.00 -313206.00  0.25%   7.7  894s
 170454 97880 -313065.00  337   45 -312419.00 -313206.00  0.25%   7.7  896s
 172453 99278 -312925.80  119   66 -312419.00 -313206.00  0.25%   7.7  900s

Cutting planes:
  Gomory: 7
  Cover: 5
  Clique: 139
  MIR: 5
  Flow cover: 7
  Zero half: 25
  RLT: 8

Explored 173331 nodes (1358128 simplex iterations) in 900.15 seconds (573.08 work units)
Thread count was 12 (of 12 available processors)

Solution count 7: -312419 -312369 -311521 ... -60534

Time limit reached
Best objective -3.124190000000e+05, best bound -3.132060000000e+05, gap 0.2519%

================================================================================ 
Instance 1 
================================================================================
Solving with Network
Constructing nodes...
Done constructing nodes.
Number of Nodes:  3630
Constructing arcs...
Done constructing arcs.
Number of Arcs:  30330
Set parameter MIPGap to value 0
Set parameter TimeLimit to value 900
Gurobi Optimizer version 10.0.1 build v10.0.1rc0 (win64)

CPU model: AMD Ryzen 5 5625U with Radeon Graphics, instruction set [SSE2|AVX|AVX2]
Thread count: 6 physical cores, 12 logical processors, using up to 12 threads

Academic license - for non-commercial use only - registered to mitchell.clark1@uq.net.au
Optimize a model with 3985 rows, 30680 columns and 88085 nonzeros
Model fingerprint: 0x4183606d
Variable types: 0 continuous, 30680 integer (30665 binary)
Coefficient statistics:
  Matrix range     [1e+00, 5e+00]
  Objective range  [3e+02, 2e+04]
  Bounds range     [1e+00, 1e+00]
  RHS range        [1e+00, 5e+00]
Found heuristic solution: objective -20875.00000
Presolve removed 2615 rows and 13692 columns
Presolve time: 0.58s
Presolved: 1370 rows, 16988 columns, 49274 nonzeros
Variable types: 0 continuous, 16988 integer (16988 binary)

Root relaxation: objective -1.903860e+05, 9274 iterations, 0.48 seconds (0.61 work units)

    Nodes    |    Current Node    |     Objective Bounds      |     Work
 Expl Unexpl |  Obj  Depth IntInf | Incumbent    BestBd   Gap | It/Node Time

     0     0 -190386.04    0   47 -20875.000 -190386.04   812%     -    1s
H    0     0                    -181200.0000 -190386.04  5.07%     -    1s
H    0     0                    -184409.0000 -190386.04  3.24%     -    1s
     0     0 -190386.04    0   82 -184409.00 -190386.04  3.24%     -    1s
H    0     0                    -184786.0000 -190386.04  3.03%     -    1s
H    0     0                    -184803.0000 -190386.04  3.02%     -    1s
     0     0 -190382.15    0   46 -184803.00 -190382.15  3.02%     -    1s
H    0     0                    -187135.0000 -190382.15  1.74%     -    1s
     0     0 -190374.48    0   59 -187135.00 -190374.48  1.73%     -    2s
     0     0 -190374.48    0   45 -187135.00 -190374.48  1.73%     -    2s
     0     0 -190374.48    0   65 -187135.00 -190374.48  1.73%     -    2s
     0     0 -190374.48    0   52 -187135.00 -190374.48  1.73%     -    2s
     0     0 -190373.97    0   52 -187135.00 -190373.97  1.73%     -    2s
     0     2 -190373.97    0   52 -187135.00 -190373.97  1.73%     -    2s
H   31    38                    -187712.0000 -190338.08  1.40%  90.7    5s
H   33    38                    -187889.0000 -190338.08  1.30%  91.5    5s
H   79    81                    -187912.0000 -190338.08  1.29%   119    6s
  1138  1055 -189504.70    5   50 -187912.00 -190322.51  1.28%  17.0   10s
  1313  1197 -188907.50  127  141 -187912.00 -189942.08  1.08%  16.4   15s
  2728  1767 -188895.83   50   59 -187912.00 -189172.89  0.67%  21.8   20s
  4723  2650 -188875.67  297   41 -187912.00 -189128.61  0.65%  16.8   25s
* 5932  3436              62    -187989.0000 -189127.29  0.61%  15.0   26s
 12353 10002 -188891.90   91   36 -187989.00 -189120.44  0.60%  11.0   30s
 18086 12727 -188554.53   68   46 -187989.00 -189096.10  0.59%  11.0   35s
 23128 14514 infeasible   77      -187989.00 -189038.12  0.56%  11.7   40s
 26964 15377 -188206.85   71   52 -187989.00 -188977.74  0.53%  12.9   58s
 26976 15385 -188852.35   70  289 -187989.00 -188977.74  0.53%  12.9   60s
 26996 15398 -188665.00  156  286 -187989.00 -188977.74  0.53%  12.9   65s
 27018 15413 -188926.07  111  399 -187989.00 -188977.74  0.53%  12.9   70s
 27038 15427 -188902.31   50  310 -187989.00 -188977.74  0.53%  13.1   75s
 27057 15440 -188675.67  149  319 -187989.00 -188977.74  0.53%  13.1   80s
 27074 15451 -188552.67   49  288 -187989.00 -188977.74  0.53%  13.1   85s
 27588 15587     cutoff   62      -187989.00 -188977.74  0.53%  14.2   90s
 29455 15799 -188540.89   56  191 -187989.00 -188937.45  0.50%  15.4   95s
 32179 16296     cutoff   69      -187989.00 -188754.53  0.41%  16.2  100s
 36931 17057 -188118.65   93   53 -187989.00 -188528.04  0.29%  17.3  106s
 41535 19674 -188105.33   88   41 -187989.00 -188482.86  0.26%  17.2  111s
 46307 21944 -188297.95   78   65 -187989.00 -188463.35  0.25%  16.9  115s
 55233 23162     cutoff   90      -187989.00 -188444.81  0.24%  16.7  120s
 61927 23949 -188004.40   85   39 -187989.00 -188439.36  0.24%  17.2  125s
 64657 25378 -188046.56  117   74 -187989.00 -188432.80  0.24%  17.4  130s
 71726 26295 -188346.72   81   78 -187989.00 -188420.81  0.23%  18.1  136s
 77216 29340 -188166.27  141   49 -187989.00 -188412.00  0.23%  18.2  140s
 82137 31649 -188130.20  104   41 -187989.00 -188404.97  0.22%  18.6  145s
 86359 33383     cutoff   82      -187989.00 -188398.52  0.22%  18.7  150s
 92273 36170 -188300.16   97   59 -187989.00 -188390.33  0.21%  19.1  155s
 96744 38263 -188000.50   83   36 -187989.00 -188384.01  0.21%  19.3  160s
 99648 40374 -188331.52   89   83 -187989.00 -188382.33  0.21%  19.4  165s
 109429 44828 -188226.55   70   77 -187989.00 -188374.04  0.20%  19.2  170s
 118159 49073 -188105.33  119   46 -187989.00 -188367.99  0.20%  19.1  175s
 124477 52432 -188086.85   84   66 -187989.00 -188364.63  0.20%  19.1  181s
 131349 55647 -188151.00   82   46 -187989.00 -188360.87  0.20%  19.0  185s
 139845 59995 -188047.52  142   46 -187989.00 -188356.71  0.20%  18.9  190s
 145576 63598 -188147.08  121   61 -187989.00 -188354.80  0.19%  18.8  195s
 154677 68107     cutoff   91      -187989.00 -188350.06  0.19%  18.7  200s
 161387 72110 -188029.24  111   58 -187989.00 -188348.74  0.19%  18.6  206s
 166306 73987     cutoff   96      -187989.00 -188346.84  0.19%  18.6  210s
 174260 77023 -188308.06   73   63 -187989.00 -188341.90  0.19%  18.6  216s
 178177 77933 -188096.22   84   73 -187989.00 -188340.50  0.19%  18.6  220s
 185164 81804     cutoff  134      -187989.00 -188339.95  0.19%  18.5  225s
 191610 84426 -188225.45   88   79 -187989.00 -188336.59  0.18%  18.5  230s
 196853 86855 -188205.17   71   51 -187989.00 -188334.00  0.18%  18.5  235s
 201600 89927 -188143.00  117   55 -187989.00 -188333.40  0.18%  18.5  241s
 207702 92816 -188246.50   91   53 -187989.00 -188330.77  0.18%  18.4  245s
 214345 95146 -188067.14  151   41 -187989.00 -188328.78  0.18%  18.4  250s
 220151 97356 -188282.57   93   71 -187989.00 -188328.78  0.18%  18.3  257s
 222705 98719 -188078.52  136   37 -187989.00 -188328.78  0.18%  18.3  260s
 229448 101641     cutoff   84      -187989.00 -188326.67  0.18%  18.3  265s
 233876 103505 -188114.00  148   36 -187989.00 -188325.59  0.18%  18.2  270s
 239338 106532 -188206.73   95   69 -187989.00 -188322.21  0.18%  18.3  276s
 244033 108670     cutoff  114      -187989.00 -188321.20  0.18%  18.2  280s
 253413 111621     cutoff  118      -187989.00 -188317.67  0.17%  18.2  286s
 257160 113906 -188094.07  115   66 -187989.00 -188316.51  0.17%  18.3  291s
 263257 115863 -188079.35   94   60 -187989.00 -188315.30  0.17%  18.3  295s
 269417 117914 -188177.25  106   44 -187989.00 -188313.75  0.17%  18.3  300s
 274528 121053 -188237.10   77   66 -187989.00 -188311.57  0.17%  18.4  307s
 279632 121656 -188003.40  109   40 -187989.00 -188309.38  0.17%  18.4  310s
 286136 124476 -188165.82   75   89 -187989.00 -188307.85  0.17%  18.4  315s
 292454 126926 -188158.62   99   66 -187989.00 -188306.43  0.17%  18.4  321s
 298488 129322 -188014.20   78   33 -187989.00 -188305.31  0.17%  18.4  325s
 304221 131719 -188151.73   78   68 -187989.00 -188304.16  0.17%  18.4  330s
 308530 133679 -188270.07   83   79 -187989.00 -188302.49  0.17%  18.4  335s
 314327 136840 -188124.52  101   54 -187989.00 -188301.53  0.17%  18.4  342s
 318919 137949 -188173.21   67   37 -187989.00 -188300.28  0.17%  18.4  345s
 325488 140792 -188108.46   89   37 -187989.00 -188298.02  0.16%  18.4  351s
 331110 142243 -188093.14  164   55 -187989.00 -188296.86  0.16%  18.5  356s
 336652 144332 -188101.00   94   82 -187989.00 -188296.69  0.16%  18.4  360s
 341520 145800     cutoff   85      -187989.00 -188294.80  0.16%  18.5  365s
 347230 147282     cutoff  109      -187989.00 -188292.68  0.16%  18.5  371s
 351148 148577 -188174.44  119   66 -187989.00 -188291.73  0.16%  18.5  375s
 356680 149568     cutoff  101      -187989.00 -188289.59  0.16%  18.6  381s
 360130 150932 infeasible   94      -187989.00 -188288.15  0.16%  18.7  386s
 364614 151691 -188260.45   99   53 -187989.00 -188286.67  0.16%  18.7  392s
 367701 151817 infeasible  150      -187989.00 -188285.82  0.16%  18.8  397s
 370374 152857 -188227.17   76   56 -187989.00 -188285.30  0.16%  18.8  401s
 372726 153242 -188054.00   94   62 -187989.00 -188284.21  0.16%  18.8  405s
 379119 154079     cutoff   72      -187989.00 -188281.94  0.16%  18.9  410s
 379721 154512 -188173.51   93   77 -187989.00 -188281.74  0.16%  18.9  415s
 384710 155462     cutoff   69      -187989.00 -188280.31  0.15%  19.0  422s
 388317 155749     cutoff   89      -187989.00 -188278.91  0.15%  19.0  425s
 393290 156906 -188156.90  124   45 -187989.00 -188277.02  0.15%  19.1  431s
 395676 157491 -188116.22  103   52 -187989.00 -188276.31  0.15%  19.1  435s
 401287 158164 -188050.61   69   53 -187989.00 -188274.00  0.15%  19.2  440s
 403952 158423 -188162.09  106   53 -187989.00 -188272.92  0.15%  19.3  445s
 408176 159250 infeasible   81      -187989.00 -188272.29  0.15%  19.3  452s
 410639 159150 -188187.10   77   43 -187989.00 -188271.25  0.15%  19.4  455s
 414163 159701     cutoff   69      -187989.00 -188269.43  0.15%  19.5  461s
 418212 159807     cutoff  123      -187989.00 -188267.14  0.15%  19.6  465s
 421946 160029 -188089.31  118   54 -187989.00 -188266.09  0.15%  19.7  470s
 425781 160029 -188050.36   69   65 -187989.00 -188264.73  0.15%  19.8  477s
 428550 159904 -188154.08  100   67 -187989.00 -188263.15  0.15%  19.9  480s
 432272 159990 infeasible   93      -187989.00 -188261.98  0.15%  20.0  485s
 436927 160144 infeasible   95      -187989.00 -188260.45  0.14%  20.1  492s
 439135 160143 -188107.62  115   61 -187989.00 -188259.12  0.14%  20.2  495s
 443670 160306 -188000.50   85   23 -187989.00 -188257.68  0.14%  20.3  504s
 446962 160129     cutoff   98      -187989.00 -188256.40  0.14%  20.4  506s
 450048 159851 -188083.38  109   62 -187989.00 -188254.93  0.14%  20.5  512s
 452329 159729 infeasible   90      -187989.00 -188253.96  0.14%  20.5  515s
 456678 159576 infeasible  109      -187989.00 -188251.36  0.14%  20.7  520s
 459678 158719     cutoff   88      -187989.00 -188250.23  0.14%  20.8  525s
 464453 158053     cutoff   87      -187989.00 -188247.96  0.14%  21.0  531s
 467733 157472     cutoff   85      -187989.00 -188245.60  0.14%  21.1  537s
 470266 157159 -188082.04   76  100 -187989.00 -188244.21  0.14%  21.2  540s
 475211 156370     cutoff   97      -187989.00 -188241.69  0.13%  21.3  547s
 479172 155404 -188132.84   82   81 -187989.00 -188240.44  0.13%  21.4  552s
 481740 154476 -188100.69  113   76 -187989.00 -188239.53  0.13%  21.5  555s
 485642 152990 infeasible   77      -187989.00 -188239.40  0.13%  21.7  561s
 487010 152615 infeasible   91      -187989.00 -188239.40  0.13%  21.7  565s
 492534 151635     cutoff   97      -187989.00 -188235.94  0.13%  21.9  573s
 495317 151034 -188052.04   94   70 -187989.00 -188234.19  0.13%  22.0  577s
 496937 150493     cutoff   83      -187989.00 -188233.43  0.13%  22.0  581s
 500124 149851 infeasible  113      -187989.00 -188231.09  0.13%  22.1  585s
 505298 148245 -188147.47   87  106 -187989.00 -188228.78  0.13%  22.3  592s
 508452 147927     cutoff   89      -187989.00 -188227.14  0.13%  22.4  595s
 513073 146622     cutoff  141      -187989.00 -188224.37  0.13%  22.5  603s
 515982 145836 -187996.77   86   61 -187989.00 -188223.43  0.12%  22.6  608s
 519467 145144     cutoff   81      -187989.00 -188220.82  0.12%  22.7  611s
 521060 144390     cutoff  131      -187989.00 -188219.78  0.12%  22.7  615s
 525169 143653 -188165.24   92   81 -187989.00 -188217.74  0.12%  22.8  622s
 527076 142141     cutoff  121      -187989.00 -188215.98  0.12%  22.9  625s
 530680 141466 infeasible   96      -187989.00 -188214.75  0.12%  22.9  630s
 535755 139749 -188070.22   87   81 -187989.00 -188212.09  0.12%  23.0  638s
 539606 138264 -188087.26   92  103 -187989.00 -188209.52  0.12%  23.1  642s
 542184 137283 -188049.50   81   63 -187989.00 -188208.46  0.12%  23.1  647s
 546556 136543     cutoff   77      -187989.00 -188206.62  0.12%  23.2  651s
 548388 135174 infeasible   94      -187989.00 -188205.41  0.12%  23.3  657s
 552942 134133     cutoff   98      -187989.00 -188202.25  0.11%  23.3  661s
 555079 132958     cutoff  153      -187989.00 -188201.24  0.11%  23.4  667s
 559488 131659 infeasible  107      -187989.00 -188198.22  0.11%  23.5  673s
 564049 130726 infeasible   79      -187989.00 -188195.54  0.11%  23.6  677s
 566184 129532     cutoff  106      -187989.00 -188194.31  0.11%  23.6  682s
 569959 127509 -188118.21   81   87 -187989.00 -188192.26  0.11%  23.7  688s
 574712 126023     cutoff  107      -187989.00 -188189.16  0.11%  23.7  692s
 577669 124634     cutoff  109      -187989.00 -188188.76  0.11%  23.8  697s
 580741 123250     cutoff   96      -187989.00 -188186.17  0.10%  23.8  702s
 583963 122235 -188078.25  100   75 -187989.00 -188184.14  0.10%  23.9  706s
 586937 120780 infeasible  110      -187989.00 -188183.01  0.10%  24.0  714s
 592348 119210 -188075.69   94   63 -187989.00 -188180.13  0.10%  24.0  719s
 595431 117598 infeasible   89      -187989.00 -188178.21  0.10%  24.1  725s
 600234 115837     cutoff  119      -187989.00 -188175.86  0.10%  24.2  732s
 605560 114846     cutoff   76      -187989.00 -188172.00  0.10%  24.2  737s
 608199 113023     cutoff  105      -187989.00 -188170.85  0.10%  24.2  745s
 614256 109652     cutoff  105      -187989.00 -188166.89  0.09%  24.3  750s
 618552 106453     cutoff  119      -187989.00 -188166.27  0.09%  24.3  755s
 622916 104660 infeasible   95      -187989.00 -188166.27  0.09%  24.4  761s
 626598 102649     cutoff  106      -187989.00 -188165.00  0.09%  24.4  771s
 632260 100684 -188151.27  100   62 -187989.00 -188162.45  0.09%  24.5  778s
 636197 97874     cutoff   93      -187989.00 -188160.05  0.09%  24.5  790s
 644034 95198     cutoff   77      -187989.00 -188155.78  0.09%  24.6  801s
 651019 93284     cutoff   79      -187989.00 -188152.30  0.09%  24.6  808s
 654530 90510 infeasible  104      -187989.00 -188150.17  0.09%  24.6  820s
 661562 88321 infeasible   76      -187989.00 -188146.62  0.08%  24.7  828s
 666596 84837     cutoff  116      -187989.00 -188146.39  0.08%  24.7  839s
 674294 82842     cutoff   92      -187989.00 -188139.53  0.08%  24.8  845s
 677785 79130     cutoff   82      -187989.00 -188139.00  0.08%  24.8  859s
 680775 79130 -188049.89   87   66 -187989.00 -188139.00  0.08%  24.8  860s
 686488 75496     cutoff  105      -187989.00 -188130.93  0.08%  24.8  871s
 693730 72075     cutoff   86      -187989.00 -188126.83  0.07%  24.8  883s
 700986 69307     cutoff   92      -187989.00 -188121.95  0.07%  24.8  890s
 705451 65414 -188087.91   95   63 -187989.00 -188119.90  0.07%  24.8  900s

Cutting planes:
  Gomory: 10
  Cover: 82
  Clique: 75
  MIR: 9
  Flow cover: 25
  Inf proof: 32
  Zero half: 21
  RLT: 3

Explored 712412 nodes (17678453 simplex iterations) in 901.35 seconds (589.68 work units)
Thread count was 12 (of 12 available processors)

Solution count 10: -187989 -187912 -187889 ... -20875

Time limit reached
Best objective -1.879890000000e+05, best bound -1.881140000000e+05, gap 0.0665%

================================================================================ 
Instance 2 
================================================================================
Solving with Network
Constructing nodes...
Done constructing nodes.
Number of Nodes:  4230
Constructing arcs...
Done constructing arcs.
Number of Arcs:  42210
Set parameter MIPGap to value 0
Set parameter TimeLimit to value 900
Gurobi Optimizer version 10.0.1 build v10.0.1rc0 (win64)

CPU model: AMD Ryzen 5 5625U with Radeon Graphics, instruction set [SSE2|AVX|AVX2]
Thread count: 6 physical cores, 12 logical processors, using up to 12 threads

Academic license - for non-commercial use only - registered to mitchell.clark1@uq.net.au
Optimize a model with 4585 rows, 42557 columns and 123122 nonzeros
Model fingerprint: 0x00ea2756
Variable types: 0 continuous, 42557 integer (42542 binary)
Coefficient statistics:
  Matrix range     [1e+00, 5e+00]
  Objective range  [3e+02, 3e+04]
  Bounds range     [1e+00, 1e+00]
  RHS range        [1e+00, 5e+00]
Presolve removed 2327 rows and 9435 columns
Presolve time: 1.03s
Presolved: 2258 rows, 33122 columns, 96794 nonzeros
Variable types: 0 continuous, 33122 integer (33122 binary)

Root relaxation: objective -2.230176e+05, 12436 iterations, 1.12 seconds (1.40 work units)

    Nodes    |    Current Node    |     Objective Bounds      |     Work
 Expl Unexpl |  Obj  Depth IntInf | Incumbent    BestBd   Gap | It/Node Time

     0     0 -223017.59    0   45          - -223017.59      -     -    2s
H    0     0                    -103921.0000 -223017.59   115%     -    2s
H    0     0                    -175336.0000 -223017.59  27.2%     -    2s
H    0     0                    -216358.0000 -223017.59  3.08%     -    2s
     0     0 -223007.58    0   57 -216358.00 -223007.58  3.07%     -    3s
H    0     0                    -217792.0000 -223007.58  2.39%     -    5s
H    0     0                    -219895.0000 -223007.58  1.42%     -    5s
     0     0 -222989.98    0   79 -219895.00 -222989.98  1.41%     -    5s
     0     0 -222980.19    0   85 -219895.00 -222980.19  1.40%     -    6s
     0     0 -222966.50    0   70 -219895.00 -222966.50  1.40%     -    6s
     0     0 -222966.50    0   84 -219895.00 -222966.50  1.40%     -    6s
     0     0 -222966.50    0   90 -219895.00 -222966.50  1.40%     -    6s
     0     0 -222964.88    0   86 -219895.00 -222964.88  1.40%     -    6s
     0     0 -222964.88    0   89 -219895.00 -222964.88  1.40%     -    6s
     0     0 -222964.88    0  105 -219895.00 -222964.88  1.40%     -    6s
     0     0 -222964.88    0   92 -219895.00 -222964.88  1.40%     -    6s
     0     0 -222964.88    0   97 -219895.00 -222964.88  1.40%     -    6s
     0     0 -222964.88    0   85 -219895.00 -222964.88  1.40%     -    6s
     0     0 -222964.88    0   89 -219895.00 -222964.88  1.40%     -    6s
     0     0 -222964.88    0   88 -219895.00 -222964.88  1.40%     -    6s
     0     0 -222964.88    0   97 -219895.00 -222964.88  1.40%     -    6s
     0     0 -222964.88    0   90 -219895.00 -222964.88  1.40%     -    7s
     0     0 -222964.88    0   89 -219895.00 -222964.88  1.40%     -    7s
     0     2 -222860.37    0   83 -219895.00 -222860.37  1.35%     -    8s
    31    38 -222860.37    7   73 -219895.00 -222860.37  1.35%   113   10s
   224   255 -222555.57   22   89 -219895.00 -222860.37  1.35%  41.6   15s
   574   626 infeasible   31      -219895.00 -222860.37  1.35%  27.8   20s
  1610  1550 -220739.40  164  134 -219895.00 -222860.37  1.35%  13.5   25s
  2050  2125 -220669.40  233  117 -219895.00 -222860.37  1.35%  11.8   30s
  3206  3002 -220430.80  467   62 -219895.00 -222860.37  1.35%   9.9   35s
  3550  3104 -220905.75  383   89 -219895.00 -222860.37  1.35%  10.5   41s
  3553  3106 -220861.46   19   56 -219895.00 -222860.37  1.35%  10.5   46s
  3558  3109 -220430.78  374  103 -219895.00 -222860.37  1.35%  10.4   50s
  3565  3117 -222860.37   15  101 -219895.00 -222860.37  1.35%  15.8   55s
  3637  3171 -221238.05   22   80 -219895.00 -222860.37  1.35%  18.2   60s
  3722  3224 -221736.67   26   57 -219895.00 -222860.37  1.35%  19.3   65s
H 3727  3066                    -220079.0000 -222860.37  1.26%  19.3   65s
  3979  3262 -222424.91   31   94 -220079.00 -222860.37  1.26%  20.8   70s
  4428  3577 -221161.27   44   79 -220079.00 -222860.37  1.26%  22.0   75s
  4906  3904 -221372.28   91   43 -220079.00 -222860.37  1.26%  22.2   81s
  5473  4247 -220935.80   36   70 -220079.00 -222663.33  1.17%  22.4   85s
  6109  4634 -221256.10   32   60 -220079.00 -222468.86  1.09%  23.2   90s
  6816  5116 -220860.15   53   42 -220079.00 -222468.86  1.09%  23.3   95s
  7689  5593 -220746.88  386   36 -220079.00 -222468.86  1.09%  22.2  100s
  9037  6160 -220842.23   40   64 -220079.00 -221736.67  0.75%  22.1  106s
  9994  6658 -221259.14   35   71 -220079.00 -221736.67  0.75%  21.9  111s
 10461  6847 -220935.80   86   65 -220079.00 -221736.67  0.75%  21.9  115s
 10896  6860 -220246.80  115   80 -220079.00 -221736.67  0.75%  21.9  121s
 11492  7228 -221689.97   43  108 -220079.00 -221736.67  0.75%  21.5  125s
 13082  8040 -221148.72  147   89 -220079.00 -221736.67  0.75%  20.2  137s
 13085  8042 -220965.73  114   56 -220079.00 -221736.67  0.75%  20.2  141s
 13093  8047 -221073.60   90   97 -220079.00 -221736.67  0.75%  20.2  145s
 13098  8051 -220965.73  153  101 -220079.00 -221736.67  0.75%  20.1  157s
 13123  8074 -221736.67   33  110 -220079.00 -221736.67  0.75%  21.9  160s
 13224  8131 -221736.67   39  104 -220079.00 -221736.67  0.75%  22.3  166s
 13339  8184 -221736.67   43  155 -220079.00 -221736.67  0.75%  22.6  170s
 13711  8259 -221736.67   49  187 -220079.00 -221736.67  0.75%  22.6  175s
 14588  8333 -221073.60   46  119 -220079.00 -221736.67  0.75%  21.9  180s
 15623  8655 -220935.80  232   89 -220079.00 -221736.67  0.75%  21.5  185s
 16303  8842 -220193.32   48  156 -220079.00 -221736.67  0.75%  21.8  190s
 16536  8928 -220616.20   66   82 -220079.00 -221736.67  0.75%  22.0  198s
 16659  8983 -220468.96   93  144 -220079.00 -221736.67  0.75%  22.1  203s
 16768  9025 -220198.80  114   42 -220079.00 -221736.67  0.75%  22.3  207s
 17134  9764 -221073.60  204  111 -220079.00 -221736.67  0.75%  22.3  211s
 18138 10384 -220870.72  446  110 -220079.00 -221736.67  0.75%  21.5  215s
 19648 11028 -220935.80   93   70 -220079.00 -221736.67  0.75%  20.7  220s
 21413 12140 -220246.80  204   94 -220079.00 -221712.99  0.74%  20.2  226s
 23042 13999 -221453.11  245   63 -220079.00 -221712.99  0.74%  19.8  233s
 24840 14589 -221417.75  431   86 -220079.00 -221712.99  0.74%  18.9  236s
 26286 15625 -221319.11  532   83 -220079.00 -221712.99  0.74%  18.5  244s
 27932 15875 -220935.80   98   40 -220079.00 -221712.99  0.74%  18.0  247s
 29141 16502 -220935.80  276   29 -220079.00 -221712.99  0.74%  17.8  250s
 32340 17414 -220865.86  152   57 -220079.00 -221712.99  0.74%  16.8  255s
 33912 18630 -220935.80  343   73 -220079.00 -221712.99  0.74%  16.4  260s
 35809 19000 -221150.00   92   62 -220079.00 -221712.99  0.74%  16.2  265s
 37456 20102 -221150.00  167   70 -220079.00 -221712.99  0.74%  16.1  270s
 39082 20966 -221150.00  163   89 -220079.00 -221712.99  0.74%  15.9  356s
 39085 20968 -220468.45  189  112 -220079.00 -221712.99  0.74%  15.9  362s
 39089 20971 -220935.80  391  119 -220079.00 -221712.99  0.74%  15.9  366s
 39092 20973 -220935.80  230  127 -220079.00 -221712.99  0.74%  15.9  371s
 39096 20975 -220935.80  385   82 -220079.00 -221712.99  0.74%  15.9  377s
 39098 20977 -220935.80  328  100 -220079.00 -221712.99  0.74%  15.9  382s
 39100 20978 -220935.80  151   97 -220079.00 -221712.99  0.74%  15.9  387s
 39102 20979 -221370.90   37  107 -220079.00 -221712.99  0.74%  15.9  391s
 39104 20981 -220935.80  263  107 -220079.00 -221712.99  0.74%  15.9  396s
 39105 20981 -220935.80  146  107 -220079.00 -221712.99  0.74%  15.9  406s
 39108 20988 -221712.99   43  135 -220079.00 -221712.99  0.74%  16.5  410s
 39194 21045 -221091.54   50   78 -220079.00 -221712.99  0.74%  16.8  415s
 39353 21119 -221315.67   57   43 -220079.00 -221712.99  0.74%  17.0  420s
 39666 21175 -221712.99   65  144 -220079.00 -221712.99  0.74%  17.0  425s
 40110 21231 -221712.99   68  178 -220079.00 -221712.99  0.74%  17.1  430s
 40682 21245 -221283.67   86  115 -220079.00 -221712.99  0.74%  17.0  436s
 40760 21273 -220935.80   91   77 -220079.00 -221712.99  0.74%  17.1  440s
 41222 21404 -220935.80  226   51 -220079.00 -221712.99  0.74%  17.0  445s
 42354 21888 -220935.80  525   58 -220079.00 -221712.99  0.74%  16.8  450s
 43617 22454 -220935.80  196   60 -220079.00 -221689.30  0.73%  16.6  455s
 44463 22745 -220857.91  322   86 -220079.00 -221689.30  0.73%  16.5  460s
 45715 23545 -221622.34   60  109 -220079.00 -221689.30  0.73%  16.5  466s
 46782 24374 -221150.00  167   79 -220079.00 -221689.30  0.73%  16.5  470s
 49143 26208 -221150.00  485   63 -220079.00 -221689.30  0.73%  16.1  477s
 50793 27171 -221150.00  792   88 -220079.00 -221689.30  0.73%  15.9  482s
 51870 27857 -221150.00  935   86 -220079.00 -221689.30  0.73%  15.8  491s
 53686 28572 -221018.93 1273   79 -220079.00 -221664.25  0.72%  15.6  496s
 55569 29776 -220168.91  251   85 -220079.00 -221661.32  0.72%  15.4  500s
 58051 30670 -221150.00  617   86 -220079.00 -221661.32  0.72%  15.2  505s
 59920 31956 -220464.64 1062   55 -220079.00 -221656.64  0.72%  15.1  511s
 61392 32954     cutoff  109      -220079.00 -221656.64  0.72%  14.9  515s
 63535 33846     cutoff  257      -220079.00 -221656.64  0.72%  14.8  520s
 64714 35080 -221150.00   61   87 -220079.00 -221651.11  0.71%  14.7  531s
 67492 36037 -221150.00  608   88 -220079.00 -221651.11  0.71%  14.4  536s
 69578 37495 -221150.00 1015   75 -220079.00 -221651.11  0.71%  14.2  541s
 71355 38142 -221446.23   78   73 -220079.00 -221630.14  0.70%  14.0  545s
 73553 39153 -221150.00  392  101 -220079.00 -221627.48  0.70%  13.9  551s
 74988 40340 -221150.00  796   92 -220079.00 -221627.48  0.70%  13.7  556s
 76915 40756 -221150.00 1215   98 -220079.00 -221627.48  0.70%  13.5  562s
 77532 41460 -220935.80  103  133 -220079.00 -221627.48  0.70%  13.5  571s
 80355 42395 -220935.80  395   77 -220079.00 -221627.48  0.70%  13.3  576s
 82497 43354 -220562.00  106   73 -220079.00 -221627.48  0.70%  13.2  580s
 84479 44649 -221150.00  152   37 -220079.00 -221622.56  0.70%  13.1  586s
 86422 45914 -221150.00  316   79 -220079.00 -221613.40  0.70%  12.9  591s
 88888 47400 -221150.00  593   87 -220079.00 -221613.40  0.70%  12.7  596s
 90516 48666 -221150.00  807   82 -220079.00 -221613.40  0.70%  12.5  606s
 92635 49345 -220935.80  105   92 -220079.00 -221613.40  0.70%  12.6  611s
 93974 50479 -220935.80  401  130 -220079.00 -221613.40  0.70%  12.5  616s
 96427 51335 -220246.80 1017   96 -220079.00 -221613.40  0.70%  12.5  621s
 97822 52515 -221468.41  275   74 -220079.00 -221612.23  0.70%  12.5  625s
 100563 53875 -221397.15  870   87 -220079.00 -221612.23  0.70%  12.4  630s
 102732 55379 -221468.41   80   60 -220079.00 -221592.52  0.69%  12.5  636s
 103486 55378 -221468.41  101   63 -220079.00 -221592.52  0.69%  12.5  644s
 103543 59839 -221047.67  101   39 -220079.00 -221592.52  0.69%  12.5  662s
 108889 60809 -221150.00  547   38 -220079.00 -221592.52  0.69%  12.7  665s
 111261 63417 -220935.80  122   73 -220079.00 -221528.00  0.66%  12.6  671s
 114272 66164 -220935.80  136   37 -220079.00 -221525.55  0.66%  12.5  676s
 116041 67811 -220246.80  407   46 -220079.00 -221523.47  0.66%  12.4  686s
 118962 69268     cutoff  426      -220079.00 -221514.36  0.65%  12.3  690s
 120495 70012     cutoff   62      -220079.00 -221514.36  0.65%  12.3  695s
 122948 72548 -220868.16  107   49 -220079.00 -221507.00  0.65%  12.3  701s
 125051 74055 -220935.80  484   80 -220079.00 -221507.00  0.65%  12.3  705s
 127657 75452 -220246.80  105   39 -220079.00 -221507.00  0.65%  12.3  711s
 129007 76438 -221379.50   86   70 -220079.00 -221507.00  0.65%  12.3  721s
 129592 77335 -220798.00  114   61 -220079.00 -221507.00  0.65%  12.4  725s
 131702 79724 -221150.00  185   66 -220079.00 -221507.00  0.65%  12.4  733s
 133857 80632 -221087.00  262   46 -220079.00 -221507.00  0.65%  12.4  736s
 136586 82857 -220935.80  393   31 -220079.00 -221507.00  0.65%  12.4  742s
 138638 84184 -220935.80  466   61 -220079.00 -221507.00  0.65%  12.4  746s
 139929 85531 -220935.80  129   56 -220079.00 -221507.00  0.65%  12.5  751s
 142211 87432 -220246.80  594   50 -220079.00 -221507.00  0.65%  12.6  763s
 143776 88742 -220935.80  196   79 -220079.00 -221507.00  0.65%  12.6  768s
 145436 89387 -220935.80  561   81 -220079.00 -221507.00  0.65%  12.5  770s
 147874 90916 -220935.80  345   87 -220079.00 -221507.00  0.65%  12.5  775s
 149408 91998 -221150.00  344   91 -220079.00 -221507.00  0.65%  12.5  780s
 151072 94168 -221150.00  671   52 -220079.00 -221507.00  0.65%  12.4  785s
 152685 96091 -220935.80  986   64 -220079.00 -221507.00  0.65%  12.4  790s
 155303 99127 -221150.00  423   78 -220079.00 -221507.00  0.65%  12.3  802s
 157758 100484 -221087.00  775   72 -220079.00 -221507.00  0.65%  12.2  805s
 160482 102290 -221202.09  254  135 -220079.00 -221507.00  0.65%  12.2  811s
 162236 104164 -220461.00  620   46 -220079.00 -221507.00  0.65%  12.1  816s
 164026 105474 -220976.67   97   58 -220079.00 -221507.00  0.65%  12.1  820s
 166627 107966 -220935.80  448   75 -220079.00 -221507.00  0.65%  12.1  827s
 168436 109345 -220935.80  314   71 -220079.00 -221507.00  0.65%  12.1  837s
 169539 110200 -220935.80  551   77 -220079.00 -221507.00  0.65%  12.1  840s
 171678 112350 -220660.20   64   74 -220079.00 -221507.00  0.65%  12.0  845s
 174319 114424 -221247.36  473   72 -220079.00 -221507.00  0.65%  11.9  850s
 177069 116119 -220246.80  297   92 -220079.00 -221507.00  0.65%  11.9  856s
 178410 117043 -221047.67   78   71 -220079.00 -221507.00  0.65%  12.0  860s
 180205 118728 -221055.03  133   96 -220079.00 -221507.00  0.65%  12.0  865s
 181159 119803 -221364.20  177   72 -220079.00 -221507.00  0.65%  12.0  875s
 182848 121720 -221364.20  499   86 -220079.00 -221507.00  0.65%  11.9  881s
 185741 123910 -221047.67  859   89 -220079.00 -221507.00  0.65%  11.8  886s
 187912 125864 -221182.34  172   96 -220079.00 -221507.00  0.65%  11.8  891s
 189947 127285 -220818.00   83   50 -220079.00 -221507.00  0.65%  11.8  896s
 191537 127922 -220571.32  157  116 -220079.00 -221507.00  0.65%  11.8  900s

Cutting planes:
  Gomory: 12
  Cover: 8
  Clique: 50
  MIR: 1
  StrongCG: 2
  Flow cover: 6
  Inf proof: 4
  Zero half: 21
  RLT: 8

Explored 192092 nodes (2273092 simplex iterations) in 900.19 seconds (856.03 work units)
Thread count was 12 (of 12 available processors)

Solution count 6: -220079 -219895 -217792 ... -103921

Time limit reached
Best objective -2.200790000000e+05, best bound -2.215070000000e+05, gap 0.6489%

================================================================================ 
Instance 3 
================================================================================
Solving with Network
Constructing nodes...
Done constructing nodes.
Number of Nodes:  4770
Constructing arcs...
Done constructing arcs.
Number of Arcs:  55050
Set parameter MIPGap to value 0
Set parameter TimeLimit to value 900
Gurobi Optimizer version 10.0.1 build v10.0.1rc0 (win64)

CPU model: AMD Ryzen 5 5625U with Radeon Graphics, instruction set [SSE2|AVX|AVX2]
Thread count: 6 physical cores, 12 logical processors, using up to 12 threads

Academic license - for non-commercial use only - registered to mitchell.clark1@uq.net.au
Optimize a model with 5125 rows, 55398 columns and 161103 nonzeros
Model fingerprint: 0x4c716bea
Variable types: 0 continuous, 55398 integer (55383 binary)
Coefficient statistics:
  Matrix range     [1e+00, 5e+00]
  Objective range  [3e+02, 3e+04]
  Bounds range     [1e+00, 1e+00]
  RHS range        [1e+00, 5e+00]
Presolve removed 2198 rows and 4931 columns
Presolve time: 1.29s
Presolved: 2927 rows, 50467 columns, 148158 nonzeros
Variable types: 0 continuous, 50467 integer (50467 binary)
Found heuristic solution: objective -77492.00000
Found heuristic solution: objective -138176.0000
Deterministic concurrent LP optimizer: primal and dual simplex
Showing first log only...

Concurrent spin time: 0.16s

Solved with primal simplex

Root relaxation: objective -2.415074e+05, 13512 iterations, 0.84 seconds (0.75 work units)

    Nodes    |    Current Node    |     Objective Bounds      |     Work
 Expl Unexpl |  Obj  Depth IntInf | Incumbent    BestBd   Gap | It/Node Time

     0     0 -241507.43    0   75 -138176.00 -241507.43  74.8%     -    2s
H    0     0                    -235766.0000 -241507.43  2.44%     -    4s
     0     0 -241455.36    0   67 -235766.00 -241455.36  2.41%     -    4s
     0     0 -241455.36    0   74 -235766.00 -241455.36  2.41%     -    8s
H    0     0                    -237880.0000 -241455.36  1.50%     -   10s
     0     0 -241454.20    0   44 -237880.00 -241454.20  1.50%     -   12s
H    0     0                    -237980.0025 -241454.20  1.46%     -   16s
H    0     0                    -238030.0000 -241454.20  1.44%     -   16s
     0     0 -241425.22    0   86 -238030.00 -241425.22  1.43%     -   17s
     0     0 -241425.17    0   86 -238030.00 -241425.17  1.43%     -   18s
     0     0 -241357.40    0   86 -238030.00 -241357.40  1.40%     -   19s
     0     0 -241357.40    0   88 -238030.00 -241357.40  1.40%     -   19s
     0     0 -241357.40    0   96 -238030.00 -241357.40  1.40%     -   19s
     0     0 -241357.40    0   64 -238030.00 -241357.40  1.40%     -   19s
     0     0 -241357.40    0   68 -238030.00 -241357.40  1.40%     -   19s
     0     0 -241357.40    0   70 -238030.00 -241357.40  1.40%     -   19s
     0     0 -241357.40    0   65 -238030.00 -241357.40  1.40%     -   20s
     0     2 -241286.00    0   59 -238030.00 -241286.00  1.37%     -   22s
     3     8 -241286.00    2   59 -238030.00 -241286.00  1.37%   673   25s
    38    47 -241286.00    8   86 -238030.00 -241286.00  1.37%   178   30s
   101   114 -241242.53   15   80 -238030.00 -241286.00  1.37%  92.4   35s
   172   190 -239646.58   18   81 -238030.00 -241286.00  1.37%  82.8   40s
   254   258 -241013.35   22   62 -238030.00 -241286.00  1.37%  68.2   47s
   266   292 -241004.20   24   83 -238030.00 -241286.00  1.37%  66.0   50s
   429   432 -239140.16   32   58 -238030.00 -241286.00  1.37%  53.7   55s
   672   647 -239119.06   46   45 -238030.00 -241286.00  1.37%  43.7   60s
   950  1005 -238860.09   61  108 -238030.00 -241286.00  1.37%  36.7   65s
  1383  1426 -238780.68   79  116 -238030.00 -241286.00  1.37%  27.0   70s
  1759  1769 -239765.50   11  105 -238030.00 -241286.00  1.37%  23.6   75s
  2090  1903 -239281.74  141   67 -238030.00 -241286.00  1.37%  21.5  112s
  2092  1904 -238665.33  151   87 -238030.00 -241286.00  1.37%  21.5  116s
  2096  1907 -239761.19   14  118 -238030.00 -241286.00  1.37%  21.4  121s
  2098  1908 -238785.50   27  106 -238030.00 -241286.00  1.37%  21.4  125s
  2103  1912 -239129.01  271   65 -238030.00 -241286.00  1.37%  21.4  130s
  2104  1912 -239815.50    5   65 -238030.00 -241247.00  1.35%  21.4  135s
  2129  1936 -241247.00   15   76 -238030.00 -241247.00  1.35%  35.6  141s
  2141  1944 -241247.00   16  108 -238030.00 -241247.00  1.35%  36.0  149s
  2147  1951 -239815.50   16   94 -238030.00 -241247.00  1.35%  36.6  150s
  2201  1991 -239704.47   19   62 -238030.00 -241238.35  1.35%  37.5  155s
  2309  2071 -240927.71   23  127 -238030.00 -240927.71  1.22%  37.7  160s
  2436  2154 -240906.71   26  159 -238030.00 -240906.71  1.21%  37.3  165s
  2611  2244 -239229.00   29   26 -238030.00 -240854.27  1.19%  36.8  172s
  2688  2302 -239190.97   31  116 -238030.00 -240733.46  1.14%  36.4  175s
  2980  2446 -239152.40   42  109 -238030.00 -240733.46  1.14%  34.5  180s
  3312  2656 -238083.50   51   24 -238030.00 -240733.46  1.14%  32.7  185s
  3807  2931     cutoff   64      -238030.00 -240410.44  1.00%  30.0  191s
  4086  3176 -239019.28   31   79 -238030.00 -240197.60  0.91%  28.7  195s
  4726  3413 -239009.11   35   70 -238030.00 -239851.43  0.77%  26.0  200s
  5311  3635 -238842.44   39   65 -238030.00 -239851.43  0.77%  24.2  206s
  5568  3862 -238159.67   45   18 -238030.00 -239851.43  0.77%  23.7  210s
  6089  4128 -238912.75   44  141 -238030.00 -239847.06  0.76%  23.0  217s
  6424  4427 -238733.57   35  122 -238030.00 -239821.83  0.75%  23.0  221s
  6755  4613 -238579.64   44   73 -238030.00 -239815.50  0.75%  22.6  225s
  7216  5091 -238696.68   44   94 -238030.00 -239792.22  0.74%  21.9  230s
  8353  5803 -239356.56   21   93 -238030.00 -239791.10  0.74%  20.0  236s
  9676  7034 -239356.56  240   47 -238030.00 -239791.10  0.74%  18.1  242s
 10326  7527 -239291.14  343   56 -238030.00 -239791.10  0.74%  17.5  246s
 11626  8642 -239173.40  722   55 -238030.00 -239791.10  0.74%  16.5  253s
 12233  9070 -239143.48  856   75 -238030.00 -239791.10  0.74%  16.1  256s
 12679  9984 -238765.33  893   63 -238030.00 -239789.45  0.74%  16.0  272s
 13748 10111 -238842.08   94   60 -238030.00 -239789.45  0.74%  15.6  281s
 13881 10984 -238632.00  117   86 -238030.00 -239765.50  0.73%  15.6  285s
 14863 12095 -239223.37   84   89 -238030.00 -239765.50  0.73%  14.9  290s
 16882 13380 -239162.37  549  105 -238030.00 -239765.50  0.73%  13.5  296s
 18264 14557 -238914.91  976  122 -238030.00 -239757.11  0.73%  12.9  301s
 19696 15471 -238838.32  150   58 -238030.00 -239757.11  0.73%  12.5  306s
 20256 15818 -239056.55   43   90 -238030.00 -239750.70  0.72%  12.6  311s
 20732 16004 -238864.29  175   58 -238030.00 -239750.70  0.72%  12.8  320s
 21336 17198 -239035.50   58   65 -238030.00 -239747.78  0.72%  12.9  326s
 23098 18789 infeasible  478      -238030.00 -239739.55  0.72%  12.4  332s
 23774 19515 -238548.29   87   57 -238030.00 -239732.96  0.72%  12.4  335s
 25489 20244 -239232.68  110   67 -238030.00 -239725.56  0.71%  12.1  463s
 25491 20245 -239249.03   31   85 -238030.00 -239725.56  0.71%  12.1  467s
 25492 20246 -238098.67  237   98 -238030.00 -239725.56  0.71%  12.1  470s
 25499 20251 -238625.87   64  301 -238030.00 -239725.56  0.71%  12.1  475s
 25508 20257 -239356.56  242  383 -238030.00 -239725.56  0.71%  12.1  482s
 25511 20259 -239272.82  284  327 -238030.00 -239725.56  0.71%  12.1  487s
 25515 20261 -239094.00  229  387 -238030.00 -239725.56  0.71%  12.1  491s
 25520 20265 -238972.82  357  423 -238030.00 -239725.56  0.71%  12.1  496s
 25522 20266 -238960.50   31  507 -238030.00 -239725.56  0.71%  12.1  500s
 25525 20268 -239173.40  711  443 -238030.00 -239725.56  0.71%  12.1  505s
 25527 20269 -239217.02  235  358 -238030.00 -239725.56  0.71%  12.1  523s
 25528 20273 -239725.56   22  354 -238030.00 -239725.56  0.71%  13.3  528s
 25534 20281 -239725.56   24  374 -238030.00 -239725.56  0.71%  13.4  531s
 25552 20293 -239725.56   26  382 -238030.00 -239725.56  0.71%  13.5  535s
 25588 20318 -239647.60   28  105 -238030.00 -239725.56  0.71%  13.7  540s
 25631 20351 -239725.56   31  354 -238030.00 -239725.56  0.71%  13.8  545s
 25691 20397 -239464.00   33  113 -238030.00 -239725.56  0.71%  14.1  551s
 25724 20417 -239531.55   34   47 -238030.00 -239725.56  0.71%  14.2  555s
 25828 20476 -239725.56   37  324 -238030.00 -239725.56  0.71%  14.3  560s
 25937 20513 -239725.56   40  220 -238030.00 -239725.56  0.71%  14.5  565s
 26045 20559 -239725.56   41  237 -238030.00 -239725.56  0.71%  14.6  570s
 26164 20611 -239232.35   43  188 -238030.00 -239725.56  0.71%  14.7  575s
 26345 20740 -239363.59   46  145 -238030.00 -239725.56  0.71%  14.7  580s
 26775 20949 -239352.82   53   90 -238030.00 -239725.56  0.71%  14.7  585s
 27217 21103 -239073.53   61   96 -238030.00 -239725.56  0.71%  14.7  591s
 27544 21220 -238771.00   68  142 -238030.00 -239725.56  0.71%  14.6  596s
 27836 21443 -238441.72   82   51 -238030.00 -239725.56  0.71%  14.8  600s
 28622 21845 -238441.72  142   52 -238030.00 -239725.56  0.71%  14.8  607s
 29135 21910 -238441.72  175   30 -238030.00 -239725.56  0.71%  14.8  611s
 29447 22212 -238420.91  212   75 -238030.00 -239725.56  0.71%  14.9  616s
 30144 22636 -238420.91  274   47 -238030.00 -239725.56  0.71%  15.0  621s
 30918 22601     cutoff  344      -238030.00 -239725.56  0.71%  15.1  627s
 31382 22765 -238413.10  394   62 -238030.00 -239725.56  0.71%  15.3  634s
 31559 23317     cutoff  422      -238030.00 -239725.56  0.71%  15.4  638s
 32398 23345 infeasible  513      -238030.00 -239725.56  0.71%  15.3  641s
 32831 23574 -238395.93  578   56 -238030.00 -239725.56  0.71%  15.2  645s
 33678 23897 -239022.45   46  124 -238030.00 -239725.56  0.71%  15.2  652s
 34176 23982 -239725.56   48  172 -238030.00 -239725.56  0.71%  15.2  655s
 35166 24752 -238942.00   51   73 -238030.00 -239725.56  0.71%  15.1  663s
 35797 25031 -238159.67   60   58 -238030.00 -239725.56  0.71%  15.0  668s
 36327 25413 -239281.11   51  130 -238030.00 -239601.34  0.66%  14.9  672s
 36956 26216 -238571.53   57  124 -238030.00 -239601.34  0.66%  14.9  678s
 38061 25849 -239021.61  360   67 -238030.00 -239601.34  0.66%  14.7  717s
 38063 25850 -239091.14   45   68 -238030.00 -239601.34  0.66%  14.7  720s
 38065 25852 -238598.67  603  243 -238030.00 -239601.34  0.66%  14.7  725s
 38075 25858 -238971.35  200  335 -238030.00 -239601.34  0.66%  14.7  730s
 38077 25860 -239167.92   69  303 -238030.00 -239601.34  0.66%  14.7  740s
 38079 25861 -238527.25  183  304 -238030.00 -239601.34  0.66%  14.7  747s
 38081 25865 -239601.34   31  315 -238030.00 -239601.34  0.66%  15.4  752s
 38111 25891 -239601.34   35   53 -238030.00 -239601.34  0.66%  15.6  755s
 38185 25946 -239601.34   39   18 -238030.00 -239601.34  0.66%  15.7  760s
 38278 26010 -239601.34   43  209 -238030.00 -239601.34  0.66%  15.8  765s
 38410 26098 -239601.34   47  206 -238030.00 -239601.34  0.66%  16.0  770s
 38580 26180 -239601.34   50  173 -238030.00 -239601.34  0.66%  16.1  775s
 38690 26207 -239601.34   52   96 -238030.00 -239601.34  0.66%  16.2  782s
 38806 26269 -239601.34   54  116 -238030.00 -239601.34  0.66%  16.2  786s
 38972 26374 -239601.34   56   67 -238030.00 -239601.34  0.66%  16.2  790s
 39215 26550 -239601.34   61   81 -238030.00 -239601.34  0.66%  16.2  796s
 39444 26732 -238249.88   64   87 -238030.00 -239601.34  0.66%  16.1  801s
 39709 26959 -239342.13   71   95 -238030.00 -239601.34  0.66%  16.1  805s
 40217 27322 -239296.82   79   72 -238030.00 -239601.34  0.66%  16.0  811s
 40610 27531     cutoff   47      -238030.00 -239601.34  0.66%  15.9  815s
 40928 27620 -239175.31   53   83 -238030.00 -239601.34  0.66%  16.0  820s
 41194 27751 -238342.08   66   82 -238030.00 -239601.34  0.66%  16.0  825s
 41668 27891 -238136.50   36   59 -238030.00 -239601.34  0.66%  15.9  830s
 42101 28428 -239385.50  151   79 -238030.00 -239601.34  0.66%  15.9  836s
 42513 28760 -239385.50  286   66 -238030.00 -239601.34  0.66%  15.8  840s
 43582 29398 -239385.50  563   40 -238030.00 -239601.34  0.66%  15.5  848s
 44197 29768 -239287.38  680   76 -238030.00 -239601.34  0.66%  15.3  852s
 44798 29871 -239287.38  762   73 -238030.00 -239601.34  0.66%  15.2  855s
 45646 30401 -239287.38  922   41 -238030.00 -239601.34  0.66%  15.1  862s
 46019 30442 -239258.81 1004   88 -238030.00 -239601.34  0.66%  15.1  865s
 46215 31057 -239087.38 1040   77 -238030.00 -239601.34  0.66%  15.0  870s
 47026 31557 -238598.67 1153   36 -238030.00 -239601.34  0.66%  14.9  875s
 48792 32211 -239202.87  312   76 -238030.00 -239601.34  0.66%  14.5  883s
 49301 32700 -239183.62  395   67 -238030.00 -239601.34  0.66%  14.5  888s
 50161 33039 -239142.87  604   56 -238030.00 -239601.34  0.66%  14.4  892s

Cutting planes:
  Gomory: 3
  Cover: 10
  Clique: 63
  MIR: 3
  Flow cover: 5
  Zero half: 16
  Mod-K: 1
  RLT: 5

Explored 50836 nodes (770270 simplex iterations) in 900.11 seconds (829.08 work units)
Thread count was 12 (of 12 available processors)

Solution count 6: -238030 -237980 -237880 ... -77492

Time limit reached
Best objective -2.380300000000e+05, best bound -2.396010000000e+05, gap 0.6600%

================================================================================ 
Instance 4 
================================================================================
Solving with Network
Constructing nodes...
Done constructing nodes.
Number of Nodes:  4140
Constructing arcs...
Done constructing arcs.
Number of Arcs:  42720
Set parameter MIPGap to value 0
Set parameter TimeLimit to value 900
Gurobi Optimizer version 10.0.1 build v10.0.1rc0 (win64)

CPU model: AMD Ryzen 5 5625U with Radeon Graphics, instruction set [SSE2|AVX|AVX2]
Thread count: 6 physical cores, 12 logical processors, using up to 12 threads

Academic license - for non-commercial use only - registered to mitchell.clark1@uq.net.au
Optimize a model with 4495 rows, 43069 columns and 124744 nonzeros
Model fingerprint: 0x27371c17
Variable types: 0 continuous, 43069 integer (43054 binary)
Coefficient statistics:
  Matrix range     [1e+00, 5e+00]
  Objective range  [4e+02, 3e+04]
  Bounds range     [1e+00, 1e+00]
  RHS range        [1e+00, 5e+00]
Presolve removed 2248 rows and 9751 columns
Presolve time: 0.84s
Presolved: 2247 rows, 33318 columns, 97389 nonzeros
Variable types: 0 continuous, 33318 integer (33318 binary)
Found heuristic solution: objective -57847.00000
Found heuristic solution: objective -222257.0000

Root relaxation: objective -2.478843e+05, 19395 iterations, 1.93 seconds (2.43 work units)

    Nodes    |    Current Node    |     Objective Bounds      |     Work
 Expl Unexpl |  Obj  Depth IntInf | Incumbent    BestBd   Gap | It/Node Time

     0     0 -247884.32    0   63 -222257.00 -247884.32  11.5%     -    3s
H    0     0                    -241286.0000 -247884.32  2.73%     -    3s
H    0     0                    -243662.0052 -247884.32  1.73%     -    3s
H    0     0                    -243762.0000 -247884.32  1.69%     -    3s
     0     0 -247862.46    0   75 -243762.00 -247862.46  1.68%     -    4s
H    0     0                    -243812.0000 -247862.46  1.66%     -    5s
     0     0 -247859.87    0   86 -243812.00 -247859.87  1.66%     -    5s
     0     0 -247859.87    0   92 -243812.00 -247859.87  1.66%     -    5s
     0     0 -247855.69    0  111 -243812.00 -247855.69  1.66%     -    5s
     0     0 -247855.69    0  107 -243812.00 -247855.69  1.66%     -    7s
     0     0 -247855.69    0   77 -243812.00 -247855.69  1.66%     -    7s
     0     0 -247855.69    0   90 -243812.00 -247855.69  1.66%     -    7s
     0     0 -247855.69    0   90 -243812.00 -247855.69  1.66%     -    7s
     0     0 -247855.69    0  107 -243812.00 -247855.69  1.66%     -    7s
     0     0 -247855.69    0   80 -243812.00 -247855.69  1.66%     -    7s
     0     0 -247855.69    0   97 -243812.00 -247855.69  1.66%     -    7s
     0     0 -247855.69    0   90 -243812.00 -247855.69  1.66%     -    8s
     0     2 -247754.66    0   90 -243812.00 -247754.66  1.62%     -   10s
H   37    44                    -243862.0000 -247754.66  1.60%   261   16s
    99   104 -247406.52   16  227 -243862.00 -247754.66  1.60%   149   20s
   224   227 -247146.60   33  117 -243862.00 -247754.66  1.60%  90.5   25s
   350   352 -244772.33   55  121 -243862.00 -247754.66  1.60%  84.9   30s
   415   399 -247589.82    9   68 -243862.00 -247754.66  1.60%  86.8   35s
   710   648 -245307.27   24   63 -243862.00 -247754.66  1.60%  65.0   40s
  1158   935 -244781.33   20   40 -243862.00 -247754.66  1.60%  53.1   46s
  1270   936 -244567.20   62   90 -243862.00 -247754.66  1.60%  51.8   59s
  1272   937 -247128.88   36   54 -243862.00 -247754.66  1.60%  51.7   61s
  1279   942 -244929.00   75  146 -243862.00 -247754.66  1.60%  51.4   65s
  1289   952 -247638.41   11   73 -243862.00 -247708.54  1.58%  64.5   70s
  1331   984 -246062.00   16   91 -243862.00 -247708.54  1.58%  69.3   77s
  1366  1010 -247560.54   19   70 -243862.00 -247708.54  1.58%  73.5   80s
  1431  1055 -245936.88   24   71 -243862.00 -247708.54  1.58%  79.0   85s
  1500  1100 -246932.56   31   95 -243862.00 -247708.54  1.58%  85.6   91s
  1609  1165 -244985.85   37  109 -243862.00 -247708.54  1.58%  87.2   95s
  1814  1202 -243929.50   78   68 -243862.00 -247708.54  1.58%  83.6  100s
  2124  1258 -245390.00   23  143 -243862.00 -247708.54  1.58%  77.4  105s
  2300  1321 -245852.00   29   60 -243862.00 -247708.54  1.58%  75.7  110s
H 2525  1226                    -244012.0000 -247708.54  1.51%  70.8  111s
  2699  1331     cutoff   47      -244012.00 -247708.54  1.51%  69.2  116s
H 2755  1262                    -244062.0000 -247708.54  1.49%  68.8  116s
H 2758  1211                    -244112.0000 -247708.54  1.47%  68.7  116s
  2864  1323 -245800.67   59   72 -244112.00 -247708.54  1.47%  66.6  120s
  3447  1622 -245800.67  101   44 -244112.00 -247708.54  1.47%  57.6  126s
  3965  1812 -245800.67  168   48 -244112.00 -247708.54  1.47%  52.3  132s
  4442  2239 -245800.67  249   40 -244112.00 -247708.54  1.47%  48.8  136s
  5086  2539 -247708.54   17   82 -244112.00 -247708.54  1.47%  45.6  140s
  5868  3193 -246532.19   27   80 -244112.00 -247708.54  1.47%  42.6  148s
  6183  3271 -246185.34   18   64 -244112.00 -247708.54  1.47%  41.4  150s
  6992  4048 -246148.15   20   64 -244112.00 -247295.27  1.30%  39.5  157s
  7791  4703 -246148.15   34   59 -244112.00 -247295.27  1.30%  38.0  162s
  8738  4975 -246140.83   60   55 -244112.00 -247295.27  1.30%  36.6  167s
  8831  5231 -245977.10   71  112 -244112.00 -247295.27  1.30%  36.7  170s
 10160  5931 -245147.03   94   91 -244112.00 -247295.27  1.30%  35.4  176s
 11159  7216 -245804.58  115   62 -244112.00 -247295.27  1.30%  34.8  183s
 12325  7971 -246121.50  134   56 -244112.00 -247295.27  1.30%  32.6  187s
 13165  9403 -246121.50  150   57 -244112.00 -247295.27  1.30%  31.6  197s
 15490 10318 -246114.71  188   49 -244112.00 -247295.27  1.30%  29.0  201s
 16101 10755 -245279.70  205  151 -244112.00 -247295.27  1.30%  28.9  206s
 17009 11610 -246079.92  231   57 -244112.00 -247295.27  1.30%  28.6  211s
 17658 11974 -246006.00  263   58 -244112.00 -247295.27  1.30%  29.0  215s
 18634 12650 -246006.00  295   53 -244112.00 -247295.27  1.30%  29.0  221s
 19393 13452 -245976.85  320  153 -244112.00 -246350.00  0.92%  29.0  226s
 20704 14276 -245328.38   54   39 -244112.00 -246337.48  0.91%  28.9  233s
 21317 15009 -245844.71   38   57 -244112.00 -246336.29  0.91%  29.0  236s
 22581 15096 -246238.90   33   98 -244112.00 -246336.24  0.91%  28.3  240s
 23462 16384 -245916.29   60   67 -244112.00 -246332.71  0.91%  27.9  246s
 24352 17741 -245599.20  198   59 -244112.00 -246329.56  0.91%  27.7  251s
 25823 17742 -245747.78  142   90 -244112.00 -246329.56  0.91%  26.7  344s
 25825 17743 -245808.92   46   57 -244112.00 -246329.56  0.91%  26.7  346s
 25827 17745 -245544.71   46  140 -244112.00 -246329.56  0.91%  26.7  350s
 25837 17751 -244662.02   69  199 -244112.00 -246329.56  0.91%  26.7  356s
 25839 17753 -246301.67   32  179 -244112.00 -246329.56  0.91%  26.7  363s
 25841 17754 -245048.92  144  185 -244112.00 -246329.56  0.91%  26.7  365s
 25843 17755 -245403.13  381  139 -244112.00 -246329.56  0.91%  26.7  370s
 25844 17756 -245697.78  101  139 -244112.00 -246329.56  0.91%  26.7  377s
 25845 17760 -246329.56   23  194 -244112.00 -246329.56  0.91%  27.5  381s
 25887 17792 -245948.00   28  181 -244112.00 -246329.56  0.91%  27.8  385s
 25946 17824 -246329.56   32  172 -244112.00 -246329.56  0.91%  28.1  390s
 26046 17871 -245424.82   38  156 -244112.00 -246329.56  0.91%  28.5  399s
 26056 17884 -245631.31   39   44 -244112.00 -246329.56  0.91%  28.6  400s
 26169 17928 -245329.65   44  126 -244112.00 -246329.56  0.91%  28.9  405s
 26253 17969 -245382.71   49  130 -244112.00 -246329.56  0.91%  29.1  410s
 26398 18023 -245470.67   58   19 -244112.00 -246329.56  0.91%  29.5  415s
 26544 18028     cutoff   65      -244112.00 -246329.56  0.91%  29.7  420s
 26740 18055 -245641.62   45   70 -244112.00 -246329.56  0.91%  30.0  426s
 26851 18109 -245332.89   63   69 -244112.00 -246329.56  0.91%  30.3  430s
 27126 18179 -244531.33  134   22 -244112.00 -246329.56  0.91%  30.3  435s
 27322 18194 -245556.29   50   84 -244112.00 -246329.56  0.91%  30.5  442s
 27497 18236 -245182.63   79   79 -244112.00 -246329.56  0.91%  30.5  446s
 27788 18286 -244676.68  139   77 -244112.00 -246329.56  0.91%  30.5  451s
 28092 18375 -244473.67  192   61 -244112.00 -246329.56  0.91%  30.7  456s
 28544 18418 infeasible   59      -244112.00 -246329.56  0.91%  30.9  461s
 28923 18551 -244490.81   49  103 -244112.00 -246329.56  0.91%  31.2  466s
 29131 18556 -246329.56   39  103 -244112.00 -246329.56  0.91%  31.2  470s
 29542 18847 -245166.00   62   45 -244112.00 -246329.56  0.91%  31.5  476s
 30181 18851 -245128.70   43  193 -244112.00 -246329.56  0.91%  31.7  482s
 30711 18945 -244904.61   76   57 -244112.00 -246329.56  0.91%  32.1  488s
 31078 18971 -244859.00  144   37 -244112.00 -246329.56  0.91%  32.3  491s
 31753 19162 -245546.67   63   61 -244112.00 -246329.56  0.91%  32.7  498s
 32147 19147 -245481.26   95   50 -244112.00 -246329.56  0.91%  32.8  502s
 32455 19133     cutoff  111      -244112.00 -246329.56  0.91%  33.1  506s
 32600 19449 -244340.33  128   83 -244112.00 -246329.56  0.91%  33.3  511s
 33221 19691 -245596.90   43   71 -244112.00 -246329.56  0.91%  33.3  515s
 34338 19820 -245038.00   93   72 -244112.00 -246329.56  0.91%  33.3  523s
 34779 20209 -245026.88   72   69 -244112.00 -246329.56  0.91%  33.4  528s
 35655 20170 -244222.33  174   47 -244112.00 -246329.56  0.91%  33.3  533s
 36524 20038 -245346.65   46   80 -244112.00 -246329.56  0.91%  33.5  538s
 37131 20044 -245890.68   46   91 -244112.00 -246329.56  0.91%  33.7  544s
 37722 20104 -245637.33   43   73 -244112.00 -246329.56  0.91%  34.0  549s
 38165 20545 -245780.63   49  116 -244112.00 -246285.30  0.89%  34.1  555s
 39065 20246 -244614.45   62   90 -244112.00 -246270.03  0.88%  34.0  572s
 39067 20247 -244466.16  127   51 -244112.00 -246270.03  0.88%  34.0  575s
 39075 20253 -245298.74  136  167 -244112.00 -246270.03  0.88%  34.0  580s
 39080 20256 -244639.07   57  183 -244112.00 -246270.03  0.88%  34.0  587s
 39082 20257 -245634.74   71  194 -244112.00 -246270.03  0.88%  34.0  590s
 39088 20261 -246189.61   46  250 -244112.00 -246270.03  0.88%  34.0  596s
 39092 20264 -245116.22   81  311 -244112.00 -246270.03  0.88%  33.9  604s
 39093 20265 -245611.66   71  308 -244112.00 -246270.03  0.88%  33.9  606s
 39097 20267 -244979.67   66  339 -244112.00 -246270.03  0.88%  33.9  612s
 39099 20269 -244220.60   75  329 -244112.00 -246270.03  0.88%  33.9  615s
 39101 20270 -245188.86   79  287 -244112.00 -246270.03  0.88%  33.9  629s
 39102 20274 -246270.03   32  157 -244112.00 -246270.03  0.88%  34.5  632s
 39120 20290 -245662.47   35  187 -244112.00 -246270.03  0.88%  34.7  635s
 39175 20330 -246270.03   39  100 -244112.00 -246270.03  0.88%  35.0  640s
 39260 20385 -245969.03   43  100 -244112.00 -246270.03  0.88%  35.3  645s
 39342 20416 -246270.03   48  145 -244112.00 -246270.03  0.88%  35.6  670s
 39470 20445 -246270.03   53  140 -244112.00 -246270.03  0.88%  36.0  675s
 39705 20443 -246270.03   59  150 -244112.00 -246270.03  0.88%  36.3  680s
 39988 20461 -245362.55   69   87 -244112.00 -246270.03  0.88%  36.5  685s
 40285 20516 -246270.03   44  154 -244112.00 -246270.03  0.88%  36.6  691s
 40821 20498 -245153.08   65   94 -244112.00 -246270.03  0.88%  36.5  695s
 41056 20504 -245072.06   99   57 -244112.00 -246270.03  0.88%  36.6  701s
 41393 20548 infeasible  150      -244112.00 -246270.03  0.88%  36.6  705s
 41949 20628 -244568.67  342   85 -244112.00 -246270.03  0.88%  36.4  710s
 42449 20809 -245784.25   56   86 -244112.00 -246270.03  0.88%  36.5  716s
 42686 20880 -245489.87   52  151 -244112.00 -246270.03  0.88%  36.9  720s
 43066 21006 -246080.54   72   77 -244112.00 -246270.03  0.88%  37.5  726s
 43367 21188 -245751.38   91   74 -244112.00 -246270.03  0.88%  38.0  732s
 43595 21212 -245743.32  102   67 -244112.00 -246270.03  0.88%  38.0  735s
 43804 21269 -245404.00  135   20 -244112.00 -246270.03  0.88%  38.4  744s
 43898 21305 -244807.26  159   46 -244112.00 -246270.03  0.88%  38.6  747s
 44008 21336 -246270.03   67   95 -244112.00 -246270.03  0.88%  38.8  751s
 44402 21434 -245126.33   95   22 -244112.00 -246270.03  0.88%  39.1  757s
 44539 21648 -245887.34   78   59 -244112.00 -246266.89  0.88%  39.3  760s
 45406 22004 -244420.53   94   96 -244112.00 -246250.75  0.88%  39.4  768s
 45900 22478 -245151.32   58  219 -244112.00 -246237.36  0.87%  39.5  772s
 46678 22747 -246120.43   98  176 -244112.00 -246236.34  0.87%  39.3  777s
 47442 23122 -245439.20  199   49 -244112.00 -246234.36  0.87%  39.0  782s
 48317 23411 -245780.43   86   46 -244112.00 -246231.25  0.87%  39.0  788s
 49186 23152 -245620.51  114   40 -244112.00 -246230.42  0.87%  38.7  801s
 49238 23928 -245620.51  115   40 -244112.00 -246230.32  0.87%  38.7  807s
 50367 24017 -244337.21   83   95 -244112.00 -246225.13  0.87%  38.6  813s
 51009 24283 -246121.10   77   78 -244112.00 -246225.13  0.87%  38.6  819s
 51707 24814 -245704.46   96  130 -244112.00 -246221.71  0.86%  39.0  832s
 52873 24822 -245876.24   62   67 -244112.00 -246213.78  0.86%  39.1  837s
 53483 24740 -246159.05   91   87 -244112.00 -246213.78  0.86%  39.1  842s
 53670 25352 -246081.86   99  113 -244112.00 -246206.92  0.86%  39.1  848s
 54650 25633 -245559.20  158   53 -244112.00 -246202.59  0.86%  39.1  853s
 55445 26072 -246001.33   98   69 -244112.00 -246201.36  0.86%  39.0  859s
 56363 26296 -246183.34   74   68 -244112.00 -246198.43  0.85%  38.9  865s
 57695 27144 -245667.91   70   68 -244112.00 -246192.38  0.85%  39.2  875s
 58852 27341 -246056.12   96  146 -244112.00 -246188.89  0.85%  39.1  880s
 59608 27801 -246106.70   80   95 -244112.00 -246186.81  0.85%  39.1  885s
 60579 27904 -246139.38   97   55 -244112.00 -246184.84  0.85%  39.0  890s
 61367 28516 -246095.31   99   54 -244112.00 -246183.68  0.85%  39.0  895s
 62750 28384 -246015.45   87   59 -244112.00 -246181.96  0.85%  38.8  900s

Cutting planes:
  Gomory: 4
  Cover: 9
  Clique: 74
  MIR: 3
  Flow cover: 7
  Inf proof: 7
  Zero half: 7
  RLT: 4

Explored 63321 nodes (2493845 simplex iterations) in 900.11 seconds (1053.39 work units)
Thread count was 12 (of 12 available processors)

Solution count 10: -244112 -244062 -244012 ... -57847

Time limit reached
Best objective -2.441120000000e+05, best bound -2.461810000000e+05, gap 0.8476%

Time Output 
================================================================================
   instance  seed  num_patients     Network
0         0    42            20  900.183027
1         1   831            20  901.348617
2         2   306            20  900.208735
3         3   542            20  900.127548
4         4     1            20  900.123841

Objective Output 
================================================================================
   instance  seed  num_patients   Network
0         0    42            20 -312419.0
1         1   831            20 -187989.0
2         2   306            20 -220079.0
3         3   542            20 -238030.0
4         4     1            20 -244112.0

Gap Output 
================================================================================
   instance  seed  num_patients   Network
0         0    42            20  0.002519
1         1   831            20  0.000665
2         2   306            20  0.006489
3         3   542            20  0.006600
4         4     1            20  0.008476

Average Gap Output 
================================================================================
   num_patients  Network
0            20  0.00495

Average Time Output 
================================================================================
   num_patients Network
0            20    None
