
================================================================================ 
 Num patients 60 
================================================================================

================================================================================ 
Instance 0 
================================================================================
Solving with Network
Constructing nodes...
Done constructing nodes.
Number of Nodes:  4650
Constructing arcs...
Done constructing arcs.
Number of Arcs:  142545
Set parameter WLSAccessID
Set parameter WLSSecret
Set parameter LicenseID to value 938386
Academic license - for non-commercial use only - registered to mitchell.clark1@uq.net.au
Set parameter MIPGap to value 0
Set parameter TimeLimit to value 900
Gurobi Optimizer version 10.0.1 build v10.0.1rc0 (win64)

CPU model: AMD Ryzen 5 5625U with Radeon Graphics, instruction set [SSE2|AVX|AVX2]
Thread count: 6 physical cores, 12 logical processors, using up to 12 threads

Academic license - for non-commercial use only - registered to mitchell.clark1@uq.net.au
Optimize a model with 5685 rows, 143533 columns and 424948 nonzeros
Model fingerprint: 0x3d50a279
Variable types: 0 continuous, 143533 integer (143518 binary)
Coefficient statistics:
  Matrix range     [1e+00, 5e+00]
  Objective range  [3e+02, 3e+04]
  Bounds range     [1e+00, 1e+00]
  RHS range        [1e+00, 5e+00]
Presolve removed 2458 rows and 6404 columns
Presolve time: 3.50s
Presolved: 3227 rows, 137129 columns, 407204 nonzeros
Variable types: 0 continuous, 137129 integer (137129 binary)
Found heuristic solution: objective -144658.0000
Found heuristic solution: objective -182781.0000
Found heuristic solution: objective -222276.0000
Deterministic concurrent LP optimizer: primal and dual simplex
Showing first log only...


Root simplex log...

Iteration    Objective       Primal Inf.    Dual Inf.      Time
    2889   -3.5263801e+05   0.000000e+00   9.348367e+08      5s
   78008   -7.4570505e+05   0.000000e+00   3.492598e+07     10s
  111559   -7.4630196e+05   0.000000e+00   0.000000e+00     13s
Concurrent spin time: 2.40s

Solved with primal simplex
  111565   -7.4630196e+05   0.000000e+00   0.000000e+00     15s
Extra simplex iterations after uncrush: 6

Root relaxation: objective -7.463020e+05, 111565 iterations, 10.62 seconds (9.08 work units)

    Nodes    |    Current Node    |     Objective Bounds      |     Work
 Expl Unexpl |  Obj  Depth IntInf | Incumbent    BestBd   Gap | It/Node Time

     0     0 -746301.96    0  117 -222276.00 -746301.96   236%     -   16s
H    0     0                    -730767.0000 -746301.96  2.13%     -   17s
H    0     0                    -740850.0000 -746301.96  0.74%     -   18s
     0     0 -746245.27    0  154 -740850.00 -746245.27  0.73%     -   23s
H    0     0                    -742313.0000 -746245.27  0.53%     -   25s
H    0     0                    -743907.0000 -746245.27  0.31%     -   47s
H    0     0                    -744057.0000 -746245.27  0.29%     -   49s
     0     0 -746198.17    0  170 -744057.00 -746198.17  0.29%     -   54s
     0     0 -746196.56    0  174 -744057.00 -746196.56  0.29%     -   63s
     0     0 -746124.50    0  178 -744057.00 -746124.50  0.28%     -   69s
     0     0 -746124.50    0  181 -744057.00 -746124.50  0.28%     -   71s
     0     0 -746124.50    0  115 -744057.00 -746124.50  0.28%     -   78s
     0     0 -746124.50    0  168 -744057.00 -746124.50  0.28%     -   81s
     0     0 -746124.50    0  178 -744057.00 -746124.50  0.28%     -   92s
     0     0 -746113.19    0  161 -744057.00 -746113.19  0.28%     -   94s
     0     0 -746113.19    0  176 -744057.00 -746113.19  0.28%     -   95s
     0     0 -746113.19    0  172 -744057.00 -746113.19  0.28%     -   96s
     0     0 -746113.19    0  170 -744057.00 -746113.19  0.28%     -   97s
     0     0 -746113.19    0  122 -744057.00 -746113.19  0.28%     -   98s
     0     2 -746101.94    0  122 -744057.00 -746101.94  0.27%     -  106s
     7    14 -746101.94    3  126 -744057.00 -746101.94  0.27%   151  110s
    25    32 -746101.94    5  172 -744057.00 -746101.94  0.27%   133  117s
    31    38 -746101.94    6  157 -744057.00 -746101.94  0.27%   156  120s
    37    44 -746101.94    7  165 -744057.00 -746101.94  0.27%   177  140s
    49    57 -746096.68    9  180 -744057.00 -746101.94  0.27%   170  147s
    56    73 -746079.31   10  163 -744057.00 -746101.94  0.27%   205  159s
    72   110 -746068.57   11  189 -744057.00 -746101.94  0.27%   335  173s
   109   163 -745931.08   16  160 -744057.00 -746101.94  0.27%   344  196s
   162   249 -746047.21   23  147 -744057.00 -746101.94  0.27%   353  227s
   248   343 -745726.01   33  157 -744057.00 -746101.94  0.27%   308  288s
   381   409 -744480.06   59  160 -744057.00 -746101.94  0.27%   381  341s
   483   768 -744230.99   19  167 -744057.00 -746101.94  0.27%   400  391s
  1119  1338 -744093.94  117  137 -744057.00 -746101.94  0.27%   251  416s
  1736  1339 -744226.15  118  181 -744057.00 -746101.94  0.27%   179  440s
  1738  1340 -744277.89  111  107 -744057.00 -746101.94  0.27%   179  452s
  1739  1341 -744274.77  135  164 -744057.00 -746101.94  0.27%   179  464s
  1740  1342 -745697.88   41  191 -744057.00 -746101.94  0.27%   179  469s
  1741  1342 -744282.87   42  200 -744057.00 -746101.94  0.27%   179  474s
  1742  1343 -744826.31    8  192 -744057.00 -746101.94  0.27%   179  475s
  1743  1344 -744294.26   18  192 -744057.00 -746101.94  0.27%   179  480s
  1746  1346 -744259.01   64  146 -744057.00 -746101.94  0.27%   178  487s
  1747  1346 -744271.25  192  146 -744057.00 -746101.94  0.27%   178  505s
  1750  1353 -746101.94   15  159 -744057.00 -746101.94  0.27%   194  511s
  1760  1362 -746101.94   17  165 -744057.00 -746101.94  0.27%   194  517s
  1766  1366 -744861.11   17  146 -744057.00 -746101.94  0.27%   197  521s
  1778  1374 -744856.11   18  174 -744057.00 -746101.94  0.27%   199  545s
  1784  1378 -746089.90   19  168 -744057.00 -746101.94  0.27%   200  550s
  1797  1390 -746067.48   20  190 -744057.00 -746101.94  0.27%   203  558s
  1806  1395 -744837.51   20  174 -744057.00 -746101.64  0.27%   205  563s
  1814  1399 -746067.48   21  189 -744057.00 -746092.16  0.27%   206  573s
  1822  1416 -746059.17   22  194 -744057.00 -746090.99  0.27%   211  579s
  1842  1431 -746052.43   23  195 -744057.00 -746084.25  0.27%   211  586s
  1863  1459 -746045.31   24  203 -744057.00 -746079.18  0.27%   212  595s
  1898  1483 -745995.57   26  192 -744057.00 -746072.86  0.27%   212  607s
  1934  1512 -745985.14   28  201 -744057.00 -746072.86  0.27%   215  623s
  1976  1535 -745572.69   30  173 -744057.00 -746072.86  0.27%   221  639s
  2025  1551     cutoff   33      -744057.00 -746072.53  0.27%   227  659s
  2079  1573 -744522.06   20  193 -744057.00 -746072.53  0.27%   239  672s
  2174  1578     cutoff   27      -744057.00 -746072.53  0.27%   239  688s
  2247  1606 -744318.52   38  180 -744057.00 -746072.53  0.27%   241  701s
  2323  1636 -744312.50   53  158 -744057.00 -746072.53  0.27%   236  712s
  2407  1672 -744270.99   65  159 -744057.00 -746072.53  0.27%   231  727s
  2483  1674 -744270.99   81  158 -744057.00 -746072.53  0.27%   227  737s
  2520  1728 -744270.99   93  156 -744057.00 -746072.53  0.27%   226  751s
  2598  1766 -744269.42  108  141 -744057.00 -746072.53  0.27%   223  764s
  2683  1802 -744269.07  122  154 -744057.00 -746072.53  0.27%   220  780s
  2784  1844 -744266.09  139  146 -744057.00 -746072.53  0.27%   218  794s
  2863  1907 -744255.22  156  151 -744057.00 -746072.53  0.27%   216  809s
  2959  2022 -744251.30  178  169 -744057.00 -746072.53  0.27%   216  823s
  3131  2133 -744247.11  201  167 -744057.00 -746072.53  0.27%   207  836s
  3319  2251 -744240.27  231  168 -744057.00 -746072.53  0.27%   198  851s
  3500  2537 -744214.86  262  159 -744057.00 -746072.53  0.27%   190  869s
  3848  2797 -744202.38  336  177 -744057.00 -746072.53  0.27%   176  884s
  4230  3012 -744188.66  415  189 -744057.00 -746072.53  0.27%   163  899s

Cutting planes:
  Clique: 8
  MIR: 1
  Zero half: 11
  RLT: 4

Explored 4587 nodes (851825 simplex iterations) in 900.05 seconds (846.27 work units)
Thread count was 12 (of 12 available processors)

Solution count 8: -744057 -743907 -742313 ... -144658

Time limit reached
Best objective -7.440570000000e+05, best bound -7.460720000000e+05, gap 0.2708%

================================================================================ 
Instance 1 
================================================================================
Solving with Network
Constructing nodes...
Done constructing nodes.
Number of Nodes:  4050
Constructing arcs...
Done constructing arcs.
Number of Arcs:  99030
Set parameter MIPGap to value 0
Set parameter TimeLimit to value 900
Gurobi Optimizer version 10.0.1 build v10.0.1rc0 (win64)

CPU model: AMD Ryzen 5 5625U with Radeon Graphics, instruction set [SSE2|AVX|AVX2]
Thread count: 6 physical cores, 12 logical processors, using up to 12 threads

Academic license - for non-commercial use only - registered to mitchell.clark1@uq.net.au
Optimize a model with 5085 rows, 100018 columns and 295003 nonzeros
Model fingerprint: 0x1004b398
Variable types: 0 continuous, 100018 integer (100003 binary)
Coefficient statistics:
  Matrix range     [1e+00, 5e+00]
  Objective range  [3e+02, 3e+04]
  Bounds range     [1e+00, 1e+00]
  RHS range        [1e+00, 5e+00]
Found heuristic solution: objective -119361.0000
Presolve removed 2054 rows and 7924 columns
Presolve time: 2.27s
Presolved: 3031 rows, 92094 columns, 272295 nonzeros
Variable types: 0 continuous, 92094 integer (92094 binary)
Deterministic concurrent LP optimizer: primal and dual simplex
Showing first log only...


Root simplex log...

Iteration    Objective       Primal Inf.    Dual Inf.      Time
   45560   -6.5529305e+05   0.000000e+00   6.497070e+06      5s
   71077   -6.5654047e+05   0.000000e+00   0.000000e+00      6s
Concurrent spin time: 0.59s

Solved with primal simplex
   71077   -6.5654047e+05   0.000000e+00   0.000000e+00      7s

Root relaxation: objective -6.565405e+05, 71077 iterations, 4.55 seconds (4.72 work units)

    Nodes    |    Current Node    |     Objective Bounds      |     Work
 Expl Unexpl |  Obj  Depth IntInf | Incumbent    BestBd   Gap | It/Node Time

     0     0 -656540.47    0   90 -119361.00 -656540.47   450%     -    7s
     0     0 -656540.47    0   93 -119361.00 -656540.47   450%     -    7s
H    0     0                    -650171.0000 -656540.47  0.98%     -   10s
H    0     0                    -650552.0001 -656540.47  0.92%     -   14s
H    0     0                    -650579.0000 -656540.47  0.92%     -   15s
H    0     0                    -654287.0000 -656540.47  0.34%     -   15s
H    0     0                    -654492.0000 -656527.83  0.31%     -   18s
     0     0 -656527.83    0  148 -654492.00 -656527.83  0.31%     -   18s
H    0     0                    -654542.0008 -656527.83  0.30%     -   27s
H    0     0                    -654637.0000 -656527.83  0.29%     -   27s
     0     0 -656506.20    0  144 -654637.00 -656506.20  0.29%     -   27s
     0     0 -656506.20    0  192 -654637.00 -656506.20  0.29%     -   29s
     0     0 -656506.20    0   88 -654637.00 -656506.20  0.29%     -   34s
     0     0 -656506.20    0  157 -654637.00 -656506.20  0.29%     -   36s
     0     0 -656506.20    0  174 -654637.00 -656506.20  0.29%     -   43s
     0     0 -656504.52    0  194 -654637.00 -656504.52  0.29%     -   43s
     0     0 -656475.58    0  201 -654637.00 -656475.58  0.28%     -   44s
     0     0 -656475.58    0  201 -654637.00 -656475.58  0.28%     -   48s
     0     0 -656468.69    0  194 -654637.00 -656468.69  0.28%     -   50s
     0     0 -656468.69    0  198 -654637.00 -656468.69  0.28%     -   50s
     0     0 -656468.69    0  158 -654637.00 -656468.69  0.28%     -   51s
     0     0 -656468.69    0  161 -654637.00 -656468.69  0.28%     -   51s
     0     0 -656466.85    0  160 -654637.00 -656466.85  0.28%     -   52s
     0     0 -656466.85    0  164 -654637.00 -656466.85  0.28%     -   52s
     0     0 -656466.85    0  167 -654637.00 -656466.85  0.28%     -   52s
     0     0 -656466.43    0  180 -654637.00 -656466.43  0.28%     -   53s
     0     0 -656466.43    0  183 -654637.00 -656466.43  0.28%     -   53s
     0     0 -656466.43    0  170 -654637.00 -656466.43  0.28%     -   54s
     0     2 -656466.43    0  170 -654637.00 -656466.43  0.28%     -   59s
     1     5 -656466.43    1  170 -654637.00 -656466.43  0.28%   373   60s
    13    20 -656460.88    4  194 -654637.00 -656460.88  0.28%   477   65s
    31    38 -656448.99    6  184 -654637.00 -656460.88  0.28%   477   79s
H   34    38                    -654683.0000 -656460.88  0.27%   480   79s
    37    44 -656452.01    7  186 -654683.00 -656460.88  0.27%   511   80s
    58    81 -656448.82   10  156 -654683.00 -656460.88  0.27%   351   86s
    80   118 -656448.82   13  152 -654683.00 -656460.88  0.27%   269   91s
   117   169 -656354.67   17  110 -654683.00 -656460.88  0.27%   272   99s
   168   235 -656234.15   22  143 -654683.00 -656460.88  0.27%   248  105s
   235   284 -656140.33   29  136 -654683.00 -656460.88  0.27%   223  114s
   287   368 -656140.33   30  140 -654683.00 -656460.88  0.27%   205  120s
   382   417 -654993.32   42  179 -654683.00 -656460.88  0.27%   190  134s
   446   472     cutoff   51      -654683.00 -656460.88  0.27%   197  141s
   525   509 -655307.56    6  184 -654683.00 -656460.40  0.27%   202  146s
   570   623 -655205.61    9  127 -654683.00 -656460.40  0.27%   197  153s
   724   796 -655147.73   23  137 -654683.00 -656460.40  0.27%   165  160s
   897   935 -655147.59   73  117 -654683.00 -656460.40  0.27%   146  166s
  1036  1050 -655086.88   98  136 -654683.00 -656460.40  0.27%   137  173s
  1161  1172 -655046.08  111  153 -654683.00 -656460.40  0.27%   134  179s
  1295  1173 -654750.22   83  192 -654683.00 -656460.40  0.27%   127  196s
  1297  1174 -654694.90  201   94 -654683.00 -656460.40  0.27%   127  204s
  1298  1175 -655426.12   17  153 -654683.00 -656460.40  0.27%   127  211s
  1299  1176 -654814.67   33  162 -654683.00 -656460.40  0.27%   127  215s
  1301  1177 -654993.07   58  184 -654683.00 -656460.40  0.27%   127  223s
  1302  1178 -655068.87   96  188 -654683.00 -656460.40  0.27%   127  225s
  1305  1180 -655046.24  110  204 -654683.00 -656460.40  0.27%   126  230s
  1308  1182 -655147.59   73  165 -654683.00 -656460.40  0.27%   126  236s
  1309  1182 -654997.00   37  165 -654683.00 -656460.40  0.27%   126  243s
  1310  1186 -656460.40   16  165 -654683.00 -656460.40  0.27%   142  245s
  1316  1194 -656454.90   18  190 -654683.00 -656454.90  0.27%   145  251s
  1340  1210 -655529.77   20  161 -654683.00 -656450.89  0.27%   152  266s
  1359  1221 -656431.79   22  197 -654683.00 -656447.95  0.27%   154  270s
  1373  1230 -656431.79   23  196 -654683.00 -656447.95  0.27%   156  276s
  1387  1243 -656431.79   24  200 -654683.00 -656447.95  0.27%   160  282s
  1409  1260 -656431.79   26  204 -654683.00 -656447.95  0.27%   165  287s
  1434  1276 -655429.77   27  146 -654683.00 -656447.95  0.27%   169  292s
  1446  1287 -656424.12   28  164 -654683.00 -656447.95  0.27%   168  295s
  1479  1300 -656284.84   29  169 -654683.00 -656447.95  0.27%   170  301s
  1499  1323 -656405.10   31  159 -654683.00 -656447.95  0.27%   170  307s
  1531  1346 -656397.72   33  152 -654683.00 -656447.95  0.27%   171  312s
  1549  1365 -656397.72   34  152 -654683.00 -656447.95  0.27%   171  316s
  1574  1382 -656396.75   35  149 -654683.00 -656447.95  0.27%   173  320s
  1628  1403 -656394.67   37  143 -654683.00 -656447.95  0.27%   176  327s
  1651  1417 -656393.50   38  142 -654683.00 -656447.95  0.27%   179  332s
  1680  1414 -656318.42   39  123 -654683.00 -656447.95  0.27%   182  344s
  1695  1434 -656313.36   40  146 -654683.00 -656447.95  0.27%   186  350s
  1724  1449 -656139.69   41  150 -654683.00 -656447.95  0.27%   188  355s
  1811  1489 -655034.38   47  127 -654683.00 -656447.95  0.27%   187  364s
  1869  1498 -655034.38   51  124 -654683.00 -656447.95  0.27%   185  368s
  1918  1514 -655024.86   54  160 -654683.00 -656447.95  0.27%   183  373s
  1960  1530 -655016.50   57  134 -654683.00 -656447.95  0.27%   182  378s
  1990  1559 -654813.56   60  123 -654683.00 -656447.95  0.27%   183  383s
  2040  1565 -654840.05   63  125 -654683.00 -656447.95  0.27%   181  388s
  2074  1592 -656380.45   21  155 -654683.00 -656445.05  0.27%   184  395s
  2125  1610 -656201.01   23  182 -654683.00 -656445.05  0.27%   185  400s
  2243  1767 -654748.90   60  112 -654683.00 -656445.05  0.27%   183  409s
  2377  1814 -654743.19   91  127 -654683.00 -656445.05  0.27%   176  414s
  2484  1860 -654719.90  118  127 -654683.00 -656435.17  0.27%   170  420s
  2575  1939 -655320.31   23  160 -654683.00 -656435.17  0.27%   169  427s
  2700  2029 -655196.36   41  177 -654683.00 -656435.17  0.27%   165  434s
  2871  2110 -655111.64   56  136 -654683.00 -656435.17  0.27%   159  440s
  3059  2169 -654982.07   72  152 -654683.00 -656416.15  0.26%   152  447s
  3255  2284 -655437.39   21  144 -654683.00 -656416.15  0.26%   147  452s
  3507  2395 -655194.54   40  176 -654683.00 -656416.15  0.26%   140  457s
  3784  2433 -655130.84   60  163 -654683.00 -656416.15  0.26%   133  462s
  4011  2544 -654874.60   82  150 -654683.00 -656416.15  0.26%   127  468s
  4242  2630 -655193.92   28  127 -654683.00 -656416.15  0.26%   124  474s
  4407  2804 -655030.85   47  107 -654683.00 -656416.15  0.26%   121  480s
  4636  2894 -654891.94   64  113 -654683.00 -656402.47  0.26%   118  486s
  4815  3104 -655372.25   22   83 -654683.00 -656402.47  0.26%   117  508s
  5097  3369 -655122.15   49  167 -654683.00 -656402.47  0.26%   113  515s
  5387  3700 -654988.22   67  164 -654683.00 -656392.24  0.26%   110  523s
  5755  4018 -656118.79   29  154 -654683.00 -656390.78  0.26%   106  532s
  6137  4364     cutoff   66      -654683.00 -656385.56  0.26%   104  539s
  6527  4611 -655263.97   30  169 -654683.00 -656385.56  0.26%   101  546s
  6814  4996 -656203.74   30  137 -654683.00 -656385.56  0.26%  98.6  556s
  7258  5532 -655129.46   34  121 -654683.00 -656385.56  0.26%  95.7  564s
  7807  6012 -655025.20   43  111 -654683.00 -656382.74  0.26%  91.4  573s
  8361  6291 -654809.90   37  123 -654683.00 -656382.74  0.26%  87.8  581s
  8692  6581 -654793.30   49  118 -654683.00 -656378.47  0.26%  86.0  591s
  9023  6910 -654998.33   26  140 -654683.00 -656374.69  0.26%  87.0  601s
  9384  7367 -655163.76   36  108 -654683.00 -656374.69  0.26%  87.8  612s
  9887  7524 -654906.17   70  121 -654683.00 -656369.78  0.26%  86.2  622s
 10060  8189 -655244.27   25  110 -654683.00 -656369.78  0.26%  87.2  634s
 10777  8363 -655147.64   38  161 -654683.00 -656369.78  0.26%  84.2  651s
 11003  9089 -654885.11   51  139 -654683.00 -656369.78  0.26%  85.8  663s
 11800  9399 -654883.26   81  105 -654683.00 -656369.78  0.26%  83.1  674s
 12115  9744 -654836.40  108  121 -654683.00 -656369.78  0.26%  83.4  684s
 12503 10384 -654876.28  141  100 -654683.00 -656369.78  0.26%  83.5  708s
 13306 10527 -654869.18  187  108 -654683.00 -656369.78  0.26%  82.7  718s
 13508 11220 -654832.06  204   64 -654683.00 -656369.78  0.26%  84.4  732s
 14299 11525 -654868.72  237   97 -654683.00 -656369.78  0.26%  83.2  743s
 14703 11747 -654866.72  266  122 -654683.00 -656369.78  0.26%  84.3  755s
 15041 12240 -654782.46  289  103 -654683.00 -656369.78  0.26%  85.8  769s
 15669 12875 -654862.39  327  133 -654683.00 -656369.78  0.26%  85.6  783s
 16447 13378 -654860.53  360  123 -654683.00 -656369.78  0.26%  84.5  795s
 17096 13618 -654860.25  391  117 -654683.00 -656369.78  0.26%  83.8  807s
 17407 14083 -654859.38  413  124 -654683.00 -656369.78  0.26%  84.9  819s
 17933 14866 -654781.88  427   95 -654683.00 -656369.78  0.26%  83.7  833s
 18926 15342 -654851.49  464  133 -654683.00 -656369.78  0.26%  82.1  847s
 19432 15921 -654851.14  497  128 -654683.00 -656369.78  0.26%  81.9  872s
 20155 16262 -654772.64  533  114 -654683.00 -656369.78  0.26%  80.7  887s
 20559 16432 -654802.89  574   91 -654683.00 -656369.78  0.26%  81.2  899s
 20745 16436 -654839.67  591   98 -654683.00 -656369.78  0.26%  81.3  900s

Cutting planes:
  Cover: 2
  Clique: 26
  MIR: 1
  Flow cover: 1
  Zero half: 13
  Mod-K: 1
  RLT: 9

Explored 20749 nodes (1790371 simplex iterations) in 900.05 seconds (961.70 work units)
Thread count was 12 (of 12 available processors)

Solution count 9: -654683 -654637 -654542 ... -119361

Time limit reached
Best objective -6.546830000000e+05, best bound -6.563690000000e+05, gap 0.2575%

================================================================================ 
Instance 2 
================================================================================
Solving with Network
Constructing nodes...
Done constructing nodes.
Number of Nodes:  5310
Constructing arcs...
Done constructing arcs.
Number of Arcs:  180540
Set parameter MIPGap to value 0
Set parameter TimeLimit to value 900
Gurobi Optimizer version 10.0.1 build v10.0.1rc0 (win64)

CPU model: AMD Ryzen 5 5625U with Radeon Graphics, instruction set [SSE2|AVX|AVX2]
Thread count: 6 physical cores, 12 logical processors, using up to 12 threads

Academic license - for non-commercial use only - registered to mitchell.clark1@uq.net.au
Optimize a model with 6345 rows, 181528 columns and 538273 nonzeros
Model fingerprint: 0xe637a061
Variable types: 0 continuous, 181528 integer (181513 binary)
Coefficient statistics:
  Matrix range     [1e+00, 5e+00]
  Objective range  [3e+02, 3e+04]
  Bounds range     [1e+00, 1e+00]
  RHS range        [1e+00, 5e+00]
Presolve removed 2667 rows and 3893 columns
Presolve time: 4.62s
Presolved: 3678 rows, 177635 columns, 528271 nonzeros
Variable types: 0 continuous, 177635 integer (177635 binary)
Deterministic concurrent LP optimizer: primal simplex, dual simplex, and barrier
Showing barrier log only...

Root barrier log...

Ordering time: 0.02s

Barrier statistics:
 AA' NZ     : 2.777e+05
 Factor NZ  : 5.470e+05 (roughly 80 MB of memory)
 Factor Ops : 9.023e+07 (less than 1 second per iteration)
 Threads    : 3

                  Objective                Residual
Iter       Primal          Dual         Primal    Dual     Compl     Time
   0   7.28162206e+06 -2.97781758e+07  5.11e+03 2.50e+02  5.61e+02     7s
   1  -4.23397735e+04 -5.76384056e+06  3.25e+02 3.64e-12  4.34e+01     7s
   2  -4.97271732e+05 -2.44790804e+06  1.92e+01 3.64e-12  7.09e+00     7s
   3  -5.25234306e+05 -1.08023631e+06  4.10e+00 4.55e-12  1.95e+00     7s
   4  -5.29701593e+05 -8.19418907e+05  2.71e+00 5.46e-12  1.06e+00     7s
   5  -5.31836983e+05 -6.88998684e+05  2.24e+00 3.64e-12  6.13e-01     7s
   6  -5.35637598e+05 -6.23039602e+05  1.71e+00 3.64e-12  3.39e-01     8s
   7  -5.44339020e+05 -6.00024032e+05  7.82e-01 3.64e-12  1.89e-01     8s
   8  -5.47491116e+05 -5.87003542e+05  6.15e-01 3.64e-12  1.31e-01     8s
   9  -5.54055689e+05 -5.79621298e+05  3.43e-01 3.64e-12  8.05e-02     8s
  10  -5.57665168e+05 -5.74714871e+05  2.10e-01 3.64e-12  5.22e-02     8s
  11  -5.60473266e+05 -5.71059704e+05  1.08e-01 2.03e-12  3.15e-02     8s
  12  -5.61115990e+05 -5.70896259e+05  9.06e-02 2.27e-12  2.89e-02     8s
  13  -5.62289907e+05 -5.69033704e+05  6.26e-02 1.82e-12  1.98e-02     8s
  14  -5.62801964e+05 -5.69006368e+05  5.21e-02 3.64e-12  1.82e-02     8s
  15  -5.63037623e+05 -5.68854976e+05  4.74e-02 3.64e-12  1.70e-02     8s
  16  -5.64408040e+05 -5.67794200e+05  2.39e-02 3.64e-12  9.82e-03     8s
  17  -5.65243809e+05 -5.67294858e+05  1.28e-02 3.64e-12  5.92e-03     8s
  18  -5.65822903e+05 -5.66887480e+05  6.02e-03 3.64e-12  3.07e-03     8s
  19  -5.66112991e+05 -5.66606728e+05  3.01e-03 3.64e-12  1.42e-03     8s
  20  -5.66159245e+05 -5.66576001e+05  2.44e-03 1.82e-12  1.20e-03     8s
  21  -5.66250259e+05 -5.66533808e+05  1.36e-03 2.27e-12  8.12e-04     9s
  22  -5.66302859e+05 -5.66494298e+05  8.25e-04 3.64e-12  5.47e-04     9s
  23  -5.66334442e+05 -5.66471411e+05  5.38e-04 3.64e-12  3.91e-04     9s
  24  -5.66378036e+05 -5.66432569e+05  1.75e-04 3.64e-12  1.55e-04     9s
  25  -5.66395702e+05 -5.66416424e+05  4.23e-05 3.64e-12  5.87e-05     9s
  26  -5.66401950e+05 -5.66405648e+05  2.92e-06 3.64e-12  1.04e-05     9s
  27  -5.66402634e+05 -5.66403648e+05  1.87e-07 3.64e-12  2.86e-06     9s
  28  -5.66402697e+05 -5.66403438e+05  4.63e-08 3.64e-12  2.08e-06     9s
  29  -5.66402717e+05 -5.66403241e+05  1.20e-08 1.82e-12  1.48e-06     9s
  30  -5.66402718e+05 -5.66403170e+05  9.55e-09 3.64e-12  1.27e-06     9s
  31  -5.66402720e+05 -5.66403070e+05  6.07e-09 3.64e-12  9.84e-07     9s
  32  -5.66402723e+05 -5.66402950e+05  3.35e-09 1.82e-12  6.41e-07     9s
  33  -5.66402726e+05 -5.66402838e+05  1.40e-09 3.64e-12  3.16e-07     9s
  34  -5.66402726e+05 -5.66402811e+05  9.47e-10 3.64e-12  2.38e-07     9s
  35  -5.66402727e+05 -5.66402771e+05  3.98e-10 3.64e-12  1.24e-07     9s
  36  -5.66402727e+05 -5.66402742e+05  2.45e-10 3.64e-12  4.16e-08    10s
  37  -5.66402728e+05 -5.66402728e+05  1.02e-11 7.28e-12  1.50e-10    10s

Barrier solved model in 37 iterations and 9.57 seconds (7.53 work units)
Optimal objective -5.66402728e+05


Root crossover log...

    3254 DPushes remaining with DInf 0.0000000e+00                10s
       0 DPushes remaining with DInf 0.0000000e+00                10s

     749 PPushes remaining with PInf 0.0000000e+00                10s
       0 PPushes remaining with PInf 0.0000000e+00                10s

  Push phase complete: Pinf 0.0000000e+00, Dinf 6.7529982e-11     10s


Root simplex log...

Iteration    Objective       Primal Inf.    Dual Inf.      Time
    4006   -5.6640273e+05   0.000000e+00   0.000000e+00     10s
Concurrent spin time: 0.00s

Solved with barrier
    4006   -5.6640273e+05   0.000000e+00   0.000000e+00     10s

Root relaxation: objective -5.664027e+05, 4006 iterations, 3.22 seconds (1.76 work units)

    Nodes    |    Current Node    |     Objective Bounds      |     Work
 Expl Unexpl |  Obj  Depth IntInf | Incumbent    BestBd   Gap | It/Node Time

     0     0 -566402.73    0  135          - -566402.73      -     -   10s
H    0     0                    -213733.0000 -566402.73   165%     -   11s
H    0     0                    -559326.0000 -566402.73  1.27%     -   20s
H    0     0                    -561261.0000 -566402.73  0.92%     -   22s
     0     0 -566362.62    0  143 -561261.00 -566362.62  0.91%     -   27s
H    0     0                    -561488.0000 -566362.62  0.87%     -   50s
H    0     0                    -561577.0000 -566362.62  0.85%     -   53s
H    0     0                    -563462.0000 -566362.62  0.51%     -   53s
     0     0 -566362.62    0  158 -563462.00 -566362.62  0.51%     -   55s
H    0     0                    -563562.0000 -566362.62  0.50%     -   55s
     0     0 -566362.62    0  163 -563562.00 -566362.62  0.50%     -   56s
     0     0 -566362.62    0  141 -563562.00 -566362.62  0.50%     -   57s
     0     0 -566362.62    0  144 -563562.00 -566362.62  0.50%     -   58s
     0     0 -566362.62    0  133 -563562.00 -566362.62  0.50%     -   59s
     0     0 -566362.62    0  138 -563562.00 -566362.62  0.50%     -   59s
     0     0 -566362.62    0  135 -563562.00 -566362.62  0.50%     -   60s
     0     0 -566362.62    0  142 -563562.00 -566362.62  0.50%     -   60s
     0     0 -566362.62    0  131 -563562.00 -566362.62  0.50%     -   61s
     0     0 -566362.62    0  131 -563562.00 -566362.62  0.50%     -   63s
     0     2 -566357.00    0  128 -563562.00 -566357.00  0.50%     -   70s
     3     8 -566357.00    2  138 -563562.00 -566357.00  0.50%   165   76s
     7    14 -566357.00    3  147 -563562.00 -566357.00  0.50%   160   81s
    13    20 -566357.00    4  148 -563562.00 -566357.00  0.50%   123   87s
    19    26 -566357.00    4  150 -563562.00 -566357.00  0.50%  92.5   93s
    25    32 -566357.00    5  151 -563562.00 -566357.00  0.50%  77.1   99s
    31    38 -566357.00    6  139 -563562.00 -566357.00  0.50%  75.2  110s
H   34    38                    -563662.0000 -566357.00  0.48%  75.6  110s
    43    58 -566357.00    7  137 -563662.00 -566357.00  0.48%  81.4  127s
H   57    64                    -564112.0000 -566357.00  0.40%  75.5  186s
H   58    64                    -564212.0000 -566357.00  0.38%  74.2  186s
    63    74 -566357.00   11  154 -564212.00 -566357.00  0.38%  74.4  207s
    73   146 -566357.00   11  150 -564212.00 -566357.00  0.38%  73.6  264s
   145   339 -566352.02   20  196 -564212.00 -566357.00  0.38%  72.7  382s
   338   704 -566335.20   52  208 -564212.00 -566357.00  0.38%  62.3  593s
   705  1263 -566252.97  112  206 -564212.00 -566357.00  0.38%  77.6  805s
  1283  2200 -564741.48  190  177 -564212.00 -566357.00  0.38%   106  900s

Cutting planes:
  Cover: 3
  Clique: 4
  Zero half: 3
  RLT: 23

Explored 2220 nodes (156608 simplex iterations) in 900.25 seconds (733.94 work units)
Thread count was 12 (of 12 available processors)

Solution count 10: -564212 -564112 -563662 ... -213733

Time limit reached
Best objective -5.642120000000e+05, best bound -5.663570000000e+05, gap 0.3802%

================================================================================ 
Instance 3 
================================================================================
Solving with Network
Constructing nodes...
Done constructing nodes.
Number of Nodes:  4890
Constructing arcs...
Done constructing arcs.
Number of Arcs:  155550
Set parameter MIPGap to value 0
Set parameter TimeLimit to value 900
Gurobi Optimizer version 10.0.1 build v10.0.1rc0 (win64)

CPU model: AMD Ryzen 5 5625U with Radeon Graphics, instruction set [SSE2|AVX|AVX2]
Thread count: 6 physical cores, 12 logical processors, using up to 12 threads

Academic license - for non-commercial use only - registered to mitchell.clark1@uq.net.au
Optimize a model with 5925 rows, 156536 columns and 463721 nonzeros
Model fingerprint: 0x12623580
Variable types: 0 continuous, 156536 integer (156521 binary)
Coefficient statistics:
  Matrix range     [1e+00, 5e+00]
  Objective range  [3e+02, 3e+04]
  Bounds range     [1e+00, 1e+00]
  RHS range        [1e+00, 5e+00]
Presolve removed 2518 rows and 3958 columns
Presolve time: 4.04s
Presolved: 3407 rows, 152578 columns, 453375 nonzeros
Variable types: 0 continuous, 152578 integer (152578 binary)
Deterministic concurrent LP optimizer: primal and dual simplex
Showing first log only...


Root simplex log...

Iteration    Objective       Primal Inf.    Dual Inf.      Time
       0   -1.8140000e+05   5.000000e+00   1.503507e+10      5s
   49980   -6.6802371e+05   0.000000e+00   5.944236e+07     10s
  104867   -6.7852458e+05   0.000000e+00   0.000000e+00     14s
Concurrent spin time: 2.82s

Solved with primal simplex
  104867   -6.7852458e+05   0.000000e+00   0.000000e+00     17s

Root relaxation: objective -6.785246e+05, 104867 iterations, 12.23 seconds (9.24 work units)

    Nodes    |    Current Node    |     Objective Bounds      |     Work
 Expl Unexpl |  Obj  Depth IntInf | Incumbent    BestBd   Gap | It/Node Time

     0     0 -678524.58    0  122          - -678524.58      -     -   17s
H    0     0                    -324667.0000 -678524.58   109%     -   18s
H    0     0                    -329467.0000 -678524.58   106%     -   18s
H    0     0                    -492336.0000 -678524.58  37.8%     -   18s
H    0     0                    -671576.0000 -678524.58  1.03%     -   19s
     0     0 -678524.58    0  151 -671576.00 -678524.58  1.03%     -   35s
H    0     0                    -673723.0000 -678524.58  0.71%     -   59s
     0     0 -678524.58    0  133 -673723.00 -678524.58  0.71%     -   62s
     0     0 -678523.89    0  122 -673723.00 -678523.89  0.71%     -   68s
     0     0 -678523.89    0  127 -673723.00 -678523.89  0.71%     -   68s
     0     0 -678523.89    0  139 -673723.00 -678523.89  0.71%     -   69s
     0     0 -678523.89    0  141 -673723.00 -678523.89  0.71%     -   71s
     0     0 -678523.89    0  128 -673723.00 -678523.89  0.71%     -   73s
     0     2 -678473.00    0  126 -673723.00 -678473.00  0.71%     -   84s
     1     4 -678473.00    1  129 -673723.00 -678473.00  0.71%  1592   90s
     3     8 -678473.00    2  128 -673723.00 -678473.00  0.71%  1344   97s
     7    14 -678473.00    3  137 -673723.00 -678473.00  0.71%  1044  106s
    13    20 -678473.00    4  147 -673723.00 -678473.00  0.71%   925  112s
    19    26 -678473.00    5  145 -673723.00 -678473.00  0.71%   679  116s
    25    32 -678473.00    6  146 -673723.00 -678473.00  0.71%   544  120s
    31    38 -678473.00    6  142 -673723.00 -678473.00  0.71%   464  130s
    37    44 -678473.00    7  144 -673723.00 -678473.00  0.71%   478  136s
    43    50 -678473.00    8  138 -673723.00 -678473.00  0.71%   459  142s
    49    56 -678473.00    9  138 -673723.00 -678473.00  0.71%   454  148s
    55    62 -678473.00   10  135 -673723.00 -678473.00  0.71%   436  154s
    61    68 -678473.00   11  134 -673723.00 -678473.00  0.71%   426  159s
    67    74 -678473.00   12  132 -673723.00 -678473.00  0.71%   404  165s
    73    81 -678473.00   13  130 -673723.00 -678473.00  0.71%   388  170s
    80    87 -678473.00   14  130 -673723.00 -678473.00  0.71%   376  176s
    86    93 -678473.00   15  129 -673723.00 -678473.00  0.71%   369  182s
    92   100 -678473.00   15  132 -673723.00 -678473.00  0.71%   362  188s
    99   107 -678473.00   16  129 -673723.00 -678473.00  0.71%   358  196s
   106   113 -678473.00   16  133 -673723.00 -678473.00  0.71%   367  204s
   112   119 -678473.00   17  131 -673723.00 -678473.00  0.71%   366  240s
   118   130 -678473.00   17  132 -673723.00 -678473.00  0.71%   368  255s
   129   147 -678473.00   19  123 -673723.00 -678473.00  0.71%   364  275s
   146   166 -678460.70   21  151 -673723.00 -678473.00  0.71%   370  294s
   165   198 -678445.02   22  146 -673723.00 -678473.00  0.71%   357  319s
   197   217 -678442.79   28  139 -673723.00 -678473.00  0.71%   337  365s
   216   251 -678442.79   29  128 -673723.00 -678473.00  0.71%   325  391s
   250   287 -678440.13   34  158 -673723.00 -678473.00  0.71%   314  424s
   286   308 -677068.28   37  124 -673723.00 -678473.00  0.71%   306  446s
   309   350 -677149.15   39  170 -673723.00 -678473.00  0.71%   300  474s
   351   393 -677141.89   45  139 -673723.00 -678473.00  0.71%   292  505s
   394   445 -677138.83   50  101 -673723.00 -678473.00  0.71%   293  536s
   446   495 -677130.96   58  110 -673723.00 -678473.00  0.71%   288  565s
   496   541 -677123.96   67   98 -673723.00 -678473.00  0.71%   285  595s
   542   585 -677108.97   73  120 -673723.00 -678473.00  0.71%   284  624s
   586   636 -677024.37   76  148 -673723.00 -678473.00  0.71%   292  656s
   637   713 -676937.81   81  169 -673723.00 -678473.00  0.71%   294  691s
   714   780 -676875.11   88  147 -673723.00 -678473.00  0.71%   288  727s
   781   810 -675350.19   99  147 -673723.00 -678473.00  0.71%   307  782s
   811   983     cutoff  103      -673723.00 -678473.00  0.71%   316  812s
   988  1190 -674369.42  139  112 -673723.00 -678473.00  0.71%   283  838s
  1195  1458 -674363.97  182  163 -673723.00 -678473.00  0.71%   249  863s
  1463  1737 -674363.58  232  131 -673723.00 -678473.00  0.71%   211  890s
  1742  1896 -674359.96  291  147 -673723.00 -678473.00  0.71%   185  900s

Cutting planes:
  Cover: 2
  Zero half: 6
  RLT: 7

Explored 1901 nodes (453603 simplex iterations) in 900.14 seconds (698.50 work units)
Thread count was 12 (of 12 available processors)

Solution count 5: -673723 -671576 -492336 ... -324667

Time limit reached
Best objective -6.737230000000e+05, best bound -6.784730000000e+05, gap 0.7050%

================================================================================ 
Instance 4 
================================================================================
Solving with Network
Constructing nodes...
Done constructing nodes.
Number of Nodes:  4740
Constructing arcs...
Done constructing arcs.
Number of Arcs:  152355
Set parameter MIPGap to value 0
Set parameter TimeLimit to value 900
Gurobi Optimizer version 10.0.1 build v10.0.1rc0 (win64)

CPU model: AMD Ryzen 5 5625U with Radeon Graphics, instruction set [SSE2|AVX|AVX2]
Thread count: 6 physical cores, 12 logical processors, using up to 12 threads

Academic license - for non-commercial use only - registered to mitchell.clark1@uq.net.au
Optimize a model with 5775 rows, 153345 columns and 454290 nonzeros
Model fingerprint: 0xc8a6f8ef
Variable types: 0 continuous, 153345 integer (153330 binary)
Coefficient statistics:
  Matrix range     [1e+00, 5e+00]
  Objective range  [3e+02, 2e+04]
  Bounds range     [1e+00, 1e+00]
  RHS range        [1e+00, 5e+00]
Found heuristic solution: objective -65760.00000
Presolve removed 2175 rows and 3024 columns
Presolve time: 3.42s
Presolved: 3600 rows, 150321 columns, 446403 nonzeros
Variable types: 0 continuous, 150321 integer (150321 binary)
Deterministic concurrent LP optimizer: primal and dual simplex
Showing first log only...


Root simplex log...

Iteration    Objective       Primal Inf.    Dual Inf.      Time
   18465   -4.9764427e+05   0.000000e+00   4.598238e+09      5s
   80898   -5.9787886e+05   0.000000e+00   3.137228e+08     10s
  141930   -6.0267864e+05   0.000000e+00   8.056671e+07     15s
  208008   -6.0391528e+05   0.000000e+00   4.511214e+08     20s
Concurrent spin time: 0.00s

Solved with dual simplex

Root relaxation: objective -6.049090e+05, 34995 iterations, 17.09 seconds (16.99 work units)

    Nodes    |    Current Node    |     Objective Bounds      |     Work
 Expl Unexpl |  Obj  Depth IntInf | Incumbent    BestBd   Gap | It/Node Time

     0     0 -604908.97    0  120 -65760.000 -604908.97   820%     -   21s
H    0     0                    -601783.0000 -604908.97  0.52%     -   23s
H    0     0                    -602074.0000 -604908.97  0.47%     -   28s
     0     0 -604908.97    0  160 -602074.00 -604908.97  0.47%     -   31s
H    0     0                    -602124.0000 -604908.97  0.46%     -   53s
     0     0 -604908.97    0  136 -602124.00 -604908.97  0.46%     -   54s
     0     0 -604908.97    0  139 -602124.00 -604908.97  0.46%     -   57s
     0     0 -604908.97    0  135 -602124.00 -604908.97  0.46%     -   59s
     0     0 -604908.97    0  139 -602124.00 -604908.97  0.46%     -   60s
     0     0 -604908.97    0  136 -602124.00 -604908.97  0.46%     -   60s
     0     0 -604908.97    0  144 -602124.00 -604908.97  0.46%     -   61s
     0     0 -604908.97    0  134 -602124.00 -604908.97  0.46%     -   62s
H    0     0                    -602174.0000 -604908.97  0.45%     -   64s
     0     0 -604908.97    0  144 -602174.00 -604908.97  0.45%     -   64s
     0     0 -604908.97    0  135 -602174.00 -604908.97  0.45%     -   65s
     0     0 -604908.97    0  135 -602174.00 -604908.97  0.45%     -   66s
     0     2 -604895.00    0  134 -602174.00 -604895.00  0.45%     -   75s
     3     8 -604895.00    2  139 -602174.00 -604895.00  0.45%   473   80s
    13    20 -604895.00    4  144 -602174.00 -604895.00  0.45%   281   89s
    19    26 -604895.00    5  148 -602174.00 -604895.00  0.45%   256   95s
    31    38 -604895.00    6  146 -602174.00 -604895.00  0.45%   236  107s
    37    44 -604895.00    7  164 -602174.00 -604895.00  0.45%   250  117s
    43    50 -604895.00    7  148 -602174.00 -604895.00  0.45%   316  146s
    49    74 -604879.46    8  159 -602174.00 -604895.00  0.45%   306  167s
    73   109 -604879.07   11  166 -602174.00 -604895.00  0.45%   268  200s
   108   205 -604895.00   14  167 -602174.00 -604895.00  0.45%   235  283s
   204   376 -604877.13   22  160 -602174.00 -604895.00  0.45%   269  436s
   375   603 -604709.13   46  159 -602174.00 -604895.00  0.45%   343  593s
   602   916 -604686.92   74  138 -602174.00 -604895.00  0.45%   332  754s
   915  1117 -604634.22   96  149 -602174.00 -604895.00  0.45%   309  892s
  1116  1126 -604496.38  153  135 -602174.00 -604895.00  0.45%   314  900s

Cutting planes:
  Clique: 8
  Zero half: 7
  RLT: 10

Explored 1125 nodes (397325 simplex iterations) in 900.08 seconds (774.19 work units)
Thread count was 12 (of 12 available processors)

Solution count 5: -602174 -602124 -602074 ... -65760

Time limit reached
Best objective -6.021740000000e+05, best bound -6.048950000000e+05, gap 0.4519%

Time Output 
================================================================================
   instance  seed  num_patients     Network
0         0    42            60  900.089583
1         1   831            60  900.071863
2         2   306            60  900.290943
3         3   542            60  900.164643
4         4     1            60  900.114219

Objective Output 
================================================================================
   instance  seed  num_patients   Network
0         0    42            60 -744057.0
1         1   831            60 -654683.0
2         2   306            60 -564212.0
3         3   542            60 -673723.0
4         4     1            60 -602174.0

Gap Output 
================================================================================
   instance  seed  num_patients   Network
0         0    42            60  0.002708
1         1   831            60  0.002575
2         2   306            60  0.003802
3         3   542            60  0.007050
4         4     1            60  0.004519

Average Gap Output 
================================================================================
   num_patients   Network
0            60  0.004131

Average Time Output 
================================================================================
   num_patients Network
0            60    None
