
================================================================================ 
 Num patients 40 
================================================================================

================================================================================ 
Instance 0 
================================================================================
Solving with Network
Constructing nodes...
Done constructing nodes.
Number of Nodes:  4380
Constructing arcs...
Done constructing arcs.
Number of Arcs:  80565
Set parameter WLSAccessID
Set parameter WLSSecret
Set parameter LicenseID to value 938386
Academic license - for non-commercial use only - registered to mitchell.clark1@uq.net.au
Set parameter MIPGap to value 0
Set parameter TimeLimit to value 900
Gurobi Optimizer version 10.0.1 build v10.0.1rc0 (win64)

CPU model: AMD Ryzen 5 5625U with Radeon Graphics, instruction set [SSE2|AVX|AVX2]
Thread count: 6 physical cores, 12 logical processors, using up to 12 threads

Academic license - for non-commercial use only - registered to mitchell.clark1@uq.net.au
Optimize a model with 5075 rows, 81233 columns and 238658 nonzeros
Model fingerprint: 0x5586751d
Variable types: 0 continuous, 81233 integer (81218 binary)
Coefficient statistics:
  Matrix range     [1e+00, 5e+00]
  Objective range  [4e+02, 3e+04]
  Bounds range     [1e+00, 1e+00]
  RHS range        [1e+00, 5e+00]
Presolve removed 2335 rows and 9432 columns
Presolve time: 2.35s
Presolved: 2740 rows, 71801 columns, 212027 nonzeros
Variable types: 0 continuous, 71801 integer (71801 binary)
Found heuristic solution: objective -107116.0000
Found heuristic solution: objective -142150.0000
Found heuristic solution: objective -169684.0000
Deterministic concurrent LP optimizer: primal and dual simplex
Showing first log only...

Concurrent spin time: 0.26s

Solved with primal simplex

Root simplex log...

Iteration    Objective       Primal Inf.    Dual Inf.      Time
   32397   -5.0378120e+05   0.000000e+00   0.000000e+00      5s

Root relaxation: objective -5.037812e+05, 32397 iterations, 2.20 seconds (1.74 work units)

    Nodes    |    Current Node    |     Objective Bounds      |     Work
 Expl Unexpl |  Obj  Depth IntInf | Incumbent    BestBd   Gap | It/Node Time

     0     0 -503781.20    0  121 -169684.00 -503781.20   197%     -    5s
H    0     0                    -489414.0000 -503781.20  2.94%     -    5s
H    0     0                    -497645.0000 -503661.85  1.21%     -    7s
     0     0 -503661.85    0  155 -497645.00 -503661.85  1.21%     -    7s
H    0     0                    -503151.0000 -503661.85  0.10%     -   10s
     0     0 -503661.51    0  207 -503151.00 -503661.51  0.10%     -   11s
     0     0 -503661.51    0  116 -503151.00 -503661.51  0.10%     -   12s
     0     0 -503623.53    0  117 -503151.00 -503623.53  0.09%     -   12s
     0     0 -503615.33    0  141 -503151.00 -503615.33  0.09%     -   12s
     0     0 -503612.74    0  148 -503151.00 -503612.74  0.09%     -   12s
     0     0 -503612.74    0  152 -503151.00 -503612.74  0.09%     -   12s
     0     0 -503562.70    0  152 -503151.00 -503562.70  0.08%     -   12s
     0     0 -503562.70    0  157 -503151.00 -503562.70  0.08%     -   13s
     0     0 -503556.39    0  151 -503151.00 -503556.39  0.08%     -   13s
     0     0 -503540.95    0  181 -503151.00 -503540.95  0.08%     -   13s
     0     0 -503540.95    0  179 -503151.00 -503540.95  0.08%     -   14s
     0     0 -503540.31    0  199 -503151.00 -503540.31  0.08%     -   14s
     0     0 -503540.31    0  198 -503151.00 -503540.31  0.08%     -   14s
     0     0 -503540.31    0  156 -503151.00 -503540.31  0.08%     -   14s
     0     0 -503540.31    0  104 -503151.00 -503540.31  0.08%     -   15s
     0     0 -503540.31    0  141 -503151.00 -503540.31  0.08%     -   15s
     0     0 -503540.31    0  123 -503151.00 -503540.31  0.08%     -   15s
     0     0 -503540.31    0  136 -503151.00 -503540.31  0.08%     -   15s
     0     0 -503540.31    0  150 -503151.00 -503540.31  0.08%     -   15s
     0     0 -503540.31    0  170 -503151.00 -503540.31  0.08%     -   15s
     0     0 -503534.92    0  177 -503151.00 -503534.92  0.08%     -   15s
     0     0 -503534.92    0  180 -503151.00 -503534.92  0.08%     -   15s
     0     0 -503534.92    0  190 -503151.00 -503534.92  0.08%     -   16s
     0     0 -503534.92    0  192 -503151.00 -503534.92  0.08%     -   16s
     0     0 -503534.50    0  144 -503151.00 -503534.50  0.08%     -   16s
     0     0 -503534.50    0  152 -503151.00 -503534.50  0.08%     -   16s
     0     0 -503534.50    0  156 -503151.00 -503534.50  0.08%     -   16s
     0     0 -503534.50    0  142 -503151.00 -503534.50  0.08%     -   16s
     0     0 -503534.50    0  134 -503151.00 -503534.50  0.08%     -   16s
     0     2 -503534.50    0  132 -503151.00 -503534.50  0.08%     -   16s
   288   297 -503340.27   52  113 -503151.00 -503491.64  0.07%  50.7   20s
  1287   957 -503421.81    7   99 -503151.00 -503491.64  0.07%  22.9   25s
  1343   990 -503481.64   18  112 -503151.00 -503481.64  0.07%  46.8   30s
  1797   933     cutoff   59      -503151.00 -503355.95  0.04%  48.8   35s
  3026  1112 -503201.00   56   63 -503151.00 -503201.00  0.01%  41.8   40s
  5090  1514 -503191.00   21  110 -503151.00 -503201.00  0.01%  40.8   46s
  7100  1731     cutoff   50      -503151.00 -503184.33  0.01%  37.9   50s
  9161  1255 -503160.09  104   83 -503151.00 -503176.00  0.00%  35.3   55s
 11069   352     cutoff   40      -503151.00 -503171.00  0.00%  33.9   61s

Cutting planes:
  Gomory: 11
  Cover: 6
  Clique: 43
  Flow cover: 5
  Zero half: 19
  RLT: 7

Explored 13295 nodes (450656 simplex iterations) in 64.63 seconds (70.95 work units)
Thread count was 12 (of 12 available processors)

Solution count 6: -503151 -497645 -489414 ... -107116
No other solutions better than -503151

Optimal solution found (tolerance 0.00e+00)
Best objective -5.031510000000e+05, best bound -5.031510000000e+05, gap 0.0000%

================================================================================ 
Instance 1 
================================================================================
Solving with Network
Constructing nodes...
Done constructing nodes.
Number of Nodes:  5010
Constructing arcs...
Done constructing arcs.
Number of Arcs:  104025
Set parameter MIPGap to value 0
Set parameter TimeLimit to value 900
Gurobi Optimizer version 10.0.1 build v10.0.1rc0 (win64)

CPU model: AMD Ryzen 5 5625U with Radeon Graphics, instruction set [SSE2|AVX|AVX2]
Thread count: 6 physical cores, 12 logical processors, using up to 12 threads

Academic license - for non-commercial use only - registered to mitchell.clark1@uq.net.au
Optimize a model with 5705 rows, 104695 columns and 308410 nonzeros
Model fingerprint: 0x48dee69e
Variable types: 0 continuous, 104695 integer (104680 binary)
Coefficient statistics:
  Matrix range     [1e+00, 5e+00]
  Objective range  [3e+02, 2e+04]
  Bounds range     [1e+00, 1e+00]
  RHS range        [1e+00, 5e+00]
Found heuristic solution: objective -41575.00000
Presolve removed 2675 rows and 8532 columns
Presolve time: 2.77s
Presolved: 3030 rows, 96163 columns, 284819 nonzeros
Variable types: 0 continuous, 96163 integer (96163 binary)
Deterministic concurrent LP optimizer: primal and dual simplex
Showing first log only...

Concurrent spin time: 0.48s

Solved with primal simplex

Root simplex log...

Iteration    Objective       Primal Inf.    Dual Inf.      Time
   33377   -3.6922026e+05   0.000000e+00   0.000000e+00      5s
Extra simplex iterations after uncrush: 14

Root relaxation: objective -3.692203e+05, 33377 iterations, 2.25 seconds (2.13 work units)

    Nodes    |    Current Node    |     Objective Bounds      |     Work
 Expl Unexpl |  Obj  Depth IntInf | Incumbent    BestBd   Gap | It/Node Time

     0     0 -369220.26    0   81 -41575.000 -369220.26   788%     -    5s
H    0     0                    -363320.0000 -369220.26  1.62%     -    6s
     0     0 -369220.26    0   81 -363320.00 -369220.26  1.62%     -    7s
     0     0 -369220.26    0   87 -363320.00 -369220.26  1.62%     -   17s
     0     0 -369153.17    0  179 -363320.00 -369153.17  1.61%     -   20s
H    0     0                    -367748.0000 -369153.17  0.38%     -   26s
     0     0 -369153.17    0  207 -367748.00 -369153.17  0.38%     -   27s
     0     0 -369153.17    0   79 -367748.00 -369153.17  0.38%     -   28s
     0     0 -369153.17    0  180 -367748.00 -369153.17  0.38%     -   29s
     0     0 -369153.17    0  193 -367748.00 -369153.17  0.38%     -   31s
     0     0 -369153.17    0  203 -367748.00 -369153.17  0.38%     -   32s
     0     0 -369153.17    0  125 -367748.00 -369153.17  0.38%     -   32s
     0     0 -369153.17    0  154 -367748.00 -369153.17  0.38%     -   33s
     0     0 -369153.17    0  127 -367748.00 -369153.17  0.38%     -   33s
     0     0 -369153.17    0  144 -367748.00 -369153.17  0.38%     -   33s
     0     0 -369153.17    0  128 -367748.00 -369153.17  0.38%     -   33s
     0     0 -369153.17    0  115 -367748.00 -369153.17  0.38%     -   34s
     0     2 -369132.00    0  115 -367748.00 -369132.00  0.38%     -   36s
     7    14 -369132.00    3  179 -367748.00 -369132.00  0.38%   233   40s
    50    57 -369102.29    8  184 -367748.00 -369126.02  0.37%   118   45s
    75    82 -369075.27   11  168 -367748.00 -369126.02  0.37%   103   59s
    81    89 -369064.54   12  124 -367748.00 -369126.02  0.37%   105   64s
    88   103 -369064.54   13  122 -367748.00 -369126.02  0.37%  98.8   66s
   140   155 -368711.75   17  154 -367748.00 -369126.02  0.37%  87.2   71s
   177   197 -368472.00   20   76 -367748.00 -369126.02  0.37%  97.4   75s
   243   223 -367949.10   34  125 -367748.00 -369124.04  0.37%  90.9   80s
   376   262 -367796.10   23  108 -367748.00 -369124.04  0.37%   103   87s
   533   281 -367796.10   61  107 -367748.00 -369094.07  0.37%  86.9   93s
   559   287 -368926.01    6  152 -367748.00 -369094.07  0.37%  97.8   95s
   572   321 -368839.10    8  141 -367748.00 -369094.07  0.37%   105  104s
   625   379 -367796.10   12  120 -367748.00 -369094.07  0.37%   104  107s
   801   434 -367796.10   73  145 -367748.00 -369094.07  0.37%  95.4  112s
   895   446     cutoff   42      -367748.00 -369080.32  0.36%   103  117s
   946   497     cutoff   12      -367748.00 -369074.60  0.36%   105  120s
  1119   531 -368797.54    6  132 -367748.00 -369060.36  0.36%   104  125s
  1314   590 -367780.91   49  121 -367748.00 -369051.25  0.35%   106  133s
  1400   626 -368843.11   21  152 -367748.00 -369025.32  0.35%   106  136s
  1497   625 infeasible   14      -367748.00 -369012.32  0.34%   108  141s
  1542   639 -368445.70   16  110 -367748.00 -369011.91  0.34%   116  146s
  1590   803 -368853.32   20  122 -367748.00 -369011.91  0.34%   123  151s
  1880   853     cutoff   23      -367748.00 -369011.91  0.34%   111  156s
  2050   913 -368818.03   23  232 -367748.00 -369010.93  0.34%   109  160s
  2137   926 -368729.82   26  133 -367748.00 -369010.93  0.34%   108  165s
  2206  1087 -367793.20   15   82 -367748.00 -369010.14  0.34%   112  170s
  2536  1088 -367796.10   33   81 -367748.00 -369007.35  0.34%   103  201s
  2538  1089 -368311.00   15   86 -367748.00 -369007.35  0.34%   102  206s
  2539  1090 -367780.91   42  176 -367748.00 -369007.35  0.34%   102  212s
  2540  1091 -367793.98   38  207 -367748.00 -369007.35  0.34%   102  220s
  2545  1094 -367796.10   74  291 -367748.00 -369007.35  0.34%   102  225s
  2557  1102 -368508.26   38  303 -367748.00 -369007.35  0.34%   102  230s
  2560  1104 -367780.91   56  222 -367748.00 -369007.35  0.34%   102  239s
  2561  1108 -369007.35   13  210 -367748.00 -369007.35  0.34%   110  242s
  2567  1116 -369007.35   15  217 -367748.00 -369007.35  0.34%   111  245s
  2585  1126 -369007.35   17  250 -367748.00 -369007.35  0.34%   112  251s
  2597  1130 -369007.35   18  253 -367748.00 -369007.35  0.34%   114  272s
  2611  1133 -369007.35   19  265 -367748.00 -369007.35  0.34%   114  277s
  2620  1137 -368929.03   19  188 -367748.00 -369007.35  0.34%   117  280s
  2650  1154 -369007.35   21  235 -367748.00 -369007.35  0.34%   119  285s
  2680  1176 -369007.35   23  209 -367748.00 -369007.35  0.34%   120  290s
  2717  1195 -368054.24   25  136 -367748.00 -369007.35  0.34%   123  296s
  2745  1211 -368987.80   27  146 -367748.00 -369007.35  0.34%   124  300s
  2776  1221 -368783.58   29  176 -367748.00 -369007.35  0.34%   125  306s
  2805  1233 infeasible   30      -367748.00 -369007.35  0.34%   127  311s
  2853  1256 -368218.83   34  182 -367748.00 -369007.35  0.34%   128  315s
  2903  1269 -368138.94   39  169 -367748.00 -369007.35  0.34%   128  321s
  2984  1236 -368762.28   20  206 -367748.00 -369007.35  0.34%   129  329s
  3013  1229 -368315.69   22  298 -367748.00 -368995.52  0.34%   130  332s
  3039  1223 -368841.57   21  185 -367748.00 -368995.52  0.34%   131  336s
  3063  1212     cutoff   25      -367748.00 -368985.85  0.34%   132  340s
  3119  1186 -368292.47   27  165 -367748.00 -368908.67  0.32%   136  347s
  3146  1182 -368621.52   29  121 -367748.00 -368892.74  0.31%   137  352s
  3176  1169 -368736.26   27  164 -367748.00 -368868.83  0.30%   140  357s
  3200  1152 -368238.14   28  212 -367748.00 -368868.51  0.30%   142  366s
  3274  1122     cutoff   20      -367748.00 -368856.34  0.30%   147  376s
  3347  1089 -367877.79   32  137 -367748.00 -368843.39  0.30%   154  386s
  3404  1062 infeasible   33      -367748.00 -368838.58  0.30%   155  393s
  3471  1027     cutoff   34      -367748.00 -368825.78  0.29%   158  400s
  3550   990 -368355.62   31  189 -367748.00 -368813.59  0.29%   161  405s
  3723   916     cutoff   28      -367748.00 -368777.26  0.28%   162  415s
  3799   866     cutoff   36      -367748.00 -368766.58  0.28%   164  421s
  3928   807     cutoff   51      -367748.00 -368755.57  0.27%   164  435s
  3996   780     cutoff   23      -367748.00 -368738.72  0.27%   166  441s
  4085   733 -367801.31   58  146 -367748.00 -368653.34  0.25%   166  448s
  4228   632 infeasible   38      -367748.00 -368618.91  0.24%   165  455s
  4356   563 infeasible   29      -367748.00 -368577.09  0.23%   166  462s
  4462   485     cutoff   25      -367748.00 -368307.23  0.15%   167  469s
  4618   418 -367925.33   35  200 -367748.00 -368075.17  0.09%   167  472s

Cutting planes:
  Gomory: 4
  Cover: 39
  Clique: 57
  MIR: 7
  StrongCG: 1
  Flow cover: 3
  Inf proof: 8
  Zero half: 13
  RLT: 5

Explored 4660 nodes (879897 simplex iterations) in 472.28 seconds (357.00 work units)
Thread count was 12 (of 12 available processors)

Solution count 3: -367748 -363320 -41575 
No other solutions better than -367748

Optimal solution found (tolerance 0.00e+00)
Best objective -3.677480000000e+05, best bound -3.677480000000e+05, gap 0.0000%

================================================================================ 
Instance 2 
================================================================================
Solving with Network
Constructing nodes...
Done constructing nodes.
Number of Nodes:  4500
Constructing arcs...
Done constructing arcs.
Number of Arcs:  91635
Set parameter MIPGap to value 0
Set parameter TimeLimit to value 900
Gurobi Optimizer version 10.0.1 build v10.0.1rc0 (win64)

CPU model: AMD Ryzen 5 5625U with Radeon Graphics, instruction set [SSE2|AVX|AVX2]
Thread count: 6 physical cores, 12 logical processors, using up to 12 threads

Academic license - for non-commercial use only - registered to mitchell.clark1@uq.net.au
Optimize a model with 5195 rows, 92304 columns and 271749 nonzeros
Model fingerprint: 0x2707260a
Variable types: 0 continuous, 92304 integer (92289 binary)
Coefficient statistics:
  Matrix range     [1e+00, 5e+00]
  Objective range  [3e+02, 3e+04]
  Bounds range     [1e+00, 1e+00]
  RHS range        [1e+00, 5e+00]
Presolve removed 2124 rows and 6400 columns
Presolve time: 4.61s
Presolved: 3071 rows, 85904 columns, 254003 nonzeros
Variable types: 0 continuous, 85904 integer (85904 binary)
Deterministic concurrent LP optimizer: primal and dual simplex
Showing first log only...


Root simplex log...

Iteration    Objective       Primal Inf.    Dual Inf.      Time
       0   -4.4136000e+05   3.100000e+01   1.456420e+09      7s
   25592   -3.8205620e+05   0.000000e+00   2.254410e+07     10s
   64122   -3.8623845e+05   0.000000e+00   0.000000e+00     14s
Concurrent spin time: 1.64s

Solved with primal simplex
   64979   -3.8623845e+05   0.000000e+00   0.000000e+00     16s
Extra simplex iterations after uncrush: 857

Root relaxation: objective -3.862385e+05, 64979 iterations, 9.92 seconds (4.26 work units)

    Nodes    |    Current Node    |     Objective Bounds      |     Work
 Expl Unexpl |  Obj  Depth IntInf | Incumbent    BestBd   Gap | It/Node Time

     0     0 -386238.45    0   68          - -386238.45      -     -   16s
H    0     0                    -166151.0000 -386238.45   132%     -   17s
H    0     0                    -296932.0000 -386238.45  30.1%     -   18s
H    0     0                    -379237.0000 -386238.45  1.85%     -   19s
H    0     0                    -379439.0000 -386238.45  1.79%     -   21s
     0     0 -386238.23    0  107 -379439.00 -386238.23  1.79%     -   23s
     0     0 -386238.23    0  119 -379439.00 -386238.23  1.79%     -   23s
H    0     0                    -383287.0000 -386238.23  0.77%     -   45s
H    0     0                    -383337.0000 -386238.23  0.76%     -   46s
     0     0 -386238.23    0  123 -383337.00 -386238.23  0.76%     -   48s
     0     0 -386238.23    0  129 -383337.00 -386238.23  0.76%     -   51s
     0     0 -386238.23    0   88 -383337.00 -386238.23  0.76%     -   52s
H    0     0                    -383487.0000 -386238.23  0.72%     -   60s
     0     0 -386238.23    0   95 -383487.00 -386238.23  0.72%     -   60s
     0     0 -386238.23    0   96 -383487.00 -386238.23  0.72%     -   61s
     0     0 -386238.23    0   89 -383487.00 -386238.23  0.72%     -   62s
     0     0 -386238.23    0   94 -383487.00 -386238.23  0.72%     -   62s
     0     0 -386238.23    0   93 -383487.00 -386238.23  0.72%     -   62s
     0     0 -386238.23    0   93 -383487.00 -386238.23  0.72%     -   65s
     0     2 -386236.00    0   93 -383487.00 -386236.00  0.72%     -   81s
     1     4 -386235.76    1  115 -383487.00 -386236.00  0.72%  1083   85s
     3     8 -386235.76    2  115 -383487.00 -386235.76  0.72%   534   90s
     7    14 -386235.76    3  111 -383487.00 -386235.76  0.72%   624   96s
    13    20 -386235.76    4  112 -383487.00 -386235.76  0.72%   710  100s
    19    26 -386235.76    5  110 -383487.00 -386235.76  0.72%   622  105s
    31    38 -386235.76    7  109 -383487.00 -386235.76  0.72%   454  135s
    45    55 -386235.76    8  108 -383487.00 -386235.76  0.72%   351  141s
    61    71 -385720.24    9  108 -383487.00 -386235.75  0.72%   306  150s
    70    78 -384182.43    9  118 -383487.00 -386235.75  0.72%   344  161s
    77    86 -385635.46   10  121 -383487.00 -386235.75  0.72%   372  165s
    85    94 -385593.56   11  121 -383487.00 -386235.75  0.72%   365  171s
    93   104 -385593.36   12  106 -383487.00 -386235.75  0.72%   372  177s
   103   115 -385593.36   13  102 -383487.00 -386235.75  0.72%   343  181s
   114   127 -385593.17   15  107 -383487.00 -386235.75  0.72%   324  185s
   127   137 -385582.72   16  126 -383487.00 -386235.75  0.72%   312  195s
   149   161 -385565.24   18  125 -383487.00 -386235.75  0.72%   297  204s
   161   167 -385584.27   19  113 -383487.00 -386235.75  0.72%   291  223s
   167   184 -385584.27   20  121 -383487.00 -386235.75  0.72%   287  228s
   184   204 -385584.27   21  121 -383487.00 -386235.75  0.72%   271  235s
   204   224 -385584.27   25  118 -383487.00 -386235.75  0.72%   257  240s
   224   245 -385584.08   27  113 -383487.00 -386235.75  0.72%   248  245s
   245   262 -385583.27   32  122 -383487.00 -386235.75  0.72%   239  250s
   262   291 -385576.70   35  120 -383487.00 -386235.75  0.72%   234  256s
   291   321 -385574.86   38  118 -383487.00 -386235.75  0.72%   221  262s
   321   350 -385528.41   47  118 -383487.00 -386235.75  0.72%   217  267s
   350   382 -385563.44   50  131 -383487.00 -386235.75  0.72%   210  273s
   382   395 -385552.07   51   92 -383487.00 -386235.75  0.72%   203  278s
   395   436 -385561.22   51  112 -383487.00 -386235.75  0.72%   202  285s
   436   476 -385553.64   57  108 -383487.00 -386235.75  0.72%   196  292s
   476   536 -385544.02   62  110 -383487.00 -386235.75  0.72%   190  297s
   536   591 -385536.68   70  109 -383487.00 -386235.75  0.72%   176  303s
   591   650 -385531.74   74  104 -383487.00 -386235.75  0.72%   166  309s
   650   721 -385518.80   88  112 -383487.00 -386235.75  0.72%   159  315s
   721   786 -385522.35  102  109 -383487.00 -386235.75  0.72%   150  322s
   786   876 -385513.75  104   83 -383487.00 -386235.75  0.72%   144  329s
   876   918 -385494.02  122  112 -383487.00 -386235.75  0.72%   134  353s
   918   926 -385491.08  129  122 -383487.00 -386235.75  0.72%   130  359s
   926   951 -385486.09  130  101 -383487.00 -386235.75  0.72%   129  385s
   951  1067 -385464.82  130  131 -383487.00 -386235.75  0.72%   127  392s
  1067  1186 -385479.29  136  113 -383487.00 -386235.75  0.72%   116  400s
  1187  1324 -385469.11  153  100 -383487.00 -386235.75  0.72%   108  408s
  1326  1468 -385460.54  170   80 -383487.00 -386235.75  0.72%  99.4  417s
  1470  1583 -385305.72  205  100 -383487.00 -386235.75  0.72%  92.6  424s
  1585  1702 -385442.73  220   92 -383487.00 -386235.75  0.72%  87.8  432s
  1705  1855 -385435.17  232  104 -383487.00 -386235.75  0.72%  84.3  440s
  1858  2037 -385435.14  256  101 -383487.00 -386235.75  0.72%  80.0  449s
  2040  2229 -385432.12  279  103 -383487.00 -386235.75  0.72%  74.7  457s
  2232  2434 -385425.08  304  104 -383487.00 -386235.75  0.72%  69.6  466s
  2437  2653 -385423.73  341   98 -383487.00 -386235.75  0.72%  65.3  476s
  2658  2836 -385415.97  361  122 -383487.00 -386235.75  0.72%  61.0  485s
  2849  3028 -385413.53  404  113 -383487.00 -386235.75  0.72%  58.9  494s
  3041  3290 -385406.74  437   97 -383487.00 -386235.75  0.72%  56.9  504s
  3303  3541 -385403.07  493  109 -383487.00 -386235.75  0.72%  53.6  515s
  3554  3806 -385392.24  519   73 -383487.00 -386235.75  0.72%  51.4  525s
  3819  4160 -385330.96  550   91 -383487.00 -386235.75  0.72%  49.4  537s
  4173  4462 -385311.07  614  130 -383487.00 -386235.75  0.72%  46.4  549s
  4499  4722 -385269.83  675  113 -383487.00 -386235.75  0.72%  44.6  562s
  4828  5056 -385265.59  736   60 -383487.00 -386235.75  0.72%  43.3  575s
  5164  5226 -385253.16  796   97 -383487.00 -386235.75  0.72%  41.9  587s
  5334  5550 -385227.95  840   87 -383487.00 -386235.75  0.72%  41.2  601s
  5670  6051 -385191.09  918  149 -383487.00 -386235.75  0.72%  40.8  617s
  6183  6455 -385120.18  994   94 -383487.00 -386235.75  0.72%  39.7  632s
  6623  6456 -384842.33  891   93 -383487.00 -386235.75  0.72%  38.9  676s
  6625  6457 -385456.76  307   64 -383487.00 -386235.75  0.72%  38.9  702s
  6626  6458 -385253.84  650  102 -383487.00 -386235.75  0.72%  38.9  723s
  6627  6459 -385477.49  148  101 -383487.00 -386235.75  0.72%  38.8  729s
  6628  6459 -384877.10  493  126 -383487.00 -386235.66  0.72%  38.8  740s
  6629  6460 -383928.53  418  124 -383487.00 -386235.61  0.72%  38.8  746s
  6631  6461 -385482.50  175   84 -383487.00 -386194.00  0.71%  38.8  767s
  6632  6465 -386194.00   16   93 -383487.00 -386194.00  0.71%  41.2  772s
  6634  6468 -386194.00   17  109 -383487.00 -386194.00  0.71%  41.3  777s
  6638  6473 -386194.00   18  129 -383487.00 -386194.00  0.71%  41.6  781s
  6650  6481 -385708.98   19  147 -383487.00 -386194.00  0.71%  41.9  787s
  6662  6489 -386194.00   20  120 -383487.00 -386194.00  0.71%  42.1  793s
  6668  6493 -386194.00   21  132 -383487.00 -386194.00  0.71%  42.0  796s
  6680  6501 -386194.00   22  122 -383487.00 -386194.00  0.71%  42.3  803s
  6686  6505 -386194.00   22  133 -383487.00 -386194.00  0.71%  42.4  806s
  6699  6512 -386194.00   23  117 -383487.00 -386194.00  0.71%  42.8  811s
  6716  6524 -386194.00   25  132 -383487.00 -386194.00  0.71%  42.9  817s
  6729  6534 -386194.00   26  132 -383487.00 -386194.00  0.71%  43.0  822s
  6737  6539 -386184.00   26   72 -383487.00 -386194.00  0.71%  43.2  826s
  6745  6544 -384182.43   27   97 -383487.00 -386194.00  0.71%  44.1  837s
  6755  6548 -385713.25   27  138 -383487.00 -386194.00  0.71%  44.5  855s
  6762  6552 -385630.66   28  128 -383487.00 -386194.00  0.71%  44.8  860s
  6780  6567 -385584.82   30  117 -383487.00 -386194.00  0.71%  45.1  869s
  6793  6574 -385584.82   31  116 -383487.00 -386194.00  0.71%  45.1  874s
  6805  6582 -385574.33   32  115 -383487.00 -386194.00  0.71%  45.2  879s
  6817  6590 -385566.82   33  112 -383487.00 -386194.00  0.71%  45.3  884s
  6829  6601 -385574.33   33  114 -383487.00 -386194.00  0.71%  45.3  888s
  6844  6608 -385564.77   35  105 -383487.00 -386194.00  0.71%  45.4  893s
  6856  6620 -385564.77   36  105 -383487.00 -386194.00  0.71%  45.6  898s
  6872  6623 -385564.77   37  106 -383487.00 -386194.00  0.71%  45.7  900s

Cutting planes:
  Cover: 1
  Clique: 14
  Zero half: 7
  RLT: 3

Explored 6880 nodes (386722 simplex iterations) in 900.10 seconds (533.75 work units)
Thread count was 12 (of 12 available processors)

Solution count 7: -383487 -383337 -383287 ... -166151

Time limit reached
Best objective -3.834870000000e+05, best bound -3.861940000000e+05, gap 0.7059%

================================================================================ 
Instance 3 
================================================================================
Solving with Network
Constructing nodes...
Done constructing nodes.
Number of Nodes:  3930
Constructing arcs...
Done constructing arcs.
Number of Arcs:  70365
Set parameter MIPGap to value 0
Set parameter TimeLimit to value 900
Gurobi Optimizer version 10.0.1 build v10.0.1rc0 (win64)

CPU model: AMD Ryzen 5 5625U with Radeon Graphics, instruction set [SSE2|AVX|AVX2]
Thread count: 6 physical cores, 12 logical processors, using up to 12 threads

Academic license - for non-commercial use only - registered to mitchell.clark1@uq.net.au
Optimize a model with 4625 rows, 71031 columns and 208506 nonzeros
Model fingerprint: 0x2ebbfe19
Variable types: 0 continuous, 71031 integer (71016 binary)
Coefficient statistics:
  Matrix range     [1e+00, 5e+00]
  Objective range  [3e+02, 3e+04]
  Bounds range     [1e+00, 1e+00]
  RHS range        [1e+00, 5e+00]
Presolve removed 2200 rows and 11897 columns
Presolve time: 3.64s
Presolved: 2425 rows, 59134 columns, 174345 nonzeros
Variable types: 0 continuous, 59134 integer (59134 binary)
Found heuristic solution: objective -199864.0000
Found heuristic solution: objective -203565.0000
Deterministic concurrent LP optimizer: primal and dual simplex
Showing first log only...


Root simplex log...

Iteration    Objective       Primal Inf.    Dual Inf.      Time
    2625   -3.5296148e+05   0.000000e+00   2.024034e+08      5s
   37209   -4.1488479e+05   0.000000e+00   0.000000e+00      8s
Concurrent spin time: 0.63s

Solved with primal simplex
   37209   -4.1488479e+05   0.000000e+00   0.000000e+00      8s

Root relaxation: objective -4.148848e+05, 37209 iterations, 3.81 seconds (1.68 work units)

    Nodes    |    Current Node    |     Objective Bounds      |     Work
 Expl Unexpl |  Obj  Depth IntInf | Incumbent    BestBd   Gap | It/Node Time

     0     0 -414884.79    0   91 -203565.00 -414884.79   104%     -    8s
H    0     0                    -412326.0000 -414884.79  0.62%     -    9s
     0     0 -414691.85    0  136 -412326.00 -414691.85  0.57%     -   15s
H    0     0                    -412426.0000 -414691.85  0.55%     -   25s
     0     0 -414674.69    0  138 -412426.00 -414674.69  0.55%     -   26s
     0     0 -414671.53    0  137 -412426.00 -414671.53  0.54%     -   29s
     0     0 -414671.53    0  139 -412426.00 -414671.53  0.54%     -   30s
     0     0 -414671.53    0  142 -412426.00 -414671.53  0.54%     -   30s
     0     0 -414671.53    0  121 -412426.00 -414671.53  0.54%     -   37s
     0     0 -414671.53    0   92 -412426.00 -414671.53  0.54%     -   53s
     0     0 -414671.53    0  134 -412426.00 -414671.53  0.54%     -   58s
     0     0 -414671.53    0  139 -412426.00 -414671.53  0.54%     -   70s
     0     0 -414665.94    0  141 -412426.00 -414665.94  0.54%     -   70s
     0     0 -414657.63    0  153 -412426.00 -414657.63  0.54%     -   71s
     0     0 -414657.63    0  163 -412426.00 -414657.63  0.54%     -   74s
     0     0 -414657.63    0  135 -412426.00 -414657.63  0.54%     -   75s
     0     2 -414657.63    0  135 -412426.00 -414657.63  0.54%     -   79s
     1     5 -414657.63    1  137 -412426.00 -414657.63  0.54%   304   80s
    25    32 -414648.10    6  145 -412426.00 -414648.10  0.54%  97.4   86s
    43    50 -414517.36    8  170 -412426.00 -414638.06  0.54%  89.0   90s
    62    69 -414610.72   11  142 -412426.00 -414638.06  0.54%  72.4   96s
H   65    69                    -412476.0000 -414638.06  0.52%  70.9   96s
    68    75 -414610.72   12  142 -412476.00 -414638.06  0.52%  68.1  105s
H   70    75                    -412526.0000 -414638.06  0.51%  66.2  105s
   106   113 -414595.25   15  117 -412526.00 -414638.06  0.51%  67.0  121s
   145   161 -413212.12   17  131 -412526.00 -414638.06  0.51%  69.9  126s
   160   167 -414576.60   18  113 -412526.00 -414638.06  0.51%  69.0  137s
   187   212 -414064.70   20  106 -412526.00 -414638.06  0.51%  72.6  140s
   245   274 -414092.17   22  111 -412526.00 -414638.06  0.51%  80.9  145s
   324   369 -414087.61   36  100 -412526.00 -414638.06  0.51%  73.4  150s
   447   503 -414061.02   53  106 -412526.00 -414638.06  0.51%  61.2  155s
   617   677 -414050.85   80  107 -412526.00 -414638.06  0.51%  52.1  160s
   821   923 -414044.76  108  105 -412526.00 -414638.06  0.51%  44.6  165s
  1005  1012 -413869.11  127  105 -412526.00 -414638.06  0.51%  39.9  174s
  1011  1109 -414023.54  128  114 -412526.00 -414638.06  0.51%  39.7  176s
  1188  1293 -413712.56  138   67 -412526.00 -414638.06  0.51%  37.8  180s
  1614  1789 -413659.35  178   72 -412526.00 -414638.06  0.51%  31.8  186s
  1994  2186 -413592.79  225   89 -412526.00 -414638.06  0.51%  27.8  190s
  2632  2883 -413472.86  314   76 -412526.00 -414638.06  0.51%  23.2  197s
  3148  3412 -412982.67  406   56 -412526.00 -414636.47  0.51%  20.1  203s
  3462  3752 -413689.68    5   87 -412526.00 -414636.47  0.51%  18.9  207s
  3808  4010 infeasible    6      -412526.00 -414636.47  0.51%  18.1  210s
  4422  4674 -413555.08   11  124 -412526.00 -414636.47  0.51%  17.1  215s
  4789  4899 -413540.38   17  100 -412526.00 -414636.47  0.51%  16.3  221s
  5062  5109 -413518.76   24   88 -412526.00 -414636.47  0.51%  16.3  225s
  5507  5544 -413493.08   36   93 -412526.00 -414636.47  0.51%  16.1  231s
  5759  5882 -413486.08   44   99 -412526.00 -414636.47  0.51%  16.1  235s
  6098  6250 -413481.17   58   82 -412526.00 -414636.47  0.51%  15.6  241s
  6488  6251 -414037.00  247  121 -412526.00 -414636.47  0.51%  15.7  259s
  6490  6252 -412982.67  408   95 -412526.00 -414636.47  0.51%  15.7  269s
  6491  6253 -413873.22  420  145 -412526.00 -414636.47  0.51%  15.7  280s
  6492  6254 -412980.83   40  146 -412526.00 -414636.47  0.51%  15.7  289s
  6493  6254 -414047.34  258  143 -412526.00 -414636.47  0.51%  15.7  291s
  6495  6256 -413906.13  481  157 -412526.00 -414636.47  0.51%  15.7  297s
  6497  6257 -413859.67  691  142 -412526.00 -414636.47  0.51%  15.7  305s
  6504  6269 -414636.47   14  135 -412526.00 -414636.47  0.51%  18.3  311s
  6528  6285 -414123.60   16  117 -412526.00 -414636.47  0.51%  18.9  323s
  6534  6289 -414171.29   17   99 -412526.00 -414636.47  0.51%  19.0  325s
  6561  6307 -414636.47   19  142 -412526.00 -414636.47  0.51%  19.3  336s
  6576  6321 -414636.47   20  142 -412526.00 -414636.47  0.51%  19.5  340s
  6622  6355 -414080.61   22  136 -412526.00 -414636.47  0.51%  20.4  347s
  6647  6371 -414168.26   23   98 -412526.00 -414636.47  0.51%  20.6  350s
  6689  6400 -414138.01   26   90 -412526.00 -414636.47  0.51%  21.1  355s
  6748  6442 -414155.54   30   93 -412526.00 -414636.47  0.51%  21.7  360s
  6800  6479 -414168.26   34  100 -412526.00 -414636.47  0.51%  22.2  365s
  6860  6549 -414147.65   37  120 -412526.00 -414636.47  0.51%  22.8  370s
  6990  6620 -414157.86   44   98 -412526.00 -414636.47  0.51%  23.5  376s
  7023  6623 -414157.64   46   99 -412526.00 -414636.47  0.51%  23.8  390s
  7152  6747 -414156.27   50   99 -412526.00 -414636.47  0.51%  24.4  396s
  7219  6802 -414155.89   54   98 -412526.00 -414636.47  0.51%  25.1  401s
  7358  6891 -414155.26   62   98 -412526.00 -414636.47  0.51%  25.9  407s
  7419  6932 -414154.47   68   95 -412526.00 -414636.47  0.51%  26.5  410s
  7570  7017 -414144.48   78   91 -412526.00 -414636.47  0.51%  27.5  415s
  7715  7148 -414114.62   88   85 -412526.00 -414636.47  0.51%  28.5  421s
  7807  7230 -414151.04   92   98 -412526.00 -414636.47  0.51%  29.1  425s
  8044  7374 -414149.05  100   99 -412526.00 -414636.47  0.51%  29.9  432s
  8143  7482 -414149.03  104   96 -412526.00 -414636.47  0.51%  30.4  436s
  8286  7596 -414147.92  109   97 -412526.00 -414636.47  0.51%  30.6  440s
  8666  7860 -414147.90  118   93 -412526.00 -414636.47  0.51%  31.1  449s
  8875  7926 -414147.90  124   94 -412526.00 -414636.47  0.51%  31.3  454s
  9024  8075 -414147.27  130   95 -412526.00 -414636.47  0.51%  31.8  458s
  9232  8104 -414145.05  138   81 -412526.00 -414636.47  0.51%  32.1  463s
  9398  8105 -414145.05  146   78 -412526.00 -414636.47  0.51%  32.7  466s
  9458  8152 -414145.05  152   82 -412526.00 -414636.47  0.51%  33.9  471s
H 9538  7807                    -412590.0000 -414636.47  0.50%  34.8  471s
  9571  7894 -414144.81  159   79 -412590.00 -414636.47  0.50%  34.8  476s
  9695  7953 -414144.81  165   82 -412590.00 -414636.47  0.50%  35.7  480s
  9795  8038 -414143.65  171   82 -412590.00 -414636.47  0.50%  36.8  491s
  9917  8192 -414141.93  176   87 -412590.00 -414636.47  0.50%  37.4  496s
 10205  8473 -414138.84  186   85 -412590.00 -414636.47  0.50%  38.0  501s
 10613  8810 -414137.22  194   83 -412590.00 -414636.47  0.50%  38.2  506s
 11095  9173 -414135.07  204   86 -412590.00 -414636.47  0.50%  37.8  512s
 11619  9576 -414119.01  217   98 -412590.00 -414636.47  0.50%  37.3  517s
 12197  9901 -413899.98  228  116 -412590.00 -414636.47  0.50%  36.7  523s
 12763  9714 -413826.33  808  121 -412590.00 -414636.47  0.50%  36.3  551s
 12765  9715 -414083.41   63   89 -412590.00 -414636.47  0.50%  36.3  567s
 12766  9716 -413262.86   81  125 -412590.00 -414636.47  0.50%  36.3  578s
 12767  9717 -413638.50  682  138 -412590.00 -414636.47  0.50%  36.3  586s
 12770  9719 -413738.26  165  159 -412590.00 -414636.47  0.50%  36.3  592s
 12772  9720 -414085.49  191  125 -412590.00 -414636.47  0.50%  36.3  597s
 12773  9721 -414168.19   22  125 -412590.00 -414636.47  0.50%  36.3  603s
 12774  9724 -414636.47   23  129 -412590.00 -414636.47  0.50%  40.0  606s
 12780  9732 -414636.47   25  117 -412590.00 -414636.47  0.50%  40.1  610s
 12786  9736 -414636.47   26  112 -412590.00 -414636.47  0.50%  40.3  616s
 12804  9748 -414141.36   27  111 -412590.00 -414636.47  0.50%  40.8  621s
 12823  9762 -414636.47   29  121 -412590.00 -414636.47  0.50%  40.9  625s
 12838  9775 -414636.47   30  119 -412590.00 -414636.47  0.50%  41.0  630s
 12864  9788 -414636.47   31  123 -412590.00 -414636.47  0.50%  41.5  645s
 12876  9800 -413863.54   32  112 -412590.00 -414636.47  0.50%  41.9  650s
 12914  9830 -414168.26   36  100 -412590.00 -414636.47  0.50%  42.2  655s
 12959  9863 -414168.26   40   91 -412590.00 -414636.47  0.50%  42.5  660s
 13010  9899 -414168.20   44   91 -412590.00 -414636.47  0.50%  42.6  665s
 13066  9939 -414168.26   49   97 -412590.00 -414636.47  0.50%  42.7  670s
 13116  9972 -414168.20   53   92 -412590.00 -414636.47  0.50%  42.9  676s
 13161 10006 -414115.35   56   92 -412590.00 -414636.47  0.50%  43.1  680s
 13212 10037 -414168.20   59   89 -412590.00 -414636.47  0.50%  43.2  686s
 13261 10077 -414156.97   62   88 -412590.00 -414636.47  0.50%  43.6  691s
 13315 10119 -414156.97   66   89 -412590.00 -414636.47  0.50%  43.8  695s
 13387 10166 -414111.44   69  107 -412590.00 -414636.47  0.50%  44.0  701s
 13469 10240 -414155.84   75   99 -412590.00 -414636.47  0.50%  44.0  707s
 13524 10284 -414155.66   78   93 -412590.00 -414636.47  0.50%  44.1  710s
 13642 10372 -414155.58   84   89 -412590.00 -414636.47  0.50%  44.2  716s
 13714 10398 -414155.58   88   92 -412590.00 -414636.47  0.50%  44.3  722s
 13764 10428 -414155.15   90   89 -412590.00 -414636.47  0.50%  44.4  738s
H13771  9939                    -412640.0000 -414636.47  0.48%  44.5  738s
 13811 10030 -414155.15   94   92 -412640.00 -414636.47  0.48%  44.5  742s
 13915 10100 -414155.15  102   92 -412640.00 -414636.47  0.48%  44.6  746s
 14020 10197 -414155.15  107   95 -412640.00 -414636.47  0.48%  44.6  750s
 14284 10385 -414154.89  119   97 -412640.00 -414636.47  0.48%  44.6  758s
 14428 10465 -414154.89  125   98 -412640.00 -414636.47  0.48%  44.7  763s
 14557 10575 -414154.89  130   92 -412640.00 -414636.47  0.48%  44.8  767s
 14710 10705 -414154.89  135   90 -412640.00 -414636.47  0.48%  44.9  771s
 14891 10860 -414154.89  141   90 -412640.00 -414636.47  0.48%  45.0  776s
 15107 11019 -414154.14  148   87 -412640.00 -414636.47  0.48%  45.1  780s
 15338 11175 -414153.40  155   91 -412640.00 -414636.47  0.48%  45.1  786s
 15571 11333 -414153.40  162   90 -412640.00 -414636.47  0.48%  45.2  790s
 15807 11532 -414152.18  168  104 -412640.00 -414636.47  0.48%  45.2  795s
 16397 11779 -414147.90  183   92 -412640.00 -414636.47  0.48%  45.1  805s
H16639 11291                    -412790.0000 -414636.47  0.45%  45.3  809s
 16640 11635 -414144.55  197   62 -412790.00 -414636.47  0.45%  45.3  815s
 16984 11914 -414137.51  209   71 -412790.00 -414636.47  0.45%  45.2  820s
 17378 12149 -413677.19  217   99 -412790.00 -414636.47  0.45%  45.1  826s
 17744 12538 -414137.10  228   70 -412790.00 -414636.47  0.45%  44.9  832s
 18261 12905 -414136.96  242   74 -412790.00 -414636.47  0.45%  44.6  838s
 18833 12887 -414135.00  253   45 -412790.00 -414636.47  0.45%  44.1  845s
 19041 13164 -414021.75  257   75 -412790.00 -414636.47  0.45%  44.1  851s
 19419 13313 -414135.00  267   67 -412790.00 -414636.47  0.45%  44.6  858s
*19614 12556              36    -413122.0000 -414636.47  0.37%  45.3  858s
 19749 12796 -414084.76  282   69 -413122.00 -414636.47  0.37%  45.4  864s
 20078 13453 -414135.00  296   54 -413122.00 -414636.47  0.37%  46.1  872s
 20893 13735 -414135.00  313   50 -413122.00 -414636.47  0.37%  45.6  879s
 21599 14243 -414135.00  328   50 -413122.00 -414636.47  0.37%  45.4  887s

Cutting planes:
  Cover: 3
  Clique: 12
  Zero half: 12
  RLT: 5

Explored 22405 nodes (1075155 simplex iterations) in 900.09 seconds (572.45 work units)
Thread count was 12 (of 12 available processors)

Solution count 10: -413122 -412790 -412640 ... -199864

Time limit reached
Best objective -4.131220000000e+05, best bound -4.146360000000e+05, gap 0.3665%

================================================================================ 
Instance 4 
================================================================================
Solving with Network
Constructing nodes...
Done constructing nodes.
Number of Nodes:  4650
Constructing arcs...
Done constructing arcs.
Number of Arcs:  94335
Set parameter MIPGap to value 0
Set parameter TimeLimit to value 900
Gurobi Optimizer version 10.0.1 build v10.0.1rc0 (win64)

CPU model: AMD Ryzen 5 5625U with Radeon Graphics, instruction set [SSE2|AVX|AVX2]
Thread count: 6 physical cores, 12 logical processors, using up to 12 threads

Academic license - for non-commercial use only - registered to mitchell.clark1@uq.net.au
Optimize a model with 5345 rows, 95004 columns and 279699 nonzeros
Model fingerprint: 0xbe8a8848
Variable types: 0 continuous, 95004 integer (94989 binary)
Coefficient statistics:
  Matrix range     [1e+00, 5e+00]
  Objective range  [3e+02, 3e+04]
  Bounds range     [1e+00, 1e+00]
  RHS range        [1e+00, 5e+00]
Presolve removed 2422 rows and 8968 columns
Presolve time: 4.99s
Presolved: 2923 rows, 86036 columns, 254547 nonzeros
Variable types: 0 continuous, 86036 integer (86036 binary)
Deterministic concurrent LP optimizer: primal and dual simplex
Showing first log only...


Root simplex log...

Iteration    Objective       Primal Inf.    Dual Inf.      Time
       0   -4.0801000e+05   3.600000e+01   4.276847e+09      8s
   23034   -4.0239108e+05   0.000000e+00   2.033598e+07     10s
   41425   -4.0481400e+05   0.000000e+00   0.000000e+00     12s
Concurrent spin time: 1.10s

Solved with primal simplex
   41432   -4.0481400e+05   0.000000e+00   0.000000e+00     13s
Extra simplex iterations after uncrush: 7

Root relaxation: objective -4.048140e+05, 41432 iterations, 5.99 seconds (2.69 work units)

    Nodes    |    Current Node    |     Objective Bounds      |     Work
 Expl Unexpl |  Obj  Depth IntInf | Incumbent    BestBd   Gap | It/Node Time

     0     0 -404814.00    0  117          - -404814.00      -     -   13s
H    0     0                    -115178.0000 -404814.00   251%     -   14s
H    0     0                    -226928.0000 -404814.00  78.4%     -   15s
H    0     0                    -398536.0000 -404814.00  1.58%     -   16s
H    0     0                    -398885.0000 -404814.00  1.49%     -   19s
     0     0 -404800.81    0  117 -398885.00 -404800.81  1.48%     -   21s
H    0     0                    -399631.0000 -404800.81  1.29%     -   31s
H    0     0                    -399860.0000 -404800.81  1.24%     -   32s
     0     0 -404664.84    0  172 -399860.00 -404664.84  1.20%     -   33s
     0     0 -404664.84    0  113 -399860.00 -404664.84  1.20%     -   46s
     0     0 -404664.84    0   98 -399860.00 -404664.84  1.20%     -   54s
H    0     0                    -400489.0000 -404664.84  1.04%     -   65s
     0     0 -404664.84    0  186 -400489.00 -404664.84  1.04%     -   66s
     0     0 -404660.43    0  165 -400489.00 -404660.43  1.04%     -   67s
     0     0 -404660.43    0  190 -400489.00 -404660.43  1.04%     -   69s
     0     0 -404626.75    0  160 -400489.00 -404626.75  1.03%     -   70s
     0     0 -404626.75    0  159 -400489.00 -404626.75  1.03%     -   73s
     0     0 -404626.75    0  107 -400489.00 -404626.75  1.03%     -   76s
     0     0 -404626.75    0  107 -400489.00 -404626.75  1.03%     -   77s
     0     0 -404626.75    0  108 -400489.00 -404626.75  1.03%     -   77s
     0     0 -404626.75    0  111 -400489.00 -404626.75  1.03%     -   78s
     0     0 -404626.75    0  111 -400489.00 -404626.75  1.03%     -   78s
     0     0 -404626.75    0  109 -400489.00 -404626.75  1.03%     -   78s
     0     0 -404626.75    0  117 -400489.00 -404626.75  1.03%     -   78s
     0     0 -404626.75    0  108 -400489.00 -404626.75  1.03%     -   80s
     0     2 -404555.00    0  108 -400489.00 -404555.00  1.02%     -   85s
     3     8 -404555.00    2  135 -400489.00 -404555.00  1.02%   682   92s
    13    20 -404555.00    4  152 -400489.00 -404555.00  1.02%   357   97s
    25    32 -404555.00    6  151 -400489.00 -404555.00  1.02%   247  100s
    37    44 -404543.49    8  128 -400489.00 -404555.00  1.02%   184  106s
    49    56 -404543.49    9  133 -400489.00 -404555.00  1.02%   157  112s
    61    68 -404404.13   11  133 -400489.00 -404555.00  1.02%   149  116s
    67    74 -404543.49   11  138 -400489.00 -404555.00  1.02%   154  122s
H   68    74                    -401666.0000 -404555.00  0.72%   151  122s
H   72    74                    -401717.0000 -404555.00  0.71%   157  122s
H   73    80                    -402067.0000 -404555.00  0.62%   159  137s
    88    96 -404543.12   13  145 -402067.00 -404555.00  0.62%   143  141s
   103   114 -404402.48   14  139 -402067.00 -404555.00  0.62%   127  145s
   121   133 -404402.48   15  138 -402067.00 -404555.00  0.62%   138  173s
   132   152 -404227.30   17  140 -402067.00 -404555.00  0.62%   143  179s
   151   172 -404220.03   21  138 -402067.00 -404555.00  0.62%   146  185s
   171   205 -404182.24   23  132 -402067.00 -404555.00  0.62%   149  191s
   204   236 -404188.01   24  137 -402067.00 -404555.00  0.62%   139  197s
   235   258 -404143.78   25  134 -402067.00 -404555.00  0.62%   137  203s
   257   300 -404134.52   28  105 -402067.00 -404555.00  0.62%   137  209s
   299   354 -404130.68   29  104 -402067.00 -404555.00  0.62%   129  214s
   353   412 -404123.15   37  125 -402067.00 -404555.00  0.62%   116  220s
   411   475 -404095.65   40  163 -402067.00 -404555.00  0.62%   109  227s
   474   544 -404086.14   44  149 -402067.00 -404555.00  0.62%   100  234s
   543   584 -404059.25   59  147 -402067.00 -404555.00  0.62%  92.3  240s
   583   657 -404069.43   61  117 -402067.00 -404555.00  0.62%  92.0 1394s

Cutting planes:
  Cover: 1
  Clique: 37
  Zero half: 31
  RLT: 9

Explored 656 nodes (152388 simplex iterations) in 1394.53 seconds (161.19 work units)
Thread count was 12 (of 12 available processors)

Solution count 10: -402067 -401717 -401666 ... -115178

Time limit reached
Best objective -4.020670000000e+05, best bound -4.045550000000e+05, gap 0.6188%

Time Output 
================================================================================
   instance  seed  num_patients      Network
0         0    42            40    64.643897
1         1   831            40   472.309139
2         2   306            40   900.159554
3         3   542            40   900.153089
4         4     1            40  1394.601143

Objective Output 
================================================================================
   instance  seed  num_patients   Network
0         0    42            40 -503151.0
1         1   831            40 -367748.0
2         2   306            40 -383487.0
3         3   542            40 -413122.0
4         4     1            40 -402067.0

Gap Output 
================================================================================
   instance  seed  num_patients   Network
0         0    42            40  0.000000
1         1   831            40  0.000000
2         2   306            40  0.007059
3         3   542            40  0.003665
4         4     1            40  0.006188

Average Gap Output 
================================================================================
   num_patients   Network
0            40  0.003382

Average Time Output 
================================================================================
   num_patients     Network
0            40  268.476518
