
================================================================================ 
 Num patients 40 
================================================================================

================================================================================ 
Instance 0 
================================================================================
Solving with Network
Constructing nodes...
Done constructing nodes.
Number of Nodes:  4380
Constructing arcs...
Done constructing arcs.
Number of Arcs:  80565
Set parameter WLSAccessID
Set parameter WLSSecret
Set parameter LicenseID to value 938386
Academic license - for non-commercial use only - registered to mitchell.clark1@uq.net.au
Set parameter MIPGap to value 0
Set parameter TimeLimit to value 900
Gurobi Optimizer version 10.0.1 build v10.0.1rc0 (win64)

CPU model: AMD Ryzen 5 5625U with Radeon Graphics, instruction set [SSE2|AVX|AVX2]
Thread count: 6 physical cores, 12 logical processors, using up to 12 threads

Academic license - for non-commercial use only - registered to mitchell.clark1@uq.net.au
Optimize a model with 5075 rows, 81233 columns and 238658 nonzeros
Model fingerprint: 0x5586751d
Variable types: 0 continuous, 81233 integer (81218 binary)
Coefficient statistics:
  Matrix range     [1e+00, 5e+00]
  Objective range  [4e+02, 3e+04]
  Bounds range     [1e+00, 1e+00]
  RHS range        [1e+00, 5e+00]
Presolve removed 2335 rows and 9432 columns
Presolve time: 1.95s
Presolved: 2740 rows, 71801 columns, 212027 nonzeros
Variable types: 0 continuous, 71801 integer (71801 binary)
Found heuristic solution: objective -107116.0000
Found heuristic solution: objective -142150.0000
Found heuristic solution: objective -169684.0000
Deterministic concurrent LP optimizer: primal and dual simplex
Showing first log only...

Concurrent spin time: 0.24s

Solved with primal simplex

Root relaxation: objective -5.037812e+05, 32397 iterations, 1.56 seconds (1.74 work units)

    Nodes    |    Current Node    |     Objective Bounds      |     Work
 Expl Unexpl |  Obj  Depth IntInf | Incumbent    BestBd   Gap | It/Node Time

     0     0 -503781.20    0  121 -169684.00 -503781.20   197%     -    4s
H    0     0                    -489414.0000 -503781.20  2.94%     -    4s
H    0     0                    -497645.0000 -503661.85  1.21%     -    5s
     0     0 -503661.85    0  155 -497645.00 -503661.85  1.21%     -    5s
H    0     0                    -503151.0000 -503661.85  0.10%     -    8s
     0     0 -503661.51    0  207 -503151.00 -503661.51  0.10%     -    8s
     0     0 -503661.51    0  116 -503151.00 -503661.51  0.10%     -    9s
     0     0 -503623.53    0  117 -503151.00 -503623.53  0.09%     -    9s
     0     0 -503615.33    0  141 -503151.00 -503615.33  0.09%     -    9s
     0     0 -503612.74    0  148 -503151.00 -503612.74  0.09%     -    9s
     0     0 -503612.74    0  152 -503151.00 -503612.74  0.09%     -    9s
     0     0 -503562.70    0  152 -503151.00 -503562.70  0.08%     -    9s
     0     0 -503562.70    0  157 -503151.00 -503562.70  0.08%     -    9s
     0     0 -503556.39    0  151 -503151.00 -503556.39  0.08%     -   10s
     0     0 -503540.95    0  181 -503151.00 -503540.95  0.08%     -   10s
     0     0 -503540.95    0  179 -503151.00 -503540.95  0.08%     -   10s
     0     0 -503540.31    0  199 -503151.00 -503540.31  0.08%     -   10s
     0     0 -503540.31    0  198 -503151.00 -503540.31  0.08%     -   10s
     0     0 -503540.31    0  156 -503151.00 -503540.31  0.08%     -   10s
     0     0 -503540.31    0  104 -503151.00 -503540.31  0.08%     -   11s
     0     0 -503540.31    0  141 -503151.00 -503540.31  0.08%     -   12s
     0     0 -503540.31    0  123 -503151.00 -503540.31  0.08%     -   12s
     0     0 -503540.31    0  136 -503151.00 -503540.31  0.08%     -   12s
     0     0 -503540.31    0  150 -503151.00 -503540.31  0.08%     -   12s
     0     0 -503540.31    0  170 -503151.00 -503540.31  0.08%     -   12s
     0     0 -503534.92    0  177 -503151.00 -503534.92  0.08%     -   12s
     0     0 -503534.92    0  180 -503151.00 -503534.92  0.08%     -   12s
     0     0 -503534.92    0  190 -503151.00 -503534.92  0.08%     -   12s
     0     0 -503534.92    0  192 -503151.00 -503534.92  0.08%     -   12s
     0     0 -503534.50    0  144 -503151.00 -503534.50  0.08%     -   12s
     0     0 -503534.50    0  152 -503151.00 -503534.50  0.08%     -   12s
     0     0 -503534.50    0  156 -503151.00 -503534.50  0.08%     -   12s
     0     0 -503534.50    0  142 -503151.00 -503534.50  0.08%     -   12s
     0     0 -503534.50    0  134 -503151.00 -503534.50  0.08%     -   12s
     0     2 -503534.50    0  132 -503151.00 -503534.50  0.08%     -   12s
   133   144 -503392.07   24   82 -503151.00 -503491.64  0.07%  80.1   15s
  1287   957 -503421.81    7   99 -503151.00 -503491.64  0.07%  22.9   20s
  1383  1003 -503445.40   21  134 -503151.00 -503460.74  0.06%  48.5   25s
  2215   958 -503213.50   18   68 -503151.00 -503239.89  0.02%  46.0   30s
  4373  1208 -503171.00   51   79 -503151.00 -503201.00  0.01%  42.5   36s
  6402  1825 -503176.00   60   63 -503151.00 -503184.33  0.01%  38.4   40s
  9161  1255 -503160.09  104   83 -503151.00 -503176.00  0.00%  35.3   45s
 11069   352     cutoff   40      -503151.00 -503171.00  0.00%  33.9   50s

Cutting planes:
  Gomory: 11
  Cover: 6
  Clique: 43
  Flow cover: 5
  Zero half: 19
  RLT: 7

Explored 13295 nodes (450656 simplex iterations) in 52.79 seconds (70.95 work units)
Thread count was 12 (of 12 available processors)

Solution count 6: -503151 -497645 -489414 ... -107116
No other solutions better than -503151

Optimal solution found (tolerance 0.00e+00)
Best objective -5.031510000000e+05, best bound -5.031510000000e+05, gap 0.0000%

================================================================================ 
Instance 1 
================================================================================
Solving with Network
Constructing nodes...
Done constructing nodes.
Number of Nodes:  5010
Constructing arcs...
Done constructing arcs.
Number of Arcs:  104025
Set parameter MIPGap to value 0
Set parameter TimeLimit to value 900
Gurobi Optimizer version 10.0.1 build v10.0.1rc0 (win64)

CPU model: AMD Ryzen 5 5625U with Radeon Graphics, instruction set [SSE2|AVX|AVX2]
Thread count: 6 physical cores, 12 logical processors, using up to 12 threads

Academic license - for non-commercial use only - registered to mitchell.clark1@uq.net.au
Optimize a model with 5705 rows, 104695 columns and 308410 nonzeros
Model fingerprint: 0x48dee69e
Variable types: 0 continuous, 104695 integer (104680 binary)
Coefficient statistics:
  Matrix range     [1e+00, 5e+00]
  Objective range  [3e+02, 2e+04]
  Bounds range     [1e+00, 1e+00]
  RHS range        [1e+00, 5e+00]
Found heuristic solution: objective -41575.00000
Presolve removed 2675 rows and 8532 columns
Presolve time: 2.65s
Presolved: 3030 rows, 96163 columns, 284819 nonzeros
Variable types: 0 continuous, 96163 integer (96163 binary)
Deterministic concurrent LP optimizer: primal and dual simplex
Showing first log only...

Concurrent spin time: 0.40s

Solved with primal simplex
Extra simplex iterations after uncrush: 14

Root relaxation: objective -3.692203e+05, 33377 iterations, 2.09 seconds (2.13 work units)
Total elapsed time = 5.00s

    Nodes    |    Current Node    |     Objective Bounds      |     Work
 Expl Unexpl |  Obj  Depth IntInf | Incumbent    BestBd   Gap | It/Node Time

     0     0 -369220.26    0   81 -41575.000 -369220.26   788%     -    5s
H    0     0                    -363320.0000 -369220.26  1.62%     -    5s
     0     0 -369220.26    0   81 -363320.00 -369220.26  1.62%     -    6s
     0     0 -369220.26    0   87 -363320.00 -369220.26  1.62%     -   15s
     0     0 -369153.17    0  179 -363320.00 -369153.17  1.61%     -   18s
H    0     0                    -367748.0000 -369153.17  0.38%     -   24s
     0     0 -369153.17    0  207 -367748.00 -369153.17  0.38%     -   24s
     0     0 -369153.17    0   79 -367748.00 -369153.17  0.38%     -   26s
     0     0 -369153.17    0  180 -367748.00 -369153.17  0.38%     -   27s
     0     0 -369153.17    0  193 -367748.00 -369153.17  0.38%     -   29s
     0     0 -369153.17    0  203 -367748.00 -369153.17  0.38%     -   29s
     0     0 -369153.17    0  125 -367748.00 -369153.17  0.38%     -   30s
     0     0 -369153.17    0  154 -367748.00 -369153.17  0.38%     -   30s
     0     0 -369153.17    0  127 -367748.00 -369153.17  0.38%     -   30s
     0     0 -369153.17    0  144 -367748.00 -369153.17  0.38%     -   30s
     0     0 -369153.17    0  128 -367748.00 -369153.17  0.38%     -   31s
     0     0 -369153.17    0  115 -367748.00 -369153.17  0.38%     -   31s
     0     2 -369132.00    0  115 -367748.00 -369132.00  0.38%     -   32s
    13    20 -369125.13    4  191 -367748.00 -369126.02  0.37%   312   35s
    75    82 -369075.27   11  168 -367748.00 -369126.02  0.37%   103   44s
    81    89 -369064.54   12  124 -367748.00 -369126.02  0.37%   105   46s
   140   155 -368711.75   17  154 -367748.00 -369126.02  0.37%  87.2   50s
   243   223 -367949.10   34  125 -367748.00 -369124.04  0.37%  90.9   55s
   442   278 -367796.10   41  124 -367748.00 -369124.04  0.37%  96.2   60s
   572   321 -368839.10    8  141 -367748.00 -369094.07  0.37%   105   68s
   625   379 -367796.10   12  120 -367748.00 -369094.07  0.37%   104   70s
   867   435 -368470.70   10  223 -367748.00 -369094.07  0.37%  96.8   75s
  1051   514 infeasible   15      -367748.00 -369060.36  0.36%   102   80s
  1314   590 -367780.91   49  121 -367748.00 -369051.25  0.35%   106   86s
  1497   625 infeasible   14      -367748.00 -369012.32  0.34%   108   91s
  1542   639 -368445.70   16  110 -367748.00 -369011.91  0.34%   116   95s
  1880   853     cutoff   23      -367748.00 -369011.91  0.34%   111  101s
  2137   926 -368729.82   26  133 -367748.00 -369010.93  0.34%   108  107s
  2536  1088 -367796.10   33   81 -367748.00 -369007.35  0.34%   103  124s
  2538  1089 -368311.00   15   86 -367748.00 -369007.35  0.34%   102  126s
  2540  1091 -367793.98   38  207 -367748.00 -369007.35  0.34%   102  132s
  2549  1097 -367796.10   48  297 -367748.00 -369007.35  0.34%   102  135s
  2560  1104 -367780.91   56  222 -367748.00 -369007.35  0.34%   102  140s
  2585  1126 -369007.35   17  250 -367748.00 -369007.35  0.34%   112  146s
  2597  1130 -369007.35   18  253 -367748.00 -369007.35  0.34%   114  155s
  2629  1142 -369007.35   20  236 -367748.00 -369007.35  0.34%   118  160s
  2680  1176 -369007.35   23  209 -367748.00 -369007.35  0.34%   120  165s
  2730  1203 -368987.80   26  146 -367748.00 -369007.35  0.34%   123  170s
  2788  1226 -368984.81   29  187 -367748.00 -369007.35  0.34%   126  176s
  2877  1270     cutoff   36      -367748.00 -369007.35  0.34%   128  181s
  2984  1236 -368762.28   20  206 -367748.00 -369007.35  0.34%   129  187s
  3039  1223 -368841.57   21  185 -367748.00 -368995.52  0.34%   131  190s
  3119  1186 -368292.47   27  165 -367748.00 -368908.67  0.32%   136  197s
  3176  1169 -368736.26   27  164 -367748.00 -368868.83  0.30%   140  202s
  3200  1152 -368238.14   28  212 -367748.00 -368868.51  0.30%   142  207s
  3274  1122     cutoff   20      -367748.00 -368856.34  0.30%   147  212s
  3347  1089 -367877.79   32  137 -367748.00 -368843.39  0.30%   154  217s
  3404  1062 infeasible   33      -367748.00 -368838.58  0.30%   155  221s
  3471  1027     cutoff   34      -367748.00 -368825.78  0.29%   158  225s
  3630   957     cutoff   20      -367748.00 -368797.02  0.29%   162  231s
  3799   866     cutoff   36      -367748.00 -368766.58  0.28%   164  238s
  3928   807     cutoff   51      -367748.00 -368755.57  0.27%   164  244s
  3996   780     cutoff   23      -367748.00 -368738.72  0.27%   166  247s
  4085   733 -367801.31   58  146 -367748.00 -368653.34  0.25%   166  251s
  4228   632 infeasible   38      -367748.00 -368618.91  0.24%   165  255s
  4462   485     cutoff   25      -367748.00 -368307.23  0.15%   167  263s

Cutting planes:
  Gomory: 4
  Cover: 39
  Clique: 57
  MIR: 7
  StrongCG: 1
  Flow cover: 3
  Inf proof: 8
  Zero half: 13
  RLT: 5

Explored 4660 nodes (879897 simplex iterations) in 264.41 seconds (357.00 work units)
Thread count was 12 (of 12 available processors)

Solution count 3: -367748 -363320 -41575 
No other solutions better than -367748

Optimal solution found (tolerance 0.00e+00)
Best objective -3.677480000000e+05, best bound -3.677480000000e+05, gap 0.0000%

================================================================================ 
Instance 2 
================================================================================
Solving with Network
Constructing nodes...
Done constructing nodes.
Number of Nodes:  4500
Constructing arcs...
Done constructing arcs.
Number of Arcs:  91635
Set parameter MIPGap to value 0
Set parameter TimeLimit to value 900
Gurobi Optimizer version 10.0.1 build v10.0.1rc0 (win64)

CPU model: AMD Ryzen 5 5625U with Radeon Graphics, instruction set [SSE2|AVX|AVX2]
Thread count: 6 physical cores, 12 logical processors, using up to 12 threads

Academic license - for non-commercial use only - registered to mitchell.clark1@uq.net.au
Optimize a model with 5195 rows, 92304 columns and 271749 nonzeros
Model fingerprint: 0x2707260a
Variable types: 0 continuous, 92304 integer (92289 binary)
Coefficient statistics:
  Matrix range     [1e+00, 5e+00]
  Objective range  [3e+02, 3e+04]
  Bounds range     [1e+00, 1e+00]
  RHS range        [1e+00, 5e+00]
Presolve removed 2124 rows and 6400 columns
Presolve time: 2.08s
Presolved: 3071 rows, 85904 columns, 254003 nonzeros
Variable types: 0 continuous, 85904 integer (85904 binary)
Deterministic concurrent LP optimizer: primal and dual simplex
Showing first log only...


Root simplex log...

Iteration    Objective       Primal Inf.    Dual Inf.      Time
   41452   -3.8548021e+05   0.000000e+00   1.316266e+08      5s
   64122   -3.8623845e+05   0.000000e+00   0.000000e+00      6s
Concurrent spin time: 0.75s

Solved with primal simplex
   64979   -3.8623845e+05   0.000000e+00   0.000000e+00      7s
Extra simplex iterations after uncrush: 857

Root relaxation: objective -3.862385e+05, 64979 iterations, 3.97 seconds (4.26 work units)

    Nodes    |    Current Node    |     Objective Bounds      |     Work
 Expl Unexpl |  Obj  Depth IntInf | Incumbent    BestBd   Gap | It/Node Time

     0     0 -386238.45    0   68          - -386238.45      -     -    6s
H    0     0                    -166151.0000 -386238.45   132%     -    7s
H    0     0                    -296932.0000 -386238.45  30.1%     -    7s
H    0     0                    -379237.0000 -386238.45  1.85%     -    8s
H    0     0                    -379439.0000 -386238.45  1.79%     -    8s
     0     0 -386238.23    0  107 -379439.00 -386238.23  1.79%     -    9s
     0     0 -386238.23    0  119 -379439.00 -386238.23  1.79%     -    9s
H    0     0                    -383287.0000 -386238.23  0.77%     -   18s
H    0     0                    -383337.0000 -386238.23  0.76%     -   19s
     0     0 -386238.23    0  123 -383337.00 -386238.23  0.76%     -   20s
     0     0 -386238.23    0  129 -383337.00 -386238.23  0.76%     -   21s
     0     0 -386238.23    0   88 -383337.00 -386238.23  0.76%     -   22s
H    0     0                    -383487.0000 -386238.23  0.72%     -   25s
     0     0 -386238.23    0   95 -383487.00 -386238.23  0.72%     -   25s
     0     0 -386238.23    0   96 -383487.00 -386238.23  0.72%     -   25s
     0     0 -386238.23    0   89 -383487.00 -386238.23  0.72%     -   26s
     0     0 -386238.23    0   94 -383487.00 -386238.23  0.72%     -   26s
     0     0 -386238.23    0   93 -383487.00 -386238.23  0.72%     -   26s
     0     0 -386238.23    0   93 -383487.00 -386238.23  0.72%     -   27s
     0     2 -386236.00    0   93 -383487.00 -386236.00  0.72%     -   34s
     1     4 -386235.76    1  115 -383487.00 -386236.00  0.72%  1083   36s
     7    14 -386235.76    3  111 -383487.00 -386235.76  0.72%   624   42s
    19    26 -386235.76    5  110 -383487.00 -386235.76  0.72%   622   47s
    31    38 -386235.76    7  109 -383487.00 -386235.76  0.72%   454   63s
    37    46 -386224.30    7  118 -383487.00 -386235.76  0.72%   423   65s
    61    71 -385720.24    9  108 -383487.00 -386235.75  0.72%   306   72s
    70    78 -384182.43    9  118 -383487.00 -386235.75  0.72%   344   77s
    77    86 -385635.46   10  121 -383487.00 -386235.75  0.72%   372   80s
    93   104 -385593.36   12  106 -383487.00 -386235.75  0.72%   372   86s
   114   127 -385593.17   15  107 -383487.00 -386235.75  0.72%   324   92s
   127   137 -385582.72   16  126 -383487.00 -386235.75  0.72%   312   96s
   149   161 -385565.24   18  125 -383487.00 -386235.75  0.72%   297  102s
   161   167 -385584.27   19  113 -383487.00 -386235.75  0.72%   291  111s
   184   204 -385584.27   21  121 -383487.00 -386235.75  0.72%   271  118s
   204   224 -385584.27   25  118 -383487.00 -386235.75  0.72%   257  122s
   224   245 -385584.08   27  113 -383487.00 -386235.75  0.72%   248  125s
   262   291 -385576.70   35  120 -383487.00 -386235.75  0.72%   234  132s
   291   321 -385574.86   38  118 -383487.00 -386235.75  0.72%   221  136s
   321   350 -385528.41   47  118 -383487.00 -386235.75  0.72%   217  140s
   382   395 -385552.07   51   92 -383487.00 -386235.75  0.72%   203  147s
   395   436 -385561.22   51  112 -383487.00 -386235.75  0.72%   202  151s
   436   476 -385553.64   57  108 -383487.00 -386235.75  0.72%   196  155s
   536   591 -385536.68   70  109 -383487.00 -386235.75  0.72%   176  163s
   591   650 -385531.74   74  104 -383487.00 -386235.75  0.72%   166  167s
   650   721 -385518.80   88  112 -383487.00 -386235.75  0.72%   159  171s
   721   786 -385522.35  102  109 -383487.00 -386235.75  0.72%   150  175s
   786   876 -385513.75  104   83 -383487.00 -386235.75  0.72%   144  181s
   876   918 -385494.02  122  112 -383487.00 -386235.75  0.72%   134  196s
   926   951 -385486.09  130  101 -383487.00 -386235.75  0.72%   129  212s
   951  1067 -385464.82  130  131 -383487.00 -386235.75  0.72%   127  217s
  1067  1186 -385479.29  136  113 -383487.00 -386235.75  0.72%   116  222s
  1187  1324 -385469.11  153  100 -383487.00 -386235.75  0.72%   108  227s
  1326  1468 -385460.54  170   80 -383487.00 -386235.75  0.72%  99.4  232s
  1470  1583 -385305.72  205  100 -383487.00 -386235.75  0.72%  92.6  238s
  1585  1702 -385442.73  220   92 -383487.00 -386235.75  0.72%  87.8  243s
  1705  1855 -385435.17  232  104 -383487.00 -386235.75  0.72%  84.3  248s
  1858  2037 -385435.14  256  101 -383487.00 -386235.75  0.72%  80.0  254s
  2040  2229 -385432.12  279  103 -383487.00 -386235.75  0.72%  74.7  260s
  2232  2434 -385425.08  304  104 -383487.00 -386235.75  0.72%  69.6  266s
  2437  2653 -385423.73  341   98 -383487.00 -386235.75  0.72%  65.3  272s
  2658  2836 -385415.97  361  122 -383487.00 -386235.75  0.72%  61.0  279s
  2849  3028 -385413.53  404  113 -383487.00 -386235.75  0.72%  58.9  285s
  3041  3290 -385406.74  437   97 -383487.00 -386235.75  0.72%  56.9  292s
  3303  3541 -385403.07  493  109 -383487.00 -386235.75  0.72%  53.6  300s
  3554  3806 -385392.24  519   73 -383487.00 -386235.75  0.72%  51.4  307s
  3819  4160 -385330.96  550   91 -383487.00 -386235.75  0.72%  49.4  314s
  3961  4160 -385164.73  890  124 -383487.00 -386235.75  0.72%  48.4  315s
  4173  4462 -385311.07  614  130 -383487.00 -386235.75  0.72%  46.4  322s
  4499  4722 -385269.83  675  113 -383487.00 -386235.75  0.72%  44.6  330s
  4828  5056 -385265.59  736   60 -383487.00 -386235.75  0.72%  43.3  341s
  5164  5226 -385253.16  796   97 -383487.00 -386235.75  0.72%  41.9  349s
  5334  5550 -385227.95  840   87 -383487.00 -386235.75  0.72%  41.2  359s
  5670  6051 -385191.09  918  149 -383487.00 -386235.75  0.72%  40.8  369s
  6183  6455 -385120.18  994   94 -383487.00 -386235.75  0.72%  39.7  379s
  6623  6456 -384842.33  891   93 -383487.00 -386235.75  0.72%  38.9  401s
  6625  6457 -385456.76  307   64 -383487.00 -386235.75  0.72%  38.9  412s
  6626  6458 -385253.84  650  102 -383487.00 -386235.75  0.72%  38.9  421s
  6628  6459 -384877.10  493  126 -383487.00 -386235.66  0.72%  38.8  427s
  6629  6460 -383928.53  418  124 -383487.00 -386235.61  0.72%  38.8  430s
  6631  6461 -385482.50  175   84 -383487.00 -386194.00  0.71%  38.8  438s
  6632  6465 -386194.00   16   93 -383487.00 -386194.00  0.71%  41.2  440s
  6638  6473 -386194.00   18  129 -383487.00 -386194.00  0.71%  41.6  445s
  6662  6489 -386194.00   20  120 -383487.00 -386194.00  0.71%  42.1  451s
  6674  6497 -386194.00   21  109 -383487.00 -386194.00  0.71%  42.2  455s
  6692  6508 -386194.00   23  132 -383487.00 -386194.00  0.71%  42.6  460s
  6716  6524 -386194.00   25  132 -383487.00 -386194.00  0.71%  42.9  465s
  6737  6539 -386184.00   26   72 -383487.00 -386194.00  0.71%  43.2  471s
  6745  6544 -384182.43   27   97 -383487.00 -386194.00  0.71%  44.1  476s
  6755  6548 -385713.25   27  138 -383487.00 -386194.00  0.71%  44.5  485s
  6768  6558     cutoff   28      -383487.00 -386194.00  0.71%  45.0  491s
  6793  6574 -385584.82   31  116 -383487.00 -386194.00  0.71%  45.1  497s
  6805  6582 -385574.33   32  115 -383487.00 -386194.00  0.71%  45.2  500s
  6829  6601 -385574.33   33  114 -383487.00 -386194.00  0.71%  45.3  505s
  6856  6620 -385564.77   36  105 -383487.00 -386194.00  0.71%  45.6  511s
  6887  6643 -385542.46   38  110 -383487.00 -386194.00  0.71%  45.8  517s
  6905  6655 -385550.35   39  115 -383487.00 -386194.00  0.71%  45.9  520s
  6940  6680 -385549.32   42  122 -383487.00 -386194.00  0.71%  46.0  527s
  6960  6695 -385549.32   43  123 -383487.00 -386194.00  0.71%  46.1  531s
  6981  6700 -385549.32   45  123 -383487.00 -386194.00  0.71%  46.2  536s
  6993  6716 -385549.32   46  119 -383487.00 -386194.00  0.71%  46.2  540s
  7035  6745 -385548.35   49  107 -383487.00 -386194.00  0.71%  46.6  548s
  7056  6761 -385548.35   50  110 -383487.00 -386194.00  0.71%  46.6  553s
  7079  6781 -385542.50   52   98 -383487.00 -386194.00  0.71%  46.9  557s
  7107  6814 -385548.35   54   99 -383487.00 -386194.00  0.71%  47.0  562s
  7149  6851 -385548.35   56   98 -383487.00 -386194.00  0.71%  47.1  566s
  7200  6917 -385548.35   59  106 -383487.00 -386194.00  0.71%  47.1  571s
  7283  6972 -385548.35   67   93 -383487.00 -386194.00  0.71%  47.2  576s
  7366  7003 -385548.35   72   96 -383487.00 -386194.00  0.71%  47.2  581s
  7425  6990 -385548.35   77   96 -383487.00 -386194.00  0.71%  47.7  587s
  7431  7045 -385483.89   77   91 -383487.00 -386194.00  0.71%  47.7  592s
  7488  7104 -385547.55   80  106 -383487.00 -386194.00  0.71%  47.9  598s
