
================================================================================ 
 Num patients 60 
================================================================================

================================================================================ 
Instance 0 
================================================================================
Solving with Network
Constructing nodes...
Done constructing nodes.
Number of Nodes:  4650
Constructing arcs...
Done constructing arcs.
Number of Arcs:  142545
Set parameter WLSAccessID
Set parameter WLSSecret
Set parameter LicenseID to value 938386
Academic license - for non-commercial use only - registered to mitchell.clark1@uq.net.au
Set parameter MIPGap to value 0
Set parameter TimeLimit to value 900
Gurobi Optimizer version 10.0.1 build v10.0.1rc0 (win64)

CPU model: AMD Ryzen 5 5625U with Radeon Graphics, instruction set [SSE2|AVX|AVX2]
Thread count: 6 physical cores, 12 logical processors, using up to 12 threads

Academic license - for non-commercial use only - registered to mitchell.clark1@uq.net.au
Optimize a model with 5685 rows, 143533 columns and 424948 nonzeros
Model fingerprint: 0x3d50a279
Variable types: 0 continuous, 143533 integer (143518 binary)
Coefficient statistics:
  Matrix range     [1e+00, 5e+00]
  Objective range  [3e+02, 3e+04]
  Bounds range     [1e+00, 1e+00]
  RHS range        [1e+00, 5e+00]
Presolve removed 2458 rows and 6404 columns
Presolve time: 3.50s
Presolved: 3227 rows, 137129 columns, 407204 nonzeros
Variable types: 0 continuous, 137129 integer (137129 binary)
Found heuristic solution: objective -144658.0000
Found heuristic solution: objective -182781.0000
Found heuristic solution: objective -222276.0000
Deterministic concurrent LP optimizer: primal and dual simplex
Showing first log only...


Root simplex log...

Iteration    Objective       Primal Inf.    Dual Inf.      Time
    2889   -3.5263801e+05   0.000000e+00   9.348367e+08      5s
   78008   -7.4570505e+05   0.000000e+00   3.492598e+07     10s
  111559   -7.4630196e+05   0.000000e+00   0.000000e+00     13s
Concurrent spin time: 2.40s

Solved with primal simplex
  111565   -7.4630196e+05   0.000000e+00   0.000000e+00     15s
Extra simplex iterations after uncrush: 6

Root relaxation: objective -7.463020e+05, 111565 iterations, 10.62 seconds (9.08 work units)

    Nodes    |    Current Node    |     Objective Bounds      |     Work
 Expl Unexpl |  Obj  Depth IntInf | Incumbent    BestBd   Gap | It/Node Time

     0     0 -746301.96    0  117 -222276.00 -746301.96   236%     -   16s
H    0     0                    -730767.0000 -746301.96  2.13%     -   17s
H    0     0                    -740850.0000 -746301.96  0.74%     -   18s
     0     0 -746245.27    0  154 -740850.00 -746245.27  0.73%     -   23s
H    0     0                    -742313.0000 -746245.27  0.53%     -   25s
