
================================================================================ 
 Num patients 20 
================================================================================

================================================================================ 
Instance 0 
================================================================================
Solving with MIP
Set parameter WLSAccessID
Set parameter WLSSecret
Set parameter LicenseID to value 938386
Academic license - for non-commercial use only - registered to mitchell.clark1@uq.net.au
Set parameter MIPGap to value 0.01
Solving with Network
Constructing nodes...
Done constructing nodes.
Number of Nodes:  4410
Constructing arcs...
Done constructing arcs.
Number of Arcs:  46710
Set parameter MIPGap to value 0.01
Set parameter TimeLimit to value 900
Gurobi Optimizer version 10.0.1 build v10.0.1rc0 (win64)

CPU model: AMD Ryzen 5 5625U with Radeon Graphics, instruction set [SSE2|AVX|AVX2]
Thread count: 6 physical cores, 12 logical processors, using up to 12 threads

Academic license - for non-commercial use only - registered to mitchell.clark1@uq.net.au
Optimize a model with 4765 rows, 47059 columns and 136444 nonzeros
Model fingerprint: 0xb5cb9e91
Variable types: 0 continuous, 47059 integer (47044 binary)
Coefficient statistics:
  Matrix range     [1e+00, 5e+00]
  Objective range  [6e+02, 3e+04]
  Bounds range     [1e+00, 1e+00]
  RHS range        [1e+00, 5e+00]
Presolve removed 2105 rows and 6110 columns
Presolve time: 0.89s
Presolved: 2660 rows, 40949 columns, 119869 nonzeros
Variable types: 0 continuous, 40949 integer (40949 binary)
Found heuristic solution: objective -60534.00000
Found heuristic solution: objective -90044.00000
Found heuristic solution: objective -136614.0000
Deterministic concurrent LP optimizer: primal and dual simplex
Showing first log only...

Concurrent spin time: 0.03s

Solved with primal simplex
Extra simplex iterations after uncrush: 13

Root relaxation: objective -3.145772e+05, 10675 iterations, 0.35 seconds (0.36 work units)

    Nodes    |    Current Node    |     Objective Bounds      |     Work
 Expl Unexpl |  Obj  Depth IntInf | Incumbent    BestBd   Gap | It/Node Time

     0     0 -314577.18    0   54 -136614.00 -314577.18   130%     -    1s
H    0     0                    -310317.0000 -314577.18  1.37%     -    1s
H    0     0                    -311521.0000 -314577.18  0.98%     -    1s

Explored 1 nodes (11693 simplex iterations) in 1.88 seconds (1.73 work units)
Thread count was 12 (of 12 available processors)

Solution count 5: -311521 -310317 -136614 ... -60534

Optimal solution found (tolerance 1.00e-02)
Best objective -3.115210000000e+05, best bound -3.145770000000e+05, gap 0.9810%
Solving with iLBBD1
Set parameter MIPGap to value 0.01
-312169.0 -307450.0
Gap 0.015348837209302326
-312419.0 -312419.0
Gap 0.0
Solving with cLBBD1
Set parameter MIPGap to value 0.01
Solving with iLBBD2p
Set parameter MIPGap to value 0.01
-312419.0 -312419.0
Gap 0.0
Solving with cLBBD2p
Set parameter MIPGap to value 0.01
Solving with cLBBD4p
Set parameter MIPGap to value 0.01

================================================================================ 
Instance 1 
================================================================================
Solving with MIP
Set parameter MIPGap to value 0.01
Solving with Network
Constructing nodes...
Done constructing nodes.
Number of Nodes:  3630
Constructing arcs...
Done constructing arcs.
Number of Arcs:  30330
Set parameter MIPGap to value 0.01
Set parameter TimeLimit to value 900
Gurobi Optimizer version 10.0.1 build v10.0.1rc0 (win64)

CPU model: AMD Ryzen 5 5625U with Radeon Graphics, instruction set [SSE2|AVX|AVX2]
Thread count: 6 physical cores, 12 logical processors, using up to 12 threads

Academic license - for non-commercial use only - registered to mitchell.clark1@uq.net.au
Optimize a model with 3985 rows, 30680 columns and 88085 nonzeros
Model fingerprint: 0x4183606d
Variable types: 0 continuous, 30680 integer (30665 binary)
Coefficient statistics:
  Matrix range     [1e+00, 5e+00]
  Objective range  [3e+02, 2e+04]
  Bounds range     [1e+00, 1e+00]
  RHS range        [1e+00, 5e+00]
Found heuristic solution: objective -20875.00000
Presolve removed 2615 rows and 13692 columns
Presolve time: 0.59s
Presolved: 1370 rows, 16988 columns, 49274 nonzeros
Variable types: 0 continuous, 16988 integer (16988 binary)

Root relaxation: objective -1.903860e+05, 9274 iterations, 0.47 seconds (0.61 work units)

    Nodes    |    Current Node    |     Objective Bounds      |     Work
 Expl Unexpl |  Obj  Depth IntInf | Incumbent    BestBd   Gap | It/Node Time

     0     0 -190386.04    0   47 -20875.000 -190386.04   812%     -    1s
H    0     0                    -181200.0000 -190386.04  5.07%     -    1s
H    0     0                    -184409.0000 -190386.04  3.24%     -    1s
     0     0 -190386.04    0   82 -184409.00 -190386.04  3.24%     -    1s
H    0     0                    -184786.0000 -190386.04  3.03%     -    1s
H    0     0                    -184803.0000 -190386.04  3.02%     -    2s
     0     0 -190386.04    0   46 -184803.00 -190386.04  3.02%     -    2s
H    0     0                    -187135.0000 -190386.04  1.74%     -    2s
     0     0 -190386.04    0   59 -187135.00 -190386.04  1.74%     -    2s
     0     0 -190386.04    0   48 -187135.00 -190386.04  1.74%     -    2s
     0     0 -190386.04    0   69 -187135.00 -190386.04  1.74%     -    2s
     0     0 -190379.91    0   52 -187135.00 -190379.91  1.73%     -    2s
     0     0 -190379.91    0   52 -187135.00 -190379.91  1.73%     -    2s
H    0     0                    -187235.0000 -190379.91  1.68%     -    3s
     0     2 -190245.07    0   51 -187235.00 -190245.07  1.61%     -    3s
H   31    38                    -187989.0000 -190245.07  1.20%  73.1    6s
  1292   907 -188599.65   56   52 -187989.00 -190245.07  1.20%  13.2   12s
  1308   918 -188359.40   66   56 -187989.00 -190217.34  1.19%  13.0   15s
  1992  1164     cutoff   89      -187989.00 -190214.10  1.18%  21.9   20s
  3946  1936 -189005.75  301   52 -187989.00 -190119.53  1.13%  14.9   25s
  6147  3535 -188775.67  620   16 -187989.00 -190119.53  1.13%  11.9   30s

Cutting planes:
  Gomory: 6
  Clique: 80
  StrongCG: 1
  Inf proof: 8
  Zero half: 7
  RLT: 2

Explored 6360 nodes (90420 simplex iterations) in 30.80 seconds (34.25 work units)
Thread count was 12 (of 12 available processors)

Solution count 8: -187989 -187235 -187135 ... -20875

Optimal solution found (tolerance 1.00e-02)
Best objective -1.879890000000e+05, best bound -1.891650000000e+05, gap 0.6256%
Solving with iLBBD1
Set parameter MIPGap to value 0.01
-187635.0 -183090.0
Gap 0.02482385711944945
-187789.0 -187789.0
Gap 0.0
Solving with cLBBD1
Set parameter MIPGap to value 0.01
Solving with iLBBD2p
Set parameter MIPGap to value 0.01
-187635.0 -183090.0
Gap 0.02482385711944945
-187789.0 -187789.0
Gap 0.0
Solving with cLBBD2p
Set parameter MIPGap to value 0.01
Solving with cLBBD4p
Set parameter MIPGap to value 0.01

================================================================================ 
Instance 2 
================================================================================
Solving with MIP
Set parameter MIPGap to value 0.01
Solving with Network
Constructing nodes...
Done constructing nodes.
Number of Nodes:  4230
Constructing arcs...
Done constructing arcs.
Number of Arcs:  42210
Set parameter MIPGap to value 0.01
Set parameter TimeLimit to value 900
Gurobi Optimizer version 10.0.1 build v10.0.1rc0 (win64)

CPU model: AMD Ryzen 5 5625U with Radeon Graphics, instruction set [SSE2|AVX|AVX2]
Thread count: 6 physical cores, 12 logical processors, using up to 12 threads

Academic license - for non-commercial use only - registered to mitchell.clark1@uq.net.au
Optimize a model with 4585 rows, 42557 columns and 123122 nonzeros
Model fingerprint: 0x00ea2756
Variable types: 0 continuous, 42557 integer (42542 binary)
Coefficient statistics:
  Matrix range     [1e+00, 5e+00]
  Objective range  [3e+02, 3e+04]
  Bounds range     [1e+00, 1e+00]
  RHS range        [1e+00, 5e+00]
Presolve removed 2327 rows and 9435 columns
Presolve time: 1.07s
Presolved: 2258 rows, 33122 columns, 96794 nonzeros
Variable types: 0 continuous, 33122 integer (33122 binary)

Root relaxation: objective -2.230176e+05, 12436 iterations, 1.22 seconds (1.40 work units)

    Nodes    |    Current Node    |     Objective Bounds      |     Work
 Expl Unexpl |  Obj  Depth IntInf | Incumbent    BestBd   Gap | It/Node Time

     0     0 -223017.59    0   45          - -223017.59      -     -    2s
H    0     0                    -103921.0000 -223017.59   115%     -    2s
H    0     0                    -175336.0000 -223017.59  27.2%     -    2s
H    0     0                    -216358.0000 -223017.59  3.08%     -    3s
     0     0 -223007.58    0   57 -216358.00 -223007.58  3.07%     -    3s
H    0     0                    -217792.0000 -223007.58  2.39%     -    5s
H    0     0                    -219895.0000 -223007.58  1.42%     -    6s
     0     0 -222989.98    0   79 -219895.00 -222989.98  1.41%     -    6s
     0     0 -222980.19    0   85 -219895.00 -222980.19  1.40%     -    6s
     0     0 -222966.50    0   70 -219895.00 -222966.50  1.40%     -    6s
     0     0 -222966.50    0   84 -219895.00 -222966.50  1.40%     -    6s
     0     0 -222966.50    0   90 -219895.00 -222966.50  1.40%     -    6s
     0     0 -222964.88    0   86 -219895.00 -222964.88  1.40%     -    6s
     0     0 -222964.88    0   89 -219895.00 -222964.88  1.40%     -    6s
     0     0 -222964.88    0  105 -219895.00 -222964.88  1.40%     -    6s
     0     0 -222964.88    0   92 -219895.00 -222964.88  1.40%     -    6s
     0     0 -222964.88    0   97 -219895.00 -222964.88  1.40%     -    6s
     0     0 -222964.88    0   85 -219895.00 -222964.88  1.40%     -    7s
     0     0 -222964.88    0   89 -219895.00 -222964.88  1.40%     -    7s
     0     0 -222964.88    0   88 -219895.00 -222964.88  1.40%     -    7s
     0     0 -222964.88    0   97 -219895.00 -222964.88  1.40%     -    7s
     0     0 -222964.88    0   90 -219895.00 -222964.88  1.40%     -    7s
     0     0 -222964.88    0   89 -219895.00 -222964.88  1.40%     -    7s
     0     2 -222860.37    0   83 -219895.00 -222860.37  1.35%     -    8s
    25    32 -222860.37    6   73 -219895.00 -222860.37  1.35%   138   10s
   185   197 -222663.92   20   85 -219895.00 -222860.37  1.35%  46.2   15s
   523   565 -221493.39   30   68 -219895.00 -222860.37  1.35%  28.1   20s
  1283  1322 -220739.40  114  121 -219895.00 -222860.37  1.35%  16.0   25s
  1959  1938 -220669.40  216  135 -219895.00 -222860.37  1.35%  12.2   31s
  2997  2927 -220440.80  417   54 -219895.00 -222860.37  1.35%   9.7   35s
  3550  3104 -220905.75  383   89 -219895.00 -222860.37  1.35%  10.5   43s
  3552  3105 -221364.61   20   42 -219895.00 -222860.37  1.35%  10.5   45s
  3557  3109 -220822.75  425  103 -219895.00 -222860.37  1.35%  10.4   50s
  3562  3112 -220869.41  220  114 -219895.00 -222860.37  1.35%  10.4   55s
  3601  3145 -222860.37   20   93 -219895.00 -222860.37  1.35%  17.3   60s
  3709  3222 infeasible   26      -219895.00 -222860.37  1.35%  19.0   65s
H 3727  3066                    -220079.0000 -222860.37  1.26%  19.3   67s
  3808  3150 -222649.54   29   86 -220079.00 -222860.37  1.26%  20.0   70s
  4166  3395 -220844.60   34   87 -220079.00 -222860.37  1.26%  21.2   75s
  4598  3687 -221621.83   27   55 -220079.00 -222860.37  1.26%  22.3   80s
  4991  4000 -221372.28  110   46 -220079.00 -222860.37  1.26%  22.3   85s
  5473  4247 -220935.80   36   70 -220079.00 -222663.33  1.17%  22.4   90s
  6109  4634 -221256.10   32   60 -220079.00 -222468.86  1.09%  23.2   95s
  6816  5116 -220860.15   53   42 -220079.00 -222468.86  1.09%  23.3  100s
  7689  5593 -220746.88  386   36 -220079.00 -222468.86  1.09%  22.2  105s

Cutting planes:
  Gomory: 2
  Cover: 2
  Clique: 28
  MIR: 4
  Flow cover: 7
  Zero half: 8
  RLT: 4

Explored 8759 nodes (208052 simplex iterations) in 108.34 seconds (134.89 work units)
Thread count was 12 (of 12 available processors)

Solution count 6: -220079 -219895 -217792 ... -103921

Optimal solution found (tolerance 1.00e-02)
Best objective -2.200790000000e+05, best bound -2.221540000000e+05, gap 0.9428%
Solving with iLBBD1
Set parameter MIPGap to value 0.01
-220079.0 -220079.0
Gap 0.0
Solving with cLBBD1
Set parameter MIPGap to value 0.01
Solving with iLBBD2p
Set parameter MIPGap to value 0.01
-220079.0 -220079.0
Gap 0.0
Solving with cLBBD2p
Set parameter MIPGap to value 0.01
Solving with cLBBD4p
Set parameter MIPGap to value 0.01

================================================================================ 
Instance 3 
================================================================================
Solving with MIP
Set parameter MIPGap to value 0.01
Solving with Network
Constructing nodes...
Done constructing nodes.
Number of Nodes:  4770
Constructing arcs...
Done constructing arcs.
Number of Arcs:  55050
Set parameter MIPGap to value 0.01
Set parameter TimeLimit to value 900
Gurobi Optimizer version 10.0.1 build v10.0.1rc0 (win64)

CPU model: AMD Ryzen 5 5625U with Radeon Graphics, instruction set [SSE2|AVX|AVX2]
Thread count: 6 physical cores, 12 logical processors, using up to 12 threads

Academic license - for non-commercial use only - registered to mitchell.clark1@uq.net.au
Optimize a model with 5125 rows, 55398 columns and 161103 nonzeros
Model fingerprint: 0x4c716bea
Variable types: 0 continuous, 55398 integer (55383 binary)
Coefficient statistics:
  Matrix range     [1e+00, 5e+00]
  Objective range  [3e+02, 3e+04]
  Bounds range     [1e+00, 1e+00]
  RHS range        [1e+00, 5e+00]
Presolve removed 2198 rows and 4931 columns
Presolve time: 1.00s
Presolved: 2927 rows, 50467 columns, 148158 nonzeros
Variable types: 0 continuous, 50467 integer (50467 binary)
Found heuristic solution: objective -77492.00000
Found heuristic solution: objective -138176.0000
Deterministic concurrent LP optimizer: primal and dual simplex
Showing first log only...

Concurrent spin time: 0.11s

Solved with primal simplex

Root relaxation: objective -2.415074e+05, 13512 iterations, 0.66 seconds (0.75 work units)

    Nodes    |    Current Node    |     Objective Bounds      |     Work
 Expl Unexpl |  Obj  Depth IntInf | Incumbent    BestBd   Gap | It/Node Time

     0     0 -241507.43    0   75 -138176.00 -241507.43  74.8%     -    2s
H    0     0                    -235766.0000 -241507.43  2.44%     -    3s
     0     0 -241455.36    0   67 -235766.00 -241455.36  2.41%     -    3s
     0     0 -241455.36    0   74 -235766.00 -241455.36  2.41%     -    6s
H    0     0                    -237880.0000 -241455.36  1.50%     -    7s
     0     0 -241454.20    0   44 -237880.00 -241454.20  1.50%     -    9s
H    0     0                    -237930.0000 -241454.20  1.48%     -   13s
H    0     0                    -237980.0000 -241454.20  1.46%     -   13s
     0     0 -241425.22    0   86 -237980.00 -241425.22  1.45%     -   14s
     0     0 -241425.17    0   86 -237980.00 -241425.17  1.45%     -   14s
     0     0 -241357.40    0   86 -237980.00 -241357.40  1.42%     -   15s
     0     0 -241357.40    0   88 -237980.00 -241357.40  1.42%     -   15s
     0     0 -241357.40    0   96 -237980.00 -241357.40  1.42%     -   15s
     0     0 -241357.40    0   64 -237980.00 -241357.40  1.42%     -   15s
     0     0 -241357.40    0   68 -237980.00 -241357.40  1.42%     -   15s
     0     0 -241357.40    0   70 -237980.00 -241357.40  1.42%     -   15s
     0     0 -241357.40    0   58 -237980.00 -241357.40  1.42%     -   16s
     0     2 -241345.00    0   58 -237980.00 -241345.00  1.41%     -   18s
     7    14 -241315.89    3   88 -237980.00 -241315.89  1.40%   400   20s
    54    63 -241247.38    9   80 -237980.00 -241257.38  1.38%   128   25s
   154   169 -241158.50   18   84 -237980.00 -241257.38  1.38%  68.9   30s
   276   268 -240897.40   24   60 -237980.00 -241257.38  1.38%  53.2   38s
   334   349 -239229.00   26   65 -237980.00 -241257.38  1.38%  50.3   40s
   581   550 -240657.47   33   86 -237980.00 -241257.38  1.38%  43.0   46s
   802   693 -240566.51   37  155 -237980.00 -241257.38  1.38%  42.4   50s
  1172  1151 -239028.06   69  113 -237980.00 -241257.38  1.38%  35.5   55s
  1328  1152 -238871.03   28   67 -237980.00 -241257.38  1.38%  32.2   79s
  1330  1153 -239356.56    7   83 -237980.00 -241257.38  1.38%  32.2   85s
  1336  1157 -239123.31   44   50 -237980.00 -241257.38  1.38%  32.0   91s
  1341  1161 -238565.33  318   61 -237980.00 -241257.38  1.38%  31.9   96s
  1360  1180 -239815.50   19   91 -237980.00 -241257.38  1.38%  44.5  100s
  1411  1216 -241257.38   23  103 -237980.00 -241257.38  1.38%  45.5  105s
  1450  1240 -241257.38   25  125 -237980.00 -241257.38  1.38%  45.4  111s
  1531  1308 -240927.71   28  134 -237980.00 -241252.91  1.38%  45.6  115s
  1723  1451 -240913.01   32  145 -237980.00 -241252.91  1.38%  43.8  120s
  1959  1583 -240875.61   35  191 -237980.00 -241252.91  1.38%  40.9  125s
  2175  1699 -240816.89   39  122 -237980.00 -241252.91  1.38%  39.3  130s
  2513  1848 -239246.03   42  121 -237980.00 -241252.91  1.38%  35.8  135s
  2946  2069 -240406.70   46  112 -237980.00 -241252.91  1.38%  32.8  140s
  3416  2361 -240044.31   50   89 -237980.00 -241252.91  1.38%  30.0  146s
  3575  2334 -239704.84   51  106 -237980.00 -241252.91  1.38%  29.1  152s
  3737  2532 -239989.15   54   94 -237980.00 -241252.91  1.38%  28.6  155s
  4191  2699 -239219.75   66   81 -237980.00 -240905.13  1.23%  27.1  160s
  4548  2824 -239245.02   36   97 -237980.00 -240905.13  1.23%  26.9  165s
  5188  3307 -238327.53  200   83 -237980.00 -240905.13  1.23%  25.7  171s
  5813  3531 -240399.14   35  102 -237980.00 -240898.21  1.23%  24.7  176s
  6210  4046     cutoff   40      -237980.00 -240787.73  1.18%  24.9  181s
  6964  4337 -238902.13   68  140 -237980.00 -240330.82  0.99%  24.1  186s

Cutting planes:
  Cover: 3
  Clique: 23
  Flow cover: 1
  Zero half: 9
  RLT: 11

Explored 7110 nodes (216540 simplex iterations) in 186.36 seconds (237.56 work units)
Thread count was 12 (of 12 available processors)

Solution count 6: -237980 -237930 -237880 ... -77492

Optimal solution found (tolerance 1.00e-02)
Best objective -2.379800000000e+05, best bound -2.403300000000e+05, gap 0.9875%
Solving with iLBBD1
Set parameter MIPGap to value 0.01
-238030.0 -238030.0
Gap 0.0
Solving with cLBBD1
Set parameter MIPGap to value 0.01
Solving with iLBBD2p
Set parameter MIPGap to value 0.01
-238030.0 -238030.0
Gap 0.0
Solving with cLBBD2p
Set parameter MIPGap to value 0.01
Solving with cLBBD4p
Set parameter MIPGap to value 0.01

================================================================================ 
Instance 4 
================================================================================
Solving with MIP
Set parameter MIPGap to value 0.01
Solving with Network
Constructing nodes...
Done constructing nodes.
Number of Nodes:  4140
Constructing arcs...
Done constructing arcs.
Number of Arcs:  42720
Set parameter MIPGap to value 0.01
Set parameter TimeLimit to value 900
Gurobi Optimizer version 10.0.1 build v10.0.1rc0 (win64)

CPU model: AMD Ryzen 5 5625U with Radeon Graphics, instruction set [SSE2|AVX|AVX2]
Thread count: 6 physical cores, 12 logical processors, using up to 12 threads

Academic license - for non-commercial use only - registered to mitchell.clark1@uq.net.au
Optimize a model with 4495 rows, 43069 columns and 124744 nonzeros
Model fingerprint: 0x27371c17
Variable types: 0 continuous, 43069 integer (43054 binary)
Coefficient statistics:
  Matrix range     [1e+00, 5e+00]
  Objective range  [4e+02, 3e+04]
  Bounds range     [1e+00, 1e+00]
  RHS range        [1e+00, 5e+00]
Presolve removed 2248 rows and 9751 columns
Presolve time: 0.76s
Presolved: 2247 rows, 33318 columns, 97389 nonzeros
Variable types: 0 continuous, 33318 integer (33318 binary)
Found heuristic solution: objective -57847.00000
Found heuristic solution: objective -222257.0000

Root relaxation: objective -2.478843e+05, 19395 iterations, 1.88 seconds (2.43 work units)

    Nodes    |    Current Node    |     Objective Bounds      |     Work
 Expl Unexpl |  Obj  Depth IntInf | Incumbent    BestBd   Gap | It/Node Time

     0     0 -247884.32    0   63 -222257.00 -247884.32  11.5%     -    2s
H    0     0                    -241286.0000 -247884.32  2.73%     -    3s
H    0     0                    -243662.0052 -247884.32  1.73%     -    3s
H    0     0                    -243762.0000 -247884.32  1.69%     -    3s
     0     0 -247862.46    0   75 -243762.00 -247862.46  1.68%     -    3s
H    0     0                    -243812.0000 -247862.46  1.66%     -    5s
     0     0 -247859.87    0   86 -243812.00 -247859.87  1.66%     -    5s
     0     0 -247859.87    0   92 -243812.00 -247859.87  1.66%     -    5s
     0     0 -247855.69    0  111 -243812.00 -247855.69  1.66%     -    5s
H    0     0                    -243862.0000 -247855.69  1.64%     -    6s
     0     0 -247855.69    0  107 -243862.00 -247855.69  1.64%     -    6s
     0     0 -247855.69    0   77 -243862.00 -247855.69  1.64%     -    6s
     0     0 -247855.69    0   92 -243862.00 -247855.69  1.64%     -    7s
     0     0 -247855.69    0   80 -243862.00 -247855.69  1.64%     -    7s
     0     0 -247855.69    0   95 -243862.00 -247855.69  1.64%     -    7s
     0     0 -247855.52    0   93 -243862.00 -247855.52  1.64%     -    7s
     0     0 -247855.52    0   95 -243862.00 -247855.52  1.64%     -    7s
     0     0 -247850.71    0  104 -243862.00 -247850.71  1.64%     -    7s
     0     0 -247848.56    0  115 -243862.00 -247848.56  1.63%     -    7s
     0     0 -247847.87    0  122 -243862.00 -247847.87  1.63%     -    7s
     0     0 -247847.87    0  138 -243862.00 -247847.87  1.63%     -    7s
     0     0 -247847.47    0  125 -243862.00 -247847.47  1.63%     -    7s
     0     0 -247846.59    0  137 -243862.00 -247846.59  1.63%     -    7s
     0     0 -247828.13    0  114 -243862.00 -247828.13  1.63%     -    7s
     0     0 -247825.22    0  125 -243862.00 -247825.22  1.63%     -    7s
     0     0 -247825.13    0  133 -243862.00 -247825.13  1.63%     -    8s
     0     0 -247824.66    0  121 -243862.00 -247824.66  1.62%     -    8s
     0     0 -247824.66    0  120 -243862.00 -247824.66  1.62%     -    8s
     0     0 -247824.66    0  120 -243862.00 -247824.66  1.62%     -    8s
     0     0 -247824.66    0  119 -243862.00 -247824.66  1.62%     -    8s
     0     0 -247824.66    0   96 -243862.00 -247824.66  1.62%     -    8s
     0     0 -247824.66    0   99 -243862.00 -247824.66  1.62%     -    8s
     0     0 -247803.13    0  102 -243862.00 -247803.13  1.62%     -    8s
     0     0 -247802.63    0  124 -243862.00 -247802.63  1.62%     -    8s
     0     0 -247802.54    0  126 -243862.00 -247802.54  1.62%     -    8s
     0     0 -247802.54    0  128 -243862.00 -247802.54  1.62%     -    8s
     0     0 -247802.54    0  135 -243862.00 -247802.54  1.62%     -    8s
     0     0 -247797.87    0  122 -243862.00 -247797.87  1.61%     -    8s
     0     0 -247797.87    0  126 -243862.00 -247797.87  1.61%     -    9s
     0     0 -247797.87    0  125 -243862.00 -247797.87  1.61%     -    9s
     0     0 -247797.87    0  130 -243862.00 -247797.87  1.61%     -    9s
     0     0 -247797.87    0  135 -243862.00 -247797.87  1.61%     -    9s
     0     0 -247797.87    0  116 -243862.00 -247797.87  1.61%     -    9s
     0     0 -247797.87    0  116 -243862.00 -247797.87  1.61%     -    9s
H    0     0                    -243962.0000 -247797.87  1.57%     -   12s
     0     2 -247727.00    0  115 -243962.00 -247727.00  1.54%     -   12s
H   31    38                    -244112.0000 -247727.00  1.48%   163   15s
    72    81 -247727.00   12   94 -244112.00 -247727.00  1.48%   107   20s
   268   290 -247693.00   22   94 -244112.00 -247727.00  1.48%  51.7   25s
   519   547 -247013.07   32   84 -244112.00 -247727.00  1.48%  48.3   30s
   917   876 -245050.65   63   56 -244112.00 -247727.00  1.48%  40.9   35s
  1379  1171 -245671.47   67  116 -244112.00 -247727.00  1.48%  34.1   50s
  1383  1174 -245665.15   38   81 -244112.00 -247727.00  1.48%  34.0   55s
  1394  1181 -245671.47   19  123 -244112.00 -247727.00  1.48%  33.7   60s
  1404  1195 -247670.13   17  112 -244112.00 -247727.00  1.48%  50.0   65s
  1462  1232 -247637.93   22  101 -244112.00 -247727.00  1.48%  55.1   70s
  1530  1269 -246062.00   26  153 -244112.00 -247727.00  1.48%  57.6   76s
  1614  1320 -245628.29   31  133 -244112.00 -247727.00  1.48%  58.6   80s
  1876  1433 -245095.52   39   84 -244112.00 -247727.00  1.48%  56.6   85s
  2007  1522 -247230.16   45  180 -244112.00 -247727.00  1.48%  55.8   90s
  2241  1690 -244483.02   52  113 -244112.00 -247727.00  1.48%  55.8   95s
  2454  1827 -246109.39   58  155 -244112.00 -247727.00  1.48%  56.8  100s
  2789  1854 -245888.65   36   86 -244112.00 -247727.00  1.48%  57.3  106s
  2994  2050 -247727.00   23  125 -244112.00 -247727.00  1.48%  55.4  111s
  3346  2095 -246532.86   32   85 -244112.00 -247727.00  1.48%  52.5  116s
  3526  2198 -244812.94   63   81 -244112.00 -247584.84  1.42%  52.8  120s
  4097  2230 -246148.15   57   62 -244112.00 -247584.84  1.42%  49.0  125s
  4632  2384 -246192.80   42   56 -244112.00 -247019.18  1.19%  47.7  131s
  5019  2560 -245208.16   97   61 -244112.00 -247019.18  1.19%  46.8  135s
  5760  3170 -245165.68  288   48 -244112.00 -246716.99  1.07%  43.0  140s
  6386  3641 -245850.45   33   91 -244112.00 -246500.33  0.98%  40.4  145s

Cutting planes:
  Gomory: 1
  Cover: 8
  Clique: 30
  MIR: 5
  Flow cover: 4
  Zero half: 17
  RLT: 10

Explored 6941 nodes (293900 simplex iterations) in 145.36 seconds (189.71 work units)
Thread count was 12 (of 12 available processors)

Solution count 9: -244112 -243962 -243862 ... -57847

Optimal solution found (tolerance 1.00e-02)
Best objective -2.441120000000e+05, best bound -2.465000000000e+05, gap 0.9782%
Solving with iLBBD1
Set parameter MIPGap to value 0.01
-244162.0 -238836.0
Gap 0.02229982079753471
-244112.0 -244112.0
Gap 0.0
Solving with cLBBD1
Set parameter MIPGap to value 0.01
Solving with iLBBD2p
Set parameter MIPGap to value 0.01
-244162.0 -238836.0
Gap 0.02229982079753471
-244112.0 -244112.0
Gap 0.0
Solving with cLBBD2p
Set parameter MIPGap to value 0.01
Solving with cLBBD4p
Set parameter MIPGap to value 0.01

Time Output 
================================================================================
   instance  seed  num_patients       MIP     Network    iLBBD1    cLBBD1   iLBBD2p   cLBBD2p   cLBBD4p
0         0    42            20  0.409502    1.886880  0.428334  0.473072  2.242665  0.227975  0.216427
1         1   831            20  0.627489   30.822723  0.109355  0.408214  0.126143  0.284131  0.395315
2         2   306            20  1.372298  108.345754  0.110448  1.500836  0.100331  1.535288  1.541420
3         3   542            20  0.518020  186.379052  0.095361  0.245944  0.064175  0.237848  0.237306
4         4     1            20  1.275502  145.372669  0.727501  0.711513  0.699888  0.882262  0.633029

Objective Output 
================================================================================
   instance  seed  num_patients       MIP   Network    iLBBD1    cLBBD1   iLBBD2p   cLBBD2p   cLBBD4p
0         0    42            20 -311661.0 -311521.0 -312419.0 -312419.0 -312419.0 -310682.0 -310682.0
1         1   831            20 -187912.0 -187989.0 -187789.0 -187712.0 -187789.0 -187712.0 -187712.0
2         2   306            20 -220079.0 -220079.0 -220079.0 -220079.0 -220079.0 -220079.0 -220079.0
3         3   542            20 -238297.0 -237980.0 -238030.0 -238097.0 -238030.0 -238097.0 -238097.0
4         4     1            20 -244112.0 -244112.0 -244112.0 -244112.0 -244112.0 -244112.0 -244112.0

Gap Output 
================================================================================
   instance  seed  num_patients       MIP   Network  iLBBD1    cLBBD1  iLBBD2p   cLBBD2p   cLBBD4p
0         0    42            20  0.009921  0.009810     0.0  0.003787      0.0  0.009891  0.009746
1         1   831            20  0.009957  0.006256     0.0  0.009158      0.0  0.008827  0.009008
2         2   306            20  0.009256  0.009428     0.0  0.009001      0.0  0.008983  0.009033
3         3   542            20  0.009820  0.009875     0.0  0.008756      0.0  0.008756  0.008756
4         4     1            20  0.009422  0.009782     0.0  0.009246      0.0  0.009754  0.009287

Average Gap Output 
================================================================================
   num_patients       MIP  Network  iLBBD1    cLBBD1  iLBBD2p   cLBBD2p   cLBBD4p
0            20  0.009675  0.00903     0.0  0.007989      0.0  0.009242  0.009166

Average Time Output 
================================================================================
   num_patients       MIP    Network  iLBBD1    cLBBD1  iLBBD2p   cLBBD2p   cLBBD4p
0            20  0.840562  94.561416  0.2942  0.667916  0.64664  0.633501  0.604699

MP Time Output 
================================================================================
   instance  seed  num_patients  MIP  Network    iLBBD1    cLBBD1   iLBBD2p   cLBBD2p   cLBBD4p
0         0    42            20    0        0  0.196045  0.093155  2.034851  0.044788  0.010517
1         1   831            20    0        0  0.054335  0.044170  0.061094  0.031517  0.031114
2         2   306            20    0        0  0.067806  0.080549  0.067097  0.131728  0.143857
3         3   542            20    0        0  0.069238  0.146259  0.048838  0.151809  0.136433
4         4     1            20    0        0  0.666458  0.403317  0.643553  0.455757  0.299249

SP Time Output 
================================================================================
   instance  seed  num_patients  MIP  Network    iLBBD1    cLBBD1   iLBBD2p   cLBBD2p   cLBBD4p
0         0    42            20    0        0  0.223013  0.350152  0.207814  0.155952  0.177937
1         1   831            20    0        0  0.055020  0.332440  0.065049  0.235430  0.331786
2         2   306            20    0        0  0.042642  1.402644  0.033234  1.385145  1.365877
3         3   542            20    0        0  0.021104  0.078639  0.015336  0.054038  0.070223
4         4     1            20    0        0  0.061043  0.275112  0.056336  0.394865  0.300393
