
================================================================================ 
 Num patients 5 
================================================================================

================================================================================ 
Instance 0 
================================================================================
Solving with pure MIP
Set parameter WLSAccessID
Set parameter WLSSecret
Set parameter LicenseID to value 938386
Academic license - for non-commercial use only - registered to mitchell.clark1@uq.net.au
Set parameter MIPGap to value 0
Set parameter TimeLimit to value 7200
Solving with Benders' loop
Set parameter MIPGap to value 0
Set parameter TimeLimit to value 7200
Solving with Benders' callback
Set parameter MIPGap to value 0
Set parameter TimeLimit to value 7200

================================================================================ 
Instance 1 
================================================================================
Solving with pure MIP
Set parameter MIPGap to value 0
Set parameter TimeLimit to value 7200
Solving with Benders' loop
Set parameter MIPGap to value 0
Set parameter TimeLimit to value 7200
-48192.0 -43858.0
Gap 9.881891559122623 %
-46620.0 -43858.0
Gap 6.29759678963929 %
Solving with Benders' callback
Set parameter MIPGap to value 0
Set parameter TimeLimit to value 7200
-46620.0 -41884.0
Gap 11.307420494699647 %
-48192.0 -43858.0
Gap 9.881891559122623 %

================================================================================ 
Instance 2 
================================================================================
Solving with pure MIP
Set parameter MIPGap to value 0
Set parameter TimeLimit to value 7200
Solving with Benders' loop
Set parameter MIPGap to value 0
Set parameter TimeLimit to value 7200
Solving with Benders' callback
Set parameter MIPGap to value 0
Set parameter TimeLimit to value 7200

================================================================================ 
Instance 3 
================================================================================
Solving with pure MIP
Set parameter MIPGap to value 0
Set parameter TimeLimit to value 7200
Solving with Benders' loop
Set parameter MIPGap to value 0
Set parameter TimeLimit to value 7200
-65749.0 -61511.0
Gap 6.889824584220708 %
-64996.0 -61511.0
Gap 5.665653297784136 %
Solving with Benders' callback
Set parameter MIPGap to value 0
Set parameter TimeLimit to value 7200
-65749.0 -61511.0
Gap 6.889824584220708 %
-64996.0 -61511.0
Gap 5.766430604275597 %

================================================================================ 
Instance 4 
================================================================================
Solving with pure MIP
Set parameter MIPGap to value 0
Set parameter TimeLimit to value 7200
Solving with Benders' loop
Set parameter MIPGap to value 0
Set parameter TimeLimit to value 7200
Solving with Benders' callback
Set parameter MIPGap to value 0
Set parameter TimeLimit to value 7200

Time Output 
================================================================================
   instance  seed  num_patients       MIP      loop  callback
0         0    42             5  0.331623  0.042401  0.065485
1         1   831             5  0.125865  0.079863  0.060103
2         2   306             5  0.140356  0.015627  0.053928
3         3   542             5  0.094381  0.069257  0.062196
4         4     1             5  0.078707  0.015620  0.016950

Objective Output 
================================================================================
   instance  seed  num_patients      MIP     loop  callback
0         0    42             5 -86823.0 -86823.0  -86823.0
1         1   831             5 -46441.0 -46441.0  -46441.0
2         2   306             5 -31393.0 -31393.0  -31393.0
3         3   542             5 -63600.0 -63600.0  -63600.0
4         4     1             5 -43744.0 -43744.0  -43744.0

Gap Output 
================================================================================
   instance  seed  num_patients  MIP  loop  callback
0         0    42             5  0.0   0.0       0.0
1         1   831             5  0.0   0.0       0.0
2         2   306             5  0.0   0.0       0.0
3         3   542             5  0.0   0.0       0.0
4         4     1             5  0.0   0.0       0.0

Average Time Output 
================================================================================
   num_patients       MIP      loop  callback
0             5  0.154186  0.044554  0.051732
