
================================================================================ 
 Num patients 20 
================================================================================

================================================================================ 
Instance 0 
================================================================================
Solving with pure MIP
Set parameter WLSAccessID
Set parameter WLSSecret
Set parameter LicenseID to value 938386
Academic license - for non-commercial use only - registered to mitchell.clark1@uq.net.au
Set parameter MIPGap to value 0
Set parameter TimeLimit to value 7200
Solving with Benders' loop
Set parameter MIPGap to value 0
Set parameter TimeLimit to value 7200
Solving with Benders' callback
Set parameter MIPGap to value 0
Set parameter TimeLimit to value 7200
-300247.0 -294497.0
Gap 1.9524816891173764 %
-300047.0 -294497.0
Gap 1.8858500086647163 %

================================================================================ 
Instance 1 
================================================================================
Solving with pure MIP
Set parameter MIPGap to value 0
Set parameter TimeLimit to value 7200
Solving with Benders' loop
Set parameter MIPGap to value 0
Set parameter TimeLimit to value 7200
Solving with Benders' callback
Set parameter MIPGap to value 0
Set parameter TimeLimit to value 7200
-187335.0 -182790.0
Gap 2.4864598719842443 %

================================================================================ 
Instance 2 
================================================================================
Solving with pure MIP
Set parameter MIPGap to value 0
Set parameter TimeLimit to value 7200
Solving with Benders' loop
Set parameter MIPGap to value 0
Set parameter TimeLimit to value 7200
Solving with Benders' callback
Set parameter MIPGap to value 0
Set parameter TimeLimit to value 7200

================================================================================ 
Instance 3 
================================================================================
Solving with pure MIP
Set parameter MIPGap to value 0
Set parameter TimeLimit to value 7200
Solving with Benders' loop
Set parameter MIPGap to value 0
Set parameter TimeLimit to value 7200
Solving with Benders' callback
Set parameter MIPGap to value 0
Set parameter TimeLimit to value 7200

================================================================================ 
Instance 4 
================================================================================
Solving with pure MIP
Set parameter MIPGap to value 0
Set parameter TimeLimit to value 7200
Solving with Benders' loop
Set parameter MIPGap to value 0
Set parameter TimeLimit to value 7200
-244162.0 -238836.0
Gap 2.229982079753471 %
Solving with Benders' callback
Set parameter MIPGap to value 0
Set parameter TimeLimit to value 7200
-243767.0 -238464.0
Gap 2.2238157541599572 %
-244062.0 -238736.0
Gap 2.2309161584344213 %
-244161.9999999999 -238835.9999999999
Gap 2.229982079753472 %

Time Output 
================================================================================
   instance  seed  num_patients        MIP      loop  callback
0         0    42            20  56.815153  3.729011  0.652596
1         1   831            20  20.480992  0.307513  0.478586
2         2   306            20   2.100715  1.463800  1.897044
3         3   542            20   3.182832  0.655278  0.579716
4         4     1            20   1.654474  1.144438  0.638565

Objective Output 
================================================================================
   instance  seed  num_patients       MIP      loop  callback
0         0    42            20 -312419.0 -312419.0 -312419.0
1         1   831            20 -187989.0 -187989.0 -187989.0
2         2   306            20 -220079.0 -220079.0 -220079.0
3         3   542            20 -238297.0 -238297.0 -238297.0
4         4     1            20 -244112.0 -244112.0 -244112.0

Gap Output 
================================================================================
   instance  seed  num_patients  MIP  loop  callback
0         0    42            20  0.0   0.0       0.0
1         1   831            20  0.0   0.0       0.0
2         2   306            20  0.0   0.0       0.0
3         3   542            20  0.0   0.0       0.0
4         4     1            20  0.0   0.0       0.0

Average Time Output 
================================================================================
   num_patients        MIP      loop  callback
0            20  16.846833  1.460008  0.849301
