
================================================================================ 
 Num patients 20 
================================================================================

================================================================================ 
Instance 0 
================================================================================
Solving with pure MIP
Set parameter WLSAccessID
Set parameter WLSSecret
Set parameter LicenseID to value 938386
Academic license - for non-commercial use only - registered to mitchell.clark1@uq.net.au
Set parameter MIPGap to value 0
Set parameter TimeLimit to value 7200
Solving with Benders' loop
Set parameter MIPGap to value 0
Set parameter TimeLimit to value 7200
Solving with Benders' callback
Set parameter MIPGap to value 0
Set parameter TimeLimit to value 7200
-300247.0 -294497.0
Gap 1.9524816891173764 %
-300047.0 -294497.0
Gap 1.8858500086647163 %
-312269.0 -307550.0
Gap 1.5343846529019671 %

================================================================================ 
Instance 1 
================================================================================
Solving with pure MIP
Set parameter MIPGap to value 0
Set parameter TimeLimit to value 7200
Solving with Benders' loop
Set parameter MIPGap to value 0
Set parameter TimeLimit to value 7200
Solving with Benders' callback
Set parameter MIPGap to value 0
Set parameter TimeLimit to value 7200
-187512.0 -182967.0
Gap 2.4840545016314417 %

================================================================================ 
Instance 2 
================================================================================
Solving with pure MIP
Set parameter MIPGap to value 0
Set parameter TimeLimit to value 7200
Solving with Benders' loop
Set parameter MIPGap to value 0
Set parameter TimeLimit to value 7200
Solving with Benders' callback
Set parameter MIPGap to value 0
Set parameter TimeLimit to value 7200

================================================================================ 
Instance 3 
================================================================================
Solving with pure MIP
Set parameter MIPGap to value 0
Set parameter TimeLimit to value 7200
Solving with Benders' loop
Set parameter MIPGap to value 0
Set parameter TimeLimit to value 7200
Solving with Benders' callback
Set parameter MIPGap to value 0
Set parameter TimeLimit to value 7200

================================================================================ 
Instance 4 
================================================================================
Solving with pure MIP
Set parameter MIPGap to value 0
Set parameter TimeLimit to value 7200
Solving with Benders' loop
Set parameter MIPGap to value 0
Set parameter TimeLimit to value 7200
-244162.0 -238836.0
Gap 2.229982079753471 %
Solving with Benders' callback
Set parameter MIPGap to value 0
Set parameter TimeLimit to value 7200
-243767.0 -238464.0
Gap 2.2238157541599572 %
-243717.0 -238464.0
Gap 2.203310208293137 %
-243717.0 -238464.0
Gap 2.203310208293137 %
-243717.0 -238464.0
Gap 2.203310208293137 %
-243717.0 -238464.0
Gap 2.203310208293137 %
-243667.0 -238464.0
Gap 2.182796059807689 %
-244162.0 -238836.0
Gap 2.229982079753471 %

Time Output 
================================================================================
   instance  seed  num_patients        MIP      loop  callback
0         0    42            20  57.887671  5.047966  0.609558
1         1   831            20  19.310932  0.283500  0.393774
2         2   306            20   2.041633  1.210256  1.788424
3         3   542            20   3.063408  0.582324  0.515174
4         4     1            20   1.590118  1.178885  1.117409

Objective Output 
================================================================================
   instance  seed  num_patients       MIP      loop  callback
0         0    42            20 -312419.0 -312419.0 -312419.0
1         1   831            20 -187989.0 -187989.0 -187989.0
2         2   306            20 -220079.0 -220079.0 -220079.0
3         3   542            20 -238297.0 -238297.0 -238297.0
4         4     1            20 -244112.0 -244112.0 -244112.0

Gap Output 
================================================================================
   instance  seed  num_patients  MIP  loop  callback
0         0    42            20  0.0   0.0       0.0
1         1   831            20  0.0   0.0       0.0
2         2   306            20  0.0   0.0       0.0
3         3   542            20  0.0   0.0       0.0
4         4     1            20  0.0   0.0       0.0

Average Time Output 
================================================================================
   num_patients        MIP      loop  callback
0            20  16.778752  1.660586  0.884868
