
================================================================================ 
 Num patients 20 
================================================================================

================================================================================ 
Instance 0 
================================================================================
Solving with pure MIP
Set parameter WLSAccessID
Set parameter WLSSecret
Set parameter LicenseID to value 938386
Academic license - for non-commercial use only - registered to mitchell.clark1@uq.net.au
Set parameter MIPGap to value 0
Set parameter TimeLimit to value 7200
Solving with Benders' loop
Set parameter MIPGap to value 0
Set parameter TimeLimit to value 7200
Solving with Benders' callback
Set parameter MIPGap to value 0
Set parameter TimeLimit to value 7200
-300247.0 -294497.0
Gap 1.9524816891173764 %
-300047.0 -294497.0
Gap 1.8858500086647163 %

================================================================================ 
Instance 1 
================================================================================
Solving with pure MIP
Set parameter MIPGap to value 0
Set parameter TimeLimit to value 7200
Solving with Benders' loop
Set parameter MIPGap to value 0
Set parameter TimeLimit to value 7200
Solving with Benders' callback
Set parameter MIPGap to value 0
Set parameter TimeLimit to value 7200
-187535.0 -182990.0
Gap 2.4837422809989618 %
-187912.0 -183367.0
Gap 2.4786357414365727 %
-187812.0 -183367.0
Gap 2.425423016691494 %
-187989.0 -183444.0
Gap 2.4775953424478314 %
-187989.00207858617 -183444.0
Gap 2.4775964775221184 %
-187989.0 -183444.0
Gap 2.4775953424478314 %
-187989.0 -183967.0
Gap 2.1862616664945342 %
-187989.0 -183967.0
Gap 2.1924947122827674 %

================================================================================ 
Instance 2 
================================================================================
Solving with pure MIP
Set parameter MIPGap to value 0
Set parameter TimeLimit to value 7200
Solving with Benders' loop
Set parameter MIPGap to value 0
Set parameter TimeLimit to value 7200
Solving with Benders' callback
Set parameter MIPGap to value 0
Set parameter TimeLimit to value 7200

================================================================================ 
Instance 3 
================================================================================
Solving with pure MIP
Set parameter MIPGap to value 0
Set parameter TimeLimit to value 7200
Solving with Benders' loop
Set parameter MIPGap to value 0
Set parameter TimeLimit to value 7200
Solving with Benders' callback
Set parameter MIPGap to value 0
Set parameter TimeLimit to value 7200

================================================================================ 
Instance 4 
================================================================================
Solving with pure MIP
Set parameter MIPGap to value 0
Set parameter TimeLimit to value 7200
Solving with Benders' loop
Set parameter MIPGap to value 0
Set parameter TimeLimit to value 7200
-244162.0 -238836.0
Gap 2.229982079753471 %
Solving with Benders' callback
Set parameter MIPGap to value 0
Set parameter TimeLimit to value 7200
-243767.0 -238464.0
Gap 2.2238157541599572 %
-244062.0 -238736.0
Gap 2.2309161584344213 %
-244161.99999999997 -238835.99999999994
Gap 2.229982079753484 %

Time Output 
================================================================================
   instance  seed  num_patients        MIP      loop  callback
0         0    42            20  54.912418  4.682447  0.855566
1         1   831            20  17.688423  0.271047  0.635331
2         2   306            20   2.150940  1.532404  1.717017
3         3   542            20   3.026514  0.592568  0.501593
4         4     1            20   1.520998  1.107302  0.797616

Objective Output 
================================================================================
   instance  seed  num_patients       MIP      loop  callback
0         0    42            20 -312419.0 -312419.0 -312419.0
1         1   831            20 -187989.0 -187989.0 -187989.0
2         2   306            20 -220079.0 -220079.0 -220079.0
3         3   542            20 -238297.0 -238297.0 -238297.0
4         4     1            20 -244112.0 -244112.0 -244112.0

Gap Output 
================================================================================
   instance  seed  num_patients  MIP  loop  callback
0         0    42            20  0.0   0.0       0.0
1         1   831            20  0.0   0.0       0.0
2         2   306            20  0.0   0.0       0.0
3         3   542            20  0.0   0.0       0.0
4         4     1            20  0.0   0.0       0.0

Average Time Output 
================================================================================
   num_patients        MIP      loop  callback
0            20  15.859859  1.637154  0.901424
