
================================================================================ 
 Num patients 20 
================================================================================

================================================================================ 
Instance 0 
================================================================================
Solving with MIP
Set parameter WLSAccessID
Set parameter WLSSecret
Set parameter LicenseID to value 938386
Academic license - for non-commercial use only - registered to mitchell.clark1@uq.net.au
Set parameter MIPGap to value 0
Set parameter TimeLimit to value 7200
Solving with iLBBD1
Set parameter MIPGap to value 0
Set parameter TimeLimit to value 7200
Solving with cLBBD1
Set parameter MIPGap to value 0
Set parameter TimeLimit to value 7200
-300247.0 -294497.0
Gap 1.9524816891173764 %
-300047.0 -294497.0
Gap 1.8858500086647163 %
-311001.0 -305253.0
Gap 1.8830281766272567 %
Solving with iLBBD2p
Set parameter MIPGap to value 0
Set parameter TimeLimit to value 7200
Solving with cLBBD2p
Set parameter MIPGap to value 0
Set parameter TimeLimit to value 7200
-300247.0 -294497.0
Gap 1.9524816891173764 %
-300047.0 -294497.0
Gap 1.8858500086647163 %
-312269.0 -307550.0
Gap 1.5343846529019671 %
Solving with cLBBD4p
Set parameter MIPGap to value 0
Set parameter TimeLimit to value 7200
-300247.0 -294497.0
Gap 1.9524816891173764 %
-300047.0 -294497.0
Gap 1.8858500086647163 %

================================================================================ 
Instance 1 
================================================================================
Solving with MIP
Set parameter MIPGap to value 0
Set parameter TimeLimit to value 7200
Solving with iLBBD1
Set parameter MIPGap to value 0
Set parameter TimeLimit to value 7200
Solving with cLBBD1
Set parameter MIPGap to value 0
Set parameter TimeLimit to value 7200
Solving with iLBBD2p
Set parameter MIPGap to value 0
Set parameter TimeLimit to value 7200
Solving with cLBBD2p
Set parameter MIPGap to value 0
Set parameter TimeLimit to value 7200
-187512.0 -182967.0
Gap 2.4840545016314417 %
Solving with cLBBD4p
Set parameter MIPGap to value 0
Set parameter TimeLimit to value 7200
-187335.0 -182790.0
Gap 2.4864598719842443 %

================================================================================ 
Instance 2 
================================================================================
Solving with MIP
Set parameter MIPGap to value 0
Set parameter TimeLimit to value 7200
Solving with iLBBD1
Set parameter MIPGap to value 0
Set parameter TimeLimit to value 7200
Solving with cLBBD1
Set parameter MIPGap to value 0
Set parameter TimeLimit to value 7200
Solving with iLBBD2p
Set parameter MIPGap to value 0
Set parameter TimeLimit to value 7200
Solving with cLBBD2p
Set parameter MIPGap to value 0
Set parameter TimeLimit to value 7200
Solving with cLBBD4p
Set parameter MIPGap to value 0
Set parameter TimeLimit to value 7200

================================================================================ 
Instance 3 
================================================================================
Solving with MIP
Set parameter MIPGap to value 0
Set parameter TimeLimit to value 7200
Solving with iLBBD1
Set parameter MIPGap to value 0
Set parameter TimeLimit to value 7200
Solving with cLBBD1
Set parameter MIPGap to value 0
Set parameter TimeLimit to value 7200
Solving with iLBBD2p
Set parameter MIPGap to value 0
Set parameter TimeLimit to value 7200
Solving with cLBBD2p
Set parameter MIPGap to value 0
Set parameter TimeLimit to value 7200
Solving with cLBBD4p
Set parameter MIPGap to value 0
Set parameter TimeLimit to value 7200

================================================================================ 
Instance 4 
================================================================================
Solving with MIP
Set parameter MIPGap to value 0
Set parameter TimeLimit to value 7200
Solving with iLBBD1
Set parameter MIPGap to value 0
Set parameter TimeLimit to value 7200
-244162.0 -238836.0
Gap 2.229982079753471 %
Solving with cLBBD1
Set parameter MIPGap to value 0
Set parameter TimeLimit to value 7200
-244062.0 -238736.0
Gap 2.2309161584344213 %
-244162.0 -238836.0
Gap 2.229982079753471 %
Solving with iLBBD2p
Set parameter MIPGap to value 0
Set parameter TimeLimit to value 7200
-244162.0 -238836.0
Gap 2.229982079753471 %
Solving with cLBBD2p
Set parameter MIPGap to value 0
Set parameter TimeLimit to value 7200
-243767.0 -238464.0
Gap 2.2238157541599572 %
-243717.0 -238464.0
Gap 2.203310208293137 %
-243717.0 -238464.0
Gap 2.203310208293137 %
-243717.0 -238464.0
Gap 2.203310208293137 %
-243717.0 -238464.0
Gap 2.203310208293137 %
-243667.0 -238464.0
Gap 2.182796059807689 %
-244162.0 -238836.0
Gap 2.229982079753471 %
Solving with cLBBD4p
Set parameter MIPGap to value 0
Set parameter TimeLimit to value 7200
-243767.0 -238464.0
Gap 2.2238157541599572 %
-244062.0 -238736.0
Gap 2.2309161584344213 %
-244161.9999999999 -238835.9999999999
Gap 2.229982079753472 %

Time Output 
================================================================================
   instance  seed  num_patients        MIP    iLBBD1    cLBBD1   iLBBD2p   cLBBD2p   cLBBD4p
0         0    42            20  55.621249  4.123265  0.949113  3.958082  0.605675  0.654821
1         1   831            20  18.126045  0.296833  0.253265  0.274671  0.416003  0.441198
2         2   306            20   2.041458  1.361992  2.055692  1.106399  1.808341  1.716485
3         3   542            20   3.000340  0.580737  0.504805  0.600731  0.514555  0.520827
4         4     1            20   1.505760  1.181184  0.651583  1.215210  1.055650  0.611608

Objective Output 
================================================================================
   instance  seed  num_patients       MIP    iLBBD1         cLBBD1   iLBBD2p   cLBBD2p   cLBBD4p
0         0    42            20 -312419.0 -312419.0 -312419.000000 -312419.0 -312419.0 -312419.0
1         1   831            20 -187989.0 -187989.0 -187989.000000 -187989.0 -187989.0 -187989.0
2         2   306            20 -220079.0 -220079.0 -220079.000000 -220079.0 -220079.0 -220079.0
3         3   542            20 -238297.0 -238297.0 -238297.000000 -238297.0 -238297.0 -238297.0
4         4     1            20 -244112.0 -244112.0 -244112.002591 -244112.0 -244112.0 -244112.0

Gap Output 
================================================================================
   instance  seed  num_patients  MIP  iLBBD1  cLBBD1  iLBBD2p  cLBBD2p  cLBBD4p
0         0    42            20  0.0     0.0     0.0      0.0      0.0      0.0
1         1   831            20  0.0     0.0     0.0      0.0      0.0      0.0
2         2   306            20  0.0     0.0     0.0      0.0      0.0      0.0
3         3   542            20  0.0     0.0     0.0      0.0      0.0      0.0
4         4     1            20  0.0     0.0     0.0      0.0      0.0      0.0

Average Time Output 
================================================================================
   num_patients       MIP    iLBBD1    cLBBD1   iLBBD2p   cLBBD2p   cLBBD4p
0            20  16.05897  1.508802  0.882892  1.431019  0.880045  0.788988
