
================================================================================ 
 Num patients 40 
================================================================================

================================================================================ 
Instance 0 
================================================================================
Solving with MIP
Set parameter WLSAccessID
Set parameter WLSSecret
Set parameter LicenseID to value 938386
Academic license - for non-commercial use only - registered to mitchell.clark1@uq.net.au
Set parameter MIPGap to value 0
Set parameter TimeLimit to value 7200
Solving with iLBBD1
Set parameter MIPGap to value 0
Set parameter TimeLimit to value 7200
Solving with cLBBD1
Set parameter MIPGap to value 0
Set parameter TimeLimit to value 7200
-501395.0 -488507.0
Gap 2.638242645448274 %
-482466.0 -488507.0
Gap 1.2529737645006669 %
-492877.0 -488507.0
Gap 0.8949159761956446 %
-492821.0 -488507.0
Gap 0.8834063361981582 %
-495371.0 -491141.0
Gap 0.8612598011568979 %
-497273.0 -491141.0
Gap 1.267130647534344 %
-500396.0 -491141.0
Gap 1.898430384732148 %
-497661.0 -491141.0
Gap 1.3459755949026335 %
-497486.0 -493256.0
Gap 0.8575668618323954 %
-497486.0 -493256.0
Gap 0.8575668618323954 %
-500995.0 -493256.0
Gap 1.5855130125156984 %
-497161.0 -493256.0
Gap 0.7922001253725166 %
-501395.0 -493256.0
Gap 1.6660969034220594 %
-501395.0 -493256.0
Gap 1.6660969034220594 %
-501295.0 -493256.0
Gap 1.6459633051942335 %
-501295.0 -493256.0
Gap 1.6459633051942335 %
-501395.0 -493256.0
Gap 1.6660969034220594 %
-501295.0 -493256.0
Gap 1.6459633051942335 %
-501395.0 -493256.0
Gap 1.6660969034220594 %
-501395.0 -493256.0
Gap 1.6660969034220594 %
-501295.0 -493256.0
Gap 1.6459633051942335 %
Solving with iLBBD2p
Set parameter MIPGap to value 0
Set parameter TimeLimit to value 7200
