
================================================================================ 
 Num patients 40 
================================================================================

================================================================================ 
Instance 0 
================================================================================
Solving with MIP
Set parameter WLSAccessID
Set parameter WLSSecret
Set parameter LicenseID to value 938386
Academic license - for non-commercial use only - registered to mitchell.clark1@uq.net.au
Set parameter MIPGap to value 0
Set parameter TimeLimit to value 900
Solving with iLBBD1
Set parameter MIPGap to value 0
Set parameter TimeLimit to value 900
Solving with cLBBD1
Set parameter MIPGap to value 0
Set parameter TimeLimit to value 900
-501395.0 -488507.0
Gap 2.638242645448274 %
-482466.0 -488507.0
Gap 1.2529737645006669 %
-492877.0 -488507.0
Gap 0.8949159761956446 %
-492821.0 -488507.0
Gap 0.8834063361981582 %
-495371.0 -491141.0
Gap 0.8612598011568979 %
-497273.0 -491141.0
Gap 1.267130647534344 %
-500396.0 -491141.0
Gap 1.898430384732148 %
-497661.0 -491141.0
Gap 1.3459755949026335 %
-497486.0 -493256.0
Gap 0.8575668618323954 %
-497486.0 -493256.0
Gap 0.8575668618323954 %
-500995.0 -493256.0
Gap 1.5855130125156984 %
-497161.0 -493256.0
Gap 0.7922001253725166 %
-501395.0 -493256.0
Gap 1.6660969034220594 %
Solving with iLBBD2p
Set parameter MIPGap to value 0
Set parameter TimeLimit to value 900
Solving with cLBBD2p
Set parameter MIPGap to value 0
Set parameter TimeLimit to value 900
-417934.0 -409220.0
Gap 2.1294169395435216 %
-493728.0 -494038.0
Gap 0.06274820965188913 %
-496525.0 -494038.0
Gap 0.5055268496347279 %
-500825.0 -496262.0
Gap 0.9194739875307801 %
-499729.0 -496262.0
Gap 0.6995081047708591 %
-499929.0 -496262.0
Gap 0.7395620308409669 %
-498497.0 -496262.0
Gap 0.45241724408062134 %
-498297.0 -496262.0
Gap 0.41209931694791346 %
Solving with cLBBD4p
Set parameter MIPGap to value 0
Set parameter TimeLimit to value 900
-501260.0 -492467.0
Gap 1.7855003482466845 %
-473395.0 -492467.0
Gap 4.065094369784617 %
-492869.0 -492467.0
Gap 0.08232542708875172 %
-493019.0 -492467.0
Gap 0.11300915537939958 %
-495851.0 -492467.0
Gap 0.6886909377308611 %
-495551.0 -492467.0
Gap 0.6280202090549762 %
-495551.0 -492467.0
Gap 0.6280202090549762 %
-496730.0 -492467.0
Gap 0.8661694099766949 %
-500114.0 -492467.0
Gap 1.570316157807841 %
-496730.0 -492467.0
Gap 0.8661694099766949 %
-496330.0 -492467.0
Gap 0.7855346129366143 %
-496275.0 -492467.0
Gap 0.7811570478499719 %

================================================================================ 
Instance 1 
================================================================================
Solving with MIP
Set parameter MIPGap to value 0
Set parameter TimeLimit to value 900
Solving with iLBBD1
Set parameter MIPGap to value 0
Set parameter TimeLimit to value 900
Solving with cLBBD1
Set parameter MIPGap to value 0
Set parameter TimeLimit to value 900
-358572.0 -353535.0
Gap 1.424752853324282 %
-360730.0 -356204.0
Gap 1.2706202063985805 %
-362962.0 -357925.0
Gap 1.4072780610463085 %
-365371.0 -357925.0
Gap 2.092701681805918 %
-365782.0 -361256.0
Gap 1.252851163717696 %
-363388.0 -361256.0
Gap 0.6007427569922287 %
-363404.0 -361256.0
Gap 0.5981720663670237 %
-366916.0 -361256.0
Gap 1.6008734093795343 %
-366851.0 -361256.0
Gap 1.5622338687835238 %
-366709.0 -361256.0
Gap 1.5231886122586935 %
Solving with iLBBD2p
Set parameter MIPGap to value 0
Set parameter TimeLimit to value 900
Solving with cLBBD2p
Set parameter MIPGap to value 0
Set parameter TimeLimit to value 900
-364338.0 -354760.0
Gap 2.6998534220317962 %
Solving with cLBBD4p
Set parameter MIPGap to value 0
Set parameter TimeLimit to value 900
-364924.0 -360013.0
Gap 1.3641174068714186 %
-364262.0 -360013.0
Gap 1.181547941815229 %
-364924.0 -360614.0
Gap 1.1951837699035535 %
-364924.0 -360614.0
Gap 1.1951837699035535 %
-365063.0 -360614.0
Gap 1.2344137575121943 %
-364990.0 -360614.0
Gap 1.2139908562297483 %
-364913.0 -360614.0
Gap 1.1932915861701419 %
-365550.0 -360614.0
Gap 1.3842188950366106 %
-366759.0 -360614.0
Gap 1.7162455418113163 %
-366901.0 -362717.0
Gap 1.1535163777821276 %
-365843.0 -362717.0
Gap 0.8646513596269221 %
-365843.0 -362717.0
Gap 0.8646513596269221 %
-366509.0 -362717.0
Gap 1.0598129117185906 %

================================================================================ 
Instance 2 
================================================================================
Solving with MIP
Set parameter MIPGap to value 0
Set parameter TimeLimit to value 900
Solving with iLBBD1
Set parameter MIPGap to value 0
Set parameter TimeLimit to value 900
-383537.0 -379296.0
Gap 1.1181241036024636 %
Solving with cLBBD1
Set parameter MIPGap to value 0
Set parameter TimeLimit to value 900
-371563.0 -367322.0
Gap 1.1545728271108182 %
Solving with iLBBD2p
Set parameter MIPGap to value 0
Set parameter TimeLimit to value 900
-383537.0 -379296.0
Gap 1.1181241036024636 %
Solving with cLBBD2p
Set parameter MIPGap to value 0
Set parameter TimeLimit to value 900
-371563.0 -367322.0
Gap 1.1545728271108182 %
Solving with cLBBD4p
Set parameter MIPGap to value 0
Set parameter TimeLimit to value 900
-371563.0 -367322.0
Gap 1.1545728271108182 %

================================================================================ 
Instance 3 
================================================================================
Solving with MIP
Set parameter MIPGap to value 0
Set parameter TimeLimit to value 900
Solving with iLBBD1
Set parameter MIPGap to value 0
Set parameter TimeLimit to value 900
Solving with cLBBD1
Set parameter MIPGap to value 0
Set parameter TimeLimit to value 900
-412576.0 -406849.0
Gap 1.4076475547438976 %
-412576.0 -406849.0
Gap 1.4076475547438976 %
-412576.0 -406849.0
Gap 1.4076475547438976 %
-412576.0 -406849.0
Gap 1.4076475547438976 %
-412576.0 -406849.0
Gap 1.4076475547438976 %
-412576.0 -406849.0
Gap 1.4076475547438976 %
-412576.0 -406849.0
Gap 1.4076475547438976 %
-412576.0 -406849.0
Gap 1.4076475547438976 %
-412576.0 -406849.0
Gap 1.4076475547438976 %
-412922.0 -407958.0
Gap 1.216791924658911 %
-413122.0 -408158.0
Gap 1.2161956889243872 %
-412772.0 -408158.0
Gap 1.1314147834274952 %
-412772.0 -408158.0
Gap 1.1314147834274952 %
-413321.9999999999 -408357.9999999999
Gap 1.2156000372222415 %
-413172.0 -408357.9999999999
Gap 1.1793007486379778 %
-412972.0 -408357.9999999999
Gap 1.1308601792122008 %
-412922.0 -408357.9999999999
Gap 1.1187426156614446 %
-413272.0 -408357.9999999999
Gap 1.2035032377519217 %
-413222.0 -408357.9999999999
Gap 1.1914034752534222 %
-412772.0 -408357.9999999999
Gap 1.0823720966729726 %
-413322.00000000006 -408358.00000000006
Gap 1.215600037222241 %
-412622.0 -408358.00000000006
Gap 1.045974812220033 %
-413272.00000000006 -408358.00000000006
Gap 1.203503237751893 %
-412622.0 -408358.00000000006
Gap 1.045974812220033 %
-412622.0 -408358.00000000006
Gap 1.045974812220033 %
-412622.0 -408358.00000000006
Gap 1.045974812220033 %
-412822.0000000001 -408358.00000000006
Gap 1.0944985754846188 %
-413222.0 -408358.00000000006
Gap 1.1914034752533795 %
-412822.0 -408358.00000000006
Gap 1.0944985754845906 %
-413090.0 -408374.0
Gap 1.1548237644903936 %
-413272.0 -408374.0
Gap 1.1995846272911626 %
-413272.0 -408374.0
Gap 1.1995846272911626 %
-412722.0 -408374.0
Gap 1.0663187478847749 %
-412622.0 -408374.0
Gap 1.042049953637608 %
-412722.0 -408374.0
Gap 1.0663187478847749 %
-412722.0 -408374.0
Gap 1.0663187478847749 %
-412622.0 -408374.0
Gap 1.042049953637608 %
-412622.0 -408374.0
Gap 1.042049953637608 %
-413272.0 -408374.0
Gap 1.1995846272911626 %
-412672.0 -408374.0
Gap 1.054185838884692 %
-413222.0 -408374.0
Gap 1.1874843848742707 %
-413072.0000000001 -408374.0
Gap 1.1511658678585361 %
-412972.0 -408374.0
Gap 1.1269386874767162 %
-412872.0 -408374.0
Gap 1.1026996283475685 %
-412672.0 -408374.0
Gap 1.054185838884692 %
-412672.0 -408374.0
Gap 1.054185838884692 %
-413022.0 -408374.0
Gap 1.1390537619652108 %
-412872.0 -408374.0
Gap 1.1026996283475685 %
-412772.0 -408374.0
Gap 1.07844868173258 %
-412872.0 -408374.0
Gap 1.1026996283475685 %
-412621.9999999999 -408374.0
Gap 1.0420499536375798 %
-412822.0 -408374.0
Gap 1.0905756415222945 %
-412922.0 -408374.0
Gap 1.1148206433015164 %
-412972.0 -408374.0
Gap 1.1269386874767162 %
-412972.0 -408374.0
Gap 1.1269386874767162 %
-413222.0 -408374.0
Gap 1.1874843848742707 %
-413022.00000000006 -408374.0
Gap 1.139053761965225 %
-413122.0 -408374.0
Gap 1.1632750062475805 %
-413272.0 -408374.0
Gap 1.1995846272911626 %
-413072.0 -408374.0
Gap 1.151165867858508 %
-412672.0 -408374.0
Gap 1.054185838884692 %
-412772.0 -408374.0
Gap 1.07844868173258 %
-413222.0 -408374.0
Gap 1.1874843848742704 %
-412722.0 -408374.0
Gap 1.0663187478847749 %
-412622.0 -408374.0
Gap 1.042049953637608 %
-412772.0 -408374.0
Gap 1.07844868173258 %
-412822.0 -408374.0
Gap 1.0905756415222945 %
-412922.0 -408374.0
Gap 1.1148206433015164 %
-412922.0 -408374.0
Gap 1.1148206433015164 %
-412622.0 -408374.0
Gap 1.042049953637608 %
-412622.0 -408374.0
Gap 1.042049953637608 %
-413172.00000000006 -408374.0
Gap 1.175381178222881 %
-413072.0 -408374.0
Gap 1.151165867858508 %
-412872.0 -408374.0
Gap 1.1026996283475685 %
-413071.99999999953 -408374.0
Gap 1.1511658678583951 %
-413222.0 -408374.0
Gap 1.1874843848742704 %
-412622.00000000006 -408374.0
Gap 1.0420499536376222 %
-412772.0 -408374.0
Gap 1.07844868173258 %
-413122.0 -408374.0
Gap 1.1632750062475805 %
-412722.0 -408374.0
Gap 1.0663187478847749 %
-412822.0 -408374.0
Gap 1.0905756415222945 %
-412672.0 -408374.0
Gap 1.054185838884692 %
-412621.99999999994 -408374.0
Gap 1.0420499536375938 %
-412622.0 -408374.0
Gap 1.042049953637608 %
-413072.0 -408374.0
Gap 1.151165867858508 %
-412772.0 -408374.0
Gap 1.07844868173258 %
-413071.9999999991 -408374.0
Gap 1.1511658678582963 %
-412772.0 -408374.0
Gap 1.07844868173258 %
-412672.0 -408374.0
Gap 1.054185838884692 %
-412672.0 -408374.0
Gap 1.054185838884692 %
-412672.0 -408374.0
Gap 1.054185838884692 %
-412922.0 -408374.0
Gap 1.1148206433015164 %
-412622.0 -408374.0
Gap 1.042049953637608 %
-412622.0 -408374.0
Gap 1.042049953637608 %
-412672.0 -408374.0
Gap 1.054185838884692 %
-412672.0 -408374.0
Gap 1.054185838884692 %
-412722.0 -408374.0
Gap 1.0663187478847749 %
-412772.0 -408374.0
Gap 1.07844868173258 %
-412772.0 -408374.0
Gap 1.07844868173258 %
-412672.0 -408374.0
Gap 1.054185838884692 %
-412722.0 -408374.0
Gap 1.0663187478847749 %
-413271.99999999994 -408374.0
Gap 1.1995846272911486 %
-412722.0 -408374.0
Gap 1.0663187478847749 %
-412672.0 -408374.0
Gap 1.054185838884692 %
-412772.0 -408374.0
Gap 1.07844868173258 %
-412772.0 -408374.0
Gap 1.07844868173258 %
-413222.0 -408374.0
Gap 1.1874843848742707 %
-413271.99999999994 -408374.0
Gap 1.1995846272911486 %
-412772.0 -408374.0
Gap 1.07844868173258 %
-412872.0 -408374.0
Gap 1.1026996283475685 %
-412872.0 -408374.0
Gap 1.1026996283475685 %
Solving with iLBBD2p
Set parameter MIPGap to value 0
Set parameter TimeLimit to value 900
Solving with cLBBD2p
Set parameter MIPGap to value 0
Set parameter TimeLimit to value 900
-412576.0 -406849.0
Gap 1.4076475547438976 %
-412576.0 -406849.0
Gap 1.4076475547438976 %
-412526.0 -406849.0
Gap 1.3955294875356135 %
-412576.0 -406849.0
Gap 1.4076475547438976 %
-412772.0 -407808.0
Gap 1.2172394852479598 %
-412772.0 -407808.0
Gap 1.2172394852479598 %
-412772.0 -407808.0
Gap 1.2172394852479598 %
-412772.0 -407808.0
Gap 1.2172394852479598 %
-412772.0 -407808.0
Gap 1.2172394852479598 %
-412622.0 -407808.0
Gap 1.1808918259913948 %
-412622.0 -407808.0
Gap 1.1808918259913948 %
-413072.0 -408108.0
Gap 1.2163446930714419 %
-412772.0 -408108.0
Gap 1.143675455116133 %
-412672.0 -408108.0
Gap 1.119428610672344 %
-413040.0000000002 -408324.0000000001
Gap 1.1549651747142116 %
-412672.0 -408324.0000000001
Gap 1.0664495177921167 %
-412772.0 -408324.0000000001
Gap 1.0907093534211891 %
-412772.0 -408324.0000000001
Gap 1.0907093534211891 %
-412972.0 -408324.0000000001
Gap 1.1391933491499882 %
-412622.0 -408324.0000000001
Gap 1.054315136707702 %
-412772.0 -408324.0000000001
Gap 1.0907093534211891 %
-412872.0 -408324.0000000001
Gap 1.1149572942918216 %
-412922.0 -408324.0000000001
Gap 1.1270768069261747 %
-412622.0 -408324.0000000001
Gap 1.054315136707702 %
-412872.0 -408324.0000000001
Gap 1.1149572942918216 %
-412772.0 -408324.0000000001
Gap 1.0907093534211894 %
-412772.0 -408324.0000000001
Gap 1.0907093534211894 %
-412672.0 -408324.0000000001
Gap 1.0664495177921167 %
-412772.0 -408324.0000000001
Gap 1.0907093534211894 %
-412640.0 -408324.0000000001
Gap 1.0580402231787989 %
-412622.0 -408324.0000000001
Gap 1.054315136707702 %
-412772.0 -408324.0000000001
Gap 1.0907093534211894 %
-412822.0 -408324.0000000001
Gap 1.102834810154486 %
-412822.0 -408324.0000000001
Gap 1.102834810154486 %
-412772.0 -408324.0000000001
Gap 1.0907093534211894 %
-413121.99999999994 -408324.0000000001
Gap 1.1755251642745763 %
-412822.0 -408324.0000000001
Gap 1.102834810154486 %
-413172.00000000186 -408324.0000000001
Gap 1.1876298357704222 %
-412772.0 -408324.0000000001
Gap 1.0907093534211894 %
-413022.0 -408324.0000000001
Gap 1.1513069220551695 %
-413022.0 -408324.0000000001
Gap 1.1513069220551697 %
-412622.0 -408324.0000000001
Gap 1.054315136707702 %
-413072.0 -408324.0000000001
Gap 1.163417526733091 %
-412672.0 -408324.0000000001
Gap 1.0664495177921167 %
-412672.0 -408324.0000000001
Gap 1.0664495177921167 %
-412922.0 -408324.0000000001
Gap 1.1270768069261747 %
-412672.0 -408324.0000000001
Gap 1.0664495177921167 %
-412922.0 -408324.0000000001
Gap 1.1270768069261747 %
-412972.0 -408324.0000000001
Gap 1.1391933491499882 %
-412622.0 -408324.0000000001
Gap 1.054315136707702 %
-413171.9999999999 -408324.0000000001
Gap 1.1876298357699426 %
-413272.0 -408324.0000000001
Gap 1.2118302849809175 %
-412872.0 -408324.0000000001
Gap 1.1149572942918216 %
-412672.0 -408324.0000000001
Gap 1.0664495177921167 %
-413272.0 -408324.0000000001
Gap 1.2118302849809173 %
-413172.0 -408324.0000000001
Gap 1.187629835769971 %
-413272.0 -408324.0000000001
Gap 1.2118302849809173 %
-412622.0 -408324.0000000001
Gap 1.054315136707702 %
-413171.9999999999 -408324.0000000001
Gap 1.1876298357699429 %
-412672.0 -408324.0000000001
Gap 1.0664495177921167 %
-412672.0 -408324.0000000001
Gap 1.0664495177921167 %
-412672.0 -408324.0000000001
Gap 1.0664495177921167 %
-412772.0 -408324.0000000001
Gap 1.0907093534211894 %
-413171.9999999874 -408324.0000000001
Gap 1.187629835766929 %
-412872.0 -408324.0000000001
Gap 1.1149572942918218 %
-412872.00000000006 -408324.0000000001
Gap 1.1149572942918358 %
-412772.0 -408324.0000000001
Gap 1.0907093534211894 %
-412772.0 -408324.0000000001
Gap 1.0907093534211894 %
-413122.0 -408324.0000000001
Gap 1.1755251642745905 %
-412822.0 -408324.0000000001
Gap 1.102834810154486 %
-412822.0 -408324.0000000001
Gap 1.102834810154486 %
-412872.0 -408324.0000000001
Gap 1.1149572942918216 %
-412772.0 -408324.0000000001
Gap 1.0907093534211894 %
-412821.9999999999 -408324.0000000001
Gap 1.1028348101544578 %
-412772.0 -408324.0000000001
Gap 1.0907093534211894 %
-412772.0 -408324.0000000001
Gap 1.0907093534211894 %
-412772.0 -408324.0000000001
Gap 1.0907093534211894 %
-413122.0000000012 -408324.0000000001
Gap 1.1755251642748878 %
-412772.0 -408324.0000000001
Gap 1.0907093534211894 %
-412772.0 -408324.0000000001
Gap 1.0907093534211894 %
-412772.0 -408324.0000000001
Gap 1.0907093534211894 %
-412822.0 -408324.0000000001
Gap 1.102834810154486 %
Solving with cLBBD4p
Set parameter MIPGap to value 0
Set parameter TimeLimit to value 900
-412576.0 -406849.0
Gap 1.4076475547438976 %
-412576.0 -406849.0
Gap 1.4076475547438976 %
-412576.001544278 -406849.001544278
Gap 1.4076475494008855 %
-412576.0 -406849.001544278
Gap 1.4076471751735906 %
-412576.0 -406849.001544278
Gap 1.4076471751735906 %
-412576.0 -406849.001544278
Gap 1.4076471751735906 %
-412576.0 -406849.001544278
Gap 1.4076471751735906 %
-412576.0 -406849.001544278
Gap 1.4076471751735906 %
-412576.0 -406849.001544278
Gap 1.4076471751735906 %
-412576.0 -406849.001544278
Gap 1.4076471751735906 %
-412576.0 -406849.001544278
Gap 1.4076471751735906 %
-412576.0 -406849.001544278
Gap 1.4076471751735906 %
-412576.0 -406849.001544278
Gap 1.4076471751735906 %
-412576.0 -406849.001544278
Gap 1.4076471751735906 %
-412576.0 -406849.001544278
Gap 1.4076471751735906 %
-412576.0 -406849.001544278
Gap 1.4076471751735906 %
-412576.0 -406849.001544278
Gap 1.4076471751735906 %
-412576.0 -406849.001544278
Gap 1.4076471751735906 %
-412576.0 -406849.001544278
Gap 1.4076471751735906 %
-412576.0 -406849.001544278
Gap 1.4076471751735906 %
-412576.0 -406849.001544278
Gap 1.4076471751735906 %
-412576.0 -406849.001544278
Gap 1.4076471751735906 %
-412576.0 -406849.001544278
Gap 1.4076471751735906 %
-412622.0 -407658.0
Gap 1.2176873752017623 %
-412872.0 -407908.0
Gap 1.2169410749482727 %
-413122.0 -408158.0
Gap 1.2161956889243872 %
-413021.99999999994 -408158.0
Gap 1.1919874135539414 %
-412672.0 -408158.0
Gap 1.1071649317648906 %
-412822.0 -408158.0
Gap 1.143535250013485 %
-412972.00000000006 -408158.0
Gap 1.1798788259053887 %
-412622.0 -408158.0
Gap 1.0950355445005373 %
-412622.0 -408158.0
Gap 1.0950355445005373 %
-412972.0 -408158.0
Gap 1.1798788259053743 %
-412722.0 -408158.0
Gap 1.1192913443758308 %
-412772.0 -408158.0
Gap 1.1314147834274952 %
-412672.0 -408158.0
Gap 1.1071649317648906 %
-412672.0 -408158.0
Gap 1.1071649317648906 %
-412822.0 -408158.0
Gap 1.143535250013485 %
-413072.0 -408158.0
Gap 1.2040930341968303 %
-413222.0 -408258.0
Gap 1.2158977901229124 %
-412922.0 -408258.0
Gap 1.1432549429107899 %
-412722.0 -408258.0
Gap 1.09476699414849 %
-412622.0 -408258.0
Gap 1.0705051783602921 %
-413121.99999999994 -408258.0
Gap 1.191695372870296 %
-412772.0 -408258.0
Gap 1.1068934400502197 %
-412672.0 -408258.0
Gap 1.0826375739499838 %
-412672.0 -408258.0
Gap 1.0826375739499838 %
-412722.0 -408258.0
Gap 1.09476699414849 %
-412922.0 -408258.0
Gap 1.1432549429107899 %
-412672.0 -408258.0
Gap 1.0826375739499838 %
-412672.0 -408258.0
Gap 1.0826375739499838 %
-412622.0 -408258.0
Gap 1.0705051783602921 %
-412872.0 -408258.0
Gap 1.1311374133383019 %
-412722.0000000001 -408258.0
Gap 1.0947669941485185 %
-412672.0 -408258.0
Gap 1.0826375739499838 %
-413122.0 -408258.0
Gap 1.1916953728703101 %
-412972.0 -408258.0
Gap 1.1553695025587734 %
-412722.0 -408258.0
Gap 1.09476699414849 %
-412722.0 -408258.0
Gap 1.09476699414849 %
-412922.0 -408258.0
Gap 1.1432549429107899 %
-412672.0 -408258.0
Gap 1.0826375739499838 %
-412672.0 -408258.0
Gap 1.0826375739499838 %
-413122.0 -408258.0
Gap 1.1916953728703101 %
-413122.0 -408258.0
Gap 1.1916953728703101 %
-413222.0 -408258.0
Gap 1.2158977901229124 %
-413272.0 -408308.0
Gap 1.2157488954416764 %
-413172.0 -408308.0
Gap 1.1915494061850822 %
-412722.0 -408308.0
Gap 1.0825048190348197 %
-412972.0 -408308.0
Gap 1.1431148408854728 %
-412872.0 -408308.0
Gap 1.1188797473940202 %
-413222.0 -408308.0
Gap 1.203650632688153 %
-413172.0 -408308.0
Gap 1.1915494061850822 %
-412622.0 -408308.0
Gap 1.0582399952901698 %
-412822.0000000002 -408308.0
Gap 1.1067577441168674 %
-412872.0000000001 -408308.0
Gap 1.1188797473940488 %
-412822.0 -408308.0
Gap 1.106757744116825 %
-412622.0 -408308.0
Gap 1.0582399952901698 %
-412672.0 -408308.0
Gap 1.0703738950425303 %
-412672.0 -408308.0
Gap 1.0703738950425303 %
-413072.0 -408308.0
Gap 1.1673380575729955 %
-413022.0 -408308.0
Gap 1.1552279332839939 %

================================================================================ 
Instance 4 
================================================================================
Solving with MIP
Set parameter MIPGap to value 0
Set parameter TimeLimit to value 900
Solving with iLBBD1
Set parameter MIPGap to value 0
Set parameter TimeLimit to value 900
Solving with cLBBD1
Set parameter MIPGap to value 0
Set parameter TimeLimit to value 900
-398915.0 -393795.0
Gap 1.3001688695895073 %
-401876.0 -397693.0
Gap 1.0518163508032579 %
-401766.0 -397693.0
Gap 1.0244401797863592 %
-401666.0 -397693.0
Gap 0.9995396029515727 %
-401636.0 -397693.0
Gap 0.9920669865367729 %
-402176.0 -397993.0
Gap 1.051023510463752 %
-401816.0 -397993.0
Gap 0.9614393171592901 %
-402086.0 -397993.0
Gap 1.0286426591405442 %
-401825.9999999997 -397993.0
Gap 0.96392995727316 %
-401816.99999999994 -397993.0
Gap 0.9637509671533161 %
-401816.99999999994 -397993.0
Gap 0.9637509671533161 %
-402166.0 -397993.0
Gap 1.0485372490784781 %
Solving with iLBBD2p
Set parameter MIPGap to value 0
Set parameter TimeLimit to value 900
Solving with cLBBD2p
Set parameter MIPGap to value 0
Set parameter TimeLimit to value 900
-399680.0 -395275.0
Gap 1.1144140155587883 %
-399680.0 -395497.0
Gap 1.0576565688235309 %
-399680.0 -395497.0
Gap 1.0582505850357347 %
-399680.0 -395497.0
Gap 1.0695693085003017 %
-399680.0 -395497.0
Gap 1.0582505850357347 %
-357004.0 -395497.0
Gap 10.91006487709065 %
-392755.0 -395497.0
Gap 0.7056607269695192 %
-392705.0 -395497.0
Gap 0.7186208245607714 %
-376363.0 -395497.0
Gap 5.141060777043366 %
-392960.0 -395497.0
Gap 0.6525591791695496 %
-399455.0 -395497.0
Gap 1.0034962641441505 %
-397688.0 -398625.0
Gap 0.23505801191596112 %
-399074.0 -398625.0
Gap 0.11370226214322433 %
-399255.0 -398625.0
Gap 0.15980883818974637 %
-399255.0 -398625.0
Gap 0.15980883818974637 %
-399255.0 -398625.0
Gap 0.15980883818974637 %
-401776.0 -398625.0
Gap 0.7925189829800826 %
-401776.0 -398625.0
Gap 0.7925189829800826 %
-401776.0 -398625.0
Gap 0.7925189829800826 %
-401676.0 -398625.0
Gap 0.7675606866032861 %
-401676.0 -398625.0
Gap 0.7675606866032861 %
-401776.0 -398625.0
Gap 0.7925189829800826 %
-401676.0 -398625.0
Gap 0.7675606866032861 %
-401676.0 -398625.0
Gap 0.7675606866032861 %
-402026.00000000006 -398625.0
Gap 0.8548598316421447 %
-401726.0 -398625.0
Gap 0.7800414043260729 %
-401726.0 -398625.0
Gap 0.7800414043260729 %
-401616.0 -398625.0
Gap 0.7525796800970227 %
-401766.0 -398625.0
Gap 0.7900237183179362 %
-402171.0 -398625.0
Gap 0.8909816376373157 %
-401966.0 -398625.0
Gap 0.8399051744292743 %
-401766.0 -398625.0
Gap 0.7900237183179362 %
-402716.0 -398625.0
Gap 1.0265147428192898 %
Solving with cLBBD4p
Set parameter MIPGap to value 0
Set parameter TimeLimit to value 900
-399162.0 -390353.0
Gap 2.2566753681923797 %
-399162.0 -394536.0
Gap 1.1725165764340897 %
-399162.0 -394536.0
Gap 1.1725165764340897 %
-399162.0 -394536.0
Gap 1.1850811957382164 %
-399162.0 -394536.0
Gap 1.1850811957382164 %
-398511.0 -394536.0
Gap 1.008044064839423 %
-398421.0 -394536.0
Gap 0.9854453401244934 %
-398376.0 -394536.0
Gap 0.9741421080536692 %
-398151.0 -394536.0
Gap 0.9175872152052958 %
-401976.0 -397793.0
Gap 1.0515519378169047 %
-402036.0 -397853.0
Gap 1.0513933538266647 %
-401726.0 -397853.0
Gap 0.9742342337809998 %
-401626.0 -397853.0
Gap 0.9493185186303444 %
-401615.9999999999 -397853.0
Gap 0.9468262575075257 %

Time Output 
================================================================================
   instance  seed  num_patients         MIP       iLBBD1      cLBBD1      iLBBD2p     cLBBD2p     cLBBD4p
0         0    42            40   39.046759   901.969151  900.928267   900.922126  902.530971  901.404782
1         1   831            40  900.074868  1171.195916  900.966696  1605.561038  900.273473  900.329041
2         2   306            40    3.928887     4.428572    1.911088     4.503378    1.910761    1.959761
3         3   542            40  900.199757  1045.090099  901.370528   907.687432  901.559075  900.948533
4         4     1            40  494.895451   905.294060  905.809085   935.405877  900.435013  904.002700

Objective Output 
================================================================================
   instance  seed  num_patients       MIP    iLBBD1    cLBBD1   iLBBD2p   cLBBD2p   cLBBD4p
0         0    42            40 -503251.0 -503651.0 -501294.0 -503651.0 -498116.0 -498046.0
1         1   831            40 -367748.0 -368833.0 -366247.0 -368833.0 -366197.0 -366047.0
2         2   306            40 -383537.0 -383537.0 -383537.0 -383537.0 -383537.0 -383537.0
3         3   542            40 -412576.0 -413322.0 -412576.0 -413322.0 -412722.0 -412576.0
4         4     1            40 -402834.0 -403067.0 -401653.0 -403067.0 -401653.0 -401653.0

Gap Output 
================================================================================
   instance  seed  num_patients       MIP  iLBBD1    cLBBD1   iLBBD2p   cLBBD2p   cLBBD4p
0         0    42            40  0.000000     0.0  0.004805  0.000000  0.011210  0.011384
1         1   831            40  0.000136     0.0  0.007263  0.000476  0.007375  0.007816
2         2   306            40  0.000000     0.0  0.000000  0.000000  0.000000  0.000000
3         3   542            40  0.001973     0.0  0.001876  0.000000  0.001533  0.001893
4         4     1            40  0.000000     0.0  0.003714  0.000000  0.003705  0.003645

Average Gap Output 
================================================================================
   num_patients       MIP  iLBBD1    cLBBD1   iLBBD2p   cLBBD2p   cLBBD4p
0            40  0.000422     0.0  0.003532  0.000095  0.004765  0.004948

Average Time Output 
================================================================================
   num_patients         MIP    iLBBD1    cLBBD1   iLBBD2p   cLBBD2p   cLBBD4p
0            40  179.290365  4.428572  1.911088  4.503378  1.910761  1.959761
