
================================================================================ 
 Num patients 5 
================================================================================

================================================================================ 
Instance 0 
================================================================================
Solving with MIP
Set parameter MIPGap to value 0
Set parameter TimeLimit to value 7200
Solving with iLBBD1
Set parameter MIPGap to value 0
Set parameter TimeLimit to value 7200
Solving with cLBBD1
Set parameter MIPGap to value 0
Set parameter TimeLimit to value 7200
Solving with iLBBD2p
Set parameter MIPGap to value 0
Set parameter TimeLimit to value 7200
Solving with cLBBD2p
Set parameter MIPGap to value 0
Set parameter TimeLimit to value 7200
Solving with cLBBD4p
Set parameter MIPGap to value 0
Set parameter TimeLimit to value 7200

================================================================================ 
Instance 1 
================================================================================
Solving with MIP
Set parameter MIPGap to value 0
Set parameter TimeLimit to value 7200
Solving with iLBBD1
Set parameter MIPGap to value 0
Set parameter TimeLimit to value 7200
-48192.0 -43858.0
Gap 9.881891559122623 %
-46620.0 -43858.0
Gap 6.29759678963929 %
Solving with cLBBD1
Set parameter MIPGap to value 0
Set parameter TimeLimit to value 7200
-46620.0 -41884.0
Gap 11.307420494699647 %
-48192.0 -43858.0
Gap 9.881891559122623 %
Solving with iLBBD2p
Set parameter MIPGap to value 0
Set parameter TimeLimit to value 7200
-48192.0 -43858.0
Gap 9.881891559122623 %
-46620.0 -43858.0
Gap 6.29759678963929 %
Solving with cLBBD2p
Set parameter MIPGap to value 0
Set parameter TimeLimit to value 7200
-46620.0 -41884.0
Gap 11.307420494699647 %
-48192.0 -43858.0
Gap 9.881891559122623 %
Solving with cLBBD4p
Set parameter MIPGap to value 0
Set parameter TimeLimit to value 7200
-46620.0 -41884.0
Gap 11.307420494699647 %
-48192.0 -43858.0
Gap 9.881891559122623 %

================================================================================ 
Instance 2 
================================================================================
Solving with MIP
Set parameter MIPGap to value 0
Set parameter TimeLimit to value 7200
Solving with iLBBD1
Set parameter MIPGap to value 0
Set parameter TimeLimit to value 7200
Solving with cLBBD1
Set parameter MIPGap to value 0
Set parameter TimeLimit to value 7200
Solving with iLBBD2p
Set parameter MIPGap to value 0
Set parameter TimeLimit to value 7200
Solving with cLBBD2p
Set parameter MIPGap to value 0
Set parameter TimeLimit to value 7200
Solving with cLBBD4p
Set parameter MIPGap to value 0
Set parameter TimeLimit to value 7200

================================================================================ 
Instance 3 
================================================================================
Solving with MIP
Set parameter MIPGap to value 0
Set parameter TimeLimit to value 7200
Solving with iLBBD1
Set parameter MIPGap to value 0
Set parameter TimeLimit to value 7200
-65749.0 -61511.0
Gap 6.889824584220708 %
-64996.0 -61511.0
Gap 5.665653297784136 %
Solving with cLBBD1
Set parameter MIPGap to value 0
Set parameter TimeLimit to value 7200
-65749.0 -61511.0
Gap 6.889824584220708 %
-64996.0 -61511.0
Gap 5.766430604275597 %
Solving with iLBBD2p
Set parameter MIPGap to value 0
Set parameter TimeLimit to value 7200
-65749.0 -61511.0
Gap 6.889824584220708 %
-64996.0 -61511.0
Gap 5.665653297784136 %
Solving with cLBBD2p
Set parameter MIPGap to value 0
Set parameter TimeLimit to value 7200
-65749.0 -61511.0
Gap 6.889824584220708 %
-64996.0 -61511.0
Gap 5.766430604275597 %
Solving with cLBBD4p
Set parameter MIPGap to value 0
Set parameter TimeLimit to value 7200
-65749.0 -61511.0
Gap 6.889824584220708 %
-64996.0 -61511.0
Gap 5.766430604275597 %

================================================================================ 
Instance 4 
================================================================================
Solving with MIP
Set parameter MIPGap to value 0
Set parameter TimeLimit to value 7200
Solving with iLBBD1
Set parameter MIPGap to value 0
Set parameter TimeLimit to value 7200
Solving with cLBBD1
Set parameter MIPGap to value 0
Set parameter TimeLimit to value 7200
Solving with iLBBD2p
Set parameter MIPGap to value 0
Set parameter TimeLimit to value 7200
Solving with cLBBD2p
Set parameter MIPGap to value 0
Set parameter TimeLimit to value 7200
Solving with cLBBD4p
Set parameter MIPGap to value 0
Set parameter TimeLimit to value 7200

Time Output 
================================================================================
   instance  seed  num_patients       MIP    iLBBD1    cLBBD1   iLBBD2p   cLBBD2p   cLBBD4p
0         0    42             5  0.344268  0.029440  0.063286  0.051342  0.064323  0.079424
1         1   831             5  0.129335  0.074635  0.062501  0.079813  0.051810  0.048710
2         2   306             5  0.139756  0.015633  0.047268  0.015633  0.046875  0.033266
3         3   542             5  0.094156  0.062512  0.078526  0.062893  0.078138  0.062901
4         4     1             5  0.062904  0.015625  0.015624  0.022634  0.024641  0.031251

Objective Output 
================================================================================
   instance  seed  num_patients      MIP   iLBBD1   cLBBD1  iLBBD2p  cLBBD2p  cLBBD4p
0         0    42             5 -86823.0 -86823.0 -86823.0 -86823.0 -86823.0 -86823.0
1         1   831             5 -46441.0 -46441.0 -46441.0 -46441.0 -46441.0 -46441.0
2         2   306             5 -31393.0 -31393.0 -31393.0 -31393.0 -31393.0 -31393.0
3         3   542             5 -63600.0 -63600.0 -63600.0 -63600.0 -63600.0 -63600.0
4         4     1             5 -43744.0 -43744.0 -43744.0 -43744.0 -43744.0 -43744.0

Gap Output 
================================================================================
   instance  seed  num_patients  MIP  iLBBD1  cLBBD1  iLBBD2p  cLBBD2p  cLBBD4p
0         0    42             5  0.0     0.0     0.0      0.0      0.0      0.0
1         1   831             5  0.0     0.0     0.0      0.0      0.0      0.0
2         2   306             5  0.0     0.0     0.0      0.0      0.0      0.0
3         3   542             5  0.0     0.0     0.0      0.0      0.0      0.0
4         4     1             5  0.0     0.0     0.0      0.0      0.0      0.0

Average Gap Output 
================================================================================
   num_patients  MIP  iLBBD1  cLBBD1  iLBBD2p  cLBBD2p  cLBBD4p
0             5  0.0     0.0     0.0      0.0      0.0      0.0

Average Time Output 
================================================================================
   num_patients       MIP    iLBBD1    cLBBD1   iLBBD2p   cLBBD2p  cLBBD4p
0             5  0.154084  0.039569  0.053441  0.046463  0.053157  0.05111
