
================================================================================ 
 Num patients 60 
================================================================================

================================================================================ 
Instance 0 
================================================================================
Solving with MIP
Set parameter WLSAccessID
Set parameter WLSSecret
Set parameter LicenseID to value 938386
Academic license - for non-commercial use only - registered to mitchell.clark1@uq.net.au
Set parameter MIPGap to value 0
Set parameter TimeLimit to value 900
Solving with iLBBD1
Set parameter MIPGap to value 0
Set parameter TimeLimit to value 900
Solving with cLBBD1
Set parameter MIPGap to value 0
Set parameter TimeLimit to value 900
-741235.0 -732375.0
Gap 1.209762758149855 %
-626125.0 -732375.0
Gap 17.464758172684952 %
-739606.0 -732375.0
Gap 0.9891888268584397 %
-739573.0 -734932.0
Gap 0.6314869947151573 %
-739523.0 -734932.0
Gap 0.6247261465105962 %
-739643.9999999995 -734932.0
Gap 0.6447869685159408 %
-739785.0 -734932.0
Gap 0.6648027167458229 %
-739916.0 -735275.0
Gap 0.6311924110026861 %
-740059.0 -735418.0
Gap 0.6310696773807549 %
-740337.0 -735953.0
Gap 0.5956902139131167 %
-740092.0 -735953.0
Gap 0.562461185557834 %
-740192.0 -735973.0
Gap 0.5732547253771538 %
-740126.0 -735973.0
Gap 0.5650547707194686 %
-740587.0 -736368.0
Gap 0.5729472220411533 %
-740602.0 -736368.0
Gap 0.578749741995716 %
-741150.0 -736509.0
Gap 0.6301348659690513 %
-740969.0 -736509.0
Gap 0.6136564707047831 %
-741257.0 -736616.0
Gap 0.6300433332971318 %
-740992.0 -736773.0
Gap 0.5726322761556137 %
-741007.0 -736773.0
Gap 0.5784295242232732 %
-741602.0 -736773.0
Gap 0.662649693100841 %
-743642.0 -739423.0
Gap 0.5705800333503286 %
-741319.0 -739423.0
Gap 0.25918458015788937 %
-742302.0000000155 -739423.0
Gap 0.39219051822758527 %
Solving with iLBBD2p
Set parameter MIPGap to value 0
Set parameter TimeLimit to value 900
Solving with cLBBD2p
Set parameter MIPGap to value 0
Set parameter TimeLimit to value 900
-739623.0 -734982.0
Gap 0.6314440353641314 %
-739766.0 -734982.0
Gap 0.654677922820808 %
-739501.0 -734982.0
Gap 0.6149470647470267 %
-739816.0 -734982.0
Gap 0.6614750318490512 %
-739766.0 -735125.0
Gap 0.6313212038768917 %
-739916.0 -735275.0
Gap 0.6311924110026861 %
-740863.0 -735275.0
Gap 0.7679843434544728 %
-739494.0 -735275.0
Gap 0.5739277114989594 %
-739494.0 -735275.0
Gap 0.573798918771888 %
-739517.0000000001 -735275.0
Gap 0.5770384406631339 %
-739494.0 -735275.0
Gap 0.573798918771888 %
-739937.0 -735553.0
Gap 0.5960141553361893 %
-739980.0 -735553.0
Gap 0.608841193807341 %
-739716.0 -735553.0
Gap 0.5661388325273482 %
-739766.0 -735553.0
Gap 0.5728995270485272 %
-740542.0 -735553.0
Gap 0.6818535921342879 %
-741185.0 -735553.0
Gap 0.7736890764498772 %
-740757.0 -736373.0
Gap 0.5953504541855826 %
-740635.0 -736373.0
Gap 0.5788786704534188 %
-739867.0 -736373.0
Gap 0.47506196608215284 %
-741107.0 -736723.0
Gap 0.5950676170012339 %
-740335.0 -736723.0
Gap 0.4937967804778017 %
-740363.0000000009 -736723.0
Gap 0.49743085164547474 %
-740685.0 -736723.0
Gap 0.5446489818418263 %
-740030.0 -736723.0
Gap 0.4550170201407292 %
-740265.0 -736723.0
Gap 0.48427341896760345 %
-740285.0 -736723.0
Gap 0.48710444985367723 %
-740580.0 -736723.0
Gap 0.5302913646512754 %
-740130.0 -736723.0
Gap 0.4660069347084208 %
-741185.0 -736723.0
Gap 0.6090785741391407 %
-740465.0 -736723.0
Gap 0.5145615981936715 %
-740970.0 -736723.0
Gap 0.5801040827198098 %
-740780.0 -736723.0
Gap 0.5541009892416724 %
-739916.0 -736723.0
Gap 0.4342592907415593 %
-740585.0 -736723.0
Gap 0.5276086023973268 %
-740465.0 -736723.0
Gap 0.5145615981936715 %
-740015.0 -736723.0
Gap 0.4500883223135524 %
-741035.0 -736723.0
Gap 0.5887235948183586 %
-741085.0 -736723.0
Gap 0.5955095142269707 %
-740035.0 -736723.0
Gap 0.4528103774513557 %
-740580.0 -736723.0
Gap 0.5302913646512754 %
-740015.0 -736723.0
Gap 0.4503481579775373 %
-740430.0 -736723.0
Gap 0.509773290464888 %
-739916.0 -736723.0
Gap 0.4341075575229902 %
-740385.0 -736723.0
Gap 0.5036162174873924 %
-740670.0 -736723.0
Gap 0.5359487596595022 %
-740415.0 -736723.0
Gap 0.5077210174773197 %
-739916.0 -736723.0
Gap 0.4368640467593663 %
-740580.0 -736723.0
Gap 0.5302913646512754 %
-739928.0 -736723.0
Gap 0.44161212538753014 %
-740285.0 -736723.0
Gap 0.489931104298107 %
-740935.0 -736723.0
Gap 0.5753508861796947 %
-739880.0 -736723.0
Gap 0.43446787662598607 %
-740935.0 -736723.0
Gap 0.5751489761474304 %
-740107.0 -736723.0
Gap 0.4599557170293711 %
-740107.0 -736723.0
Gap 0.4599557170293711 %
-740107.0 -736723.0
Gap 0.4599557170293711 %
-739907.0 -736723.0
Gap 0.4328892502341871 %
-740006.9999999999 -736723.0
Gap 0.4464243233286458 %
-740470.0 -736723.0
Gap 0.5121581170295649 %
-741357.0 -736723.0
Gap 0.6327731138336165 %
Solving with cLBBD4p
Set parameter MIPGap to value 0
Set parameter TimeLimit to value 900
-661089.0 -656360.0
Gap 0.7204887561703943 %
-666548.0 -657818.0
Gap 1.3271147946696502 %
-733062.0 -728678.0
Gap 0.6016374859677388 %
-735265.0 -728678.0
Gap 0.908720934242928 %
-736605.0 -731964.0
Gap 0.6340475761103005 %
-740884.0 -732024.0
Gap 1.2103428302897172 %
-739916.0 -732024.0
Gap 1.0797779696288503 %
-739566.0 -734925.0
Gap 0.6314930094907644 %
-739057.0 -734925.0
Gap 0.5623008064362486 %
-741035.0 -734925.0
Gap 0.8395267322624215 %
-739301.0 -734925.0
Gap 0.5990901386970338 %
-739279.0 -734925.0
Gap 0.5926728538409394 %
-740748.0 -736107.0
Gap 0.6304789928638092 %
-739573.0 -736107.0
Gap 0.47160825763472 %
-739751.0 -736107.0
Gap 0.49570812531457875 %
-741113.0 -736107.0
Gap 0.6837975762476642 %
-741082.0 -736107.0
Gap 0.6842541767012484 %
-739859.0 -736107.0
Gap 0.5101465039600258 %
-739379.0 -736107.0
Gap 0.4453288110864009 %
-739379.0 -736107.0
Gap 0.4453288110864009 %
-740180.0 -736107.0
Gap 0.5602969174727899 %
-739823.0 -736107.0
Gap 0.5054530714843399 %
-739823.0 -736107.0
Gap 0.5054530714843399 %
-739823.0 -736107.0
Gap 0.5054530714843399 %
-740942.0 -736107.0
Gap 0.6604451413912649 %
-740035.0 -736107.0
Gap 0.5338291094512758 %
-740030.0 -736107.0
Gap 0.5365373305797557 %
-740307.0 -736107.0
Gap 0.5743338411173802 %
-739937.0 -736107.0
Gap 0.5238846250121396 %
-740942.0 -736107.0
Gap 0.6604451413912649 %
-740592.0 -736373.0
Gap 0.5729433317082511 %
-740592.0 -736373.0
Gap 0.5729433317082511 %
-740492.0 -736373.0
Gap 0.5594392297422288 %
-740492.0 -736373.0
Gap 0.5594392297422288 %
-741207.0 -736823.0
Gap 0.5949868557306165 %
-740292.0 -736823.0
Gap 0.47128477746093117 %
-740257.0 -736823.0
Gap 0.46665661058361974 %
-740257.0 -736823.0
Gap 0.46665661058361974 %
-740642.0 -736823.0
Gap 0.5185878224878908 %
-740242.0 -736823.0
Gap 0.4645235271180384 %
-740242.0 -736823.0
Gap 0.4645235271180384 %
-740242.0 -736823.0
Gap 0.4645235271180384 %
-740222.0 -736823.0
Gap 0.46181876976044933 %
-740957.0 -736823.0
Gap 0.5648065667302427 %
-740392.0 -736823.0
Gap 0.4848045228499279 %
-740492.0 -736823.0
Gap 0.49832059575728027 %
-740692.0 -736823.0
Gap 0.5253417301109478 %

================================================================================ 
Instance 1 
================================================================================
Solving with MIP
Set parameter MIPGap to value 0
Set parameter TimeLimit to value 900
Solving with iLBBD1
Set parameter MIPGap to value 0
Set parameter TimeLimit to value 900
Solving with cLBBD1
Set parameter MIPGap to value 0
Set parameter TimeLimit to value 900
-650261.0 -645651.0
Gap 0.7140080322031562 %
-649687.0 -645651.0
Gap 0.6252468997141772 %
-649687.0 -645651.0
Gap 0.6251122909838859 %
-649687.0 -645651.0
Gap 0.6251122909838859 %
-649687.0 -645651.0
Gap 0.6251122909838859 %
-649687.0 -645651.0
Gap 0.6251122909838859 %
-651078.0 -647035.0
Gap 0.6248502785784386 %
-650218.0 -647035.0
Gap 0.49259101636553565 %
-651112.0 -647035.0
Gap 0.630624499228154 %
-651112.0 -647035.0
Gap 0.630624499228154 %
-651112.0 -647035.0
Gap 0.630624499228154 %
-650006.0 -647035.0
Gap 0.45993346368135635 %
-650006.0 -647035.0
Gap 0.45993346368135635 %
-651301.0 -647035.0
Gap 0.6677602950292086 %
-650437.0 -647035.0
Gap 0.5267664560323431 %
-651668.0 -647035.0
Gap 0.7206329997962381 %
-650177.0 -647035.0
Gap 0.48670393622970193 %
-650197.0 -647035.0
Gap 0.4897868141706695 %
-650255.0 -647035.0
Gap 0.49872608012142894 %
-650127.0 -647035.0
Gap 0.4789959056074433 %
-650177.0 -647035.0
Gap 0.48670393622970193 %
-650177.0 -647035.0
Gap 0.48670393622970193 %
-650821.0 -647035.0
Gap 0.5853631385112048 %
-650402.0 -647035.0
Gap 0.5248333299560275 %
-650540.0 -647035.0
Gap 0.5424747683454751 %
-650540.0 -647035.0
Gap 0.5424747683454751 %
-650540.0 -647035.0
Gap 0.5424747683454751 %
-650540.0 -647035.0
Gap 0.5424747683454751 %
-650540.0 -647035.0
Gap 0.5424747683454751 %
-650540.0 -647035.0
Gap 0.5424747683454751 %
-650540.0 -647035.0
Gap 0.5424747683454751 %
-650540.0 -647035.0
Gap 0.5424747683454751 %
Solving with iLBBD2p
Set parameter MIPGap to value 0
Set parameter TimeLimit to value 900
Solving with cLBBD2p
Set parameter MIPGap to value 0
Set parameter TimeLimit to value 900
Solving with cLBBD4p
Set parameter MIPGap to value 0
Set parameter TimeLimit to value 900
-654470.0 -641562.0
Gap 2.011964549022542 %
-650427.0 -645817.0
Gap 0.7138245044648871 %
-650327.0 -645817.0
Gap 0.6984483914780004 %
-650327.0 -645817.0
Gap 0.6984483914780004 %
-650327.0 -645817.0
Gap 0.6984483914780004 %
-650277.0 -645817.0
Gap 0.6953409041302626 %
-651249.0 -646639.0
Gap 0.7129170990305256 %
-651249.0 -646639.0
Gap 0.7129170990305256 %
-651249.0 -646639.0
Gap 0.7129170990305256 %
-651199.0 -646639.0
Gap 0.7098303723340499 %
-651249.0 -646639.0
Gap 0.7129170990305256 %
-651777.0 -647167.0
Gap 0.7123354559178697 %
-652489.0 -647167.0
Gap 0.82688029035586 %
-652355.0 -647167.0
Gap 0.8059630077271781 %
-651917.0 -647167.0
Gap 0.7386649913226302 %
-652249.0 -647639.0
Gap 0.7118163050711893 %
-651817.0 -647639.0
Gap 0.6451891865180477 %
-654042.0 -649432.0
Gap 0.7098510698579682 %
-651817.0 -649432.0
Gap 0.3683045021171718 %
-651812.0 -649432.0
Gap 0.37017048061504293 %
-651817.0 -649432.0
Gap 0.3683045021171718 %
-651913.0 -649432.0
Gap 0.3832826357980729 %
-651867.0 -649432.0
Gap 0.37869244574666955 %
-651867.0 -649432.0
Gap 0.3762029611112742 %
-651867.0 -649432.0
Gap 0.37599673878803974 %

================================================================================ 
Instance 2 
================================================================================
Solving with MIP
Set parameter MIPGap to value 0
Set parameter TimeLimit to value 900
Solving with iLBBD1
Set parameter MIPGap to value 0
Set parameter TimeLimit to value 900
Solving with cLBBD1
Set parameter MIPGap to value 0
Set parameter TimeLimit to value 900
-561342.0 -556944.0
Gap 0.7896664655692494 %
-561442.0 -557044.0
Gap 0.7895247054092674 %
Solving with iLBBD2p
Set parameter MIPGap to value 0
Set parameter TimeLimit to value 900
Solving with cLBBD2p
Set parameter MIPGap to value 0
Set parameter TimeLimit to value 900
Solving with cLBBD4p
Set parameter MIPGap to value 0
Set parameter TimeLimit to value 900
-561479.0 -556894.0
Gap 0.8233164659701846 %
-561042.0 -556894.0
Gap 0.7451800432592465 %

================================================================================ 
Instance 3 
================================================================================
Solving with MIP
Set parameter MIPGap to value 0
Set parameter TimeLimit to value 900
Solving with iLBBD1
Set parameter MIPGap to value 0
Set parameter TimeLimit to value 900
Solving with cLBBD1
Set parameter MIPGap to value 0
Set parameter TimeLimit to value 900
-611840.0 -607691.0
Gap 0.6827483046482505 %
-659808.0 -650726.0
Gap 1.395671911065487 %
Solving with iLBBD2p
Set parameter MIPGap to value 0
Set parameter TimeLimit to value 900
Solving with cLBBD2p
Set parameter MIPGap to value 0
Set parameter TimeLimit to value 900
-487163.0 -478205.0
Gap 1.8732551939021969 %
-309269.0 -478205.0
Gap 55.367068694284214 %
-309539.0 -478205.0
Gap 55.22970627721929 %
-309089.0 -478205.0
Gap 55.458778776152684 %
-309224.0 -478205.0
Gap 55.38998606899943 %
-308189.0 -478205.0
Gap 55.91895803183792 %
-643053.0 -643953.0
Gap 0.1397617527987291 %
-326333.0 -643953.0
Gap 98.76827300120343 %
-326333.0 -643953.0
Gap 98.76827300120343 %
-658442.0 -654316.0
Gap 0.6305821651923535 %
-666887.0 -658002.0
Gap 1.3502998471129266 %
-670570.0 -658002.0
Gap 1.9129667118220977 %
-667754.0 -663605.0
Gap 0.6252213289532177 %
Solving with cLBBD4p
Set parameter MIPGap to value 0
Set parameter TimeLimit to value 900
-673167.0 -668408.0
Gap 0.7119902813850223 %
-671473.0 -668408.0
Gap 0.4597173600674352 %

================================================================================ 
Instance 4 
================================================================================
Solving with MIP
Set parameter MIPGap to value 0
Set parameter TimeLimit to value 900
Solving with iLBBD1
Set parameter MIPGap to value 0
Set parameter TimeLimit to value 900
Solving with cLBBD1
Set parameter MIPGap to value 0
Set parameter TimeLimit to value 900
Solving with iLBBD2p
Set parameter MIPGap to value 0
Set parameter TimeLimit to value 900
Solving with cLBBD2p
Set parameter MIPGap to value 0
Set parameter TimeLimit to value 900
-599905.0 -594932.0
Gap 0.8358938500534515 %
-599905.0 -594932.0
Gap 0.8358938500534515 %
-599905.0 -594932.0
Gap 0.8358938500534515 %
-599905.0 -594932.0
Gap 0.8358938500534515 %
Solving with cLBBD4p
Set parameter MIPGap to value 0
Set parameter TimeLimit to value 900

Time Output 
================================================================================
   instance  seed  num_patients         MIP       iLBBD1      cLBBD1      iLBBD2p     cLBBD2p     cLBBD4p
0         0    42            60  900.136048   902.127126  900.441417   905.850299  903.361533  900.170979
1         1   831            60  900.159431   912.129558  900.112896  1183.786823  900.232333  902.206866
2         2   306            60   30.804891    24.459900   10.726104    34.606863   21.455653   25.795459
3         3   542            60  900.154018   901.279073  900.676095   919.253635  901.173662  901.073426
4         4     1            60  900.127659  1071.186251  900.254857  1084.595362  900.801214  900.983243

Objective Output 
================================================================================
   instance  seed  num_patients       MIP    iLBBD1    cLBBD1   iLBBD2p   cLBBD2p   cLBBD4p
0         0    42            60 -741357.0 -744307.0 -741357.0 -744307.0 -740007.0 -740542.0
1         1   831            60 -654542.0 -655215.0 -653458.0 -655215.0 -653458.0 -652005.0
2         2   306            60 -564312.0 -564312.0 -564312.0 -564312.0 -564312.0 -564312.0
3         3   542            60 -675220.0 -675400.0 -673288.0 -675400.0 -671849.0 -673117.0
4         4     1            60 -602474.0 -604042.0 -602474.0 -604042.0 -602474.0 -602474.0

Gap Output 
================================================================================
   instance  seed  num_patients       MIP   iLBBD1    cLBBD1   iLBBD2p   cLBBD2p   cLBBD4p
0         0    42            60  0.003867  0.00000  0.004018  0.000000  0.005890  0.005160
1         1   831            60  0.001023  0.00000  0.002758  0.000024  0.002752  0.005001
2         2   306            60  0.000000  0.00000  0.000000  0.000000  0.000000  0.000000
3         3   542            60  0.001695  0.00000  0.003204  0.000000  0.006188  0.003469
4         4     1            60  0.002548  0.00004  0.002722  0.000061  0.002733  0.002733

Average Gap Output 
================================================================================
   num_patients       MIP    iLBBD1   cLBBD1   iLBBD2p   cLBBD2p   cLBBD4p
0            60  0.001827  0.000008  0.00254  0.000017  0.003513  0.003273

Average Time Output 
================================================================================
   num_patients        MIP   iLBBD1     cLBBD1    iLBBD2p    cLBBD2p    cLBBD4p
0            60  30.804891  24.4599  10.726104  34.606863  21.455653  25.795459
